<?xml version="1.0" encoding="UTF-8"?>
<robot generator="Robot 4.0 (Python 3.9.2 on darwin)" generated="20210324 10:38:37.233" rpa="false" schemaversion="2">
<suite id="s1" name="Add New Mch And Cap" source="/Users/MS/Project/MachineDB/Tests/add_new_mch_and_cap.robot">
<test id="s1-t1" name="Admin Adds New Machine Capacity">
<kw name="Open Browser To Signin Page" library="resource">
<kw name="Open Browser" library="Selenium2Library">
<arg>${SIGNIN URL}</arg>
<arg>${BROWSER}</arg>
<doc>Opens a new browser instance to the optional ``url``.</doc>
<msg timestamp="20210324 10:38:37.475" level="INFO">Opening browser 'Chrome' to base url 'http://127.0.0.1:8000/'.</msg>
<status status="PASS" starttime="20210324 10:38:37.475" endtime="20210324 10:38:40.099"/>
</kw>
<kw name="Maximize Browser Window" library="Selenium2Library">
<doc>Maximizes current browser window.</doc>
<status status="PASS" starttime="20210324 10:38:40.099" endtime="20210324 10:38:40.236"/>
</kw>
<kw name="Set Selenium Speed" library="Selenium2Library">
<arg>${DELAY}</arg>
<doc>Sets the delay that is waited after each Selenium command.</doc>
<status status="PASS" starttime="20210324 10:38:40.236" endtime="20210324 10:38:40.236"/>
</kw>
<status status="PASS" starttime="20210324 10:38:37.475" endtime="20210324 10:38:40.236"/>
</kw>
<kw name="Input Username" library="resource">
<arg>system</arg>
<kw name="Input Text" library="Selenium2Library">
<arg>inputUser</arg>
<arg>${username}</arg>
<doc>Types the given ``text`` into the text field identified by ``locator``.</doc>
<msg timestamp="20210324 10:38:40.238" level="INFO">Typing text 'system' into text field 'inputUser'.</msg>
<status status="PASS" starttime="20210324 10:38:40.238" endtime="20210324 10:38:40.376"/>
</kw>
<status status="PASS" starttime="20210324 10:38:40.237" endtime="20210324 10:38:40.376"/>
</kw>
<kw name="Input Password" library="resource">
<arg>admin</arg>
<kw name="Input Text" library="Selenium2Library">
<arg>inputPassword</arg>
<arg>${password}</arg>
<doc>Types the given ``text`` into the text field identified by ``locator``.</doc>
<msg timestamp="20210324 10:38:40.377" level="INFO">Typing text 'admin' into text field 'inputPassword'.</msg>
<status status="PASS" starttime="20210324 10:38:40.377" endtime="20210324 10:38:40.438"/>
</kw>
<status status="PASS" starttime="20210324 10:38:40.376" endtime="20210324 10:38:40.438"/>
</kw>
<kw name="Submit Credentials" library="resource">
<kw name="Click Button" library="Selenium2Library">
<arg>signin</arg>
<doc>Clicks the button identified by ``locator``.</doc>
<msg timestamp="20210324 10:38:40.439" level="INFO">Clicking button 'signin'.</msg>
<status status="PASS" starttime="20210324 10:38:40.439" endtime="20210324 10:38:40.560"/>
</kw>
<status status="PASS" starttime="20210324 10:38:40.439" endtime="20210324 10:38:40.560"/>
</kw>
<kw name="Then Select-Department Should Be Open" library="resource">
<kw name="Location Should Be" library="Selenium2Library">
<arg>${SELECTDEPARTMENT URL}</arg>
<doc>Verifies that the current URL is exactly ``url``.</doc>
<msg timestamp="20210324 10:38:40.564" level="INFO">Current location is 'http://127.0.0.1:8000/sign-in/department/'.</msg>
<status status="PASS" starttime="20210324 10:38:40.561" endtime="20210324 10:38:40.564"/>
</kw>
<status status="PASS" starttime="20210324 10:38:40.560" endtime="20210324 10:38:40.565"/>
</kw>
<kw name="Select Admin Department" library="resource">
<kw name="Select From List By Value" library="Selenium2Library">
<arg>id:select_department</arg>
<arg>8</arg>
<doc>Selects options from selection list ``locator`` by ``values``.</doc>
<msg timestamp="20210324 10:38:40.566" level="INFO">Selecting options from selection list 'id:select_department' by value 8.</msg>
<status status="PASS" starttime="20210324 10:38:40.565" endtime="20210324 10:38:40.596"/>
</kw>
<status status="PASS" starttime="20210324 10:38:40.565" endtime="20210324 10:38:40.597"/>
</kw>
<kw name="Click Button" library="Selenium2Library">
<arg>Sign in</arg>
<doc>Clicks the button identified by ``locator``.</doc>
<msg timestamp="20210324 10:38:40.597" level="INFO">Clicking button 'Sign in'.</msg>
<status status="PASS" starttime="20210324 10:38:40.597" endtime="20210324 10:38:40.968"/>
</kw>
<kw name="Home Page Should Be Open" library="resource">
<kw name="Location Should Be" library="Selenium2Library">
<arg>${HOME URL}</arg>
<doc>Verifies that the current URL is exactly ``url``.</doc>
<msg timestamp="20210324 10:38:40.973" level="INFO">Current location is 'http://127.0.0.1:8000/home/'.</msg>
<status status="PASS" starttime="20210324 10:38:40.969" endtime="20210324 10:38:40.973"/>
</kw>
<status status="PASS" starttime="20210324 10:38:40.968" endtime="20210324 10:38:40.973"/>
</kw>
<kw name="Select Machine Data Menu">
<kw name="Click Link" library="Selenium2Library">
<arg>//*[@id="sidebar"]/div[2]/ul[1]/li[1]/a</arg>
<doc>Clicks a link identified by ``locator``.</doc>
<msg timestamp="20210324 10:38:40.974" level="INFO">Clicking link '//*[@id="sidebar"]/div[2]/ul[1]/li[1]/a'.</msg>
<status status="PASS" starttime="20210324 10:38:40.974" endtime="20210324 10:38:41.040"/>
</kw>
<kw name="Sleep" library="BuiltIn">
<arg>1s</arg>
<doc>Pauses the test executed for the given time.</doc>
<msg timestamp="20210324 10:38:42.042" level="INFO">Slept 1 second</msg>
<status status="PASS" starttime="20210324 10:38:41.040" endtime="20210324 10:38:42.043"/>
</kw>
<status status="PASS" starttime="20210324 10:38:40.973" endtime="20210324 10:38:42.043"/>
</kw>
<kw name="Then Select Capacity">
<kw name="Click Link" library="Selenium2Library">
<arg>//*[@id="machine_manage_menumenu"]/li[4]/a</arg>
<doc>Clicks a link identified by ``locator``.</doc>
<msg timestamp="20210324 10:38:42.044" level="INFO">Clicking link '//*[@id="machine_manage_menumenu"]/li[4]/a'.</msg>
<status status="PASS" starttime="20210324 10:38:42.044" endtime="20210324 10:38:42.509"/>
</kw>
<status status="PASS" starttime="20210324 10:38:42.044" endtime="20210324 10:38:42.509"/>
</kw>
<kw name="Machine Capacity Page Should Be Open">
<kw name="Location Should Be" library="Selenium2Library">
<arg>http://127.0.0.1:8000/machinemanage/capacity/</arg>
<doc>Verifies that the current URL is exactly ``url``.</doc>
<msg timestamp="20210324 10:38:42.514" level="INFO">Current location is 'http://127.0.0.1:8000/machinemanage/capacity/'.</msg>
<status status="PASS" starttime="20210324 10:38:42.510" endtime="20210324 10:38:42.514"/>
</kw>
<status status="PASS" starttime="20210324 10:38:42.510" endtime="20210324 10:38:42.514"/>
</kw>
<kw name="Click Add Machine Capacity Button">
<kw name="Click Element" library="Selenium2Library">
<arg>xpath:/html/body/div[2]/div/div/div[1]/div/div[2]/a</arg>
<doc>Click the element identified by ``locator``.</doc>
<msg timestamp="20210324 10:38:42.515" level="INFO">Clicking element 'xpath:/html/body/div[2]/div/div/div[1]/div/div[2]/a'.</msg>
<status status="PASS" starttime="20210324 10:38:42.514" endtime="20210324 10:38:42.612"/>
</kw>
<status status="PASS" starttime="20210324 10:38:42.514" endtime="20210324 10:38:42.612"/>
</kw>
<kw name="Fill Data">
<kw name="Wait Until Page Contains" library="Selenium2Library">
<arg>Add New Machine &amp; Product</arg>
<doc>Waits until ``text`` appears on the current page.</doc>
<status status="PASS" starttime="20210324 10:38:42.613" endtime="20210324 10:38:42.626"/>
</kw>
<kw name="Sleep" library="BuiltIn">
<arg>1s</arg>
<doc>Pauses the test executed for the given time.</doc>
<msg timestamp="20210324 10:38:43.627" level="INFO">Slept 1 second</msg>
<status status="PASS" starttime="20210324 10:38:42.626" endtime="20210324 10:38:43.628"/>
</kw>
<kw name="Select From List By Value" library="Selenium2Library">
<arg>id:id_line</arg>
<arg>2</arg>
<doc>Selects options from selection list ``locator`` by ``values``.</doc>
<msg timestamp="20210324 10:38:43.629" level="INFO">Selecting options from selection list 'id:id_line' by value 2.</msg>
<status status="PASS" starttime="20210324 10:38:43.628" endtime="20210324 10:38:43.691"/>
</kw>
<kw name="Select From List By Value" library="Selenium2Library">
<arg>id:id_mch</arg>
<arg>52</arg>
<doc>Selects options from selection list ``locator`` by ``values``.</doc>
<msg timestamp="20210324 10:38:43.692" level="INFO">Selecting options from selection list 'id:id_mch' by value 52.</msg>
<status status="PASS" starttime="20210324 10:38:43.692" endtime="20210324 10:38:43.765"/>
</kw>
<kw name="Select From List By Value" library="Selenium2Library">
<arg>id:id_product</arg>
<arg>7</arg>
<doc>Selects options from selection list ``locator`` by ``values``.</doc>
<msg timestamp="20210324 10:38:43.766" level="INFO">Selecting options from selection list 'id:id_product' by value 7.</msg>
<status status="PASS" starttime="20210324 10:38:43.766" endtime="20210324 10:38:43.830"/>
</kw>
<kw name="Input Text" library="Selenium2Library">
<arg>xpath://*[@id="add_rm_name"]</arg>
<arg>${TEST DATA}</arg>
<doc>Types the given ``text`` into the text field identified by ``locator``.</doc>
<msg timestamp="20210324 10:38:43.830" level="INFO">Typing text 'test' into text field 'xpath://*[@id="add_rm_name"]'.</msg>
<status status="PASS" starttime="20210324 10:38:43.830" endtime="20210324 10:38:43.934"/>
</kw>
<kw name="Input Text" library="Selenium2Library">
<arg>xpath://*[@id="add_rm_batch_size"]</arg>
<arg>100</arg>
<doc>Types the given ``text`` into the text field identified by ``locator``.</doc>
<msg timestamp="20210324 10:38:43.935" level="INFO">Typing text '100' into text field 'xpath://*[@id="add_rm_batch_size"]'.</msg>
<status status="PASS" starttime="20210324 10:38:43.934" endtime="20210324 10:38:44.003"/>
</kw>
<kw name="Input Text" library="Selenium2Library">
<arg>xpath://*[@id="add_rm_batch_unit"]</arg>
<arg>kg</arg>
<doc>Types the given ``text`` into the text field identified by ``locator``.</doc>
<msg timestamp="20210324 10:38:44.004" level="INFO">Typing text 'kg' into text field 'xpath://*[@id="add_rm_batch_unit"]'.</msg>
<status status="PASS" starttime="20210324 10:38:44.004" endtime="20210324 10:38:44.082"/>
</kw>
<kw name="Input Text" library="Selenium2Library">
<arg>xpath://*[@id="add_fg_batch_size"]</arg>
<arg>10</arg>
<doc>Types the given ``text`` into the text field identified by ``locator``.</doc>
<msg timestamp="20210324 10:38:44.082" level="INFO">Typing text '10' into text field 'xpath://*[@id="add_fg_batch_size"]'.</msg>
<status status="PASS" starttime="20210324 10:38:44.082" endtime="20210324 10:38:44.153"/>
</kw>
<kw name="Input Text" library="Selenium2Library">
<arg>xpath://*[@id="add_fg_batch_time"]</arg>
<arg>10</arg>
<doc>Types the given ``text`` into the text field identified by ``locator``.</doc>
<msg timestamp="20210324 10:38:44.154" level="INFO">Typing text '10' into text field 'xpath://*[@id="add_fg_batch_time"]'.</msg>
<status status="PASS" starttime="20210324 10:38:44.153" endtime="20210324 10:38:44.226"/>
</kw>
<kw name="Sleep" library="BuiltIn">
<arg>2s</arg>
<doc>Pauses the test executed for the given time.</doc>
<msg timestamp="20210324 10:38:46.227" level="INFO">Slept 2 seconds</msg>
<status status="PASS" starttime="20210324 10:38:44.226" endtime="20210324 10:38:46.227"/>
</kw>
<status status="PASS" starttime="20210324 10:38:42.613" endtime="20210324 10:38:46.227"/>
</kw>
<kw name="Click Button" library="Selenium2Library">
<arg>id:Add_machine_capacity</arg>
<doc>Clicks the button identified by ``locator``.</doc>
<msg timestamp="20210324 10:38:46.228" level="INFO">Clicking button 'id:Add_machine_capacity'.</msg>
<status status="PASS" starttime="20210324 10:38:46.228" endtime="20210324 10:38:46.596"/>
</kw>
<status status="PASS" starttime="20210324 10:38:37.474" endtime="20210324 10:38:46.596"/>
</test>
<kw name="Close Browser" library="Selenium2Library" type="TEARDOWN">
<doc>Closes the current browser.</doc>
<status status="PASS" starttime="20210324 10:38:46.599" endtime="20210324 10:38:46.698"/>
</kw>
<doc>A test suite for adding new machine&amp;product capacity.</doc>
<status status="PASS" starttime="20210324 10:38:37.235" endtime="20210324 10:38:46.698"/>
</suite>
<statistics>
<total>
<stat pass="1" fail="0" skip="0">All Tests</stat>
</total>
<tag>
</tag>
<suite>
<stat pass="1" fail="0" skip="0" id="s1" name="Add New Mch And Cap">Add New Mch And Cap</stat>
</suite>
</statistics>
<errors>
</errors>
</robot>
