<?xml version="1.0" encoding="UTF-8"?>
<robot generator="Robot 4.0 (Python 3.9.2 on darwin)" generated="20210322 15:30:21.085" rpa="false" schemaversion="2">
<suite id="s1" name="Reset Password" source="/Users/MS/Project/MachineDB/Tests/reset_password.robot">
<test id="s1-t1" name="Reset Password">
<kw name="Open Browser To Signin Page" library="resource">
<kw name="Open Browser" library="Selenium2Library">
<arg>${SIGNIN URL}</arg>
<arg>${BROWSER}</arg>
<doc>Opens a new browser instance to the optional ``url``.</doc>
<msg timestamp="20210322 15:30:21.307" level="INFO">Opening browser 'Chrome' to base url 'http://127.0.0.1:8000/'.</msg>
<status status="PASS" starttime="20210322 15:30:21.306" endtime="20210322 15:30:23.824"/>
</kw>
<kw name="Maximize Browser Window" library="Selenium2Library">
<doc>Maximizes current browser window.</doc>
<status status="PASS" starttime="20210322 15:30:23.825" endtime="20210322 15:30:23.951"/>
</kw>
<kw name="Set Selenium Speed" library="Selenium2Library">
<arg>${DELAY}</arg>
<doc>Sets the delay that is waited after each Selenium command.</doc>
<status status="PASS" starttime="20210322 15:30:23.951" endtime="20210322 15:30:23.952"/>
</kw>
<status status="PASS" starttime="20210322 15:30:21.306" endtime="20210322 15:30:23.952"/>
</kw>
<kw name="Click Link" library="Selenium2Library">
<arg>reset password</arg>
<doc>Clicks a link identified by ``locator``.</doc>
<msg timestamp="20210322 15:30:23.953" level="INFO">Clicking link 'reset password'.</msg>
<status status="PASS" starttime="20210322 15:30:23.952" endtime="20210322 15:30:24.049"/>
</kw>
<kw name="Then Reset Password Page Should Be Open">
<kw name="Location Should Be" library="Selenium2Library">
<arg>${RESETPASSWORD URL}</arg>
<doc>Verifies that the current URL is exactly ``url``.</doc>
<msg timestamp="20210322 15:30:24.053" level="INFO">Current location is 'http://127.0.0.1:8000/resetpassword/'.</msg>
<status status="PASS" starttime="20210322 15:30:24.050" endtime="20210322 15:30:24.053"/>
</kw>
<status status="PASS" starttime="20210322 15:30:24.050" endtime="20210322 15:30:24.054"/>
</kw>
<kw name="Input Username">
<arg>system</arg>
<kw name="Input Text" library="Selenium2Library">
<arg>inputUser</arg>
<arg>${username}</arg>
<doc>Types the given ``text`` into the text field identified by ``locator``.</doc>
<msg timestamp="20210322 15:30:24.056" level="INFO">Typing text 'system' into text field 'inputUser'.</msg>
<status status="PASS" starttime="20210322 15:30:24.055" endtime="20210322 15:30:24.196"/>
</kw>
<status status="PASS" starttime="20210322 15:30:24.054" endtime="20210322 15:30:24.196"/>
</kw>
<kw name="Input Old Password">
<arg>admin</arg>
<kw name="Input Text" library="Selenium2Library">
<arg>id:oldPassword</arg>
<arg>${oldpassword}</arg>
<doc>Types the given ``text`` into the text field identified by ``locator``.</doc>
<msg timestamp="20210322 15:30:24.197" level="INFO">Typing text 'admin' into text field 'id:oldPassword'.</msg>
<status status="PASS" starttime="20210322 15:30:24.197" endtime="20210322 15:30:24.259"/>
</kw>
<status status="PASS" starttime="20210322 15:30:24.196" endtime="20210322 15:30:24.260"/>
</kw>
<kw name="Input New Password">
<arg>password</arg>
<kw name="Input Text" library="Selenium2Library">
<arg>id:newPassword</arg>
<arg>${newpassword}</arg>
<doc>Types the given ``text`` into the text field identified by ``locator``.</doc>
<msg timestamp="20210322 15:30:24.260" level="INFO">Typing text 'password' into text field 'id:newPassword'.</msg>
<status status="PASS" starttime="20210322 15:30:24.260" endtime="20210322 15:30:24.324"/>
</kw>
<status status="PASS" starttime="20210322 15:30:24.260" endtime="20210322 15:30:24.324"/>
</kw>
<kw name="Confirm New Password">
<arg>password</arg>
<kw name="Input Text" library="Selenium2Library">
<arg>id:conPassword</arg>
<arg>${cfpassword}</arg>
<doc>Types the given ``text`` into the text field identified by ``locator``.</doc>
<msg timestamp="20210322 15:30:24.325" level="INFO">Typing text 'password' into text field 'id:conPassword'.</msg>
<status status="PASS" starttime="20210322 15:30:24.325" endtime="20210322 15:30:24.378"/>
</kw>
<status status="PASS" starttime="20210322 15:30:24.324" endtime="20210322 15:30:24.378"/>
</kw>
<kw name="Click Button" library="Selenium2Library">
<arg>Reset Password</arg>
<doc>Clicks the button identified by ``locator``.</doc>
<msg timestamp="20210322 15:30:24.379" level="INFO">Clicking button 'Reset Password'.</msg>
<status status="PASS" starttime="20210322 15:30:24.378" endtime="20210322 15:30:24.486"/>
</kw>
<kw name="Then Signin Should Be Open">
<kw name="Location Should Be" library="Selenium2Library">
<arg>${SIGNIN URL}</arg>
<doc>Verifies that the current URL is exactly ``url``.</doc>
<msg timestamp="20210322 15:30:24.493" level="INFO">Current location is 'http://127.0.0.1:8000/'.</msg>
<status status="PASS" starttime="20210322 15:30:24.487" endtime="20210322 15:30:24.494"/>
</kw>
<status status="PASS" starttime="20210322 15:30:24.486" endtime="20210322 15:30:24.494"/>
</kw>
<status status="PASS" starttime="20210322 15:30:21.305" endtime="20210322 15:30:24.494"/>
</test>
<kw name="Close Browser" library="Selenium2Library" type="TEARDOWN">
<doc>Closes the current browser.</doc>
<status status="PASS" starttime="20210322 15:30:24.496" endtime="20210322 15:30:24.565"/>
</kw>
<doc>A test suite with a single test for valid signin.

This test has a workflow that is created using keywords in
the imported resource file.</doc>
<status status="PASS" starttime="20210322 15:30:21.086" endtime="20210322 15:30:24.565"/>
</suite>
<statistics>
<total>
<stat pass="1" fail="0" skip="0">All Tests</stat>
</total>
<tag>
</tag>
<suite>
<stat pass="1" fail="0" skip="0" id="s1" name="Reset Password">Reset Password</stat>
</suite>
</statistics>
<errors>
</errors>
</robot>
