<?xml version="1.0" encoding="UTF-8"?>
<robot generator="Robot 4.0 (Python 3.9.2 on darwin)" generated="20210325 12:30:46.084" rpa="false" schemaversion="2">
<suite id="s1" name="Delete Maintenance Request" source="/Users/MS/Project/MachineDB/Tests/delete_maintenance_request.robot">
<test id="s1-t1" name="Product01 Deletes Maintenance Request">
<kw name="Open Browser To Signin Page" library="resource">
<kw name="Open Browser" library="Selenium2Library">
<arg>${SIGNIN URL}</arg>
<arg>${BROWSER}</arg>
<doc>Opens a new browser instance to the optional ``url``.</doc>
<msg timestamp="20210325 12:30:46.300" level="INFO">Opening browser 'Chrome' to base url 'http://127.0.0.1:8000/'.</msg>
<status status="PASS" starttime="20210325 12:30:46.300" endtime="20210325 12:30:49.169"/>
</kw>
<kw name="Maximize Browser Window" library="Selenium2Library">
<doc>Maximizes current browser window.</doc>
<status status="PASS" starttime="20210325 12:30:49.169" endtime="20210325 12:30:49.293"/>
</kw>
<kw name="Set Selenium Speed" library="Selenium2Library">
<arg>${DELAY}</arg>
<doc>Sets the delay that is waited after each Selenium command.</doc>
<status status="PASS" starttime="20210325 12:30:49.293" endtime="20210325 12:30:49.293"/>
</kw>
<status status="PASS" starttime="20210325 12:30:46.300" endtime="20210325 12:30:49.294"/>
</kw>
<kw name="Input Username" library="resource">
<arg>product01</arg>
<kw name="Input Text" library="Selenium2Library">
<arg>inputUser</arg>
<arg>${username}</arg>
<doc>Types the given ``text`` into the text field identified by ``locator``.</doc>
<msg timestamp="20210325 12:30:49.295" level="INFO">Typing text 'product01' into text field 'inputUser'.</msg>
<status status="PASS" starttime="20210325 12:30:49.294" endtime="20210325 12:30:49.436"/>
</kw>
<status status="PASS" starttime="20210325 12:30:49.294" endtime="20210325 12:30:49.437"/>
</kw>
<kw name="Input Password" library="resource">
<arg>product01</arg>
<kw name="Input Text" library="Selenium2Library">
<arg>inputPassword</arg>
<arg>${password}</arg>
<doc>Types the given ``text`` into the text field identified by ``locator``.</doc>
<msg timestamp="20210325 12:30:49.437" level="INFO">Typing text 'product01' into text field 'inputPassword'.</msg>
<status status="PASS" starttime="20210325 12:30:49.437" endtime="20210325 12:30:49.502"/>
</kw>
<status status="PASS" starttime="20210325 12:30:49.437" endtime="20210325 12:30:49.502"/>
</kw>
<kw name="Submit Credentials" library="resource">
<kw name="Click Button" library="Selenium2Library">
<arg>signin</arg>
<doc>Clicks the button identified by ``locator``.</doc>
<msg timestamp="20210325 12:30:49.503" level="INFO">Clicking button 'signin'.</msg>
<status status="PASS" starttime="20210325 12:30:49.503" endtime="20210325 12:30:49.621"/>
</kw>
<status status="PASS" starttime="20210325 12:30:49.502" endtime="20210325 12:30:49.621"/>
</kw>
<kw name="Then Select-Department Should Be Open" library="resource">
<kw name="Location Should Be" library="Selenium2Library">
<arg>${SELECTDEPARTMENT URL}</arg>
<doc>Verifies that the current URL is exactly ``url``.</doc>
<msg timestamp="20210325 12:30:49.629" level="INFO">Current location is 'http://127.0.0.1:8000/sign-in/department/'.</msg>
<status status="PASS" starttime="20210325 12:30:49.621" endtime="20210325 12:30:49.629"/>
</kw>
<status status="PASS" starttime="20210325 12:30:49.621" endtime="20210325 12:30:49.629"/>
</kw>
<kw name="Select Production Line 8 Department" library="resource">
<kw name="Select From List By Value" library="Selenium2Library">
<arg>id:select_department</arg>
<arg>7</arg>
<doc>Selects options from selection list ``locator`` by ``values``.</doc>
<msg timestamp="20210325 12:30:49.630" level="INFO">Selecting options from selection list 'id:select_department' by value 7.</msg>
<status status="PASS" starttime="20210325 12:30:49.630" endtime="20210325 12:30:49.664"/>
</kw>
<status status="PASS" starttime="20210325 12:30:49.629" endtime="20210325 12:30:49.664"/>
</kw>
<kw name="Click Button" library="Selenium2Library">
<arg>Sign in</arg>
<doc>Clicks the button identified by ``locator``.</doc>
<msg timestamp="20210325 12:30:49.665" level="INFO">Clicking button 'Sign in'.</msg>
<status status="PASS" starttime="20210325 12:30:49.664" endtime="20210325 12:30:50.002"/>
</kw>
<kw name="Home Page Should Be Open" library="resource">
<kw name="Location Should Be" library="Selenium2Library">
<arg>${HOME URL}</arg>
<doc>Verifies that the current URL is exactly ``url``.</doc>
<msg timestamp="20210325 12:30:50.008" level="INFO">Current location is 'http://127.0.0.1:8000/home/'.</msg>
<status status="PASS" starttime="20210325 12:30:50.003" endtime="20210325 12:30:50.008"/>
</kw>
<status status="PASS" starttime="20210325 12:30:50.002" endtime="20210325 12:30:50.008"/>
</kw>
<kw name="Select Request Maintenance Menu">
<kw name="Click Link" library="Selenium2Library">
<arg>//*[@id="sidebar"]/div[2]/ul[1]/li[2]/a</arg>
<doc>Clicks a link identified by ``locator``.</doc>
<msg timestamp="20210325 12:30:50.009" level="INFO">Clicking link '//*[@id="sidebar"]/div[2]/ul[1]/li[2]/a'.</msg>
<status status="PASS" starttime="20210325 12:30:50.009" endtime="20210325 12:30:50.075"/>
</kw>
<status status="PASS" starttime="20210325 12:30:50.008" endtime="20210325 12:30:50.076"/>
</kw>
<kw name="Then Select Request Maintenance">
<kw name="Click Link" library="Selenium2Library">
<arg>//*[@id="repair_menumenu"]/li/a</arg>
<doc>Clicks a link identified by ``locator``.</doc>
<msg timestamp="20210325 12:30:50.077" level="INFO">Clicking link '//*[@id="repair_menumenu"]/li/a'.</msg>
<status status="PASS" starttime="20210325 12:30:50.076" endtime="20210325 12:30:50.318"/>
</kw>
<status status="PASS" starttime="20210325 12:30:50.076" endtime="20210325 12:30:50.318"/>
</kw>
<kw name="Request Maintenance Page Should Be Open">
<kw name="Location Should Be" library="Selenium2Library">
<arg>http://127.0.0.1:8000/repair/inform</arg>
<doc>Verifies that the current URL is exactly ``url``.</doc>
<msg timestamp="20210325 12:30:50.323" level="INFO">Current location is 'http://127.0.0.1:8000/repair/inform'.</msg>
<status status="PASS" starttime="20210325 12:30:50.318" endtime="20210325 12:30:50.323"/>
</kw>
<status status="PASS" starttime="20210325 12:30:50.318" endtime="20210325 12:30:50.324"/>
</kw>
<kw name="Select Maintenance Request Will Be Deleteted">
<kw name="Click Element" library="Selenium2Library">
<arg>xpath://*[@id="myTable"]/tbody/tr[3]/td[10]/center/a[2]</arg>
<doc>Click the element identified by ``locator``.</doc>
<msg timestamp="20210325 12:30:50.324" level="INFO">Clicking element 'xpath://*[@id="myTable"]/tbody/tr[3]/td[10]/center/a[2]'.</msg>
<status status="PASS" starttime="20210325 12:30:50.324" endtime="20210325 12:30:50.417"/>
</kw>
<status status="PASS" starttime="20210325 12:30:50.324" endtime="20210325 12:30:50.417"/>
</kw>
<kw name="Confirm Deletion">
<kw name="Wait Until Page Contains" library="Selenium2Library">
<arg>Confirmation</arg>
<doc>Waits until ``text`` appears on the current page.</doc>
<status status="PASS" starttime="20210325 12:30:50.417" endtime="20210325 12:30:50.428"/>
</kw>
<kw name="Sleep" library="BuiltIn">
<arg>1s</arg>
<doc>Pauses the test executed for the given time.</doc>
<msg timestamp="20210325 12:30:51.431" level="INFO">Slept 1 second</msg>
<status status="PASS" starttime="20210325 12:30:50.429" endtime="20210325 12:30:51.431"/>
</kw>
<kw name="Click Element" library="Selenium2Library">
<arg>xpath://*[@id="delete3"]/div/div/div[3]/button[1]</arg>
<doc>Click the element identified by ``locator``.</doc>
<msg timestamp="20210325 12:30:51.433" level="INFO">Clicking element 'xpath://*[@id="delete3"]/div/div/div[3]/button[1]'.</msg>
<status status="PASS" starttime="20210325 12:30:51.432" endtime="20210325 12:30:51.652"/>
</kw>
<status status="PASS" starttime="20210325 12:30:50.417" endtime="20210325 12:30:51.652"/>
</kw>
<status status="PASS" starttime="20210325 12:30:46.299" endtime="20210325 12:30:51.653"/>
</test>
<kw name="Close Browser" library="Selenium2Library" type="TEARDOWN">
<doc>Closes the current browser.</doc>
<status status="PASS" starttime="20210325 12:30:51.656" endtime="20210325 12:30:51.755"/>
</kw>
<doc>A test suite for deleting maintenance request.</doc>
<status status="PASS" starttime="20210325 12:30:46.085" endtime="20210325 12:30:51.755"/>
</suite>
<statistics>
<total>
<stat pass="1" fail="0" skip="0">All Tests</stat>
</total>
<tag>
</tag>
<suite>
<stat pass="1" fail="0" skip="0" id="s1" name="Delete Maintenance Request">Delete Maintenance Request</stat>
</suite>
</statistics>
<errors>
</errors>
</robot>
