<?xml version="1.0" encoding="UTF-8"?>
<robot generator="Robot 4.0 (Python 3.9.2 on darwin)" generated="20210329 01:15:59.005" rpa="false" schemaversion="2">
<suite id="s1" name="Edit Menu" source="/Users/MS/Project/MachineDB/Tests/edit_menu.robot">
<test id="s1-t1" name="Admin Edits Menu">
<kw name="Open Browser To Signin Page" library="resource">
<kw name="Open Browser" library="Selenium2Library">
<arg>${SIGNIN URL}</arg>
<arg>${BROWSER}</arg>
<doc>Opens a new browser instance to the optional ``url``.</doc>
<msg timestamp="20210329 01:15:59.240" level="INFO">Opening browser 'Chrome' to base url 'http://127.0.0.1:8000/'.</msg>
<status status="PASS" starttime="20210329 01:15:59.240" endtime="20210329 01:16:01.948"/>
</kw>
<kw name="Maximize Browser Window" library="Selenium2Library">
<doc>Maximizes current browser window.</doc>
<status status="PASS" starttime="20210329 01:16:01.948" endtime="20210329 01:16:02.072"/>
</kw>
<kw name="Set Selenium Speed" library="Selenium2Library">
<arg>${DELAY}</arg>
<doc>Sets the delay that is waited after each Selenium command.</doc>
<status status="PASS" starttime="20210329 01:16:02.072" endtime="20210329 01:16:02.073"/>
</kw>
<status status="PASS" starttime="20210329 01:15:59.239" endtime="20210329 01:16:02.073"/>
</kw>
<kw name="Input Username" library="resource">
<arg>system</arg>
<kw name="Input Text" library="Selenium2Library">
<arg>inputUser</arg>
<arg>${username}</arg>
<doc>Types the given ``text`` into the text field identified by ``locator``.</doc>
<msg timestamp="20210329 01:16:02.075" level="INFO">Typing text 'system' into text field 'inputUser'.</msg>
<status status="PASS" starttime="20210329 01:16:02.074" endtime="20210329 01:16:02.216"/>
</kw>
<status status="PASS" starttime="20210329 01:16:02.073" endtime="20210329 01:16:02.217"/>
</kw>
<kw name="Input Password" library="resource">
<arg>admin</arg>
<kw name="Input Text" library="Selenium2Library">
<arg>inputPassword</arg>
<arg>${password}</arg>
<doc>Types the given ``text`` into the text field identified by ``locator``.</doc>
<msg timestamp="20210329 01:16:02.217" level="INFO">Typing text 'admin' into text field 'inputPassword'.</msg>
<status status="PASS" starttime="20210329 01:16:02.217" endtime="20210329 01:16:02.279"/>
</kw>
<status status="PASS" starttime="20210329 01:16:02.217" endtime="20210329 01:16:02.279"/>
</kw>
<kw name="Submit Credentials" library="resource">
<kw name="Click Button" library="Selenium2Library">
<arg>signin</arg>
<doc>Clicks the button identified by ``locator``.</doc>
<msg timestamp="20210329 01:16:02.280" level="INFO">Clicking button 'signin'.</msg>
<status status="PASS" starttime="20210329 01:16:02.280" endtime="20210329 01:16:02.404"/>
</kw>
<status status="PASS" starttime="20210329 01:16:02.279" endtime="20210329 01:16:02.405"/>
</kw>
<kw name="Then Select-Department Should Be Open" library="resource">
<kw name="Location Should Be" library="Selenium2Library">
<arg>${SELECTDEPARTMENT URL}</arg>
<doc>Verifies that the current URL is exactly ``url``.</doc>
<msg timestamp="20210329 01:16:02.410" level="INFO">Current location is 'http://127.0.0.1:8000/sign-in/department/'.</msg>
<status status="PASS" starttime="20210329 01:16:02.405" endtime="20210329 01:16:02.411"/>
</kw>
<status status="PASS" starttime="20210329 01:16:02.405" endtime="20210329 01:16:02.411"/>
</kw>
<kw name="Select Admin Department" library="resource">
<kw name="Select From List By Value" library="Selenium2Library">
<arg>id:select_department</arg>
<arg>8</arg>
<doc>Selects options from selection list ``locator`` by ``values``.</doc>
<msg timestamp="20210329 01:16:02.412" level="INFO">Selecting options from selection list 'id:select_department' by value 8.</msg>
<status status="PASS" starttime="20210329 01:16:02.412" endtime="20210329 01:16:02.448"/>
</kw>
<status status="PASS" starttime="20210329 01:16:02.411" endtime="20210329 01:16:02.448"/>
</kw>
<kw name="Click Button" library="Selenium2Library">
<arg>Sign in</arg>
<doc>Clicks the button identified by ``locator``.</doc>
<msg timestamp="20210329 01:16:02.449" level="INFO">Clicking button 'Sign in'.</msg>
<status status="PASS" starttime="20210329 01:16:02.449" endtime="20210329 01:16:02.829"/>
</kw>
<kw name="Home Page Should Be Open" library="resource">
<kw name="Location Should Be" library="Selenium2Library">
<arg>${HOME URL}</arg>
<doc>Verifies that the current URL is exactly ``url``.</doc>
<msg timestamp="20210329 01:16:02.834" level="INFO">Current location is 'http://127.0.0.1:8000/home/'.</msg>
<status status="PASS" starttime="20210329 01:16:02.830" endtime="20210329 01:16:02.834"/>
</kw>
<status status="PASS" starttime="20210329 01:16:02.830" endtime="20210329 01:16:02.834"/>
</kw>
<kw name="Select User Management Menu">
<kw name="Click Link" library="Selenium2Library">
<arg>//*[@id="sidebar"]/div[2]/ul[2]/li[2]/a</arg>
<doc>Clicks a link identified by ``locator``.</doc>
<msg timestamp="20210329 01:16:02.835" level="INFO">Clicking link '//*[@id="sidebar"]/div[2]/ul[2]/li[2]/a'.</msg>
<status status="PASS" starttime="20210329 01:16:02.835" endtime="20210329 01:16:02.910"/>
</kw>
<kw name="Sleep" library="BuiltIn">
<arg>1s</arg>
<doc>Pauses the test executed for the given time.</doc>
<msg timestamp="20210329 01:16:03.912" level="INFO">Slept 1 second</msg>
<status status="PASS" starttime="20210329 01:16:02.911" endtime="20210329 01:16:03.912"/>
</kw>
<status status="PASS" starttime="20210329 01:16:02.834" endtime="20210329 01:16:03.912"/>
</kw>
<kw name="Then Select Menu">
<kw name="Click Link" library="Selenium2Library">
<arg>//*[@id="usermenu"]/li[7]/a</arg>
<doc>Clicks a link identified by ``locator``.</doc>
<msg timestamp="20210329 01:16:03.915" level="INFO">Clicking link '//*[@id="usermenu"]/li[7]/a'.</msg>
<status status="PASS" starttime="20210329 01:16:03.914" endtime="20210329 01:16:04.327"/>
</kw>
<status status="PASS" starttime="20210329 01:16:03.913" endtime="20210329 01:16:04.328"/>
</kw>
<kw name="Menu Management Page Should Be Open">
<kw name="Location Should Be" library="Selenium2Library">
<arg>http://127.0.0.1:8000/usermanage/menu-management</arg>
<doc>Verifies that the current URL is exactly ``url``.</doc>
<msg timestamp="20210329 01:16:04.337" level="INFO">Current location is 'http://127.0.0.1:8000/usermanage/menu-management'.</msg>
<status status="PASS" starttime="20210329 01:16:04.328" endtime="20210329 01:16:04.337"/>
</kw>
<status status="PASS" starttime="20210329 01:16:04.328" endtime="20210329 01:16:04.338"/>
</kw>
<kw name="Select Menu Will Be Edited">
<kw name="Click Element" library="Selenium2Library">
<arg>xpath://*[@id="myTable"]/tbody/tr[7]/td[9]/a[1]</arg>
<doc>Click the element identified by ``locator``.</doc>
<msg timestamp="20210329 01:16:04.339" level="INFO">Clicking element 'xpath://*[@id="myTable"]/tbody/tr[7]/td[9]/a[1]'.</msg>
<status status="PASS" starttime="20210329 01:16:04.338" endtime="20210329 01:16:04.409"/>
</kw>
<status status="PASS" starttime="20210329 01:16:04.338" endtime="20210329 01:16:04.410"/>
</kw>
<kw name="Edit Data">
<kw name="Wait Until Page Contains" library="Selenium2Library">
<arg>Setting</arg>
<doc>Waits until ``text`` appears on the current page.</doc>
<status status="PASS" starttime="20210329 01:16:04.410" endtime="20210329 01:16:04.447"/>
</kw>
<kw name="Sleep" library="BuiltIn">
<arg>1s</arg>
<doc>Pauses the test executed for the given time.</doc>
<msg timestamp="20210329 01:16:05.448" level="INFO">Slept 1 second</msg>
<status status="PASS" starttime="20210329 01:16:04.447" endtime="20210329 01:16:05.449"/>
</kw>
<kw name="Select From List By Value" library="Selenium2Library">
<arg>id=select_parent7</arg>
<arg>AAAAA</arg>
<doc>Selects options from selection list ``locator`` by ``values``.</doc>
<msg timestamp="20210329 01:16:05.450" level="INFO">Selecting options from selection list 'id=select_parent7' by value AAAAA.</msg>
<status status="PASS" starttime="20210329 01:16:05.449" endtime="20210329 01:16:05.513"/>
</kw>
<status status="PASS" starttime="20210329 01:16:04.410" endtime="20210329 01:16:05.513"/>
</kw>
<kw name="Click Element" library="Selenium2Library">
<arg>//*[@id="settingAAAAA"]/div/div/div[2]/div[5]/button[2]</arg>
<doc>Click the element identified by ``locator``.</doc>
<msg timestamp="20210329 01:16:05.514" level="INFO">Clicking element '//*[@id="settingAAAAA"]/div/div/div[2]/div[5]/button[2]'.</msg>
<status status="PASS" starttime="20210329 01:16:05.514" endtime="20210329 01:16:05.924"/>
</kw>
<kw name="Get Text" library="Selenium2Library">
<arg>class:alert-success</arg>
<doc>Returns the text value of the element identified by ``locator``.</doc>
<status status="PASS" starttime="20210329 01:16:05.925" endtime="20210329 01:16:05.948"/>
</kw>
<status status="PASS" starttime="20210329 01:15:59.239" endtime="20210329 01:16:05.948"/>
</test>
<kw name="Close Browser" library="Selenium2Library" type="TEARDOWN">
<doc>Closes the current browser.</doc>
<status status="PASS" starttime="20210329 01:16:05.950" endtime="20210329 01:16:06.027"/>
</kw>
<doc>A test suite for editing menu.</doc>
<status status="PASS" starttime="20210329 01:15:59.006" endtime="20210329 01:16:06.027"/>
</suite>
<statistics>
<total>
<stat pass="1" fail="0" skip="0">All Tests</stat>
</total>
<tag>
</tag>
<suite>
<stat pass="1" fail="0" skip="0" id="s1" name="Edit Menu">Edit Menu</stat>
</suite>
</statistics>
<errors>
</errors>
</robot>
