<?xml version="1.0" encoding="UTF-8"?>
<robot generator="Robot 4.0 (Python 3.9.2 on darwin)" generated="20210322 13:29:20.448" rpa="false" schemaversion="2">
<suite id="s1" name="Invalid Signin" source="/Users/MS/Project/MachineDB/Tests/invalid_signin.robot">
<kw name="Open Browser To Signin Page" library="resource" type="SETUP">
<kw name="Open Browser" library="Selenium2Library">
<arg>${SIGNIN URL}</arg>
<arg>${BROWSER}</arg>
<doc>Opens a new browser instance to the optional ``url``.</doc>
<msg timestamp="20210322 13:29:20.605" level="INFO">Opening browser 'Chrome' to base url 'http://127.0.0.1:8000/'.</msg>
<status status="PASS" starttime="20210322 13:29:20.604" endtime="20210322 13:29:22.941"/>
</kw>
<kw name="Maximize Browser Window" library="Selenium2Library">
<doc>Maximizes current browser window.</doc>
<status status="PASS" starttime="20210322 13:29:22.942" endtime="20210322 13:29:23.077"/>
</kw>
<kw name="Set Selenium Speed" library="Selenium2Library">
<arg>${DELAY}</arg>
<doc>Sets the delay that is waited after each Selenium command.</doc>
<status status="PASS" starttime="20210322 13:29:23.077" endtime="20210322 13:29:23.078"/>
</kw>
<status status="PASS" starttime="20210322 13:29:20.604" endtime="20210322 13:29:23.078"/>
</kw>
<test id="s1-t1" name="Invalid Username">
<kw name="Signin With Invalid Credentials Should Fail">
<arg>invalid</arg>
<arg>${VALID PASSWORD}</arg>
<kw name="Input Username" library="resource">
<arg>${username}</arg>
<kw name="Input Text" library="Selenium2Library">
<arg>inputUser</arg>
<arg>${username}</arg>
<doc>Types the given ``text`` into the text field identified by ``locator``.</doc>
<msg timestamp="20210322 13:29:23.081" level="INFO">Typing text 'invalid' into text field 'inputUser'.</msg>
<status status="PASS" starttime="20210322 13:29:23.080" endtime="20210322 13:29:23.211"/>
</kw>
<status status="PASS" starttime="20210322 13:29:23.080" endtime="20210322 13:29:23.211"/>
</kw>
<kw name="Input Password" library="resource">
<arg>${password}</arg>
<kw name="Input Text" library="Selenium2Library">
<arg>inputPassword</arg>
<arg>${password}</arg>
<doc>Types the given ``text`` into the text field identified by ``locator``.</doc>
<msg timestamp="20210322 13:29:23.212" level="INFO">Typing text 'admin' into text field 'inputPassword'.</msg>
<status status="PASS" starttime="20210322 13:29:23.212" endtime="20210322 13:29:23.274"/>
</kw>
<status status="PASS" starttime="20210322 13:29:23.211" endtime="20210322 13:29:23.275"/>
</kw>
<kw name="Submit Credentials" library="resource">
<kw name="Click Button" library="Selenium2Library">
<arg>signin</arg>
<doc>Clicks the button identified by ``locator``.</doc>
<msg timestamp="20210322 13:29:23.275" level="INFO">Clicking button 'signin'.</msg>
<status status="PASS" starttime="20210322 13:29:23.275" endtime="20210322 13:29:23.379"/>
</kw>
<status status="PASS" starttime="20210322 13:29:23.275" endtime="20210322 13:29:23.379"/>
</kw>
<kw name="Signin Should Have Failed">
<kw name="Location Should Be" library="Selenium2Library">
<arg>${SIGNIN URL}</arg>
<doc>Verifies that the current URL is exactly ``url``.</doc>
<msg timestamp="20210322 13:29:23.382" level="INFO">Current location is 'http://127.0.0.1:8000/'.</msg>
<status status="PASS" starttime="20210322 13:29:23.379" endtime="20210322 13:29:23.382"/>
</kw>
<kw name="Get Text" library="Selenium2Library">
<arg>class:alert</arg>
<doc>Returns the text value of the element identified by ``locator``.</doc>
<status status="PASS" starttime="20210322 13:29:23.383" endtime="20210322 13:29:23.401"/>
</kw>
<status status="PASS" starttime="20210322 13:29:23.379" endtime="20210322 13:29:23.401"/>
</kw>
<status status="PASS" starttime="20210322 13:29:23.079" endtime="20210322 13:29:23.401"/>
</kw>
<status status="PASS" starttime="20210322 13:29:23.078" endtime="20210322 13:29:23.401"/>
</test>
<test id="s1-t2" name="Invalid Password">
<kw name="Signin With Invalid Credentials Should Fail">
<arg>${VALID USER}</arg>
<arg>invalid</arg>
<kw name="Input Username" library="resource">
<arg>${username}</arg>
<kw name="Input Text" library="Selenium2Library">
<arg>inputUser</arg>
<arg>${username}</arg>
<doc>Types the given ``text`` into the text field identified by ``locator``.</doc>
<msg timestamp="20210322 13:29:23.403" level="INFO">Typing text 'system' into text field 'inputUser'.</msg>
<status status="PASS" starttime="20210322 13:29:23.403" endtime="20210322 13:29:23.478"/>
</kw>
<status status="PASS" starttime="20210322 13:29:23.402" endtime="20210322 13:29:23.479"/>
</kw>
<kw name="Input Password" library="resource">
<arg>${password}</arg>
<kw name="Input Text" library="Selenium2Library">
<arg>inputPassword</arg>
<arg>${password}</arg>
<doc>Types the given ``text`` into the text field identified by ``locator``.</doc>
<msg timestamp="20210322 13:29:23.479" level="INFO">Typing text 'invalid' into text field 'inputPassword'.</msg>
<status status="PASS" starttime="20210322 13:29:23.479" endtime="20210322 13:29:23.537"/>
</kw>
<status status="PASS" starttime="20210322 13:29:23.479" endtime="20210322 13:29:23.538"/>
</kw>
<kw name="Submit Credentials" library="resource">
<kw name="Click Button" library="Selenium2Library">
<arg>signin</arg>
<doc>Clicks the button identified by ``locator``.</doc>
<msg timestamp="20210322 13:29:23.538" level="INFO">Clicking button 'signin'.</msg>
<status status="PASS" starttime="20210322 13:29:23.538" endtime="20210322 13:29:23.629"/>
</kw>
<status status="PASS" starttime="20210322 13:29:23.538" endtime="20210322 13:29:23.630"/>
</kw>
<kw name="Signin Should Have Failed">
<kw name="Location Should Be" library="Selenium2Library">
<arg>${SIGNIN URL}</arg>
<doc>Verifies that the current URL is exactly ``url``.</doc>
<msg timestamp="20210322 13:29:23.633" level="INFO">Current location is 'http://127.0.0.1:8000/'.</msg>
<status status="PASS" starttime="20210322 13:29:23.630" endtime="20210322 13:29:23.633"/>
</kw>
<kw name="Get Text" library="Selenium2Library">
<arg>class:alert</arg>
<doc>Returns the text value of the element identified by ``locator``.</doc>
<status status="PASS" starttime="20210322 13:29:23.633" endtime="20210322 13:29:23.647"/>
</kw>
<status status="PASS" starttime="20210322 13:29:23.630" endtime="20210322 13:29:23.647"/>
</kw>
<status status="PASS" starttime="20210322 13:29:23.402" endtime="20210322 13:29:23.647"/>
</kw>
<status status="PASS" starttime="20210322 13:29:23.402" endtime="20210322 13:29:23.647"/>
</test>
<test id="s1-t3" name="Invalid Username And Password">
<kw name="Signin With Invalid Credentials Should Fail">
<arg>invalid</arg>
<arg>whatever</arg>
<kw name="Input Username" library="resource">
<arg>${username}</arg>
<kw name="Input Text" library="Selenium2Library">
<arg>inputUser</arg>
<arg>${username}</arg>
<doc>Types the given ``text`` into the text field identified by ``locator``.</doc>
<msg timestamp="20210322 13:29:23.649" level="INFO">Typing text 'invalid' into text field 'inputUser'.</msg>
<status status="PASS" starttime="20210322 13:29:23.649" endtime="20210322 13:29:23.724"/>
</kw>
<status status="PASS" starttime="20210322 13:29:23.648" endtime="20210322 13:29:23.725"/>
</kw>
<kw name="Input Password" library="resource">
<arg>${password}</arg>
<kw name="Input Text" library="Selenium2Library">
<arg>inputPassword</arg>
<arg>${password}</arg>
<doc>Types the given ``text`` into the text field identified by ``locator``.</doc>
<msg timestamp="20210322 13:29:23.725" level="INFO">Typing text 'whatever' into text field 'inputPassword'.</msg>
<status status="PASS" starttime="20210322 13:29:23.725" endtime="20210322 13:29:23.781"/>
</kw>
<status status="PASS" starttime="20210322 13:29:23.725" endtime="20210322 13:29:23.781"/>
</kw>
<kw name="Submit Credentials" library="resource">
<kw name="Click Button" library="Selenium2Library">
<arg>signin</arg>
<doc>Clicks the button identified by ``locator``.</doc>
<msg timestamp="20210322 13:29:23.782" level="INFO">Clicking button 'signin'.</msg>
<status status="PASS" starttime="20210322 13:29:23.781" endtime="20210322 13:29:23.869"/>
</kw>
<status status="PASS" starttime="20210322 13:29:23.781" endtime="20210322 13:29:23.869"/>
</kw>
<kw name="Signin Should Have Failed">
<kw name="Location Should Be" library="Selenium2Library">
<arg>${SIGNIN URL}</arg>
<doc>Verifies that the current URL is exactly ``url``.</doc>
<msg timestamp="20210322 13:29:23.873" level="INFO">Current location is 'http://127.0.0.1:8000/'.</msg>
<status status="PASS" starttime="20210322 13:29:23.870" endtime="20210322 13:29:23.873"/>
</kw>
<kw name="Get Text" library="Selenium2Library">
<arg>class:alert</arg>
<doc>Returns the text value of the element identified by ``locator``.</doc>
<status status="PASS" starttime="20210322 13:29:23.873" endtime="20210322 13:29:23.886"/>
</kw>
<status status="PASS" starttime="20210322 13:29:23.870" endtime="20210322 13:29:23.886"/>
</kw>
<status status="PASS" starttime="20210322 13:29:23.648" endtime="20210322 13:29:23.886"/>
</kw>
<status status="PASS" starttime="20210322 13:29:23.647" endtime="20210322 13:29:23.887"/>
</test>
<test id="s1-t4" name="Empty Username">
<kw name="Signin With Invalid Credentials Should Fail">
<arg>${EMPTY}</arg>
<arg>${VALID PASSWORD}</arg>
<kw name="Input Username" library="resource">
<arg>${username}</arg>
<kw name="Input Text" library="Selenium2Library">
<arg>inputUser</arg>
<arg>${username}</arg>
<doc>Types the given ``text`` into the text field identified by ``locator``.</doc>
<msg timestamp="20210322 13:29:23.889" level="INFO">Typing text '' into text field 'inputUser'.</msg>
<status status="PASS" starttime="20210322 13:29:23.889" endtime="20210322 13:29:23.958"/>
</kw>
<status status="PASS" starttime="20210322 13:29:23.888" endtime="20210322 13:29:23.958"/>
</kw>
<kw name="Input Password" library="resource">
<arg>${password}</arg>
<kw name="Input Text" library="Selenium2Library">
<arg>inputPassword</arg>
<arg>${password}</arg>
<doc>Types the given ``text`` into the text field identified by ``locator``.</doc>
<msg timestamp="20210322 13:29:23.959" level="INFO">Typing text 'admin' into text field 'inputPassword'.</msg>
<status status="PASS" starttime="20210322 13:29:23.959" endtime="20210322 13:29:24.015"/>
</kw>
<status status="PASS" starttime="20210322 13:29:23.958" endtime="20210322 13:29:24.015"/>
</kw>
<kw name="Submit Credentials" library="resource">
<kw name="Click Button" library="Selenium2Library">
<arg>signin</arg>
<doc>Clicks the button identified by ``locator``.</doc>
<msg timestamp="20210322 13:29:24.015" level="INFO">Clicking button 'signin'.</msg>
<status status="PASS" starttime="20210322 13:29:24.015" endtime="20210322 13:29:24.105"/>
</kw>
<status status="PASS" starttime="20210322 13:29:24.015" endtime="20210322 13:29:24.106"/>
</kw>
<kw name="Signin Should Have Failed">
<kw name="Location Should Be" library="Selenium2Library">
<arg>${SIGNIN URL}</arg>
<doc>Verifies that the current URL is exactly ``url``.</doc>
<msg timestamp="20210322 13:29:24.109" level="INFO">Current location is 'http://127.0.0.1:8000/'.</msg>
<status status="PASS" starttime="20210322 13:29:24.106" endtime="20210322 13:29:24.109"/>
</kw>
<kw name="Get Text" library="Selenium2Library">
<arg>class:alert</arg>
<doc>Returns the text value of the element identified by ``locator``.</doc>
<status status="PASS" starttime="20210322 13:29:24.109" endtime="20210322 13:29:24.122"/>
</kw>
<status status="PASS" starttime="20210322 13:29:24.106" endtime="20210322 13:29:24.122"/>
</kw>
<status status="PASS" starttime="20210322 13:29:23.887" endtime="20210322 13:29:24.122"/>
</kw>
<status status="PASS" starttime="20210322 13:29:23.887" endtime="20210322 13:29:24.122"/>
</test>
<test id="s1-t5" name="Empty Password">
<kw name="Signin With Invalid Credentials Should Fail">
<arg>${VALID USER}</arg>
<arg>${EMPTY}</arg>
<kw name="Input Username" library="resource">
<arg>${username}</arg>
<kw name="Input Text" library="Selenium2Library">
<arg>inputUser</arg>
<arg>${username}</arg>
<doc>Types the given ``text`` into the text field identified by ``locator``.</doc>
<msg timestamp="20210322 13:29:24.124" level="INFO">Typing text 'system' into text field 'inputUser'.</msg>
<status status="PASS" starttime="20210322 13:29:24.124" endtime="20210322 13:29:24.198"/>
</kw>
<status status="PASS" starttime="20210322 13:29:24.124" endtime="20210322 13:29:24.198"/>
</kw>
<kw name="Input Password" library="resource">
<arg>${password}</arg>
<kw name="Input Text" library="Selenium2Library">
<arg>inputPassword</arg>
<arg>${password}</arg>
<doc>Types the given ``text`` into the text field identified by ``locator``.</doc>
<msg timestamp="20210322 13:29:24.199" level="INFO">Typing text '' into text field 'inputPassword'.</msg>
<status status="PASS" starttime="20210322 13:29:24.198" endtime="20210322 13:29:24.251"/>
</kw>
<status status="PASS" starttime="20210322 13:29:24.198" endtime="20210322 13:29:24.252"/>
</kw>
<kw name="Submit Credentials" library="resource">
<kw name="Click Button" library="Selenium2Library">
<arg>signin</arg>
<doc>Clicks the button identified by ``locator``.</doc>
<msg timestamp="20210322 13:29:24.253" level="INFO">Clicking button 'signin'.</msg>
<status status="PASS" starttime="20210322 13:29:24.252" endtime="20210322 13:29:24.347"/>
</kw>
<status status="PASS" starttime="20210322 13:29:24.252" endtime="20210322 13:29:24.347"/>
</kw>
<kw name="Signin Should Have Failed">
<kw name="Location Should Be" library="Selenium2Library">
<arg>${SIGNIN URL}</arg>
<doc>Verifies that the current URL is exactly ``url``.</doc>
<msg timestamp="20210322 13:29:24.351" level="INFO">Current location is 'http://127.0.0.1:8000/'.</msg>
<status status="PASS" starttime="20210322 13:29:24.348" endtime="20210322 13:29:24.351"/>
</kw>
<kw name="Get Text" library="Selenium2Library">
<arg>class:alert</arg>
<doc>Returns the text value of the element identified by ``locator``.</doc>
<status status="PASS" starttime="20210322 13:29:24.351" endtime="20210322 13:29:24.367"/>
</kw>
<status status="PASS" starttime="20210322 13:29:24.347" endtime="20210322 13:29:24.368"/>
</kw>
<status status="PASS" starttime="20210322 13:29:24.123" endtime="20210322 13:29:24.368"/>
</kw>
<status status="PASS" starttime="20210322 13:29:24.123" endtime="20210322 13:29:24.368"/>
</test>
<test id="s1-t6" name="Empty Username And Password">
<kw name="Signin With Invalid Credentials Should Fail">
<arg>${EMPTY}</arg>
<arg>${EMPTY}</arg>
<kw name="Input Username" library="resource">
<arg>${username}</arg>
<kw name="Input Text" library="Selenium2Library">
<arg>inputUser</arg>
<arg>${username}</arg>
<doc>Types the given ``text`` into the text field identified by ``locator``.</doc>
<msg timestamp="20210322 13:29:24.372" level="INFO">Typing text '' into text field 'inputUser'.</msg>
<status status="PASS" starttime="20210322 13:29:24.371" endtime="20210322 13:29:24.444"/>
</kw>
<status status="PASS" starttime="20210322 13:29:24.371" endtime="20210322 13:29:24.444"/>
</kw>
<kw name="Input Password" library="resource">
<arg>${password}</arg>
<kw name="Input Text" library="Selenium2Library">
<arg>inputPassword</arg>
<arg>${password}</arg>
<doc>Types the given ``text`` into the text field identified by ``locator``.</doc>
<msg timestamp="20210322 13:29:24.445" level="INFO">Typing text '' into text field 'inputPassword'.</msg>
<status status="PASS" starttime="20210322 13:29:24.445" endtime="20210322 13:29:24.493"/>
</kw>
<status status="PASS" starttime="20210322 13:29:24.444" endtime="20210322 13:29:24.493"/>
</kw>
<kw name="Submit Credentials" library="resource">
<kw name="Click Button" library="Selenium2Library">
<arg>signin</arg>
<doc>Clicks the button identified by ``locator``.</doc>
<msg timestamp="20210322 13:29:24.493" level="INFO">Clicking button 'signin'.</msg>
<status status="PASS" starttime="20210322 13:29:24.493" endtime="20210322 13:29:24.598"/>
</kw>
<status status="PASS" starttime="20210322 13:29:24.493" endtime="20210322 13:29:24.599"/>
</kw>
<kw name="Signin Should Have Failed">
<kw name="Location Should Be" library="Selenium2Library">
<arg>${SIGNIN URL}</arg>
<doc>Verifies that the current URL is exactly ``url``.</doc>
<msg timestamp="20210322 13:29:24.604" level="INFO">Current location is 'http://127.0.0.1:8000/'.</msg>
<status status="PASS" starttime="20210322 13:29:24.599" endtime="20210322 13:29:24.604"/>
</kw>
<kw name="Get Text" library="Selenium2Library">
<arg>class:alert</arg>
<doc>Returns the text value of the element identified by ``locator``.</doc>
<status status="PASS" starttime="20210322 13:29:24.604" endtime="20210322 13:29:24.621"/>
</kw>
<status status="PASS" starttime="20210322 13:29:24.599" endtime="20210322 13:29:24.621"/>
</kw>
<status status="PASS" starttime="20210322 13:29:24.369" endtime="20210322 13:29:24.621"/>
</kw>
<status status="PASS" starttime="20210322 13:29:24.369" endtime="20210322 13:29:24.622"/>
</test>
<kw name="Close Browser" library="Selenium2Library" type="TEARDOWN">
<doc>Closes the current browser.</doc>
<status status="PASS" starttime="20210322 13:29:24.623" endtime="20210322 13:29:24.697"/>
</kw>
<status status="PASS" starttime="20210322 13:29:20.450" endtime="20210322 13:29:24.697"/>
</suite>
<statistics>
<total>
<stat pass="6" fail="0" skip="0">All Tests</stat>
</total>
<tag>
</tag>
<suite>
<stat pass="6" fail="0" skip="0" id="s1" name="Invalid Signin">Invalid Signin</stat>
</suite>
</statistics>
<errors>
</errors>
</robot>
