<?xml version="1.0" encoding="UTF-8"?>
<robot generator="Robot 4.0 (Python 3.9.2 on darwin)" generated="20210323 21:25:41.617" rpa="false" schemaversion="2">
<suite id="s1" name="Delete Machine Type" source="/Users/MS/Project/MachineDB/Tests/delete_machine_type.robot">
<test id="s1-t1" name="Admin Deletes Machine Type">
<kw name="Open Browser To Signin Page" library="resource">
<kw name="Open Browser" library="Selenium2Library">
<arg>${SIGNIN URL}</arg>
<arg>${BROWSER}</arg>
<doc>Opens a new browser instance to the optional ``url``.</doc>
<msg timestamp="20210323 21:25:41.814" level="INFO">Opening browser 'Chrome' to base url 'http://127.0.0.1:8000/'.</msg>
<status status="PASS" starttime="20210323 21:25:41.813" endtime="20210323 21:25:44.348"/>
</kw>
<kw name="Maximize Browser Window" library="Selenium2Library">
<doc>Maximizes current browser window.</doc>
<status status="PASS" starttime="20210323 21:25:44.348" endtime="20210323 21:25:44.485"/>
</kw>
<kw name="Set Selenium Speed" library="Selenium2Library">
<arg>${DELAY}</arg>
<doc>Sets the delay that is waited after each Selenium command.</doc>
<status status="PASS" starttime="20210323 21:25:44.485" endtime="20210323 21:25:44.485"/>
</kw>
<status status="PASS" starttime="20210323 21:25:41.813" endtime="20210323 21:25:44.486"/>
</kw>
<kw name="Input Username" library="resource">
<arg>system</arg>
<kw name="Input Text" library="Selenium2Library">
<arg>inputUser</arg>
<arg>${username}</arg>
<doc>Types the given ``text`` into the text field identified by ``locator``.</doc>
<msg timestamp="20210323 21:25:44.487" level="INFO">Typing text 'system' into text field 'inputUser'.</msg>
<status status="PASS" starttime="20210323 21:25:44.486" endtime="20210323 21:25:44.631"/>
</kw>
<status status="PASS" starttime="20210323 21:25:44.486" endtime="20210323 21:25:44.632"/>
</kw>
<kw name="Input Password" library="resource">
<arg>admin</arg>
<kw name="Input Text" library="Selenium2Library">
<arg>inputPassword</arg>
<arg>${password}</arg>
<doc>Types the given ``text`` into the text field identified by ``locator``.</doc>
<msg timestamp="20210323 21:25:44.632" level="INFO">Typing text 'admin' into text field 'inputPassword'.</msg>
<status status="PASS" starttime="20210323 21:25:44.632" endtime="20210323 21:25:44.697"/>
</kw>
<status status="PASS" starttime="20210323 21:25:44.632" endtime="20210323 21:25:44.698"/>
</kw>
<kw name="Submit Credentials" library="resource">
<kw name="Click Button" library="Selenium2Library">
<arg>signin</arg>
<doc>Clicks the button identified by ``locator``.</doc>
<msg timestamp="20210323 21:25:44.698" level="INFO">Clicking button 'signin'.</msg>
<status status="PASS" starttime="20210323 21:25:44.698" endtime="20210323 21:25:44.806"/>
</kw>
<status status="PASS" starttime="20210323 21:25:44.698" endtime="20210323 21:25:44.806"/>
</kw>
<kw name="Then Select-Department Should Be Open" library="resource">
<kw name="Location Should Be" library="Selenium2Library">
<arg>${SELECTDEPARTMENT URL}</arg>
<doc>Verifies that the current URL is exactly ``url``.</doc>
<msg timestamp="20210323 21:25:44.813" level="INFO">Current location is 'http://127.0.0.1:8000/sign-in/department/'.</msg>
<status status="PASS" starttime="20210323 21:25:44.807" endtime="20210323 21:25:44.813"/>
</kw>
<status status="PASS" starttime="20210323 21:25:44.806" endtime="20210323 21:25:44.813"/>
</kw>
<kw name="Select Admin Department" library="resource">
<kw name="Select From List By Value" library="Selenium2Library">
<arg>id:select_department</arg>
<arg>8</arg>
<doc>Selects options from selection list ``locator`` by ``values``.</doc>
<msg timestamp="20210323 21:25:44.814" level="INFO">Selecting options from selection list 'id:select_department' by value 8.</msg>
<status status="PASS" starttime="20210323 21:25:44.814" endtime="20210323 21:25:44.845"/>
</kw>
<status status="PASS" starttime="20210323 21:25:44.813" endtime="20210323 21:25:44.845"/>
</kw>
<kw name="Click Button" library="Selenium2Library">
<arg>Sign in</arg>
<doc>Clicks the button identified by ``locator``.</doc>
<msg timestamp="20210323 21:25:44.846" level="INFO">Clicking button 'Sign in'.</msg>
<status status="PASS" starttime="20210323 21:25:44.845" endtime="20210323 21:25:45.202"/>
</kw>
<kw name="Home Page Should Be Open" library="resource">
<kw name="Location Should Be" library="Selenium2Library">
<arg>${HOME URL}</arg>
<doc>Verifies that the current URL is exactly ``url``.</doc>
<msg timestamp="20210323 21:25:45.206" level="INFO">Current location is 'http://127.0.0.1:8000/home/'.</msg>
<status status="PASS" starttime="20210323 21:25:45.202" endtime="20210323 21:25:45.206"/>
</kw>
<status status="PASS" starttime="20210323 21:25:45.202" endtime="20210323 21:25:45.206"/>
</kw>
<kw name="Select Machine Data Menu">
<kw name="Click Link" library="Selenium2Library">
<arg>//*[@id="sidebar"]/div[2]/ul[1]/li[1]/a</arg>
<doc>Clicks a link identified by ``locator``.</doc>
<msg timestamp="20210323 21:25:45.207" level="INFO">Clicking link '//*[@id="sidebar"]/div[2]/ul[1]/li[1]/a'.</msg>
<status status="PASS" starttime="20210323 21:25:45.206" endtime="20210323 21:25:45.254"/>
</kw>
<status status="PASS" starttime="20210323 21:25:45.206" endtime="20210323 21:25:45.254"/>
</kw>
<kw name="Then Select Machine Type">
<kw name="Sleep" library="BuiltIn">
<arg>1s</arg>
<doc>Pauses the test executed for the given time.</doc>
<msg timestamp="20210323 21:25:46.256" level="INFO">Slept 1 second</msg>
<status status="PASS" starttime="20210323 21:25:45.255" endtime="20210323 21:25:46.256"/>
</kw>
<kw name="Click Link" library="Selenium2Library">
<arg>//*[@id="machine_manage_menumenu"]/li[2]/a</arg>
<doc>Clicks a link identified by ``locator``.</doc>
<msg timestamp="20210323 21:25:46.257" level="INFO">Clicking link '//*[@id="machine_manage_menumenu"]/li[2]/a'.</msg>
<status status="PASS" starttime="20210323 21:25:46.257" endtime="20210323 21:25:46.443"/>
</kw>
<status status="PASS" starttime="20210323 21:25:45.254" endtime="20210323 21:25:46.443"/>
</kw>
<kw name="Machine Type Management Page Should Be Open">
<kw name="Location Should Be" library="Selenium2Library">
<arg>http://127.0.0.1:8000/machinemanage/machine-type/</arg>
<doc>Verifies that the current URL is exactly ``url``.</doc>
<msg timestamp="20210323 21:25:46.447" level="INFO">Current location is 'http://127.0.0.1:8000/machinemanage/machine-type/'.</msg>
<status status="PASS" starttime="20210323 21:25:46.443" endtime="20210323 21:25:46.447"/>
</kw>
<status status="PASS" starttime="20210323 21:25:46.443" endtime="20210323 21:25:46.447"/>
</kw>
<kw name="Select Machine Type Will Be Deleteted">
<kw name="Click Element" library="Selenium2Library">
<arg>xpath://*[@id="myTable"]/tbody/tr[7]/td[4]/center/a[2]</arg>
<doc>Click the element identified by ``locator``.</doc>
<msg timestamp="20210323 21:25:46.448" level="INFO">Clicking element 'xpath://*[@id="myTable"]/tbody/tr[7]/td[4]/center/a[2]'.</msg>
<status status="PASS" starttime="20210323 21:25:46.448" endtime="20210323 21:25:46.548"/>
</kw>
<status status="PASS" starttime="20210323 21:25:46.448" endtime="20210323 21:25:46.549"/>
</kw>
<kw name="Delete Confirmation Should Be Open">
<kw name="Wait Until Page Contains" library="Selenium2Library">
<arg>Confirmation</arg>
<doc>Waits until ``text`` appears on the current page.</doc>
<status status="PASS" starttime="20210323 21:25:46.549" endtime="20210323 21:25:46.561"/>
</kw>
<kw name="Sleep" library="BuiltIn">
<arg>2s</arg>
<doc>Pauses the test executed for the given time.</doc>
<msg timestamp="20210323 21:25:48.562" level="INFO">Slept 2 seconds</msg>
<status status="PASS" starttime="20210323 21:25:46.561" endtime="20210323 21:25:48.562"/>
</kw>
<status status="PASS" starttime="20210323 21:25:46.549" endtime="20210323 21:25:48.563"/>
</kw>
<kw name="Click Element" library="Selenium2Library">
<arg>//*[@id="delete10"]/div/div/div[3]/button[1]</arg>
<doc>Click the element identified by ``locator``.</doc>
<msg timestamp="20210323 21:25:48.564" level="INFO">Clicking element '//*[@id="delete10"]/div/div/div[3]/button[1]'.</msg>
<status status="PASS" starttime="20210323 21:25:48.563" endtime="20210323 21:25:48.741"/>
</kw>
<kw name="Get Text" library="Selenium2Library">
<arg>class:alert-success</arg>
<doc>Returns the text value of the element identified by ``locator``.</doc>
<status status="PASS" starttime="20210323 21:25:48.741" endtime="20210323 21:25:48.761"/>
</kw>
<status status="PASS" starttime="20210323 21:25:41.812" endtime="20210323 21:25:48.761"/>
</test>
<kw name="Close Browser" library="Selenium2Library" type="TEARDOWN">
<doc>Closes the current browser.</doc>
<status status="PASS" starttime="20210323 21:25:48.762" endtime="20210323 21:25:48.880"/>
</kw>
<doc>A test suite for deleting machine type.</doc>
<status status="PASS" starttime="20210323 21:25:41.618" endtime="20210323 21:25:48.880"/>
</suite>
<statistics>
<total>
<stat pass="1" fail="0" skip="0">All Tests</stat>
</total>
<tag>
</tag>
<suite>
<stat pass="1" fail="0" skip="0" id="s1" name="Delete Machine Type">Delete Machine Type</stat>
</suite>
</statistics>
<errors>
</errors>
</robot>
