<?xml version="1.0" encoding="UTF-8"?>
<robot generator="Robot 4.0 (Python 3.9.2 on darwin)" generated="20210324 21:38:39.619" rpa="false" schemaversion="2">
<suite id="s1" name="Add New Location" source="/Users/MS/Project/MachineDB/Tests/add_new_location.robot">
<test id="s1-t1" name="Admin Adds New Location">
<kw name="Open Browser To Signin Page" library="resource">
<kw name="Open Browser" library="Selenium2Library">
<arg>${SIGNIN URL}</arg>
<arg>${BROWSER}</arg>
<doc>Opens a new browser instance to the optional ``url``.</doc>
<msg timestamp="20210324 21:38:39.786" level="INFO">Opening browser 'Chrome' to base url 'http://127.0.0.1:8000/'.</msg>
<status status="PASS" starttime="20210324 21:38:39.786" endtime="20210324 21:38:42.381"/>
</kw>
<kw name="Maximize Browser Window" library="Selenium2Library">
<doc>Maximizes current browser window.</doc>
<status status="PASS" starttime="20210324 21:38:42.382" endtime="20210324 21:38:42.502"/>
</kw>
<kw name="Set Selenium Speed" library="Selenium2Library">
<arg>${DELAY}</arg>
<doc>Sets the delay that is waited after each Selenium command.</doc>
<status status="PASS" starttime="20210324 21:38:42.502" endtime="20210324 21:38:42.503"/>
</kw>
<status status="PASS" starttime="20210324 21:38:39.785" endtime="20210324 21:38:42.503"/>
</kw>
<kw name="Input Username" library="resource">
<arg>system</arg>
<kw name="Input Text" library="Selenium2Library">
<arg>inputUser</arg>
<arg>${username}</arg>
<doc>Types the given ``text`` into the text field identified by ``locator``.</doc>
<msg timestamp="20210324 21:38:42.504" level="INFO">Typing text 'system' into text field 'inputUser'.</msg>
<status status="PASS" starttime="20210324 21:38:42.504" endtime="20210324 21:38:42.724"/>
</kw>
<status status="PASS" starttime="20210324 21:38:42.503" endtime="20210324 21:38:42.724"/>
</kw>
<kw name="Input Password" library="resource">
<arg>admin</arg>
<kw name="Input Text" library="Selenium2Library">
<arg>inputPassword</arg>
<arg>${password}</arg>
<doc>Types the given ``text`` into the text field identified by ``locator``.</doc>
<msg timestamp="20210324 21:38:42.725" level="INFO">Typing text 'admin' into text field 'inputPassword'.</msg>
<status status="PASS" starttime="20210324 21:38:42.724" endtime="20210324 21:38:42.793"/>
</kw>
<status status="PASS" starttime="20210324 21:38:42.724" endtime="20210324 21:38:42.793"/>
</kw>
<kw name="Submit Credentials" library="resource">
<kw name="Click Button" library="Selenium2Library">
<arg>signin</arg>
<doc>Clicks the button identified by ``locator``.</doc>
<msg timestamp="20210324 21:38:42.794" level="INFO">Clicking button 'signin'.</msg>
<status status="PASS" starttime="20210324 21:38:42.794" endtime="20210324 21:38:42.919"/>
</kw>
<status status="PASS" starttime="20210324 21:38:42.793" endtime="20210324 21:38:42.919"/>
</kw>
<kw name="Then Select-Department Should Be Open" library="resource">
<kw name="Location Should Be" library="Selenium2Library">
<arg>${SELECTDEPARTMENT URL}</arg>
<doc>Verifies that the current URL is exactly ``url``.</doc>
<msg timestamp="20210324 21:38:42.924" level="INFO">Current location is 'http://127.0.0.1:8000/sign-in/department/'.</msg>
<status status="PASS" starttime="20210324 21:38:42.920" endtime="20210324 21:38:42.924"/>
</kw>
<status status="PASS" starttime="20210324 21:38:42.919" endtime="20210324 21:38:42.924"/>
</kw>
<kw name="Select Admin Department" library="resource">
<kw name="Select From List By Value" library="Selenium2Library">
<arg>id:select_department</arg>
<arg>8</arg>
<doc>Selects options from selection list ``locator`` by ``values``.</doc>
<msg timestamp="20210324 21:38:42.926" level="INFO">Selecting options from selection list 'id:select_department' by value 8.</msg>
<status status="PASS" starttime="20210324 21:38:42.925" endtime="20210324 21:38:42.959"/>
</kw>
<status status="PASS" starttime="20210324 21:38:42.925" endtime="20210324 21:38:42.959"/>
</kw>
<kw name="Click Button" library="Selenium2Library">
<arg>Sign in</arg>
<doc>Clicks the button identified by ``locator``.</doc>
<msg timestamp="20210324 21:38:42.960" level="INFO">Clicking button 'Sign in'.</msg>
<status status="PASS" starttime="20210324 21:38:42.959" endtime="20210324 21:38:43.341"/>
</kw>
<kw name="Home Page Should Be Open" library="resource">
<kw name="Location Should Be" library="Selenium2Library">
<arg>${HOME URL}</arg>
<doc>Verifies that the current URL is exactly ``url``.</doc>
<msg timestamp="20210324 21:38:43.346" level="INFO">Current location is 'http://127.0.0.1:8000/home/'.</msg>
<status status="PASS" starttime="20210324 21:38:43.342" endtime="20210324 21:38:43.346"/>
</kw>
<status status="PASS" starttime="20210324 21:38:43.341" endtime="20210324 21:38:43.346"/>
</kw>
<kw name="Select Organization Management Menu">
<kw name="Click Link" library="Selenium2Library">
<arg>//*[@id="sidebar"]/div[2]/ul[2]/li[3]/a</arg>
<doc>Clicks a link identified by ``locator``.</doc>
<msg timestamp="20210324 21:38:43.347" level="INFO">Clicking link '//*[@id="sidebar"]/div[2]/ul[2]/li[3]/a'.</msg>
<status status="PASS" starttime="20210324 21:38:43.347" endtime="20210324 21:38:43.399"/>
</kw>
<kw name="Sleep" library="BuiltIn">
<arg>1s</arg>
<doc>Pauses the test executed for the given time.</doc>
<msg timestamp="20210324 21:38:44.400" level="INFO">Slept 1 second</msg>
<status status="PASS" starttime="20210324 21:38:43.399" endtime="20210324 21:38:44.400"/>
</kw>
<status status="PASS" starttime="20210324 21:38:43.346" endtime="20210324 21:38:44.401"/>
</kw>
<kw name="Then Select Location">
<kw name="Click Link" library="Selenium2Library">
<arg>//*[@id="organizationmenu"]/li[3]/a</arg>
<doc>Clicks a link identified by ``locator``.</doc>
<msg timestamp="20210324 21:38:44.402" level="INFO">Clicking link '//*[@id="organizationmenu"]/li[3]/a'.</msg>
<status status="PASS" starttime="20210324 21:38:44.402" endtime="20210324 21:38:44.562"/>
</kw>
<status status="PASS" starttime="20210324 21:38:44.401" endtime="20210324 21:38:44.562"/>
</kw>
<kw name="Location Management Page Should Be Open">
<kw name="Location Should Be" library="Selenium2Library">
<arg>http://127.0.0.1:8000/organizemanage/location-management</arg>
<doc>Verifies that the current URL is exactly ``url``.</doc>
<msg timestamp="20210324 21:38:44.569" level="INFO">Current location is 'http://127.0.0.1:8000/organizemanage/location-management'.</msg>
<status status="PASS" starttime="20210324 21:38:44.563" endtime="20210324 21:38:44.569"/>
</kw>
<status status="PASS" starttime="20210324 21:38:44.563" endtime="20210324 21:38:44.570"/>
</kw>
<kw name="Click Add New Location Button">
<kw name="Click Element" library="Selenium2Library">
<arg>xpath:/html/body/div[2]/div/div/div[1]/div/div[2]/a</arg>
<doc>Click the element identified by ``locator``.</doc>
<msg timestamp="20210324 21:38:44.571" level="INFO">Clicking element 'xpath:/html/body/div[2]/div/div/div[1]/div/div[2]/a'.</msg>
<status status="PASS" starttime="20210324 21:38:44.570" endtime="20210324 21:38:44.660"/>
</kw>
<status status="PASS" starttime="20210324 21:38:44.570" endtime="20210324 21:38:44.660"/>
</kw>
<kw name="Fill Data">
<kw name="Wait Until Page Contains" library="Selenium2Library">
<arg>Add New Location</arg>
<doc>Waits until ``text`` appears on the current page.</doc>
<status status="PASS" starttime="20210324 21:38:44.661" endtime="20210324 21:38:44.670"/>
</kw>
<kw name="Sleep" library="BuiltIn">
<arg>1s</arg>
<doc>Pauses the test executed for the given time.</doc>
<msg timestamp="20210324 21:38:45.672" level="INFO">Slept 1 second</msg>
<status status="PASS" starttime="20210324 21:38:44.671" endtime="20210324 21:38:45.672"/>
</kw>
<kw name="Input Text" library="Selenium2Library">
<arg>xpath://*[@id="add_site"]</arg>
<arg>${TEST DATA}</arg>
<doc>Types the given ``text`` into the text field identified by ``locator``.</doc>
<msg timestamp="20210324 21:38:45.674" level="INFO">Typing text 'test' into text field 'xpath://*[@id="add_site"]'.</msg>
<status status="PASS" starttime="20210324 21:38:45.673" endtime="20210324 21:38:45.784"/>
</kw>
<kw name="Input Text" library="Selenium2Library">
<arg>xpath://*[@id="add_building"]</arg>
<arg>${TEST DATA}</arg>
<doc>Types the given ``text`` into the text field identified by ``locator``.</doc>
<msg timestamp="20210324 21:38:45.785" level="INFO">Typing text 'test' into text field 'xpath://*[@id="add_building"]'.</msg>
<status status="PASS" starttime="20210324 21:38:45.784" endtime="20210324 21:38:45.860"/>
</kw>
<kw name="Input Text" library="Selenium2Library">
<arg>xpath://*[@id="add_floor"]</arg>
<arg>${TEST DATA}</arg>
<doc>Types the given ``text`` into the text field identified by ``locator``.</doc>
<msg timestamp="20210324 21:38:45.862" level="INFO">Typing text 'test' into text field 'xpath://*[@id="add_floor"]'.</msg>
<status status="PASS" starttime="20210324 21:38:45.860" endtime="20210324 21:38:45.929"/>
</kw>
<status status="PASS" starttime="20210324 21:38:44.661" endtime="20210324 21:38:45.930"/>
</kw>
<kw name="Click Button" library="Selenium2Library">
<arg>name:add_location</arg>
<doc>Clicks the button identified by ``locator``.</doc>
<msg timestamp="20210324 21:38:45.931" level="INFO">Clicking button 'name:add_location'.</msg>
<status status="PASS" starttime="20210324 21:38:45.930" endtime="20210324 21:38:46.125"/>
</kw>
<kw name="Get Text" library="Selenium2Library">
<arg>class:alert-success</arg>
<doc>Returns the text value of the element identified by ``locator``.</doc>
<status status="PASS" starttime="20210324 21:38:46.125" endtime="20210324 21:38:46.146"/>
</kw>
<status status="PASS" starttime="20210324 21:38:39.784" endtime="20210324 21:38:46.147"/>
</test>
<kw name="Close Browser" library="Selenium2Library" type="TEARDOWN">
<doc>Closes the current browser.</doc>
<status status="PASS" starttime="20210324 21:38:46.148" endtime="20210324 21:38:46.244"/>
</kw>
<doc>A test suite for adding new location.</doc>
<status status="PASS" starttime="20210324 21:38:39.621" endtime="20210324 21:38:46.244"/>
</suite>
<statistics>
<total>
<stat pass="1" fail="0" skip="0">All Tests</stat>
</total>
<tag>
</tag>
<suite>
<stat pass="1" fail="0" skip="0" id="s1" name="Add New Location">Add New Location</stat>
</suite>
</statistics>
<errors>
</errors>
</robot>
