<?xml version="1.0" encoding="UTF-8"?>
<robot generator="Robot 4.0 (Python 3.9.2 on darwin)" generated="20210328 23:05:25.329" rpa="false" schemaversion="2">
<suite id="s1" name="Add User Dep" source="/Users/MS/Project/MachineDB/Tests/add_user_dep.robot">
<test id="s1-t1" name="Admin Adds User to Department">
<kw name="Open Browser To Signin Page" library="resource">
<kw name="Open Browser" library="Selenium2Library">
<arg>${SIGNIN URL}</arg>
<arg>${BROWSER}</arg>
<doc>Opens a new browser instance to the optional ``url``.</doc>
<msg timestamp="20210328 23:05:25.544" level="INFO">Opening browser 'Chrome' to base url 'http://127.0.0.1:8000/'.</msg>
<status status="PASS" starttime="20210328 23:05:25.544" endtime="20210328 23:05:28.046"/>
</kw>
<kw name="Maximize Browser Window" library="Selenium2Library">
<doc>Maximizes current browser window.</doc>
<status status="PASS" starttime="20210328 23:05:28.046" endtime="20210328 23:05:28.185"/>
</kw>
<kw name="Set Selenium Speed" library="Selenium2Library">
<arg>${DELAY}</arg>
<doc>Sets the delay that is waited after each Selenium command.</doc>
<status status="PASS" starttime="20210328 23:05:28.186" endtime="20210328 23:05:28.186"/>
</kw>
<status status="PASS" starttime="20210328 23:05:25.543" endtime="20210328 23:05:28.186"/>
</kw>
<kw name="Input Username" library="resource">
<arg>system</arg>
<kw name="Input Text" library="Selenium2Library">
<arg>inputUser</arg>
<arg>${username}</arg>
<doc>Types the given ``text`` into the text field identified by ``locator``.</doc>
<msg timestamp="20210328 23:05:28.188" level="INFO">Typing text 'system' into text field 'inputUser'.</msg>
<status status="PASS" starttime="20210328 23:05:28.187" endtime="20210328 23:05:28.477"/>
</kw>
<status status="PASS" starttime="20210328 23:05:28.187" endtime="20210328 23:05:28.478"/>
</kw>
<kw name="Input Password" library="resource">
<arg>admin</arg>
<kw name="Input Text" library="Selenium2Library">
<arg>inputPassword</arg>
<arg>${password}</arg>
<doc>Types the given ``text`` into the text field identified by ``locator``.</doc>
<msg timestamp="20210328 23:05:28.479" level="INFO">Typing text 'admin' into text field 'inputPassword'.</msg>
<status status="PASS" starttime="20210328 23:05:28.478" endtime="20210328 23:05:28.582"/>
</kw>
<status status="PASS" starttime="20210328 23:05:28.478" endtime="20210328 23:05:28.582"/>
</kw>
<kw name="Submit Credentials" library="resource">
<kw name="Click Button" library="Selenium2Library">
<arg>signin</arg>
<doc>Clicks the button identified by ``locator``.</doc>
<msg timestamp="20210328 23:05:28.583" level="INFO">Clicking button 'signin'.</msg>
<status status="PASS" starttime="20210328 23:05:28.583" endtime="20210328 23:05:28.721"/>
</kw>
<status status="PASS" starttime="20210328 23:05:28.582" endtime="20210328 23:05:28.721"/>
</kw>
<kw name="Then Select-Department Should Be Open" library="resource">
<kw name="Location Should Be" library="Selenium2Library">
<arg>${SELECTDEPARTMENT URL}</arg>
<doc>Verifies that the current URL is exactly ``url``.</doc>
<msg timestamp="20210328 23:05:28.727" level="INFO">Current location is 'http://127.0.0.1:8000/sign-in/department/'.</msg>
<status status="PASS" starttime="20210328 23:05:28.722" endtime="20210328 23:05:28.727"/>
</kw>
<status status="PASS" starttime="20210328 23:05:28.721" endtime="20210328 23:05:28.727"/>
</kw>
<kw name="Select Admin Department" library="resource">
<kw name="Select From List By Value" library="Selenium2Library">
<arg>id:select_department</arg>
<arg>8</arg>
<doc>Selects options from selection list ``locator`` by ``values``.</doc>
<msg timestamp="20210328 23:05:28.728" level="INFO">Selecting options from selection list 'id:select_department' by value 8.</msg>
<status status="PASS" starttime="20210328 23:05:28.728" endtime="20210328 23:05:28.761"/>
</kw>
<status status="PASS" starttime="20210328 23:05:28.727" endtime="20210328 23:05:28.761"/>
</kw>
<kw name="Click Button" library="Selenium2Library">
<arg>Sign in</arg>
<doc>Clicks the button identified by ``locator``.</doc>
<msg timestamp="20210328 23:05:28.761" level="INFO">Clicking button 'Sign in'.</msg>
<status status="PASS" starttime="20210328 23:05:28.761" endtime="20210328 23:05:29.088"/>
</kw>
<kw name="Home Page Should Be Open" library="resource">
<kw name="Location Should Be" library="Selenium2Library">
<arg>${HOME URL}</arg>
<doc>Verifies that the current URL is exactly ``url``.</doc>
<msg timestamp="20210328 23:05:29.094" level="INFO">Current location is 'http://127.0.0.1:8000/home/'.</msg>
<status status="PASS" starttime="20210328 23:05:29.089" endtime="20210328 23:05:29.094"/>
</kw>
<status status="PASS" starttime="20210328 23:05:29.088" endtime="20210328 23:05:29.094"/>
</kw>
<kw name="Select User Management Menu">
<kw name="Click Link" library="Selenium2Library">
<arg>//*[@id="sidebar"]/div[2]/ul[2]/li[2]/a</arg>
<doc>Clicks a link identified by ``locator``.</doc>
<msg timestamp="20210328 23:05:29.095" level="INFO">Clicking link '//*[@id="sidebar"]/div[2]/ul[2]/li[2]/a'.</msg>
<status status="PASS" starttime="20210328 23:05:29.095" endtime="20210328 23:05:29.135"/>
</kw>
<kw name="Sleep" library="BuiltIn">
<arg>1s</arg>
<doc>Pauses the test executed for the given time.</doc>
<msg timestamp="20210328 23:05:30.137" level="INFO">Slept 1 second</msg>
<status status="PASS" starttime="20210328 23:05:29.136" endtime="20210328 23:05:30.137"/>
</kw>
<status status="PASS" starttime="20210328 23:05:29.095" endtime="20210328 23:05:30.138"/>
</kw>
<kw name="Then Select User &amp; Department">
<kw name="Click Link" library="Selenium2Library">
<arg>//*[@id="usermenu"]/li[4]/a</arg>
<doc>Clicks a link identified by ``locator``.</doc>
<msg timestamp="20210328 23:05:30.140" level="INFO">Clicking link '//*[@id="usermenu"]/li[4]/a'.</msg>
<status status="PASS" starttime="20210328 23:05:30.139" endtime="20210328 23:05:30.676"/>
</kw>
<status status="PASS" starttime="20210328 23:05:30.138" endtime="20210328 23:05:30.676"/>
</kw>
<kw name="User &amp; Department Page Should Be Open">
<kw name="Location Should Be" library="Selenium2Library">
<arg>http://127.0.0.1:8000/usermanage/user-department</arg>
<doc>Verifies that the current URL is exactly ``url``.</doc>
<msg timestamp="20210328 23:05:30.680" level="INFO">Current location is 'http://127.0.0.1:8000/usermanage/user-department'.</msg>
<status status="PASS" starttime="20210328 23:05:30.677" endtime="20210328 23:05:30.681"/>
</kw>
<status status="PASS" starttime="20210328 23:05:30.676" endtime="20210328 23:05:30.681"/>
</kw>
<kw name="Click Add New Department Button">
<kw name="Click Element" library="Selenium2Library">
<arg>xpath:/html/body/div[2]/div/div/div[1]/div/div[2]/a</arg>
<doc>Click the element identified by ``locator``.</doc>
<msg timestamp="20210328 23:05:30.682" level="INFO">Clicking element 'xpath:/html/body/div[2]/div/div/div[1]/div/div[2]/a'.</msg>
<status status="PASS" starttime="20210328 23:05:30.681" endtime="20210328 23:05:30.789"/>
</kw>
<status status="PASS" starttime="20210328 23:05:30.681" endtime="20210328 23:05:30.789"/>
</kw>
<kw name="Fill Data">
<kw name="Wait Until Page Contains" library="Selenium2Library">
<arg>New Department</arg>
<doc>Waits until ``text`` appears on the current page.</doc>
<status status="PASS" starttime="20210328 23:05:30.790" endtime="20210328 23:05:30.805"/>
</kw>
<kw name="Sleep" library="BuiltIn">
<arg>1s</arg>
<doc>Pauses the test executed for the given time.</doc>
<msg timestamp="20210328 23:05:31.808" level="INFO">Slept 1 second</msg>
<status status="PASS" starttime="20210328 23:05:30.806" endtime="20210328 23:05:31.809"/>
</kw>
<kw name="Select From List By Value" library="Selenium2Library">
<arg>id=add_department_code</arg>
<arg>000000</arg>
<doc>Selects options from selection list ``locator`` by ``values``.</doc>
<msg timestamp="20210328 23:05:31.810" level="INFO">Selecting options from selection list 'id=add_department_code' by value 000000.</msg>
<status status="PASS" starttime="20210328 23:05:31.809" endtime="20210328 23:05:31.884"/>
</kw>
<kw name="Click Element" library="Selenium2Library">
<arg>xpath://*[@id="newDepartment"]/div/div/div/form/div[2]/div[3]/div/button</arg>
<doc>Click the element identified by ``locator``.</doc>
<msg timestamp="20210328 23:05:31.885" level="INFO">Clicking element 'xpath://*[@id="newDepartment"]/div/div/div/form/div[2]/div[3]/div/button'.</msg>
<status status="PASS" starttime="20210328 23:05:31.884" endtime="20210328 23:05:31.939"/>
</kw>
<kw name="Click Element" library="Selenium2Library">
<arg>xpath://*[@id="bs-select-9"]/ul/li[1]</arg>
<doc>Click the element identified by ``locator``.</doc>
<msg timestamp="20210328 23:05:31.939" level="INFO">Clicking element 'xpath://*[@id="bs-select-9"]/ul/li[1]'.</msg>
<status status="PASS" starttime="20210328 23:05:31.939" endtime="20210328 23:05:31.977"/>
</kw>
<kw name="Click Element" library="Selenium2Library">
<arg>xpath://*[@id="newDepartment"]/div/div/div/form/div[2]/div[3]/div/button</arg>
<doc>Click the element identified by ``locator``.</doc>
<msg timestamp="20210328 23:05:31.978" level="INFO">Clicking element 'xpath://*[@id="newDepartment"]/div/div/div/form/div[2]/div[3]/div/button'.</msg>
<status status="PASS" starttime="20210328 23:05:31.978" endtime="20210328 23:05:32.005"/>
</kw>
<kw name="Click Element" library="Selenium2Library">
<arg>xpath://*[@id="newDepartment"]/div/div/div/form/div[2]/div[4]/div/button</arg>
<doc>Click the element identified by ``locator``.</doc>
<msg timestamp="20210328 23:05:32.005" level="INFO">Clicking element 'xpath://*[@id="newDepartment"]/div/div/div/form/div[2]/div[4]/div/button'.</msg>
<status status="PASS" starttime="20210328 23:05:32.005" endtime="20210328 23:05:32.045"/>
</kw>
<kw name="Click Element" library="Selenium2Library">
<arg>xpath://*[@id="bs-select-10"]/ul/li[1]</arg>
<doc>Click the element identified by ``locator``.</doc>
<msg timestamp="20210328 23:05:32.046" level="INFO">Clicking element 'xpath://*[@id="bs-select-10"]/ul/li[1]'.</msg>
<status status="PASS" starttime="20210328 23:05:32.046" endtime="20210328 23:05:32.083"/>
</kw>
<kw name="Click Element" library="Selenium2Library">
<arg>xpath://*[@id="newDepartment"]/div/div/div/form/div[2]/div[4]/div/button</arg>
<doc>Click the element identified by ``locator``.</doc>
<msg timestamp="20210328 23:05:32.083" level="INFO">Clicking element 'xpath://*[@id="newDepartment"]/div/div/div/form/div[2]/div[4]/div/button'.</msg>
<status status="PASS" starttime="20210328 23:05:32.083" endtime="20210328 23:05:32.115"/>
</kw>
<kw name="Click Button" library="Selenium2Library">
<arg>name=addMembersDepartment</arg>
<doc>Clicks the button identified by ``locator``.</doc>
<msg timestamp="20210328 23:05:32.116" level="INFO">Clicking button 'name=addMembersDepartment'.</msg>
<status status="PASS" starttime="20210328 23:05:32.115" endtime="20210328 23:05:32.461"/>
</kw>
<status status="PASS" starttime="20210328 23:05:30.790" endtime="20210328 23:05:32.461"/>
</kw>
<kw name="Page Should Contain" library="Selenium2Library">
<arg>000000</arg>
<doc>Verifies that current page contains ``text``.</doc>
<msg timestamp="20210328 23:05:32.494" level="INFO">Current page contains text '000000'.</msg>
<status status="PASS" starttime="20210328 23:05:32.461" endtime="20210328 23:05:32.494"/>
</kw>
<status status="PASS" starttime="20210328 23:05:25.543" endtime="20210328 23:05:32.494"/>
</test>
<kw name="Close Browser" library="Selenium2Library" type="TEARDOWN">
<doc>Closes the current browser.</doc>
<status status="PASS" starttime="20210328 23:05:32.495" endtime="20210328 23:05:32.591"/>
</kw>
<doc>A test suite for adding user to department.</doc>
<status status="PASS" starttime="20210328 23:05:25.331" endtime="20210328 23:05:32.591"/>
</suite>
<statistics>
<total>
<stat pass="1" fail="0" skip="0">All Tests</stat>
</total>
<tag>
</tag>
<suite>
<stat pass="1" fail="0" skip="0" id="s1" name="Add User Dep">Add User Dep</stat>
</suite>
</statistics>
<errors>
</errors>
</robot>
