<?xml version="1.0" encoding="UTF-8"?>
<robot generator="Robot 4.0 (Python 3.9.2 on darwin)" generated="20210324 20:49:58.973" rpa="false" schemaversion="2">
<suite id="s1" name="Delete Spare Subtype" source="/Users/MS/Project/MachineDB/Tests/delete_spare_subtype.robot">
<test id="s1-t1" name="Admin Removes Spare Part Subtype">
<kw name="Open Browser To Signin Page" library="resource">
<kw name="Open Browser" library="Selenium2Library">
<arg>${SIGNIN URL}</arg>
<arg>${BROWSER}</arg>
<doc>Opens a new browser instance to the optional ``url``.</doc>
<msg timestamp="20210324 20:49:59.240" level="INFO">Opening browser 'Chrome' to base url 'http://127.0.0.1:8000/'.</msg>
<status status="PASS" starttime="20210324 20:49:59.240" endtime="20210324 20:50:02.157"/>
</kw>
<kw name="Maximize Browser Window" library="Selenium2Library">
<doc>Maximizes current browser window.</doc>
<status status="PASS" starttime="20210324 20:50:02.158" endtime="20210324 20:50:02.299"/>
</kw>
<kw name="Set Selenium Speed" library="Selenium2Library">
<arg>${DELAY}</arg>
<doc>Sets the delay that is waited after each Selenium command.</doc>
<status status="PASS" starttime="20210324 20:50:02.300" endtime="20210324 20:50:02.300"/>
</kw>
<status status="PASS" starttime="20210324 20:49:59.239" endtime="20210324 20:50:02.300"/>
</kw>
<kw name="Input Username" library="resource">
<arg>system</arg>
<kw name="Input Text" library="Selenium2Library">
<arg>inputUser</arg>
<arg>${username}</arg>
<doc>Types the given ``text`` into the text field identified by ``locator``.</doc>
<msg timestamp="20210324 20:50:02.302" level="INFO">Typing text 'system' into text field 'inputUser'.</msg>
<status status="PASS" starttime="20210324 20:50:02.301" endtime="20210324 20:50:02.450"/>
</kw>
<status status="PASS" starttime="20210324 20:50:02.301" endtime="20210324 20:50:02.450"/>
</kw>
<kw name="Input Password" library="resource">
<arg>admin</arg>
<kw name="Input Text" library="Selenium2Library">
<arg>inputPassword</arg>
<arg>${password}</arg>
<doc>Types the given ``text`` into the text field identified by ``locator``.</doc>
<msg timestamp="20210324 20:50:02.451" level="INFO">Typing text 'admin' into text field 'inputPassword'.</msg>
<status status="PASS" starttime="20210324 20:50:02.450" endtime="20210324 20:50:02.511"/>
</kw>
<status status="PASS" starttime="20210324 20:50:02.450" endtime="20210324 20:50:02.511"/>
</kw>
<kw name="Submit Credentials" library="resource">
<kw name="Click Button" library="Selenium2Library">
<arg>signin</arg>
<doc>Clicks the button identified by ``locator``.</doc>
<msg timestamp="20210324 20:50:02.512" level="INFO">Clicking button 'signin'.</msg>
<status status="PASS" starttime="20210324 20:50:02.511" endtime="20210324 20:50:02.646"/>
</kw>
<status status="PASS" starttime="20210324 20:50:02.511" endtime="20210324 20:50:02.646"/>
</kw>
<kw name="Then Select-Department Should Be Open" library="resource">
<kw name="Location Should Be" library="Selenium2Library">
<arg>${SELECTDEPARTMENT URL}</arg>
<doc>Verifies that the current URL is exactly ``url``.</doc>
<msg timestamp="20210324 20:50:02.655" level="INFO">Current location is 'http://127.0.0.1:8000/sign-in/department/'.</msg>
<status status="PASS" starttime="20210324 20:50:02.647" endtime="20210324 20:50:02.655"/>
</kw>
<status status="PASS" starttime="20210324 20:50:02.647" endtime="20210324 20:50:02.655"/>
</kw>
<kw name="Select Admin Department" library="resource">
<kw name="Select From List By Value" library="Selenium2Library">
<arg>id:select_department</arg>
<arg>8</arg>
<doc>Selects options from selection list ``locator`` by ``values``.</doc>
<msg timestamp="20210324 20:50:02.656" level="INFO">Selecting options from selection list 'id:select_department' by value 8.</msg>
<status status="PASS" starttime="20210324 20:50:02.656" endtime="20210324 20:50:02.692"/>
</kw>
<status status="PASS" starttime="20210324 20:50:02.656" endtime="20210324 20:50:02.692"/>
</kw>
<kw name="Click Button" library="Selenium2Library">
<arg>Sign in</arg>
<doc>Clicks the button identified by ``locator``.</doc>
<msg timestamp="20210324 20:50:02.693" level="INFO">Clicking button 'Sign in'.</msg>
<status status="PASS" starttime="20210324 20:50:02.693" endtime="20210324 20:50:03.114"/>
</kw>
<kw name="Home Page Should Be Open" library="resource">
<kw name="Location Should Be" library="Selenium2Library">
<arg>${HOME URL}</arg>
<doc>Verifies that the current URL is exactly ``url``.</doc>
<msg timestamp="20210324 20:50:03.118" level="INFO">Current location is 'http://127.0.0.1:8000/home/'.</msg>
<status status="PASS" starttime="20210324 20:50:03.114" endtime="20210324 20:50:03.118"/>
</kw>
<status status="PASS" starttime="20210324 20:50:03.114" endtime="20210324 20:50:03.118"/>
</kw>
<kw name="Select Spare Part Data Menu">
<kw name="Click Link" library="Selenium2Library">
<arg>//*[@id="sidebar"]/div[2]/ul[1]/li[2]/a</arg>
<doc>Clicks a link identified by ``locator``.</doc>
<msg timestamp="20210324 20:50:03.119" level="INFO">Clicking link '//*[@id="sidebar"]/div[2]/ul[1]/li[2]/a'.</msg>
<status status="PASS" starttime="20210324 20:50:03.118" endtime="20210324 20:50:03.171"/>
</kw>
<kw name="Sleep" library="BuiltIn">
<arg>1s</arg>
<doc>Pauses the test executed for the given time.</doc>
<msg timestamp="20210324 20:50:04.172" level="INFO">Slept 1 second</msg>
<status status="PASS" starttime="20210324 20:50:03.171" endtime="20210324 20:50:04.172"/>
</kw>
<status status="PASS" starttime="20210324 20:50:03.118" endtime="20210324 20:50:04.172"/>
</kw>
<kw name="Then Select Spare Part Subtype">
<kw name="Click Link" library="Selenium2Library">
<arg>//*[@id="spare_part_menumenu"]/li[4]/a</arg>
<doc>Clicks a link identified by ``locator``.</doc>
<msg timestamp="20210324 20:50:04.174" level="INFO">Clicking link '//*[@id="spare_part_menumenu"]/li[4]/a'.</msg>
<status status="PASS" starttime="20210324 20:50:04.174" endtime="20210324 20:50:04.472"/>
</kw>
<status status="PASS" starttime="20210324 20:50:04.173" endtime="20210324 20:50:04.472"/>
</kw>
<kw name="Spare part Subtype Management Page Should Be Open">
<kw name="Location Should Be" library="Selenium2Library">
<arg>http://127.0.0.1:8000/sparepartmanage/subtype/</arg>
<doc>Verifies that the current URL is exactly ``url``.</doc>
<msg timestamp="20210324 20:50:04.476" level="INFO">Current location is 'http://127.0.0.1:8000/sparepartmanage/subtype/'.</msg>
<status status="PASS" starttime="20210324 20:50:04.473" endtime="20210324 20:50:04.476"/>
</kw>
<status status="PASS" starttime="20210324 20:50:04.472" endtime="20210324 20:50:04.477"/>
</kw>
<kw name="Select Spare Part Subtype Will Be Deleteted">
<kw name="Wait Until Page Contains" library="Selenium2Library">
<arg>Spare part Subtype Management</arg>
<doc>Waits until ``text`` appears on the current page.</doc>
<status status="PASS" starttime="20210324 20:50:04.478" endtime="20210324 20:50:04.493"/>
</kw>
<kw name="Click Element" library="Selenium2Library">
<arg>xpath://*[@id="myTable_paginate"]/span/a[3]</arg>
<doc>Click the element identified by ``locator``.</doc>
<msg timestamp="20210324 20:50:04.493" level="INFO">Clicking element 'xpath://*[@id="myTable_paginate"]/span/a[3]'.</msg>
<status status="PASS" starttime="20210324 20:50:04.493" endtime="20210324 20:50:04.534"/>
</kw>
<kw name="Sleep" library="BuiltIn">
<arg>1s</arg>
<doc>Pauses the test executed for the given time.</doc>
<msg timestamp="20210324 20:50:05.535" level="INFO">Slept 1 second</msg>
<status status="PASS" starttime="20210324 20:50:04.534" endtime="20210324 20:50:05.535"/>
</kw>
<kw name="Click Element" library="Selenium2Library">
<arg>xpath://*[@id="myTable"]/tbody/tr[2]/td[6]/center/a[2]</arg>
<doc>Click the element identified by ``locator``.</doc>
<msg timestamp="20210324 20:50:05.536" level="INFO">Clicking element 'xpath://*[@id="myTable"]/tbody/tr[2]/td[6]/center/a[2]'.</msg>
<status status="PASS" starttime="20210324 20:50:05.535" endtime="20210324 20:50:05.587"/>
</kw>
<status status="PASS" starttime="20210324 20:50:04.477" endtime="20210324 20:50:05.588"/>
</kw>
<kw name="Confirm Deletion">
<kw name="Wait Until Page Contains" library="Selenium2Library">
<arg>Confirmation</arg>
<doc>Waits until ``text`` appears on the current page.</doc>
<status status="PASS" starttime="20210324 20:50:05.588" endtime="20210324 20:50:05.605"/>
</kw>
<kw name="Sleep" library="BuiltIn">
<arg>1s</arg>
<doc>Pauses the test executed for the given time.</doc>
<msg timestamp="20210324 20:50:06.606" level="INFO">Slept 1 second</msg>
<status status="PASS" starttime="20210324 20:50:05.605" endtime="20210324 20:50:06.607"/>
</kw>
<kw name="Click Element" library="Selenium2Library">
<arg>xpath://*[@id="delete39"]/div/div/div[3]/button[1]</arg>
<doc>Click the element identified by ``locator``.</doc>
<msg timestamp="20210324 20:50:06.609" level="INFO">Clicking element 'xpath://*[@id="delete39"]/div/div/div[3]/button[1]'.</msg>
<status status="PASS" starttime="20210324 20:50:06.608" endtime="20210324 20:50:06.945"/>
</kw>
<kw name="Get Text" library="Selenium2Library">
<arg>class:alert-success</arg>
<doc>Returns the text value of the element identified by ``locator``.</doc>
<status status="PASS" starttime="20210324 20:50:06.945" endtime="20210324 20:50:06.967"/>
</kw>
<status status="PASS" starttime="20210324 20:50:05.588" endtime="20210324 20:50:06.967"/>
</kw>
<status status="PASS" starttime="20210324 20:49:59.238" endtime="20210324 20:50:06.967"/>
</test>
<kw name="Close Browser" library="Selenium2Library" type="TEARDOWN">
<doc>Closes the current browser.</doc>
<status status="PASS" starttime="20210324 20:50:06.969" endtime="20210324 20:50:07.061"/>
</kw>
<doc>A test suite for deleting spare part subtype.</doc>
<status status="PASS" starttime="20210324 20:49:58.975" endtime="20210324 20:50:07.061"/>
</suite>
<statistics>
<total>
<stat pass="1" fail="0" skip="0">All Tests</stat>
</total>
<tag>
</tag>
<suite>
<stat pass="1" fail="0" skip="0" id="s1" name="Delete Spare Subtype">Delete Spare Subtype</stat>
</suite>
</statistics>
<errors>
</errors>
</robot>
