<?xml version="1.0" encoding="UTF-8"?>
<robot generator="Robot 4.0 (Python 3.9.2 on darwin)" generated="20210321 14:32:07.361" rpa="false" schemaversion="2">
<suite id="s1" name="Test" source="/Users/MS/Project/test.robot">
<test id="s1-t1" name="Search">
<kw name="go google">
<kw name="Open Browser" library="Selenium2Library">
<arg>${GOOGLE URL}</arg>
<arg>${BROWSER}</arg>
<doc>Opens a new browser instance to the optional ``url``.</doc>
<msg timestamp="20210321 14:32:07.590" level="INFO">Opening browser 'Chrome' to base url 'http://www.google.com'.</msg>
<status status="PASS" starttime="20210321 14:32:07.590" endtime="20210321 14:32:10.973"/>
</kw>
<status status="PASS" starttime="20210321 14:32:07.589" endtime="20210321 14:32:10.974"/>
</kw>
<kw name="search Hello World">
<kw name="Input Text" library="Selenium2Library">
<arg>name=q</arg>
<arg>${keywords_search}</arg>
<doc>Types the given ``text`` into the text field identified by ``locator``.</doc>
<msg timestamp="20210321 14:32:10.975" level="INFO">Typing text 'Hello World' into text field 'name=q'.</msg>
<status status="PASS" starttime="20210321 14:32:10.975" endtime="20210321 14:32:11.087"/>
</kw>
<kw name="Submit Form" library="Selenium2Library">
<doc>Submits a form identified by ``locator``.</doc>
<msg timestamp="20210321 14:32:11.087" level="INFO">Submitting form 'None'.</msg>
<status status="PASS" starttime="20210321 14:32:11.087" endtime="20210321 14:32:13.725"/>
</kw>
<status status="PASS" starttime="20210321 14:32:10.974" endtime="20210321 14:32:13.725"/>
</kw>
<kw name="result">
<kw name="Wait Until Page Contains" library="Selenium2Library">
<arg>${expected_result}</arg>
<doc>Waits until ``text`` appears on the current page.</doc>
<status status="PASS" starttime="20210321 14:32:13.725" endtime="20210321 14:32:13.749"/>
</kw>
<status status="PASS" starttime="20210321 14:32:13.725" endtime="20210321 14:32:13.749"/>
</kw>
<status status="PASS" starttime="20210321 14:32:07.588" endtime="20210321 14:32:13.750"/>
</test>
<test id="s1-t2" name="Test Teardown">
<kw name="Close Browser" library="Selenium2Library">
<doc>Closes the current browser.</doc>
<status status="PASS" starttime="20210321 14:32:13.751" endtime="20210321 14:32:13.846"/>
</kw>
<status status="PASS" starttime="20210321 14:32:13.750" endtime="20210321 14:32:13.846"/>
</test>
<status status="PASS" starttime="20210321 14:32:07.362" endtime="20210321 14:32:13.848"/>
</suite>
<statistics>
<total>
<stat pass="2" fail="0" skip="0">All Tests</stat>
</total>
<tag>
</tag>
<suite>
<stat pass="2" fail="0" skip="0" id="s1" name="Test">Test</stat>
</suite>
</statistics>
<errors>
</errors>
</robot>
