<?xml version="1.0" encoding="UTF-8"?>
<robot generator="Robot 4.0 (Python 3.9.2 on darwin)" generated="20210329 00:03:15.044" rpa="false" schemaversion="2">
<suite id="s1" name="Delete Role" source="/Users/MS/Project/MachineDB/Tests/delete_role.robot">
<test id="s1-t1" name="Admin Deletes Role">
<kw name="Open Browser To Signin Page" library="resource">
<kw name="Open Browser" library="Selenium2Library">
<arg>${SIGNIN URL}</arg>
<arg>${BROWSER}</arg>
<doc>Opens a new browser instance to the optional ``url``.</doc>
<msg timestamp="20210329 00:03:15.249" level="INFO">Opening browser 'Chrome' to base url 'http://127.0.0.1:8000/'.</msg>
<status status="PASS" starttime="20210329 00:03:15.248" endtime="20210329 00:03:17.882"/>
</kw>
<kw name="Maximize Browser Window" library="Selenium2Library">
<doc>Maximizes current browser window.</doc>
<status status="PASS" starttime="20210329 00:03:17.882" endtime="20210329 00:03:18.024"/>
</kw>
<kw name="Set Selenium Speed" library="Selenium2Library">
<arg>${DELAY}</arg>
<doc>Sets the delay that is waited after each Selenium command.</doc>
<status status="PASS" starttime="20210329 00:03:18.024" endtime="20210329 00:03:18.025"/>
</kw>
<status status="PASS" starttime="20210329 00:03:15.248" endtime="20210329 00:03:18.025"/>
</kw>
<kw name="Input Username" library="resource">
<arg>system</arg>
<kw name="Input Text" library="Selenium2Library">
<arg>inputUser</arg>
<arg>${username}</arg>
<doc>Types the given ``text`` into the text field identified by ``locator``.</doc>
<msg timestamp="20210329 00:03:18.027" level="INFO">Typing text 'system' into text field 'inputUser'.</msg>
<status status="PASS" starttime="20210329 00:03:18.026" endtime="20210329 00:03:18.282"/>
</kw>
<status status="PASS" starttime="20210329 00:03:18.025" endtime="20210329 00:03:18.282"/>
</kw>
<kw name="Input Password" library="resource">
<arg>admin</arg>
<kw name="Input Text" library="Selenium2Library">
<arg>inputPassword</arg>
<arg>${password}</arg>
<doc>Types the given ``text`` into the text field identified by ``locator``.</doc>
<msg timestamp="20210329 00:03:18.283" level="INFO">Typing text 'admin' into text field 'inputPassword'.</msg>
<status status="PASS" starttime="20210329 00:03:18.283" endtime="20210329 00:03:18.348"/>
</kw>
<status status="PASS" starttime="20210329 00:03:18.283" endtime="20210329 00:03:18.348"/>
</kw>
<kw name="Submit Credentials" library="resource">
<kw name="Click Button" library="Selenium2Library">
<arg>signin</arg>
<doc>Clicks the button identified by ``locator``.</doc>
<msg timestamp="20210329 00:03:18.349" level="INFO">Clicking button 'signin'.</msg>
<status status="PASS" starttime="20210329 00:03:18.349" endtime="20210329 00:03:18.466"/>
</kw>
<status status="PASS" starttime="20210329 00:03:18.348" endtime="20210329 00:03:18.466"/>
</kw>
<kw name="Then Select-Department Should Be Open" library="resource">
<kw name="Location Should Be" library="Selenium2Library">
<arg>${SELECTDEPARTMENT URL}</arg>
<doc>Verifies that the current URL is exactly ``url``.</doc>
<msg timestamp="20210329 00:03:18.473" level="INFO">Current location is 'http://127.0.0.1:8000/sign-in/department/'.</msg>
<status status="PASS" starttime="20210329 00:03:18.467" endtime="20210329 00:03:18.473"/>
</kw>
<status status="PASS" starttime="20210329 00:03:18.467" endtime="20210329 00:03:18.473"/>
</kw>
<kw name="Select Admin Department" library="resource">
<kw name="Select From List By Value" library="Selenium2Library">
<arg>id:select_department</arg>
<arg>8</arg>
<doc>Selects options from selection list ``locator`` by ``values``.</doc>
<msg timestamp="20210329 00:03:18.474" level="INFO">Selecting options from selection list 'id:select_department' by value 8.</msg>
<status status="PASS" starttime="20210329 00:03:18.474" endtime="20210329 00:03:18.504"/>
</kw>
<status status="PASS" starttime="20210329 00:03:18.473" endtime="20210329 00:03:18.504"/>
</kw>
<kw name="Click Button" library="Selenium2Library">
<arg>Sign in</arg>
<doc>Clicks the button identified by ``locator``.</doc>
<msg timestamp="20210329 00:03:18.504" level="INFO">Clicking button 'Sign in'.</msg>
<status status="PASS" starttime="20210329 00:03:18.504" endtime="20210329 00:03:18.821"/>
</kw>
<kw name="Home Page Should Be Open" library="resource">
<kw name="Location Should Be" library="Selenium2Library">
<arg>${HOME URL}</arg>
<doc>Verifies that the current URL is exactly ``url``.</doc>
<msg timestamp="20210329 00:03:18.826" level="INFO">Current location is 'http://127.0.0.1:8000/home/'.</msg>
<status status="PASS" starttime="20210329 00:03:18.822" endtime="20210329 00:03:18.826"/>
</kw>
<status status="PASS" starttime="20210329 00:03:18.822" endtime="20210329 00:03:18.826"/>
</kw>
<kw name="Select User Management Menu">
<kw name="Click Link" library="Selenium2Library">
<arg>//*[@id="sidebar"]/div[2]/ul[2]/li[2]/a</arg>
<doc>Clicks a link identified by ``locator``.</doc>
<msg timestamp="20210329 00:03:18.827" level="INFO">Clicking link '//*[@id="sidebar"]/div[2]/ul[2]/li[2]/a'.</msg>
<status status="PASS" starttime="20210329 00:03:18.827" endtime="20210329 00:03:18.875"/>
</kw>
<kw name="Sleep" library="BuiltIn">
<arg>1s</arg>
<doc>Pauses the test executed for the given time.</doc>
<msg timestamp="20210329 00:03:19.877" level="INFO">Slept 1 second</msg>
<status status="PASS" starttime="20210329 00:03:18.876" endtime="20210329 00:03:19.877"/>
</kw>
<status status="PASS" starttime="20210329 00:03:18.826" endtime="20210329 00:03:19.878"/>
</kw>
<kw name="Then Select Role">
<kw name="Click Link" library="Selenium2Library">
<arg>//*[@id="usermenu"]/li[2]/a</arg>
<doc>Clicks a link identified by ``locator``.</doc>
<msg timestamp="20210329 00:03:19.880" level="INFO">Clicking link '//*[@id="usermenu"]/li[2]/a'.</msg>
<status status="PASS" starttime="20210329 00:03:19.879" endtime="20210329 00:03:20.048"/>
</kw>
<status status="PASS" starttime="20210329 00:03:19.878" endtime="20210329 00:03:20.048"/>
</kw>
<kw name="Role Management Page Should Be Open">
<kw name="Location Should Be" library="Selenium2Library">
<arg>http://127.0.0.1:8000/usermanage/role-management</arg>
<doc>Verifies that the current URL is exactly ``url``.</doc>
<msg timestamp="20210329 00:03:20.052" level="INFO">Current location is 'http://127.0.0.1:8000/usermanage/role-management'.</msg>
<status status="PASS" starttime="20210329 00:03:20.049" endtime="20210329 00:03:20.052"/>
</kw>
<status status="PASS" starttime="20210329 00:03:20.049" endtime="20210329 00:03:20.052"/>
</kw>
<kw name="Select Role Will Be Deleteted">
<kw name="Click Element" library="Selenium2Library">
<arg>xpath://*[@id="myTable"]/tbody/tr[1]/td[4]/a[2]</arg>
<doc>Click the element identified by ``locator``.</doc>
<msg timestamp="20210329 00:03:20.053" level="INFO">Clicking element 'xpath://*[@id="myTable"]/tbody/tr[1]/td[4]/a[2]'.</msg>
<status status="PASS" starttime="20210329 00:03:20.053" endtime="20210329 00:03:20.164"/>
</kw>
<status status="PASS" starttime="20210329 00:03:20.053" endtime="20210329 00:03:20.164"/>
</kw>
<kw name="Confirm Deletion">
<kw name="Wait Until Page Contains" library="Selenium2Library">
<arg>Confirmation</arg>
<doc>Waits until ``text`` appears on the current page.</doc>
<status status="PASS" starttime="20210329 00:03:20.165" endtime="20210329 00:03:20.176"/>
</kw>
<kw name="Sleep" library="BuiltIn">
<arg>1s</arg>
<doc>Pauses the test executed for the given time.</doc>
<msg timestamp="20210329 00:03:21.177" level="INFO">Slept 1 second</msg>
<status status="PASS" starttime="20210329 00:03:20.176" endtime="20210329 00:03:21.177"/>
</kw>
<kw name="Click Element" library="Selenium2Library">
<arg>xpath://*[@id="deleteAAA"]/div/div/div[3]/button[1]</arg>
<doc>Click the element identified by ``locator``.</doc>
<msg timestamp="20210329 00:03:21.178" level="INFO">Clicking element 'xpath://*[@id="deleteAAA"]/div/div/div[3]/button[1]'.</msg>
<status status="PASS" starttime="20210329 00:03:21.178" endtime="20210329 00:03:21.309"/>
</kw>
<kw name="Get Text" library="Selenium2Library">
<arg>class=alert-success</arg>
<doc>Returns the text value of the element identified by ``locator``.</doc>
<status status="PASS" starttime="20210329 00:03:21.309" endtime="20210329 00:03:21.328"/>
</kw>
<status status="PASS" starttime="20210329 00:03:20.164" endtime="20210329 00:03:21.329"/>
</kw>
<status status="PASS" starttime="20210329 00:03:15.247" endtime="20210329 00:03:21.329"/>
</test>
<kw name="Close Browser" library="Selenium2Library" type="TEARDOWN">
<doc>Closes the current browser.</doc>
<status status="PASS" starttime="20210329 00:03:21.330" endtime="20210329 00:03:21.428"/>
</kw>
<doc>A test suite for deleting role.</doc>
<status status="PASS" starttime="20210329 00:03:15.046" endtime="20210329 00:03:21.428"/>
</suite>
<statistics>
<total>
<stat pass="1" fail="0" skip="0">All Tests</stat>
</total>
<tag>
</tag>
<suite>
<stat pass="1" fail="0" skip="0" id="s1" name="Delete Role">Delete Role</stat>
</suite>
</statistics>
<errors>
</errors>
</robot>
