<?xml version="1.0" encoding="UTF-8"?>
<robot generator="Robot 4.0 (Python 3.9.2 on darwin)" generated="20210328 22:39:07.969" rpa="false" schemaversion="2">
<suite id="s1" name="Delete Department" source="/Users/MS/Project/MachineDB/Tests/delete_department.robot">
<test id="s1-t1" name="Admin Deletes Department">
<kw name="Open Browser To Signin Page" library="resource">
<kw name="Open Browser" library="Selenium2Library">
<arg>${SIGNIN URL}</arg>
<arg>${BROWSER}</arg>
<doc>Opens a new browser instance to the optional ``url``.</doc>
<msg timestamp="20210328 22:39:08.236" level="INFO">Opening browser 'Chrome' to base url 'http://127.0.0.1:8000/'.</msg>
<status status="PASS" starttime="20210328 22:39:08.236" endtime="20210328 22:39:10.665"/>
</kw>
<kw name="Maximize Browser Window" library="Selenium2Library">
<doc>Maximizes current browser window.</doc>
<status status="PASS" starttime="20210328 22:39:10.665" endtime="20210328 22:39:10.821"/>
</kw>
<kw name="Set Selenium Speed" library="Selenium2Library">
<arg>${DELAY}</arg>
<doc>Sets the delay that is waited after each Selenium command.</doc>
<status status="PASS" starttime="20210328 22:39:10.822" endtime="20210328 22:39:10.822"/>
</kw>
<status status="PASS" starttime="20210328 22:39:08.236" endtime="20210328 22:39:10.823"/>
</kw>
<kw name="Input Username" library="resource">
<arg>system</arg>
<kw name="Input Text" library="Selenium2Library">
<arg>inputUser</arg>
<arg>${username}</arg>
<doc>Types the given ``text`` into the text field identified by ``locator``.</doc>
<msg timestamp="20210328 22:39:10.824" level="INFO">Typing text 'system' into text field 'inputUser'.</msg>
<status status="PASS" starttime="20210328 22:39:10.823" endtime="20210328 22:39:10.975"/>
</kw>
<status status="PASS" starttime="20210328 22:39:10.823" endtime="20210328 22:39:10.975"/>
</kw>
<kw name="Input Password" library="resource">
<arg>admin</arg>
<kw name="Input Text" library="Selenium2Library">
<arg>inputPassword</arg>
<arg>${password}</arg>
<doc>Types the given ``text`` into the text field identified by ``locator``.</doc>
<msg timestamp="20210328 22:39:10.976" level="INFO">Typing text 'admin' into text field 'inputPassword'.</msg>
<status status="PASS" starttime="20210328 22:39:10.976" endtime="20210328 22:39:11.037"/>
</kw>
<status status="PASS" starttime="20210328 22:39:10.975" endtime="20210328 22:39:11.037"/>
</kw>
<kw name="Submit Credentials" library="resource">
<kw name="Click Button" library="Selenium2Library">
<arg>signin</arg>
<doc>Clicks the button identified by ``locator``.</doc>
<msg timestamp="20210328 22:39:11.037" level="INFO">Clicking button 'signin'.</msg>
<status status="PASS" starttime="20210328 22:39:11.037" endtime="20210328 22:39:11.148"/>
</kw>
<status status="PASS" starttime="20210328 22:39:11.037" endtime="20210328 22:39:11.148"/>
</kw>
<kw name="Then Select-Department Should Be Open" library="resource">
<kw name="Location Should Be" library="Selenium2Library">
<arg>${SELECTDEPARTMENT URL}</arg>
<doc>Verifies that the current URL is exactly ``url``.</doc>
<msg timestamp="20210328 22:39:11.156" level="INFO">Current location is 'http://127.0.0.1:8000/sign-in/department/'.</msg>
<status status="PASS" starttime="20210328 22:39:11.149" endtime="20210328 22:39:11.156"/>
</kw>
<status status="PASS" starttime="20210328 22:39:11.149" endtime="20210328 22:39:11.156"/>
</kw>
<kw name="Select Admin Department" library="resource">
<kw name="Select From List By Value" library="Selenium2Library">
<arg>id:select_department</arg>
<arg>8</arg>
<doc>Selects options from selection list ``locator`` by ``values``.</doc>
<msg timestamp="20210328 22:39:11.157" level="INFO">Selecting options from selection list 'id:select_department' by value 8.</msg>
<status status="PASS" starttime="20210328 22:39:11.157" endtime="20210328 22:39:11.191"/>
</kw>
<status status="PASS" starttime="20210328 22:39:11.156" endtime="20210328 22:39:11.191"/>
</kw>
<kw name="Click Button" library="Selenium2Library">
<arg>Sign in</arg>
<doc>Clicks the button identified by ``locator``.</doc>
<msg timestamp="20210328 22:39:11.191" level="INFO">Clicking button 'Sign in'.</msg>
<status status="PASS" starttime="20210328 22:39:11.191" endtime="20210328 22:39:11.512"/>
</kw>
<kw name="Home Page Should Be Open" library="resource">
<kw name="Location Should Be" library="Selenium2Library">
<arg>${HOME URL}</arg>
<doc>Verifies that the current URL is exactly ``url``.</doc>
<msg timestamp="20210328 22:39:11.516" level="INFO">Current location is 'http://127.0.0.1:8000/home/'.</msg>
<status status="PASS" starttime="20210328 22:39:11.512" endtime="20210328 22:39:11.516"/>
</kw>
<status status="PASS" starttime="20210328 22:39:11.512" endtime="20210328 22:39:11.516"/>
</kw>
<kw name="Select User Management Menu">
<kw name="Click Link" library="Selenium2Library">
<arg>//*[@id="sidebar"]/div[2]/ul[2]/li[2]/a</arg>
<doc>Clicks a link identified by ``locator``.</doc>
<msg timestamp="20210328 22:39:11.517" level="INFO">Clicking link '//*[@id="sidebar"]/div[2]/ul[2]/li[2]/a'.</msg>
<status status="PASS" starttime="20210328 22:39:11.517" endtime="20210328 22:39:11.562"/>
</kw>
<kw name="Sleep" library="BuiltIn">
<arg>1s</arg>
<doc>Pauses the test executed for the given time.</doc>
<msg timestamp="20210328 22:39:12.564" level="INFO">Slept 1 second</msg>
<status status="PASS" starttime="20210328 22:39:11.562" endtime="20210328 22:39:12.565"/>
</kw>
<status status="PASS" starttime="20210328 22:39:11.516" endtime="20210328 22:39:12.565"/>
</kw>
<kw name="Then Select Department">
<kw name="Click Link" library="Selenium2Library">
<arg>//*[@id="usermenu"]/li[3]/a</arg>
<doc>Clicks a link identified by ``locator``.</doc>
<msg timestamp="20210328 22:39:12.567" level="INFO">Clicking link '//*[@id="usermenu"]/li[3]/a'.</msg>
<status status="PASS" starttime="20210328 22:39:12.566" endtime="20210328 22:39:12.740"/>
</kw>
<status status="PASS" starttime="20210328 22:39:12.566" endtime="20210328 22:39:12.741"/>
</kw>
<kw name="Department Management Page Should Be Open">
<kw name="Location Should Be" library="Selenium2Library">
<arg>http://127.0.0.1:8000/usermanage/department-management</arg>
<doc>Verifies that the current URL is exactly ``url``.</doc>
<msg timestamp="20210328 22:39:12.744" level="INFO">Current location is 'http://127.0.0.1:8000/usermanage/department-management'.</msg>
<status status="PASS" starttime="20210328 22:39:12.741" endtime="20210328 22:39:12.744"/>
</kw>
<status status="PASS" starttime="20210328 22:39:12.741" endtime="20210328 22:39:12.745"/>
</kw>
<kw name="Select Department Will Be Deleteted">
<kw name="Click Element" library="Selenium2Library">
<arg>xpath://*[@id="myTable"]/tbody/tr[1]/td[4]/a[2]</arg>
<doc>Click the element identified by ``locator``.</doc>
<msg timestamp="20210328 22:39:12.746" level="INFO">Clicking element 'xpath://*[@id="myTable"]/tbody/tr[1]/td[4]/a[2]'.</msg>
<status status="PASS" starttime="20210328 22:39:12.745" endtime="20210328 22:39:12.829"/>
</kw>
<status status="PASS" starttime="20210328 22:39:12.745" endtime="20210328 22:39:12.830"/>
</kw>
<kw name="Confirm Deletion">
<kw name="Wait Until Page Contains" library="Selenium2Library">
<arg>Confirmation</arg>
<doc>Waits until ``text`` appears on the current page.</doc>
<status status="PASS" starttime="20210328 22:39:12.830" endtime="20210328 22:39:12.841"/>
</kw>
<kw name="Sleep" library="BuiltIn">
<arg>1s</arg>
<doc>Pauses the test executed for the given time.</doc>
<msg timestamp="20210328 22:39:13.843" level="INFO">Slept 1 second</msg>
<status status="PASS" starttime="20210328 22:39:12.841" endtime="20210328 22:39:13.843"/>
</kw>
<kw name="Click Element" library="Selenium2Library">
<arg>xpath://*[@id="delete9"]/div/div/div[3]/button[1]</arg>
<doc>Click the element identified by ``locator``.</doc>
<msg timestamp="20210328 22:39:13.844" level="INFO">Clicking element 'xpath://*[@id="delete9"]/div/div/div[3]/button[1]'.</msg>
<status status="PASS" starttime="20210328 22:39:13.843" endtime="20210328 22:39:14.015"/>
</kw>
<kw name="Page Should Not Contain" library="Selenium2Library">
<arg>${TEST DATA}</arg>
<doc>Verifies the current page does not contain ``text``.</doc>
<msg timestamp="20210328 22:39:14.040" level="INFO">Current page does not contain text 'test'.</msg>
<status status="PASS" starttime="20210328 22:39:14.015" endtime="20210328 22:39:14.041"/>
</kw>
<status status="PASS" starttime="20210328 22:39:12.830" endtime="20210328 22:39:14.041"/>
</kw>
<status status="PASS" starttime="20210328 22:39:08.235" endtime="20210328 22:39:14.042"/>
</test>
<kw name="Close Browser" library="Selenium2Library" type="TEARDOWN">
<doc>Closes the current browser.</doc>
<status status="PASS" starttime="20210328 22:39:14.044" endtime="20210328 22:39:14.130"/>
</kw>
<doc>A test suite for deleting department.</doc>
<status status="PASS" starttime="20210328 22:39:07.970" endtime="20210328 22:39:14.130"/>
</suite>
<statistics>
<total>
<stat pass="1" fail="0" skip="0">All Tests</stat>
</total>
<tag>
</tag>
<suite>
<stat pass="1" fail="0" skip="0" id="s1" name="Delete Department">Delete Department</stat>
</suite>
</statistics>
<errors>
</errors>
</robot>
