<?xml version="1.0" encoding="UTF-8"?>
<robot generator="Robot 4.0 (Python 3.9.2 on darwin)" generated="20210325 15:23:48.379" rpa="false" schemaversion="2">
<suite id="s1" name="Delete Line" source="/Users/MS/Project/MachineDB/Tests/delete_line.robot">
<test id="s1-t1" name="Admin Deletes Production Line">
<kw name="Open Browser To Signin Page" library="resource">
<kw name="Open Browser" library="Selenium2Library">
<arg>${SIGNIN URL}</arg>
<arg>${BROWSER}</arg>
<doc>Opens a new browser instance to the optional ``url``.</doc>
<msg timestamp="20210325 15:23:48.642" level="INFO">Opening browser 'Chrome' to base url 'http://127.0.0.1:8000/'.</msg>
<status status="PASS" starttime="20210325 15:23:48.641" endtime="20210325 15:23:51.512"/>
</kw>
<kw name="Maximize Browser Window" library="Selenium2Library">
<doc>Maximizes current browser window.</doc>
<status status="PASS" starttime="20210325 15:23:51.512" endtime="20210325 15:23:51.636"/>
</kw>
<kw name="Set Selenium Speed" library="Selenium2Library">
<arg>${DELAY}</arg>
<doc>Sets the delay that is waited after each Selenium command.</doc>
<status status="PASS" starttime="20210325 15:23:51.636" endtime="20210325 15:23:51.636"/>
</kw>
<status status="PASS" starttime="20210325 15:23:48.641" endtime="20210325 15:23:51.637"/>
</kw>
<kw name="Input Username" library="resource">
<arg>system</arg>
<kw name="Input Text" library="Selenium2Library">
<arg>inputUser</arg>
<arg>${username}</arg>
<doc>Types the given ``text`` into the text field identified by ``locator``.</doc>
<msg timestamp="20210325 15:23:51.638" level="INFO">Typing text 'system' into text field 'inputUser'.</msg>
<status status="PASS" starttime="20210325 15:23:51.638" endtime="20210325 15:23:51.782"/>
</kw>
<status status="PASS" starttime="20210325 15:23:51.637" endtime="20210325 15:23:51.783"/>
</kw>
<kw name="Input Password" library="resource">
<arg>admin</arg>
<kw name="Input Text" library="Selenium2Library">
<arg>inputPassword</arg>
<arg>${password}</arg>
<doc>Types the given ``text`` into the text field identified by ``locator``.</doc>
<msg timestamp="20210325 15:23:51.784" level="INFO">Typing text 'admin' into text field 'inputPassword'.</msg>
<status status="PASS" starttime="20210325 15:23:51.783" endtime="20210325 15:23:51.846"/>
</kw>
<status status="PASS" starttime="20210325 15:23:51.783" endtime="20210325 15:23:51.846"/>
</kw>
<kw name="Submit Credentials" library="resource">
<kw name="Click Button" library="Selenium2Library">
<arg>signin</arg>
<doc>Clicks the button identified by ``locator``.</doc>
<msg timestamp="20210325 15:23:51.847" level="INFO">Clicking button 'signin'.</msg>
<status status="PASS" starttime="20210325 15:23:51.847" endtime="20210325 15:23:51.966"/>
</kw>
<status status="PASS" starttime="20210325 15:23:51.846" endtime="20210325 15:23:51.966"/>
</kw>
<kw name="Then Select-Department Should Be Open" library="resource">
<kw name="Location Should Be" library="Selenium2Library">
<arg>${SELECTDEPARTMENT URL}</arg>
<doc>Verifies that the current URL is exactly ``url``.</doc>
<msg timestamp="20210325 15:23:51.971" level="INFO">Current location is 'http://127.0.0.1:8000/sign-in/department/'.</msg>
<status status="PASS" starttime="20210325 15:23:51.967" endtime="20210325 15:23:51.971"/>
</kw>
<status status="PASS" starttime="20210325 15:23:51.967" endtime="20210325 15:23:51.971"/>
</kw>
<kw name="Select Admin Department" library="resource">
<kw name="Select From List By Value" library="Selenium2Library">
<arg>id:select_department</arg>
<arg>8</arg>
<doc>Selects options from selection list ``locator`` by ``values``.</doc>
<msg timestamp="20210325 15:23:51.973" level="INFO">Selecting options from selection list 'id:select_department' by value 8.</msg>
<status status="PASS" starttime="20210325 15:23:51.972" endtime="20210325 15:23:52.004"/>
</kw>
<status status="PASS" starttime="20210325 15:23:51.972" endtime="20210325 15:23:52.004"/>
</kw>
<kw name="Click Button" library="Selenium2Library">
<arg>Sign in</arg>
<doc>Clicks the button identified by ``locator``.</doc>
<msg timestamp="20210325 15:23:52.005" level="INFO">Clicking button 'Sign in'.</msg>
<status status="PASS" starttime="20210325 15:23:52.004" endtime="20210325 15:23:52.368"/>
</kw>
<kw name="Home Page Should Be Open" library="resource">
<kw name="Location Should Be" library="Selenium2Library">
<arg>${HOME URL}</arg>
<doc>Verifies that the current URL is exactly ``url``.</doc>
<msg timestamp="20210325 15:23:52.372" level="INFO">Current location is 'http://127.0.0.1:8000/home/'.</msg>
<status status="PASS" starttime="20210325 15:23:52.369" endtime="20210325 15:23:52.373"/>
</kw>
<status status="PASS" starttime="20210325 15:23:52.369" endtime="20210325 15:23:52.373"/>
</kw>
<kw name="Select Organization Management Menu">
<kw name="Click Link" library="Selenium2Library">
<arg>//*[@id="sidebar"]/div[2]/ul[2]/li[3]/a</arg>
<doc>Clicks a link identified by ``locator``.</doc>
<msg timestamp="20210325 15:23:52.373" level="INFO">Clicking link '//*[@id="sidebar"]/div[2]/ul[2]/li[3]/a'.</msg>
<status status="PASS" starttime="20210325 15:23:52.373" endtime="20210325 15:23:52.426"/>
</kw>
<kw name="Sleep" library="BuiltIn">
<arg>1s</arg>
<doc>Pauses the test executed for the given time.</doc>
<msg timestamp="20210325 15:23:53.428" level="INFO">Slept 1 second</msg>
<status status="PASS" starttime="20210325 15:23:52.426" endtime="20210325 15:23:53.428"/>
</kw>
<status status="PASS" starttime="20210325 15:23:52.373" endtime="20210325 15:23:53.429"/>
</kw>
<kw name="Then Select Production Line">
<kw name="Click Link" library="Selenium2Library">
<arg>//*[@id="organizationmenu"]/li[2]/a</arg>
<doc>Clicks a link identified by ``locator``.</doc>
<msg timestamp="20210325 15:23:53.431" level="INFO">Clicking link '//*[@id="organizationmenu"]/li[2]/a'.</msg>
<status status="PASS" starttime="20210325 15:23:53.430" endtime="20210325 15:23:53.636"/>
</kw>
<status status="PASS" starttime="20210325 15:23:53.429" endtime="20210325 15:23:53.636"/>
</kw>
<kw name="Production Line Management Page Should Be Open">
<kw name="Location Should Be" library="Selenium2Library">
<arg>http://127.0.0.1:8000/organizemanage/production-line-management</arg>
<doc>Verifies that the current URL is exactly ``url``.</doc>
<msg timestamp="20210325 15:23:53.642" level="INFO">Current location is 'http://127.0.0.1:8000/organizemanage/production-line-management'.</msg>
<status status="PASS" starttime="20210325 15:23:53.637" endtime="20210325 15:23:53.643"/>
</kw>
<status status="PASS" starttime="20210325 15:23:53.636" endtime="20210325 15:23:53.643"/>
</kw>
<kw name="Select Production Line Will Be Deleteted">
<kw name="Click Element" library="Selenium2Library">
<arg>xpath://*[@id="myTable"]/tbody/tr[4]/td[6]/a[2]</arg>
<doc>Click the element identified by ``locator``.</doc>
<msg timestamp="20210325 15:23:53.644" level="INFO">Clicking element 'xpath://*[@id="myTable"]/tbody/tr[4]/td[6]/a[2]'.</msg>
<status status="PASS" starttime="20210325 15:23:53.644" endtime="20210325 15:23:53.744"/>
</kw>
<status status="PASS" starttime="20210325 15:23:53.643" endtime="20210325 15:23:53.745"/>
</kw>
<kw name="Confirm Deletion">
<kw name="Wait Until Page Contains" library="Selenium2Library">
<arg>Confirmation</arg>
<doc>Waits until ``text`` appears on the current page.</doc>
<status status="PASS" starttime="20210325 15:23:53.745" endtime="20210325 15:23:53.756"/>
</kw>
<kw name="Sleep" library="BuiltIn">
<arg>1s</arg>
<doc>Pauses the test executed for the given time.</doc>
<msg timestamp="20210325 15:23:54.757" level="INFO">Slept 1 second</msg>
<status status="PASS" starttime="20210325 15:23:53.756" endtime="20210325 15:23:54.758"/>
</kw>
<kw name="Click Element" library="Selenium2Library">
<arg>xpath://*[@id="delete5"]/div/div/div[3]/button[1]</arg>
<doc>Click the element identified by ``locator``.</doc>
<msg timestamp="20210325 15:23:54.759" level="INFO">Clicking element 'xpath://*[@id="delete5"]/div/div/div[3]/button[1]'.</msg>
<status status="PASS" starttime="20210325 15:23:54.758" endtime="20210325 15:23:54.933"/>
</kw>
<kw name="Get Text" library="Selenium2Library">
<arg>class:alert-success</arg>
<doc>Returns the text value of the element identified by ``locator``.</doc>
<status status="PASS" starttime="20210325 15:23:54.934" endtime="20210325 15:23:54.956"/>
</kw>
<status status="PASS" starttime="20210325 15:23:53.745" endtime="20210325 15:23:54.956"/>
</kw>
<status status="PASS" starttime="20210325 15:23:48.640" endtime="20210325 15:23:54.956"/>
</test>
<kw name="Close Browser" library="Selenium2Library" type="TEARDOWN">
<doc>Closes the current browser.</doc>
<status status="PASS" starttime="20210325 15:23:54.958" endtime="20210325 15:23:55.052"/>
</kw>
<doc>A test suite for deleting production line.</doc>
<status status="PASS" starttime="20210325 15:23:48.381" endtime="20210325 15:23:55.052"/>
</suite>
<statistics>
<total>
<stat pass="1" fail="0" skip="0">All Tests</stat>
</total>
<tag>
</tag>
<suite>
<stat pass="1" fail="0" skip="0" id="s1" name="Delete Line">Delete Line</stat>
</suite>
</statistics>
<errors>
</errors>
</robot>
