<?xml version="1.0" encoding="UTF-8"?>
<robot generator="Robot 4.0 (Python 3.9.2 on darwin)" generated="20210324 23:10:59.997" rpa="false" schemaversion="2">
<suite id="s1" name="Edit Product" source="/Users/MS/Project/MachineDB/Tests/edit_product.robot">
<test id="s1-t1" name="Admin Edits Product">
<kw name="Open Browser To Signin Page" library="resource">
<kw name="Open Browser" library="Selenium2Library">
<arg>${SIGNIN URL}</arg>
<arg>${BROWSER}</arg>
<doc>Opens a new browser instance to the optional ``url``.</doc>
<msg timestamp="20210324 23:11:00.200" level="INFO">Opening browser 'Chrome' to base url 'http://127.0.0.1:8000/'.</msg>
<status status="PASS" starttime="20210324 23:11:00.200" endtime="20210324 23:11:02.838"/>
</kw>
<kw name="Maximize Browser Window" library="Selenium2Library">
<doc>Maximizes current browser window.</doc>
<status status="PASS" starttime="20210324 23:11:02.839" endtime="20210324 23:11:02.981"/>
</kw>
<kw name="Set Selenium Speed" library="Selenium2Library">
<arg>${DELAY}</arg>
<doc>Sets the delay that is waited after each Selenium command.</doc>
<status status="PASS" starttime="20210324 23:11:02.982" endtime="20210324 23:11:02.982"/>
</kw>
<status status="PASS" starttime="20210324 23:11:00.199" endtime="20210324 23:11:02.982"/>
</kw>
<kw name="Input Username" library="resource">
<arg>system</arg>
<kw name="Input Text" library="Selenium2Library">
<arg>inputUser</arg>
<arg>${username}</arg>
<doc>Types the given ``text`` into the text field identified by ``locator``.</doc>
<msg timestamp="20210324 23:11:02.984" level="INFO">Typing text 'system' into text field 'inputUser'.</msg>
<status status="PASS" starttime="20210324 23:11:02.983" endtime="20210324 23:11:03.185"/>
</kw>
<status status="PASS" starttime="20210324 23:11:02.983" endtime="20210324 23:11:03.185"/>
</kw>
<kw name="Input Password" library="resource">
<arg>admin</arg>
<kw name="Input Text" library="Selenium2Library">
<arg>inputPassword</arg>
<arg>${password}</arg>
<doc>Types the given ``text`` into the text field identified by ``locator``.</doc>
<msg timestamp="20210324 23:11:03.187" level="INFO">Typing text 'admin' into text field 'inputPassword'.</msg>
<status status="PASS" starttime="20210324 23:11:03.186" endtime="20210324 23:11:03.246"/>
</kw>
<status status="PASS" starttime="20210324 23:11:03.186" endtime="20210324 23:11:03.246"/>
</kw>
<kw name="Submit Credentials" library="resource">
<kw name="Click Button" library="Selenium2Library">
<arg>signin</arg>
<doc>Clicks the button identified by ``locator``.</doc>
<msg timestamp="20210324 23:11:03.247" level="INFO">Clicking button 'signin'.</msg>
<status status="PASS" starttime="20210324 23:11:03.247" endtime="20210324 23:11:03.363"/>
</kw>
<status status="PASS" starttime="20210324 23:11:03.247" endtime="20210324 23:11:03.363"/>
</kw>
<kw name="Then Select-Department Should Be Open" library="resource">
<kw name="Location Should Be" library="Selenium2Library">
<arg>${SELECTDEPARTMENT URL}</arg>
<doc>Verifies that the current URL is exactly ``url``.</doc>
<msg timestamp="20210324 23:11:03.367" level="INFO">Current location is 'http://127.0.0.1:8000/sign-in/department/'.</msg>
<status status="PASS" starttime="20210324 23:11:03.363" endtime="20210324 23:11:03.367"/>
</kw>
<status status="PASS" starttime="20210324 23:11:03.363" endtime="20210324 23:11:03.367"/>
</kw>
<kw name="Select Admin Department" library="resource">
<kw name="Select From List By Value" library="Selenium2Library">
<arg>id:select_department</arg>
<arg>8</arg>
<doc>Selects options from selection list ``locator`` by ``values``.</doc>
<msg timestamp="20210324 23:11:03.368" level="INFO">Selecting options from selection list 'id:select_department' by value 8.</msg>
<status status="PASS" starttime="20210324 23:11:03.367" endtime="20210324 23:11:03.399"/>
</kw>
<status status="PASS" starttime="20210324 23:11:03.367" endtime="20210324 23:11:03.399"/>
</kw>
<kw name="Click Button" library="Selenium2Library">
<arg>Sign in</arg>
<doc>Clicks the button identified by ``locator``.</doc>
<msg timestamp="20210324 23:11:03.400" level="INFO">Clicking button 'Sign in'.</msg>
<status status="PASS" starttime="20210324 23:11:03.399" endtime="20210324 23:11:03.747"/>
</kw>
<kw name="Home Page Should Be Open" library="resource">
<kw name="Location Should Be" library="Selenium2Library">
<arg>${HOME URL}</arg>
<doc>Verifies that the current URL is exactly ``url``.</doc>
<msg timestamp="20210324 23:11:03.751" level="INFO">Current location is 'http://127.0.0.1:8000/home/'.</msg>
<status status="PASS" starttime="20210324 23:11:03.748" endtime="20210324 23:11:03.751"/>
</kw>
<status status="PASS" starttime="20210324 23:11:03.747" endtime="20210324 23:11:03.751"/>
</kw>
<kw name="Select Organization Management Menu">
<kw name="Click Link" library="Selenium2Library">
<arg>//*[@id="sidebar"]/div[2]/ul[2]/li[3]/a</arg>
<doc>Clicks a link identified by ``locator``.</doc>
<msg timestamp="20210324 23:11:03.752" level="INFO">Clicking link '//*[@id="sidebar"]/div[2]/ul[2]/li[3]/a'.</msg>
<status status="PASS" starttime="20210324 23:11:03.752" endtime="20210324 23:11:03.827"/>
</kw>
<kw name="Sleep" library="BuiltIn">
<arg>1s</arg>
<doc>Pauses the test executed for the given time.</doc>
<msg timestamp="20210324 23:11:04.830" level="INFO">Slept 1 second</msg>
<status status="PASS" starttime="20210324 23:11:03.827" endtime="20210324 23:11:04.830"/>
</kw>
<status status="PASS" starttime="20210324 23:11:03.751" endtime="20210324 23:11:04.831"/>
</kw>
<kw name="Then Select Product">
<kw name="Click Link" library="Selenium2Library">
<arg>//*[@id="organizationmenu"]/li[5]/a</arg>
<doc>Clicks a link identified by ``locator``.</doc>
<msg timestamp="20210324 23:11:04.833" level="INFO">Clicking link '//*[@id="organizationmenu"]/li[5]/a'.</msg>
<status status="PASS" starttime="20210324 23:11:04.832" endtime="20210324 23:11:05.032"/>
</kw>
<status status="PASS" starttime="20210324 23:11:04.831" endtime="20210324 23:11:05.032"/>
</kw>
<kw name="Product Management Page Should Be Open">
<kw name="Location Should Be" library="Selenium2Library">
<arg>http://127.0.0.1:8000/organizemanage/product-management</arg>
<doc>Verifies that the current URL is exactly ``url``.</doc>
<msg timestamp="20210324 23:11:05.036" level="INFO">Current location is 'http://127.0.0.1:8000/organizemanage/product-management'.</msg>
<status status="PASS" starttime="20210324 23:11:05.033" endtime="20210324 23:11:05.036"/>
</kw>
<status status="PASS" starttime="20210324 23:11:05.032" endtime="20210324 23:11:05.037"/>
</kw>
<kw name="Select Product Will Be Edited">
<kw name="Click Element" library="Selenium2Library">
<arg>xpath://*[@id="myTable"]/tbody/tr[2]/td[7]/a[1]</arg>
<doc>Click the element identified by ``locator``.</doc>
<msg timestamp="20210324 23:11:05.037" level="INFO">Clicking element 'xpath://*[@id="myTable"]/tbody/tr[2]/td[7]/a[1]'.</msg>
<status status="PASS" starttime="20210324 23:11:05.037" endtime="20210324 23:11:05.141"/>
</kw>
<status status="PASS" starttime="20210324 23:11:05.037" endtime="20210324 23:11:05.141"/>
</kw>
<kw name="Edit Data">
<kw name="Wait Until Page Contains" library="Selenium2Library">
<arg>Setting</arg>
<doc>Waits until ``text`` appears on the current page.</doc>
<status status="PASS" starttime="20210324 23:11:05.142" endtime="20210324 23:11:05.154"/>
</kw>
<kw name="Sleep" library="BuiltIn">
<arg>1s</arg>
<doc>Pauses the test executed for the given time.</doc>
<msg timestamp="20210324 23:11:06.155" level="INFO">Slept 1 second</msg>
<status status="PASS" starttime="20210324 23:11:05.154" endtime="20210324 23:11:06.156"/>
</kw>
<kw name="Select From List By Value" library="Selenium2Library">
<arg>id:set_select_pline2</arg>
<arg>4</arg>
<doc>Selects options from selection list ``locator`` by ``values``.</doc>
<msg timestamp="20210324 23:11:06.157" level="INFO">Selecting options from selection list 'id:set_select_pline2' by value 4.</msg>
<status status="PASS" starttime="20210324 23:11:06.156" endtime="20210324 23:11:06.217"/>
</kw>
<kw name="Sleep" library="BuiltIn">
<arg>1s</arg>
<doc>Pauses the test executed for the given time.</doc>
<msg timestamp="20210324 23:11:07.219" level="INFO">Slept 1 second</msg>
<status status="PASS" starttime="20210324 23:11:06.217" endtime="20210324 23:11:07.219"/>
</kw>
<status status="PASS" starttime="20210324 23:11:05.141" endtime="20210324 23:11:07.220"/>
</kw>
<kw name="Click Element" library="Selenium2Library">
<arg>//*[@id="setting7"]/div/div/div[2]/div[6]/button[2]</arg>
<doc>Click the element identified by ``locator``.</doc>
<msg timestamp="20210324 23:11:07.221" level="INFO">Clicking element '//*[@id="setting7"]/div/div/div[2]/div[6]/button[2]'.</msg>
<status status="PASS" starttime="20210324 23:11:07.220" endtime="20210324 23:11:07.379"/>
</kw>
<kw name="Get Text" library="Selenium2Library">
<arg>class:alert-success</arg>
<doc>Returns the text value of the element identified by ``locator``.</doc>
<status status="PASS" starttime="20210324 23:11:07.379" endtime="20210324 23:11:07.397"/>
</kw>
<status status="PASS" starttime="20210324 23:11:00.198" endtime="20210324 23:11:07.397"/>
</test>
<kw name="Close Browser" library="Selenium2Library" type="TEARDOWN">
<doc>Closes the current browser.</doc>
<status status="PASS" starttime="20210324 23:11:07.398" endtime="20210324 23:11:07.479"/>
</kw>
<doc>A test suite for editing product.</doc>
<status status="PASS" starttime="20210324 23:10:59.998" endtime="20210324 23:11:07.479"/>
</suite>
<statistics>
<total>
<stat pass="1" fail="0" skip="0">All Tests</stat>
</total>
<tag>
</tag>
<suite>
<stat pass="1" fail="0" skip="0" id="s1" name="Edit Product">Edit Product</stat>
</suite>
</statistics>
<errors>
</errors>
</robot>
