<?xml version="1.0" encoding="UTF-8"?>
<robot generator="Robot 4.0 (Python 3.9.2 on darwin)" generated="20210328 15:58:20.823" rpa="false" schemaversion="2">
<suite id="s1" name="Close Maintenance Request" source="/Users/MS/Project/MachineDB/Tests/close_maintenance_request.robot">
<test id="s1-t1" name="Product01 Closes Maintenance Request">
<kw name="Open Browser To Signin Page" library="resource">
<kw name="Open Browser" library="Selenium2Library">
<arg>${SIGNIN URL}</arg>
<arg>${BROWSER}</arg>
<doc>Opens a new browser instance to the optional ``url``.</doc>
<msg timestamp="20210328 15:58:21.054" level="INFO">Opening browser 'Chrome' to base url 'http://127.0.0.1:8000/'.</msg>
<status status="PASS" starttime="20210328 15:58:21.054" endtime="20210328 15:58:23.835"/>
</kw>
<kw name="Maximize Browser Window" library="Selenium2Library">
<doc>Maximizes current browser window.</doc>
<status status="PASS" starttime="20210328 15:58:23.836" endtime="20210328 15:58:23.957"/>
</kw>
<kw name="Set Selenium Speed" library="Selenium2Library">
<arg>${DELAY}</arg>
<doc>Sets the delay that is waited after each Selenium command.</doc>
<status status="PASS" starttime="20210328 15:58:23.957" endtime="20210328 15:58:23.958"/>
</kw>
<status status="PASS" starttime="20210328 15:58:21.053" endtime="20210328 15:58:23.958"/>
</kw>
<kw name="Input Username" library="resource">
<arg>product01</arg>
<kw name="Input Text" library="Selenium2Library">
<arg>inputUser</arg>
<arg>${username}</arg>
<doc>Types the given ``text`` into the text field identified by ``locator``.</doc>
<msg timestamp="20210328 15:58:23.959" level="INFO">Typing text 'product01' into text field 'inputUser'.</msg>
<status status="PASS" starttime="20210328 15:58:23.958" endtime="20210328 15:58:24.096"/>
</kw>
<status status="PASS" starttime="20210328 15:58:23.958" endtime="20210328 15:58:24.096"/>
</kw>
<kw name="Input Password" library="resource">
<arg>product01</arg>
<kw name="Input Text" library="Selenium2Library">
<arg>inputPassword</arg>
<arg>${password}</arg>
<doc>Types the given ``text`` into the text field identified by ``locator``.</doc>
<msg timestamp="20210328 15:58:24.097" level="INFO">Typing text 'product01' into text field 'inputPassword'.</msg>
<status status="PASS" starttime="20210328 15:58:24.097" endtime="20210328 15:58:24.160"/>
</kw>
<status status="PASS" starttime="20210328 15:58:24.096" endtime="20210328 15:58:24.160"/>
</kw>
<kw name="Submit Credentials" library="resource">
<kw name="Click Button" library="Selenium2Library">
<arg>signin</arg>
<doc>Clicks the button identified by ``locator``.</doc>
<msg timestamp="20210328 15:58:24.161" level="INFO">Clicking button 'signin'.</msg>
<status status="PASS" starttime="20210328 15:58:24.160" endtime="20210328 15:58:24.276"/>
</kw>
<status status="PASS" starttime="20210328 15:58:24.160" endtime="20210328 15:58:24.276"/>
</kw>
<kw name="Then Select-Department Should Be Open" library="resource">
<kw name="Location Should Be" library="Selenium2Library">
<arg>${SELECTDEPARTMENT URL}</arg>
<doc>Verifies that the current URL is exactly ``url``.</doc>
<msg timestamp="20210328 15:58:24.282" level="INFO">Current location is 'http://127.0.0.1:8000/sign-in/department/'.</msg>
<status status="PASS" starttime="20210328 15:58:24.277" endtime="20210328 15:58:24.283"/>
</kw>
<status status="PASS" starttime="20210328 15:58:24.276" endtime="20210328 15:58:24.283"/>
</kw>
<kw name="Select Production Line 8 Department" library="resource">
<kw name="Select From List By Value" library="Selenium2Library">
<arg>id:select_department</arg>
<arg>7</arg>
<doc>Selects options from selection list ``locator`` by ``values``.</doc>
<msg timestamp="20210328 15:58:24.283" level="INFO">Selecting options from selection list 'id:select_department' by value 7.</msg>
<status status="PASS" starttime="20210328 15:58:24.283" endtime="20210328 15:58:24.313"/>
</kw>
<status status="PASS" starttime="20210328 15:58:24.283" endtime="20210328 15:58:24.313"/>
</kw>
<kw name="Click Button" library="Selenium2Library">
<arg>Sign in</arg>
<doc>Clicks the button identified by ``locator``.</doc>
<msg timestamp="20210328 15:58:24.313" level="INFO">Clicking button 'Sign in'.</msg>
<status status="PASS" starttime="20210328 15:58:24.313" endtime="20210328 15:58:24.696"/>
</kw>
<kw name="Home Page Should Be Open" library="resource">
<kw name="Location Should Be" library="Selenium2Library">
<arg>${HOME URL}</arg>
<doc>Verifies that the current URL is exactly ``url``.</doc>
<msg timestamp="20210328 15:58:24.700" level="INFO">Current location is 'http://127.0.0.1:8000/home/'.</msg>
<status status="PASS" starttime="20210328 15:58:24.696" endtime="20210328 15:58:24.700"/>
</kw>
<status status="PASS" starttime="20210328 15:58:24.696" endtime="20210328 15:58:24.700"/>
</kw>
<kw name="Select Request Maintenance Menu">
<kw name="Click Link" library="Selenium2Library">
<arg>//*[@id="sidebar"]/div[2]/ul[1]/li[2]/a</arg>
<doc>Clicks a link identified by ``locator``.</doc>
<msg timestamp="20210328 15:58:24.701" level="INFO">Clicking link '//*[@id="sidebar"]/div[2]/ul[1]/li[2]/a'.</msg>
<status status="PASS" starttime="20210328 15:58:24.701" endtime="20210328 15:58:24.742"/>
</kw>
<status status="PASS" starttime="20210328 15:58:24.700" endtime="20210328 15:58:24.742"/>
</kw>
<kw name="Then Select Request Maintenance">
<kw name="Click Link" library="Selenium2Library">
<arg>//*[@id="repair_menumenu"]/li/a</arg>
<doc>Clicks a link identified by ``locator``.</doc>
<msg timestamp="20210328 15:58:24.743" level="INFO">Clicking link '//*[@id="repair_menumenu"]/li/a'.</msg>
<status status="PASS" starttime="20210328 15:58:24.743" endtime="20210328 15:58:24.966"/>
</kw>
<status status="PASS" starttime="20210328 15:58:24.742" endtime="20210328 15:58:24.966"/>
</kw>
<kw name="Request Maintenance Page Should Be Open">
<kw name="Location Should Be" library="Selenium2Library">
<arg>http://127.0.0.1:8000/repair/inform</arg>
<doc>Verifies that the current URL is exactly ``url``.</doc>
<msg timestamp="20210328 15:58:24.970" level="INFO">Current location is 'http://127.0.0.1:8000/repair/inform'.</msg>
<status status="PASS" starttime="20210328 15:58:24.967" endtime="20210328 15:58:24.970"/>
</kw>
<status status="PASS" starttime="20210328 15:58:24.966" endtime="20210328 15:58:24.970"/>
</kw>
<kw name="Select Maintenance Request Will Be Closed">
<kw name="Click Element" library="Selenium2Library">
<arg>xpath://*[@id="myTable"]/tbody/tr[3]/td[10]/center/a[3]</arg>
<doc>Click the element identified by ``locator``.</doc>
<msg timestamp="20210328 15:58:24.970" level="INFO">Clicking element 'xpath://*[@id="myTable"]/tbody/tr[3]/td[10]/center/a[3]'.</msg>
<status status="PASS" starttime="20210328 15:58:24.970" endtime="20210328 15:58:25.049"/>
</kw>
<status status="PASS" starttime="20210328 15:58:24.970" endtime="20210328 15:58:25.049"/>
</kw>
<kw name="Close Maintenance Request">
<kw name="Wait Until Page Contains" library="Selenium2Library">
<arg>ใบแจ้งซ่อมเครื่องจักร</arg>
<doc>Waits until ``text`` appears on the current page.</doc>
<status status="PASS" starttime="20210328 15:58:25.050" endtime="20210328 15:58:25.064"/>
</kw>
<kw name="Sleep" library="BuiltIn">
<arg>1s</arg>
<doc>Pauses the test executed for the given time.</doc>
<msg timestamp="20210328 15:58:26.065" level="INFO">Slept 1 second</msg>
<status status="PASS" starttime="20210328 15:58:25.064" endtime="20210328 15:58:26.065"/>
</kw>
<kw name="Select Radio Button" library="Selenium2Library">
<arg>is_close</arg>
<arg>is_close</arg>
<doc>Sets the radio button group ``group_name`` to ``value``.</doc>
<msg timestamp="20210328 15:58:26.066" level="INFO">Selecting 'is_close' from radio button 'is_close'.</msg>
<status status="PASS" starttime="20210328 15:58:26.066" endtime="20210328 15:58:26.081"/>
</kw>
<kw name="Sleep" library="BuiltIn">
<arg>1s</arg>
<doc>Pauses the test executed for the given time.</doc>
<msg timestamp="20210328 15:58:27.083" level="INFO">Slept 1 second</msg>
<status status="PASS" starttime="20210328 15:58:26.081" endtime="20210328 15:58:27.083"/>
</kw>
<kw name="Click Element" library="Selenium2Library">
<arg>xpath=//*[@id="report3"]/div/div/div[3]/button[2]</arg>
<doc>Click the element identified by ``locator``.</doc>
<msg timestamp="20210328 15:58:27.084" level="INFO">Clicking element 'xpath=//*[@id="report3"]/div/div/div[3]/button[2]'.</msg>
<status status="PASS" starttime="20210328 15:58:27.084" endtime="20210328 15:58:27.350"/>
</kw>
<status status="PASS" starttime="20210328 15:58:25.049" endtime="20210328 15:58:27.351"/>
</kw>
<kw name="Then Maintenance Request Status Should Be Changed">
<kw name="Sleep" library="BuiltIn">
<arg>1s</arg>
<doc>Pauses the test executed for the given time.</doc>
<msg timestamp="20210328 15:58:28.353" level="INFO">Slept 1 second</msg>
<status status="PASS" starttime="20210328 15:58:27.352" endtime="20210328 15:58:28.353"/>
</kw>
<kw name="Get Text" library="Selenium2Library">
<var>${MaintenanceRequestStatus}</var>
<arg>xpath=//*[@id="myTable"]/tbody/tr[3]/td[9]</arg>
<doc>Returns the text value of the element identified by ``locator``.</doc>
<msg timestamp="20210328 15:58:28.385" level="INFO">${MaintenanceRequestStatus} = ปิดใบแจ้งซ่อม</msg>
<status status="PASS" starttime="20210328 15:58:28.354" endtime="20210328 15:58:28.385"/>
</kw>
<kw name="Log To Console" library="BuiltIn">
<arg>${MaintenanceRequestStatus}</arg>
<doc>Logs the given message to the console.</doc>
<status status="PASS" starttime="20210328 15:58:28.385" endtime="20210328 15:58:28.385"/>
</kw>
<kw name="Should Be Equal" library="BuiltIn">
<arg>${MaintenanceRequestStatus}</arg>
<arg>ปิดใบแจ้งซ่อม</arg>
<doc>Fails if the given objects are unequal.</doc>
<status status="PASS" starttime="20210328 15:58:28.386" endtime="20210328 15:58:28.386"/>
</kw>
<status status="PASS" starttime="20210328 15:58:27.351" endtime="20210328 15:58:28.386"/>
</kw>
<status status="PASS" starttime="20210328 15:58:21.052" endtime="20210328 15:58:28.386"/>
</test>
<kw name="Close Browser" library="Selenium2Library" type="TEARDOWN">
<doc>Closes the current browser.</doc>
<status status="PASS" starttime="20210328 15:58:28.388" endtime="20210328 15:58:28.493"/>
</kw>
<doc>A test suite for closing maintenance.</doc>
<status status="PASS" starttime="20210328 15:58:20.824" endtime="20210328 15:58:28.494"/>
</suite>
<statistics>
<total>
<stat pass="1" fail="0" skip="0">All Tests</stat>
</total>
<tag>
</tag>
<suite>
<stat pass="1" fail="0" skip="0" id="s1" name="Close Maintenance Request">Close Maintenance Request</stat>
</suite>
</statistics>
<errors>
</errors>
</robot>
