<?xml version="1.0" encoding="UTF-8"?>
<robot generator="Robot 4.0 (Python 3.9.2 on darwin)" generated="20210325 00:20:34.677" rpa="false" schemaversion="2">
<suite id="s1" name="Delete Line Org" source="/Users/MS/Project/MachineDB/Tests/delete_line_org.robot">
<test id="s1-t1" name="Admin Deletes Organization &amp; Production Line">
<kw name="Open Browser To Signin Page" library="resource">
<kw name="Open Browser" library="Selenium2Library">
<arg>${SIGNIN URL}</arg>
<arg>${BROWSER}</arg>
<doc>Opens a new browser instance to the optional ``url``.</doc>
<msg timestamp="20210325 00:20:34.919" level="INFO">Opening browser 'Chrome' to base url 'http://127.0.0.1:8000/'.</msg>
<status status="PASS" starttime="20210325 00:20:34.919" endtime="20210325 00:20:37.577"/>
</kw>
<kw name="Maximize Browser Window" library="Selenium2Library">
<doc>Maximizes current browser window.</doc>
<status status="PASS" starttime="20210325 00:20:37.578" endtime="20210325 00:20:37.705"/>
</kw>
<kw name="Set Selenium Speed" library="Selenium2Library">
<arg>${DELAY}</arg>
<doc>Sets the delay that is waited after each Selenium command.</doc>
<status status="PASS" starttime="20210325 00:20:37.705" endtime="20210325 00:20:37.706"/>
</kw>
<status status="PASS" starttime="20210325 00:20:34.918" endtime="20210325 00:20:37.706"/>
</kw>
<kw name="Input Username" library="resource">
<arg>system</arg>
<kw name="Input Text" library="Selenium2Library">
<arg>inputUser</arg>
<arg>${username}</arg>
<doc>Types the given ``text`` into the text field identified by ``locator``.</doc>
<msg timestamp="20210325 00:20:37.707" level="INFO">Typing text 'system' into text field 'inputUser'.</msg>
<status status="PASS" starttime="20210325 00:20:37.707" endtime="20210325 00:20:37.860"/>
</kw>
<status status="PASS" starttime="20210325 00:20:37.706" endtime="20210325 00:20:37.860"/>
</kw>
<kw name="Input Password" library="resource">
<arg>admin</arg>
<kw name="Input Text" library="Selenium2Library">
<arg>inputPassword</arg>
<arg>${password}</arg>
<doc>Types the given ``text`` into the text field identified by ``locator``.</doc>
<msg timestamp="20210325 00:20:37.861" level="INFO">Typing text 'admin' into text field 'inputPassword'.</msg>
<status status="PASS" starttime="20210325 00:20:37.861" endtime="20210325 00:20:37.926"/>
</kw>
<status status="PASS" starttime="20210325 00:20:37.860" endtime="20210325 00:20:37.926"/>
</kw>
<kw name="Submit Credentials" library="resource">
<kw name="Click Button" library="Selenium2Library">
<arg>signin</arg>
<doc>Clicks the button identified by ``locator``.</doc>
<msg timestamp="20210325 00:20:37.927" level="INFO">Clicking button 'signin'.</msg>
<status status="PASS" starttime="20210325 00:20:37.927" endtime="20210325 00:20:38.091"/>
</kw>
<status status="PASS" starttime="20210325 00:20:37.926" endtime="20210325 00:20:38.092"/>
</kw>
<kw name="Then Select-Department Should Be Open" library="resource">
<kw name="Location Should Be" library="Selenium2Library">
<arg>${SELECTDEPARTMENT URL}</arg>
<doc>Verifies that the current URL is exactly ``url``.</doc>
<msg timestamp="20210325 00:20:38.098" level="INFO">Current location is 'http://127.0.0.1:8000/sign-in/department/'.</msg>
<status status="PASS" starttime="20210325 00:20:38.092" endtime="20210325 00:20:38.098"/>
</kw>
<status status="PASS" starttime="20210325 00:20:38.092" endtime="20210325 00:20:38.098"/>
</kw>
<kw name="Select Admin Department" library="resource">
<kw name="Select From List By Value" library="Selenium2Library">
<arg>id:select_department</arg>
<arg>8</arg>
<doc>Selects options from selection list ``locator`` by ``values``.</doc>
<msg timestamp="20210325 00:20:38.099" level="INFO">Selecting options from selection list 'id:select_department' by value 8.</msg>
<status status="PASS" starttime="20210325 00:20:38.099" endtime="20210325 00:20:38.142"/>
</kw>
<status status="PASS" starttime="20210325 00:20:38.098" endtime="20210325 00:20:38.142"/>
</kw>
<kw name="Click Button" library="Selenium2Library">
<arg>Sign in</arg>
<doc>Clicks the button identified by ``locator``.</doc>
<msg timestamp="20210325 00:20:38.142" level="INFO">Clicking button 'Sign in'.</msg>
<status status="PASS" starttime="20210325 00:20:38.142" endtime="20210325 00:20:38.617"/>
</kw>
<kw name="Home Page Should Be Open" library="resource">
<kw name="Location Should Be" library="Selenium2Library">
<arg>${HOME URL}</arg>
<doc>Verifies that the current URL is exactly ``url``.</doc>
<msg timestamp="20210325 00:20:38.624" level="INFO">Current location is 'http://127.0.0.1:8000/home/'.</msg>
<status status="PASS" starttime="20210325 00:20:38.618" endtime="20210325 00:20:38.624"/>
</kw>
<status status="PASS" starttime="20210325 00:20:38.618" endtime="20210325 00:20:38.624"/>
</kw>
<kw name="Select Organization Management Menu">
<kw name="Click Link" library="Selenium2Library">
<arg>//*[@id="sidebar"]/div[2]/ul[2]/li[3]/a</arg>
<doc>Clicks a link identified by ``locator``.</doc>
<msg timestamp="20210325 00:20:38.625" level="INFO">Clicking link '//*[@id="sidebar"]/div[2]/ul[2]/li[3]/a'.</msg>
<status status="PASS" starttime="20210325 00:20:38.625" endtime="20210325 00:20:38.686"/>
</kw>
<kw name="Sleep" library="BuiltIn">
<arg>1s</arg>
<doc>Pauses the test executed for the given time.</doc>
<msg timestamp="20210325 00:20:39.688" level="INFO">Slept 1 second</msg>
<status status="PASS" starttime="20210325 00:20:38.686" endtime="20210325 00:20:39.688"/>
</kw>
<status status="PASS" starttime="20210325 00:20:38.624" endtime="20210325 00:20:39.688"/>
</kw>
<kw name="Then Select Organization &amp; Production Line">
<kw name="Click Link" library="Selenium2Library">
<arg>//*[@id="organizationmenu"]/li[4]/a</arg>
<doc>Clicks a link identified by ``locator``.</doc>
<msg timestamp="20210325 00:20:39.690" level="INFO">Clicking link '//*[@id="organizationmenu"]/li[4]/a'.</msg>
<status status="PASS" starttime="20210325 00:20:39.690" endtime="20210325 00:20:40.013"/>
</kw>
<status status="PASS" starttime="20210325 00:20:39.689" endtime="20210325 00:20:40.014"/>
</kw>
<kw name="Organization &amp; Production Line Management Page Should Be Open">
<kw name="Location Should Be" library="Selenium2Library">
<arg>http://127.0.0.1:8000/organizemanage/organize-production-line</arg>
<doc>Verifies that the current URL is exactly ``url``.</doc>
<msg timestamp="20210325 00:20:40.018" level="INFO">Current location is 'http://127.0.0.1:8000/organizemanage/organize-production-line'.</msg>
<status status="PASS" starttime="20210325 00:20:40.014" endtime="20210325 00:20:40.018"/>
</kw>
<status status="PASS" starttime="20210325 00:20:40.014" endtime="20210325 00:20:40.018"/>
</kw>
<kw name="Select Organization Wants To Remove Production Line">
<kw name="Click Element" library="Selenium2Library">
<arg>//*[@id="myTable"]/tbody/tr[13]/td[4]/a[2]</arg>
<doc>Click the element identified by ``locator``.</doc>
<msg timestamp="20210325 00:20:40.019" level="INFO">Clicking element '//*[@id="myTable"]/tbody/tr[13]/td[4]/a[2]'.</msg>
<status status="PASS" starttime="20210325 00:20:40.019" endtime="20210325 00:20:40.104"/>
</kw>
<status status="PASS" starttime="20210325 00:20:40.019" endtime="20210325 00:20:40.104"/>
</kw>
<kw name="Confirm Deletion">
<kw name="Wait Until Page Contains" library="Selenium2Library">
<arg>Confirmation</arg>
<doc>Waits until ``text`` appears on the current page.</doc>
<status status="PASS" starttime="20210325 00:20:40.105" endtime="20210325 00:20:40.119"/>
</kw>
<kw name="Sleep" library="BuiltIn">
<arg>1s</arg>
<doc>Pauses the test executed for the given time.</doc>
<msg timestamp="20210325 00:20:41.120" level="INFO">Slept 1 second</msg>
<status status="PASS" starttime="20210325 00:20:40.119" endtime="20210325 00:20:41.120"/>
</kw>
<kw name="Click Element" library="Selenium2Library">
<arg>xpath://*[@id="delete5"]/div/div/div[3]/button[1]</arg>
<doc>Click the element identified by ``locator``.</doc>
<msg timestamp="20210325 00:20:41.121" level="INFO">Clicking element 'xpath://*[@id="delete5"]/div/div/div[3]/button[1]'.</msg>
<status status="PASS" starttime="20210325 00:20:41.121" endtime="20210325 00:20:41.399"/>
</kw>
<kw name="Get Text" library="Selenium2Library">
<arg>class:alert-success</arg>
<doc>Returns the text value of the element identified by ``locator``.</doc>
<status status="PASS" starttime="20210325 00:20:41.399" endtime="20210325 00:20:41.422"/>
</kw>
<status status="PASS" starttime="20210325 00:20:40.104" endtime="20210325 00:20:41.423"/>
</kw>
<status status="PASS" starttime="20210325 00:20:34.917" endtime="20210325 00:20:41.423"/>
</test>
<kw name="Close Browser" library="Selenium2Library" type="TEARDOWN">
<doc>Closes the current browser.</doc>
<status status="PASS" starttime="20210325 00:20:41.426" endtime="20210325 00:20:41.525"/>
</kw>
<doc>A test suite for deleting organization &amp; production line.</doc>
<status status="PASS" starttime="20210325 00:20:34.679" endtime="20210325 00:20:41.525"/>
</suite>
<statistics>
<total>
<stat pass="1" fail="0" skip="0">All Tests</stat>
</total>
<tag>
</tag>
<suite>
<stat pass="1" fail="0" skip="0" id="s1" name="Delete Line Org">Delete Line Org</stat>
</suite>
</statistics>
<errors>
</errors>
</robot>
