<?xml version="1.0" encoding="UTF-8"?>
<robot generator="Robot 4.0 (Python 3.9.2 on darwin)" generated="20210321 16:25:21.887" rpa="false" schemaversion="2">
<suite id="s1" name="Test" source="/Users/MS/Project/test-RobotFramework/test.robot">
<test id="s1-t1" name="Search">
<kw name="go google">
<kw name="Open Browser" library="Selenium2Library">
<arg>${GOOGLE URL}</arg>
<arg>${BROWSER}</arg>
<doc>Opens a new browser instance to the optional ``url``.</doc>
<msg timestamp="20210321 16:25:22.107" level="INFO">Opening browser 'Chrome' to base url 'http://www.google.com'.</msg>
<status status="PASS" starttime="20210321 16:25:22.106" endtime="20210321 16:25:26.137"/>
</kw>
<status status="PASS" starttime="20210321 16:25:22.106" endtime="20210321 16:25:26.137"/>
</kw>
<kw name="search Hello World">
<kw name="Input Text" library="Selenium2Library">
<arg>name=q</arg>
<arg>${keywords_search}</arg>
<doc>Types the given ``text`` into the text field identified by ``locator``.</doc>
<msg timestamp="20210321 16:25:26.139" level="INFO">Typing text 'Hello World' into text field 'name=q'.</msg>
<status status="PASS" starttime="20210321 16:25:26.138" endtime="20210321 16:25:26.247"/>
</kw>
<kw name="Submit Form" library="Selenium2Library">
<doc>Submits a form identified by ``locator``.</doc>
<msg timestamp="20210321 16:25:26.247" level="INFO">Submitting form 'None'.</msg>
<status status="PASS" starttime="20210321 16:25:26.247" endtime="20210321 16:25:28.183"/>
</kw>
<status status="PASS" starttime="20210321 16:25:26.138" endtime="20210321 16:25:28.184"/>
</kw>
<kw name="result">
<kw name="Wait Until Page Contains" library="Selenium2Library">
<arg>${expected_result}</arg>
<doc>Waits until ``text`` appears on the current page.</doc>
<status status="PASS" starttime="20210321 16:25:28.185" endtime="20210321 16:25:28.205"/>
</kw>
<status status="PASS" starttime="20210321 16:25:28.184" endtime="20210321 16:25:28.205"/>
</kw>
<status status="PASS" starttime="20210321 16:25:22.105" endtime="20210321 16:25:28.206"/>
</test>
<test id="s1-t2" name="Test Teardown">
<kw name="Close Browser" library="Selenium2Library">
<doc>Closes the current browser.</doc>
<status status="PASS" starttime="20210321 16:25:28.214" endtime="20210321 16:25:28.299"/>
</kw>
<status status="PASS" starttime="20210321 16:25:28.207" endtime="20210321 16:25:28.300"/>
</test>
<status status="PASS" starttime="20210321 16:25:21.889" endtime="20210321 16:25:28.302"/>
</suite>
<statistics>
<total>
<stat pass="2" fail="0" skip="0">All Tests</stat>
</total>
<tag>
</tag>
<suite>
<stat pass="2" fail="0" skip="0" id="s1" name="Test">Test</stat>
</suite>
</statistics>
<errors>
</errors>
</robot>
