<?xml version="1.0" encoding="UTF-8"?>
<robot generator="Robot 4.0 (Python 3.9.2 on darwin)" generated="20210329 00:46:25.689" rpa="false" schemaversion="2">
<suite id="s1" name="Add New Screen" source="/Users/MS/Project/MachineDB/Tests/add_new_screen.robot">
<test id="s1-t1" name="Admin Adds New Screen">
<kw name="Open Browser To Signin Page" library="resource">
<kw name="Open Browser" library="Selenium2Library">
<arg>${SIGNIN URL}</arg>
<arg>${BROWSER}</arg>
<doc>Opens a new browser instance to the optional ``url``.</doc>
<msg timestamp="20210329 00:46:25.907" level="INFO">Opening browser 'Chrome' to base url 'http://127.0.0.1:8000/'.</msg>
<status status="PASS" starttime="20210329 00:46:25.906" endtime="20210329 00:46:28.465"/>
</kw>
<kw name="Maximize Browser Window" library="Selenium2Library">
<doc>Maximizes current browser window.</doc>
<status status="PASS" starttime="20210329 00:46:28.466" endtime="20210329 00:46:28.710"/>
</kw>
<kw name="Set Selenium Speed" library="Selenium2Library">
<arg>${DELAY}</arg>
<doc>Sets the delay that is waited after each Selenium command.</doc>
<status status="PASS" starttime="20210329 00:46:28.710" endtime="20210329 00:46:28.711"/>
</kw>
<status status="PASS" starttime="20210329 00:46:25.906" endtime="20210329 00:46:28.711"/>
</kw>
<kw name="Input Username" library="resource">
<arg>system</arg>
<kw name="Input Text" library="Selenium2Library">
<arg>inputUser</arg>
<arg>${username}</arg>
<doc>Types the given ``text`` into the text field identified by ``locator``.</doc>
<msg timestamp="20210329 00:46:28.713" level="INFO">Typing text 'system' into text field 'inputUser'.</msg>
<status status="PASS" starttime="20210329 00:46:28.712" endtime="20210329 00:46:28.934"/>
</kw>
<status status="PASS" starttime="20210329 00:46:28.711" endtime="20210329 00:46:28.934"/>
</kw>
<kw name="Input Password" library="resource">
<arg>admin</arg>
<kw name="Input Text" library="Selenium2Library">
<arg>inputPassword</arg>
<arg>${password}</arg>
<doc>Types the given ``text`` into the text field identified by ``locator``.</doc>
<msg timestamp="20210329 00:46:28.935" level="INFO">Typing text 'admin' into text field 'inputPassword'.</msg>
<status status="PASS" starttime="20210329 00:46:28.934" endtime="20210329 00:46:28.997"/>
</kw>
<status status="PASS" starttime="20210329 00:46:28.934" endtime="20210329 00:46:28.998"/>
</kw>
<kw name="Submit Credentials" library="resource">
<kw name="Click Button" library="Selenium2Library">
<arg>signin</arg>
<doc>Clicks the button identified by ``locator``.</doc>
<msg timestamp="20210329 00:46:28.998" level="INFO">Clicking button 'signin'.</msg>
<status status="PASS" starttime="20210329 00:46:28.998" endtime="20210329 00:46:29.139"/>
</kw>
<status status="PASS" starttime="20210329 00:46:28.998" endtime="20210329 00:46:29.139"/>
</kw>
<kw name="Then Select-Department Should Be Open" library="resource">
<kw name="Location Should Be" library="Selenium2Library">
<arg>${SELECTDEPARTMENT URL}</arg>
<doc>Verifies that the current URL is exactly ``url``.</doc>
<msg timestamp="20210329 00:46:29.147" level="INFO">Current location is 'http://127.0.0.1:8000/sign-in/department/'.</msg>
<status status="PASS" starttime="20210329 00:46:29.140" endtime="20210329 00:46:29.147"/>
</kw>
<status status="PASS" starttime="20210329 00:46:29.139" endtime="20210329 00:46:29.147"/>
</kw>
<kw name="Select Admin Department" library="resource">
<kw name="Select From List By Value" library="Selenium2Library">
<arg>id:select_department</arg>
<arg>8</arg>
<doc>Selects options from selection list ``locator`` by ``values``.</doc>
<msg timestamp="20210329 00:46:29.149" level="INFO">Selecting options from selection list 'id:select_department' by value 8.</msg>
<status status="PASS" starttime="20210329 00:46:29.148" endtime="20210329 00:46:29.189"/>
</kw>
<status status="PASS" starttime="20210329 00:46:29.148" endtime="20210329 00:46:29.190"/>
</kw>
<kw name="Click Button" library="Selenium2Library">
<arg>Sign in</arg>
<doc>Clicks the button identified by ``locator``.</doc>
<msg timestamp="20210329 00:46:29.190" level="INFO">Clicking button 'Sign in'.</msg>
<status status="PASS" starttime="20210329 00:46:29.190" endtime="20210329 00:46:29.558"/>
</kw>
<kw name="Home Page Should Be Open" library="resource">
<kw name="Location Should Be" library="Selenium2Library">
<arg>${HOME URL}</arg>
<doc>Verifies that the current URL is exactly ``url``.</doc>
<msg timestamp="20210329 00:46:29.565" level="INFO">Current location is 'http://127.0.0.1:8000/home/'.</msg>
<status status="PASS" starttime="20210329 00:46:29.559" endtime="20210329 00:46:29.565"/>
</kw>
<status status="PASS" starttime="20210329 00:46:29.558" endtime="20210329 00:46:29.565"/>
</kw>
<kw name="Select User Management Menu">
<kw name="Click Link" library="Selenium2Library">
<arg>//*[@id="sidebar"]/div[2]/ul[2]/li[2]/a</arg>
<doc>Clicks a link identified by ``locator``.</doc>
<msg timestamp="20210329 00:46:29.566" level="INFO">Clicking link '//*[@id="sidebar"]/div[2]/ul[2]/li[2]/a'.</msg>
<status status="PASS" starttime="20210329 00:46:29.566" endtime="20210329 00:46:29.638"/>
</kw>
<kw name="Sleep" library="BuiltIn">
<arg>1s</arg>
<doc>Pauses the test executed for the given time.</doc>
<msg timestamp="20210329 00:46:30.640" level="INFO">Slept 1 second</msg>
<status status="PASS" starttime="20210329 00:46:29.638" endtime="20210329 00:46:30.640"/>
</kw>
<status status="PASS" starttime="20210329 00:46:29.565" endtime="20210329 00:46:30.641"/>
</kw>
<kw name="Then Select Screen">
<kw name="Click Link" library="Selenium2Library">
<arg>//*[@id="usermenu"]/li[5]/a</arg>
<doc>Clicks a link identified by ``locator``.</doc>
<msg timestamp="20210329 00:46:30.643" level="INFO">Clicking link '//*[@id="usermenu"]/li[5]/a'.</msg>
<status status="PASS" starttime="20210329 00:46:30.642" endtime="20210329 00:46:30.881"/>
</kw>
<status status="PASS" starttime="20210329 00:46:30.641" endtime="20210329 00:46:30.881"/>
</kw>
<kw name="Screen Management Page Should Be Open">
<kw name="Location Should Be" library="Selenium2Library">
<arg>http://127.0.0.1:8000/usermanage/screen-management</arg>
<doc>Verifies that the current URL is exactly ``url``.</doc>
<msg timestamp="20210329 00:46:30.887" level="INFO">Current location is 'http://127.0.0.1:8000/usermanage/screen-management'.</msg>
<status status="PASS" starttime="20210329 00:46:30.881" endtime="20210329 00:46:30.887"/>
</kw>
<status status="PASS" starttime="20210329 00:46:30.881" endtime="20210329 00:46:30.887"/>
</kw>
<kw name="Click Add New Screen Button">
<kw name="Click Element" library="Selenium2Library">
<arg>xpath:/html/body/div[2]/div/div/div[1]/div/div[2]/a</arg>
<doc>Click the element identified by ``locator``.</doc>
<msg timestamp="20210329 00:46:30.888" level="INFO">Clicking element 'xpath:/html/body/div[2]/div/div/div[1]/div/div[2]/a'.</msg>
<status status="PASS" starttime="20210329 00:46:30.888" endtime="20210329 00:46:31.004"/>
</kw>
<status status="PASS" starttime="20210329 00:46:30.887" endtime="20210329 00:46:31.004"/>
</kw>
<kw name="Fill Data">
<kw name="Wait Until Page Contains" library="Selenium2Library">
<arg>Add New Screen</arg>
<doc>Waits until ``text`` appears on the current page.</doc>
<status status="PASS" starttime="20210329 00:46:31.006" endtime="20210329 00:46:31.020"/>
</kw>
<kw name="Sleep" library="BuiltIn">
<arg>1s</arg>
<doc>Pauses the test executed for the given time.</doc>
<msg timestamp="20210329 00:46:32.022" level="INFO">Slept 1 second</msg>
<status status="PASS" starttime="20210329 00:46:31.021" endtime="20210329 00:46:32.022"/>
</kw>
<kw name="Input Text" library="Selenium2Library">
<arg>xpath://*[@id="screen_id"]</arg>
<arg>AAAAA</arg>
<doc>Types the given ``text`` into the text field identified by ``locator``.</doc>
<msg timestamp="20210329 00:46:32.023" level="INFO">Typing text 'AAAAA' into text field 'xpath://*[@id="screen_id"]'.</msg>
<status status="PASS" starttime="20210329 00:46:32.022" endtime="20210329 00:46:32.147"/>
</kw>
<kw name="Input Text" library="Selenium2Library">
<arg>xpath://*[@id="screen_name"]</arg>
<arg>AAAAA</arg>
<doc>Types the given ``text`` into the text field identified by ``locator``.</doc>
<msg timestamp="20210329 00:46:32.148" level="INFO">Typing text 'AAAAA' into text field 'xpath://*[@id="screen_name"]'.</msg>
<status status="PASS" starttime="20210329 00:46:32.148" endtime="20210329 00:46:32.219"/>
</kw>
<kw name="Input Text" library="Selenium2Library">
<arg>xpath://*[@id="file_py"]</arg>
<arg>${TEST DATA}</arg>
<doc>Types the given ``text`` into the text field identified by ``locator``.</doc>
<msg timestamp="20210329 00:46:32.219" level="INFO">Typing text 'test' into text field 'xpath://*[@id="file_py"]'.</msg>
<status status="PASS" starttime="20210329 00:46:32.219" endtime="20210329 00:46:32.280"/>
</kw>
<kw name="Input Text" library="Selenium2Library">
<arg>xpath://*[@id="file_html"]</arg>
<arg>${TEST DATA}</arg>
<doc>Types the given ``text`` into the text field identified by ``locator``.</doc>
<msg timestamp="20210329 00:46:32.280" level="INFO">Typing text 'test' into text field 'xpath://*[@id="file_html"]'.</msg>
<status status="PASS" starttime="20210329 00:46:32.280" endtime="20210329 00:46:32.338"/>
</kw>
<status status="PASS" starttime="20210329 00:46:31.005" endtime="20210329 00:46:32.339"/>
</kw>
<kw name="Click Button" library="Selenium2Library">
<arg>id=Addscreen</arg>
<doc>Clicks the button identified by ``locator``.</doc>
<msg timestamp="20210329 00:46:32.339" level="INFO">Clicking button 'id=Addscreen'.</msg>
<status status="PASS" starttime="20210329 00:46:32.339" endtime="20210329 00:46:32.562"/>
</kw>
<kw name="Get Text" library="Selenium2Library">
<arg>class:alert-success</arg>
<doc>Returns the text value of the element identified by ``locator``.</doc>
<status status="PASS" starttime="20210329 00:46:32.562" endtime="20210329 00:46:32.579"/>
</kw>
<status status="PASS" starttime="20210329 00:46:25.905" endtime="20210329 00:46:32.579"/>
</test>
<kw name="Close Browser" library="Selenium2Library" type="TEARDOWN">
<doc>Closes the current browser.</doc>
<status status="PASS" starttime="20210329 00:46:32.580" endtime="20210329 00:46:32.665"/>
</kw>
<doc>A test suite for adding new screen.</doc>
<status status="PASS" starttime="20210329 00:46:25.690" endtime="20210329 00:46:32.665"/>
</suite>
<statistics>
<total>
<stat pass="1" fail="0" skip="0">All Tests</stat>
</total>
<tag>
</tag>
<suite>
<stat pass="1" fail="0" skip="0" id="s1" name="Add New Screen">Add New Screen</stat>
</suite>
</statistics>
<errors>
</errors>
</robot>
