<?xml version="1.0" encoding="UTF-8"?>
<robot generator="Robot 4.0 (Python 3.9.2 on darwin)" generated="20210324 13:46:58.431" rpa="false" schemaversion="2">
<suite id="s1" name="Delete Machine Spare" source="/Users/MS/Project/MachineDB/Tests/delete_machine_spare.robot">
<test id="s1-t1" name="Admin Removes Spare Part From Machine">
<kw name="Open Browser To Signin Page" library="resource">
<kw name="Open Browser" library="Selenium2Library">
<arg>${SIGNIN URL}</arg>
<arg>${BROWSER}</arg>
<doc>Opens a new browser instance to the optional ``url``.</doc>
<msg timestamp="20210324 13:46:58.661" level="INFO">Opening browser 'Chrome' to base url 'http://127.0.0.1:8000/'.</msg>
<status status="PASS" starttime="20210324 13:46:58.661" endtime="20210324 13:47:01.404"/>
</kw>
<kw name="Maximize Browser Window" library="Selenium2Library">
<doc>Maximizes current browser window.</doc>
<status status="PASS" starttime="20210324 13:47:01.404" endtime="20210324 13:47:01.535"/>
</kw>
<kw name="Set Selenium Speed" library="Selenium2Library">
<arg>${DELAY}</arg>
<doc>Sets the delay that is waited after each Selenium command.</doc>
<status status="PASS" starttime="20210324 13:47:01.535" endtime="20210324 13:47:01.535"/>
</kw>
<status status="PASS" starttime="20210324 13:46:58.661" endtime="20210324 13:47:01.535"/>
</kw>
<kw name="Input Username" library="resource">
<arg>system</arg>
<kw name="Input Text" library="Selenium2Library">
<arg>inputUser</arg>
<arg>${username}</arg>
<doc>Types the given ``text`` into the text field identified by ``locator``.</doc>
<msg timestamp="20210324 13:47:01.536" level="INFO">Typing text 'system' into text field 'inputUser'.</msg>
<status status="PASS" starttime="20210324 13:47:01.536" endtime="20210324 13:47:01.680"/>
</kw>
<status status="PASS" starttime="20210324 13:47:01.536" endtime="20210324 13:47:01.680"/>
</kw>
<kw name="Input Password" library="resource">
<arg>admin</arg>
<kw name="Input Text" library="Selenium2Library">
<arg>inputPassword</arg>
<arg>${password}</arg>
<doc>Types the given ``text`` into the text field identified by ``locator``.</doc>
<msg timestamp="20210324 13:47:01.681" level="INFO">Typing text 'admin' into text field 'inputPassword'.</msg>
<status status="PASS" starttime="20210324 13:47:01.681" endtime="20210324 13:47:01.744"/>
</kw>
<status status="PASS" starttime="20210324 13:47:01.680" endtime="20210324 13:47:01.744"/>
</kw>
<kw name="Submit Credentials" library="resource">
<kw name="Click Button" library="Selenium2Library">
<arg>signin</arg>
<doc>Clicks the button identified by ``locator``.</doc>
<msg timestamp="20210324 13:47:01.745" level="INFO">Clicking button 'signin'.</msg>
<status status="PASS" starttime="20210324 13:47:01.744" endtime="20210324 13:47:01.884"/>
</kw>
<status status="PASS" starttime="20210324 13:47:01.744" endtime="20210324 13:47:01.884"/>
</kw>
<kw name="Then Select-Department Should Be Open" library="resource">
<kw name="Location Should Be" library="Selenium2Library">
<arg>${SELECTDEPARTMENT URL}</arg>
<doc>Verifies that the current URL is exactly ``url``.</doc>
<msg timestamp="20210324 13:47:01.891" level="INFO">Current location is 'http://127.0.0.1:8000/sign-in/department/'.</msg>
<status status="PASS" starttime="20210324 13:47:01.885" endtime="20210324 13:47:01.891"/>
</kw>
<status status="PASS" starttime="20210324 13:47:01.884" endtime="20210324 13:47:01.892"/>
</kw>
<kw name="Select Admin Department" library="resource">
<kw name="Select From List By Value" library="Selenium2Library">
<arg>id:select_department</arg>
<arg>8</arg>
<doc>Selects options from selection list ``locator`` by ``values``.</doc>
<msg timestamp="20210324 13:47:01.893" level="INFO">Selecting options from selection list 'id:select_department' by value 8.</msg>
<status status="PASS" starttime="20210324 13:47:01.892" endtime="20210324 13:47:01.925"/>
</kw>
<status status="PASS" starttime="20210324 13:47:01.892" endtime="20210324 13:47:01.925"/>
</kw>
<kw name="Click Button" library="Selenium2Library">
<arg>Sign in</arg>
<doc>Clicks the button identified by ``locator``.</doc>
<msg timestamp="20210324 13:47:01.926" level="INFO">Clicking button 'Sign in'.</msg>
<status status="PASS" starttime="20210324 13:47:01.925" endtime="20210324 13:47:02.387"/>
</kw>
<kw name="Home Page Should Be Open" library="resource">
<kw name="Location Should Be" library="Selenium2Library">
<arg>${HOME URL}</arg>
<doc>Verifies that the current URL is exactly ``url``.</doc>
<msg timestamp="20210324 13:47:02.391" level="INFO">Current location is 'http://127.0.0.1:8000/home/'.</msg>
<status status="PASS" starttime="20210324 13:47:02.388" endtime="20210324 13:47:02.391"/>
</kw>
<status status="PASS" starttime="20210324 13:47:02.387" endtime="20210324 13:47:02.391"/>
</kw>
<kw name="Select Machine Data Menu">
<kw name="Click Link" library="Selenium2Library">
<arg>//*[@id="sidebar"]/div[2]/ul[1]/li[1]/a</arg>
<doc>Clicks a link identified by ``locator``.</doc>
<msg timestamp="20210324 13:47:02.392" level="INFO">Clicking link '//*[@id="sidebar"]/div[2]/ul[1]/li[1]/a'.</msg>
<status status="PASS" starttime="20210324 13:47:02.391" endtime="20210324 13:47:02.450"/>
</kw>
<kw name="Sleep" library="BuiltIn">
<arg>1s</arg>
<doc>Pauses the test executed for the given time.</doc>
<msg timestamp="20210324 13:47:03.452" level="INFO">Slept 1 second</msg>
<status status="PASS" starttime="20210324 13:47:02.450" endtime="20210324 13:47:03.452"/>
</kw>
<status status="PASS" starttime="20210324 13:47:02.391" endtime="20210324 13:47:03.453"/>
</kw>
<kw name="Then Select Machine &amp; Spare Part">
<kw name="Click Link" library="Selenium2Library">
<arg>//*[@id="machine_manage_menumenu"]/li[5]/a</arg>
<doc>Clicks a link identified by ``locator``.</doc>
<msg timestamp="20210324 13:47:03.455" level="INFO">Clicking link '//*[@id="machine_manage_menumenu"]/li[5]/a'.</msg>
<status status="PASS" starttime="20210324 13:47:03.454" endtime="20210324 13:47:03.958"/>
</kw>
<status status="PASS" starttime="20210324 13:47:03.453" endtime="20210324 13:47:03.958"/>
</kw>
<kw name="Machine &amp; Spare Part Page Should Be Open">
<kw name="Location Should Be" library="Selenium2Library">
<arg>http://127.0.0.1:8000/machinemanage/machine-spare-part/</arg>
<doc>Verifies that the current URL is exactly ``url``.</doc>
<msg timestamp="20210324 13:47:03.964" level="INFO">Current location is 'http://127.0.0.1:8000/machinemanage/machine-spare-part/'.</msg>
<status status="PASS" starttime="20210324 13:47:03.959" endtime="20210324 13:47:03.964"/>
</kw>
<status status="PASS" starttime="20210324 13:47:03.958" endtime="20210324 13:47:03.964"/>
</kw>
<kw name="Select Machine Need To Remove Spare Part">
<kw name="Click Element" library="Selenium2Library">
<arg>//*[@id="myTable"]/tbody/tr[1]/td[5]/center/a[2]</arg>
<doc>Click the element identified by ``locator``.</doc>
<msg timestamp="20210324 13:47:03.965" level="INFO">Clicking element '//*[@id="myTable"]/tbody/tr[1]/td[5]/center/a[2]'.</msg>
<status status="PASS" starttime="20210324 13:47:03.965" endtime="20210324 13:47:04.008"/>
</kw>
<status status="PASS" starttime="20210324 13:47:03.965" endtime="20210324 13:47:04.009"/>
</kw>
<kw name="Confirm Deletion">
<kw name="Wait Until Page Contains" library="Selenium2Library">
<arg>Confirmation</arg>
<doc>Waits until ``text`` appears on the current page.</doc>
<status status="PASS" starttime="20210324 13:47:04.009" endtime="20210324 13:47:04.034"/>
</kw>
<kw name="Sleep" library="BuiltIn">
<arg>1s</arg>
<doc>Pauses the test executed for the given time.</doc>
<msg timestamp="20210324 13:47:05.035" level="INFO">Slept 1 second</msg>
<status status="PASS" starttime="20210324 13:47:04.034" endtime="20210324 13:47:05.036"/>
</kw>
<kw name="Click Element" library="Selenium2Library">
<arg>xpath://*[@id="delete1"]/div/div/div[3]/button[1]</arg>
<doc>Click the element identified by ``locator``.</doc>
<msg timestamp="20210324 13:47:05.037" level="INFO">Clicking element 'xpath://*[@id="delete1"]/div/div/div[3]/button[1]'.</msg>
<status status="PASS" starttime="20210324 13:47:05.036" endtime="20210324 13:47:05.628"/>
</kw>
<status status="PASS" starttime="20210324 13:47:04.009" endtime="20210324 13:47:05.628"/>
</kw>
<status status="PASS" starttime="20210324 13:46:58.660" endtime="20210324 13:47:05.630"/>
</test>
<kw name="Close Browser" library="Selenium2Library" type="TEARDOWN">
<doc>Closes the current browser.</doc>
<status status="PASS" starttime="20210324 13:47:05.633" endtime="20210324 13:47:05.735"/>
</kw>
<doc>A test suite for removing spare part from machine.</doc>
<status status="PASS" starttime="20210324 13:46:58.432" endtime="20210324 13:47:05.735"/>
</suite>
<statistics>
<total>
<stat pass="1" fail="0" skip="0">All Tests</stat>
</total>
<tag>
</tag>
<suite>
<stat pass="1" fail="0" skip="0" id="s1" name="Delete Machine Spare">Delete Machine Spare</stat>
</suite>
</statistics>
<errors>
</errors>
</robot>
