<?xml version="1.0" encoding="UTF-8"?>
<robot generator="Robot 4.0 (Python 3.9.2 on darwin)" generated="20210322 13:23:23.869" rpa="false" schemaversion="2">
<suite id="s1" name="Valid Signin" source="/Users/MS/Project/MachineDB/Tests/valid_signin.robot">
<test id="s1-t1" name="Signin">
<kw name="Open Browser To Signin Page" library="resource">
<kw name="Open Browser" library="Selenium2Library">
<arg>${SIGNIN URL}</arg>
<arg>${BROWSER}</arg>
<doc>Opens a new browser instance to the optional ``url``.</doc>
<msg timestamp="20210322 13:23:24.136" level="INFO">Opening browser 'Chrome' to base url 'http://127.0.0.1:8000/'.</msg>
<status status="PASS" starttime="20210322 13:23:24.136" endtime="20210322 13:23:26.899"/>
</kw>
<kw name="Maximize Browser Window" library="Selenium2Library">
<doc>Maximizes current browser window.</doc>
<status status="PASS" starttime="20210322 13:23:26.899" endtime="20210322 13:23:27.039"/>
</kw>
<kw name="Set Selenium Speed" library="Selenium2Library">
<arg>${DELAY}</arg>
<doc>Sets the delay that is waited after each Selenium command.</doc>
<status status="PASS" starttime="20210322 13:23:27.040" endtime="20210322 13:23:27.041"/>
</kw>
<status status="PASS" starttime="20210322 13:23:24.135" endtime="20210322 13:23:27.042"/>
</kw>
<kw name="Input Username" library="resource">
<arg>system</arg>
<kw name="Input Text" library="Selenium2Library">
<arg>inputUser</arg>
<arg>${username}</arg>
<doc>Types the given ``text`` into the text field identified by ``locator``.</doc>
<msg timestamp="20210322 13:23:27.050" level="INFO">Typing text 'system' into text field 'inputUser'.</msg>
<status status="PASS" starttime="20210322 13:23:27.048" endtime="20210322 13:23:27.193"/>
</kw>
<status status="PASS" starttime="20210322 13:23:27.042" endtime="20210322 13:23:27.193"/>
</kw>
<kw name="Input Password" library="resource">
<arg>admin</arg>
<kw name="Input Text" library="Selenium2Library">
<arg>inputPassword</arg>
<arg>${password}</arg>
<doc>Types the given ``text`` into the text field identified by ``locator``.</doc>
<msg timestamp="20210322 13:23:27.194" level="INFO">Typing text 'admin' into text field 'inputPassword'.</msg>
<status status="PASS" starttime="20210322 13:23:27.194" endtime="20210322 13:23:27.254"/>
</kw>
<status status="PASS" starttime="20210322 13:23:27.193" endtime="20210322 13:23:27.255"/>
</kw>
<kw name="Submit Credentials" library="resource">
<kw name="Click Button" library="Selenium2Library">
<arg>signin</arg>
<doc>Clicks the button identified by ``locator``.</doc>
<msg timestamp="20210322 13:23:27.256" level="INFO">Clicking button 'signin'.</msg>
<status status="PASS" starttime="20210322 13:23:27.255" endtime="20210322 13:23:27.380"/>
</kw>
<status status="PASS" starttime="20210322 13:23:27.255" endtime="20210322 13:23:27.381"/>
</kw>
<kw name="Then Select-Department Should Be Open" library="resource">
<kw name="Location Should Be" library="Selenium2Library">
<arg>${SELECTDEPARTMENT URL}</arg>
<doc>Verifies that the current URL is exactly ``url``.</doc>
<msg timestamp="20210322 13:23:27.386" level="INFO">Current location is 'http://127.0.0.1:8000/sign-in/department/'.</msg>
<status status="PASS" starttime="20210322 13:23:27.381" endtime="20210322 13:23:27.387"/>
</kw>
<status status="PASS" starttime="20210322 13:23:27.381" endtime="20210322 13:23:27.387"/>
</kw>
<status status="PASS" starttime="20210322 13:23:24.135" endtime="20210322 13:23:27.388"/>
</test>
<kw name="Close Browser" library="Selenium2Library" type="TEARDOWN">
<doc>Closes the current browser.</doc>
<status status="PASS" starttime="20210322 13:23:27.394" endtime="20210322 13:23:27.468"/>
</kw>
<doc>A test suite with a single test for valid signin.

This test has a workflow that is created using keywords in
the imported resource file.</doc>
<status status="PASS" starttime="20210322 13:23:23.871" endtime="20210322 13:23:27.468"/>
</suite>
<statistics>
<total>
<stat pass="1" fail="0" skip="0">All Tests</stat>
</total>
<tag>
</tag>
<suite>
<stat pass="1" fail="0" skip="0" id="s1" name="Valid Signin">Valid Signin</stat>
</suite>
</statistics>
<errors>
</errors>
</robot>
