<?xml version="1.0" encoding="UTF-8"?>
<robot generator="Robot 4.0 (Python 3.9.2 on darwin)" generated="20210324 15:00:34.122" rpa="false" schemaversion="2">
<suite id="s1" name="Add New Spare Type" source="/Users/MS/Project/MachineDB/Tests/add_new_spare_type.robot">
<test id="s1-t1" name="Admin Adds New Spare Part Type">
<kw name="Open Browser To Signin Page" library="resource">
<kw name="Open Browser" library="Selenium2Library">
<arg>${SIGNIN URL}</arg>
<arg>${BROWSER}</arg>
<doc>Opens a new browser instance to the optional ``url``.</doc>
<msg timestamp="20210324 15:00:34.295" level="INFO">Opening browser 'Chrome' to base url 'http://127.0.0.1:8000/'.</msg>
<status status="PASS" starttime="20210324 15:00:34.294" endtime="20210324 15:00:36.660"/>
</kw>
<kw name="Maximize Browser Window" library="Selenium2Library">
<doc>Maximizes current browser window.</doc>
<status status="PASS" starttime="20210324 15:00:36.661" endtime="20210324 15:00:36.781"/>
</kw>
<kw name="Set Selenium Speed" library="Selenium2Library">
<arg>${DELAY}</arg>
<doc>Sets the delay that is waited after each Selenium command.</doc>
<status status="PASS" starttime="20210324 15:00:36.782" endtime="20210324 15:00:36.782"/>
</kw>
<status status="PASS" starttime="20210324 15:00:34.294" endtime="20210324 15:00:36.782"/>
</kw>
<kw name="Input Username" library="resource">
<arg>system</arg>
<kw name="Input Text" library="Selenium2Library">
<arg>inputUser</arg>
<arg>${username}</arg>
<doc>Types the given ``text`` into the text field identified by ``locator``.</doc>
<msg timestamp="20210324 15:00:36.783" level="INFO">Typing text 'system' into text field 'inputUser'.</msg>
<status status="PASS" starttime="20210324 15:00:36.783" endtime="20210324 15:00:36.914"/>
</kw>
<status status="PASS" starttime="20210324 15:00:36.782" endtime="20210324 15:00:36.914"/>
</kw>
<kw name="Input Password" library="resource">
<arg>admin</arg>
<kw name="Input Text" library="Selenium2Library">
<arg>inputPassword</arg>
<arg>${password}</arg>
<doc>Types the given ``text`` into the text field identified by ``locator``.</doc>
<msg timestamp="20210324 15:00:36.915" level="INFO">Typing text 'admin' into text field 'inputPassword'.</msg>
<status status="PASS" starttime="20210324 15:00:36.914" endtime="20210324 15:00:36.974"/>
</kw>
<status status="PASS" starttime="20210324 15:00:36.914" endtime="20210324 15:00:36.974"/>
</kw>
<kw name="Submit Credentials" library="resource">
<kw name="Click Button" library="Selenium2Library">
<arg>signin</arg>
<doc>Clicks the button identified by ``locator``.</doc>
<msg timestamp="20210324 15:00:36.975" level="INFO">Clicking button 'signin'.</msg>
<status status="PASS" starttime="20210324 15:00:36.975" endtime="20210324 15:00:37.083"/>
</kw>
<status status="PASS" starttime="20210324 15:00:36.974" endtime="20210324 15:00:37.083"/>
</kw>
<kw name="Then Select-Department Should Be Open" library="resource">
<kw name="Location Should Be" library="Selenium2Library">
<arg>${SELECTDEPARTMENT URL}</arg>
<doc>Verifies that the current URL is exactly ``url``.</doc>
<msg timestamp="20210324 15:00:37.090" level="INFO">Current location is 'http://127.0.0.1:8000/sign-in/department/'.</msg>
<status status="PASS" starttime="20210324 15:00:37.083" endtime="20210324 15:00:37.090"/>
</kw>
<status status="PASS" starttime="20210324 15:00:37.083" endtime="20210324 15:00:37.090"/>
</kw>
<kw name="Select Admin Department" library="resource">
<kw name="Select From List By Value" library="Selenium2Library">
<arg>id:select_department</arg>
<arg>8</arg>
<doc>Selects options from selection list ``locator`` by ``values``.</doc>
<msg timestamp="20210324 15:00:37.091" level="INFO">Selecting options from selection list 'id:select_department' by value 8.</msg>
<status status="PASS" starttime="20210324 15:00:37.091" endtime="20210324 15:00:37.120"/>
</kw>
<status status="PASS" starttime="20210324 15:00:37.090" endtime="20210324 15:00:37.121"/>
</kw>
<kw name="Click Button" library="Selenium2Library">
<arg>Sign in</arg>
<doc>Clicks the button identified by ``locator``.</doc>
<msg timestamp="20210324 15:00:37.121" level="INFO">Clicking button 'Sign in'.</msg>
<status status="PASS" starttime="20210324 15:00:37.121" endtime="20210324 15:00:37.465"/>
</kw>
<kw name="Home Page Should Be Open" library="resource">
<kw name="Location Should Be" library="Selenium2Library">
<arg>${HOME URL}</arg>
<doc>Verifies that the current URL is exactly ``url``.</doc>
<msg timestamp="20210324 15:00:37.469" level="INFO">Current location is 'http://127.0.0.1:8000/home/'.</msg>
<status status="PASS" starttime="20210324 15:00:37.465" endtime="20210324 15:00:37.469"/>
</kw>
<status status="PASS" starttime="20210324 15:00:37.465" endtime="20210324 15:00:37.469"/>
</kw>
<kw name="Select Spare Part Data Menu">
<kw name="Click Link" library="Selenium2Library">
<arg>//*[@id="sidebar"]/div[2]/ul[1]/li[2]/a</arg>
<doc>Clicks a link identified by ``locator``.</doc>
<msg timestamp="20210324 15:00:37.470" level="INFO">Clicking link '//*[@id="sidebar"]/div[2]/ul[1]/li[2]/a'.</msg>
<status status="PASS" starttime="20210324 15:00:37.469" endtime="20210324 15:00:37.518"/>
</kw>
<kw name="Sleep" library="BuiltIn">
<arg>1s</arg>
<doc>Pauses the test executed for the given time.</doc>
<msg timestamp="20210324 15:00:38.520" level="INFO">Slept 1 second</msg>
<status status="PASS" starttime="20210324 15:00:37.518" endtime="20210324 15:00:38.521"/>
</kw>
<status status="PASS" starttime="20210324 15:00:37.469" endtime="20210324 15:00:38.521"/>
</kw>
<kw name="Then Select Spare Part Type">
<kw name="Click Link" library="Selenium2Library">
<arg>//*[@id="spare_part_menumenu"]/li[3]/a</arg>
<doc>Clicks a link identified by ``locator``.</doc>
<msg timestamp="20210324 15:00:38.523" level="INFO">Clicking link '//*[@id="spare_part_menumenu"]/li[3]/a'.</msg>
<status status="PASS" starttime="20210324 15:00:38.523" endtime="20210324 15:00:38.817"/>
</kw>
<status status="PASS" starttime="20210324 15:00:38.522" endtime="20210324 15:00:38.817"/>
</kw>
<kw name="Spare part Type Management Page Should Be Open">
<kw name="Location Should Be" library="Selenium2Library">
<arg>http://127.0.0.1:8000/sparepartmanage/type/</arg>
<doc>Verifies that the current URL is exactly ``url``.</doc>
<msg timestamp="20210324 15:00:38.822" level="INFO">Current location is 'http://127.0.0.1:8000/sparepartmanage/type/'.</msg>
<status status="PASS" starttime="20210324 15:00:38.818" endtime="20210324 15:00:38.822"/>
</kw>
<status status="PASS" starttime="20210324 15:00:38.817" endtime="20210324 15:00:38.822"/>
</kw>
<kw name="Click Add Type Spare Part Button">
<kw name="Click Element" library="Selenium2Library">
<arg>xpath:/html/body/div[2]/div/div/div[1]/div/div[2]/a</arg>
<doc>Click the element identified by ``locator``.</doc>
<msg timestamp="20210324 15:00:38.823" level="INFO">Clicking element 'xpath:/html/body/div[2]/div/div/div[1]/div/div[2]/a'.</msg>
<status status="PASS" starttime="20210324 15:00:38.823" endtime="20210324 15:00:38.887"/>
</kw>
<status status="PASS" starttime="20210324 15:00:38.822" endtime="20210324 15:00:38.887"/>
</kw>
<kw name="Fill Data">
<kw name="Wait Until Page Contains" library="Selenium2Library">
<arg>Add New Spare Part Type</arg>
<doc>Waits until ``text`` appears on the current page.</doc>
<status status="PASS" starttime="20210324 15:00:38.888" endtime="20210324 15:00:38.903"/>
</kw>
<kw name="Sleep" library="BuiltIn">
<arg>1s</arg>
<doc>Pauses the test executed for the given time.</doc>
<msg timestamp="20210324 15:00:39.905" level="INFO">Slept 1 second</msg>
<status status="PASS" starttime="20210324 15:00:38.903" endtime="20210324 15:00:39.905"/>
</kw>
<kw name="Select From List By Value" library="Selenium2Library">
<arg>id:add_group</arg>
<arg>21</arg>
<doc>Selects options from selection list ``locator`` by ``values``.</doc>
<msg timestamp="20210324 15:00:39.906" level="INFO">Selecting options from selection list 'id:add_group' by value 21.</msg>
<status status="PASS" starttime="20210324 15:00:39.905" endtime="20210324 15:00:39.972"/>
</kw>
<kw name="Input Text" library="Selenium2Library">
<arg>xpath://*[@id="add_sp_type_code"]</arg>
<arg>${TEST DATA}</arg>
<doc>Types the given ``text`` into the text field identified by ``locator``.</doc>
<msg timestamp="20210324 15:00:39.972" level="INFO">Typing text 'test' into text field 'xpath://*[@id="add_sp_type_code"]'.</msg>
<status status="PASS" starttime="20210324 15:00:39.972" endtime="20210324 15:00:40.071"/>
</kw>
<kw name="Input Text" library="Selenium2Library">
<arg>xpath://*[@id="add_sp_type_name"]</arg>
<arg>${TEST DATA}</arg>
<doc>Types the given ``text`` into the text field identified by ``locator``.</doc>
<msg timestamp="20210324 15:00:40.073" level="INFO">Typing text 'test' into text field 'xpath://*[@id="add_sp_type_name"]'.</msg>
<status status="PASS" starttime="20210324 15:00:40.071" endtime="20210324 15:00:40.142"/>
</kw>
<status status="PASS" starttime="20210324 15:00:38.888" endtime="20210324 15:00:40.142"/>
</kw>
<kw name="Click Button" library="Selenium2Library">
<arg>id:add_spare_part_type</arg>
<doc>Clicks the button identified by ``locator``.</doc>
<msg timestamp="20210324 15:00:40.142" level="INFO">Clicking button 'id:add_spare_part_type'.</msg>
<status status="PASS" starttime="20210324 15:00:40.142" endtime="20210324 15:00:40.444"/>
</kw>
<kw name="Get Text" library="Selenium2Library">
<arg>class:alert-success</arg>
<doc>Returns the text value of the element identified by ``locator``.</doc>
<status status="PASS" starttime="20210324 15:00:40.445" endtime="20210324 15:00:40.466"/>
</kw>
<status status="PASS" starttime="20210324 15:00:34.293" endtime="20210324 15:00:40.467"/>
</test>
<kw name="Close Browser" library="Selenium2Library" type="TEARDOWN">
<doc>Closes the current browser.</doc>
<status status="PASS" starttime="20210324 15:00:40.468" endtime="20210324 15:00:40.549"/>
</kw>
<doc>A test suite for adding new spare part type.</doc>
<status status="PASS" starttime="20210324 15:00:34.124" endtime="20210324 15:00:40.549"/>
</suite>
<statistics>
<total>
<stat pass="1" fail="0" skip="0">All Tests</stat>
</total>
<tag>
</tag>
<suite>
<stat pass="1" fail="0" skip="0" id="s1" name="Add New Spare Type">Add New Spare Type</stat>
</suite>
</statistics>
<errors>
</errors>
</robot>
