<?xml version="1.0" encoding="UTF-8"?>
<robot generator="Robot 4.0 (Python 3.9.2 on darwin)" generated="20210328 22:40:31.982" rpa="false" schemaversion="2">
<suite id="s1" name="Add New Department" source="/Users/MS/Project/MachineDB/Tests/add_new_department.robot">
<test id="s1-t1" name="Admin Adds New Department">
<kw name="Open Browser To Signin Page" library="resource">
<kw name="Open Browser" library="Selenium2Library">
<arg>${SIGNIN URL}</arg>
<arg>${BROWSER}</arg>
<doc>Opens a new browser instance to the optional ``url``.</doc>
<msg timestamp="20210328 22:40:32.191" level="INFO">Opening browser 'Chrome' to base url 'http://127.0.0.1:8000/'.</msg>
<status status="PASS" starttime="20210328 22:40:32.191" endtime="20210328 22:40:34.533"/>
</kw>
<kw name="Maximize Browser Window" library="Selenium2Library">
<doc>Maximizes current browser window.</doc>
<status status="PASS" starttime="20210328 22:40:34.533" endtime="20210328 22:40:34.679"/>
</kw>
<kw name="Set Selenium Speed" library="Selenium2Library">
<arg>${DELAY}</arg>
<doc>Sets the delay that is waited after each Selenium command.</doc>
<status status="PASS" starttime="20210328 22:40:34.679" endtime="20210328 22:40:34.679"/>
</kw>
<status status="PASS" starttime="20210328 22:40:32.190" endtime="20210328 22:40:34.680"/>
</kw>
<kw name="Input Username" library="resource">
<arg>system</arg>
<kw name="Input Text" library="Selenium2Library">
<arg>inputUser</arg>
<arg>${username}</arg>
<doc>Types the given ``text`` into the text field identified by ``locator``.</doc>
<msg timestamp="20210328 22:40:34.681" level="INFO">Typing text 'system' into text field 'inputUser'.</msg>
<status status="PASS" starttime="20210328 22:40:34.681" endtime="20210328 22:40:34.821"/>
</kw>
<status status="PASS" starttime="20210328 22:40:34.680" endtime="20210328 22:40:34.822"/>
</kw>
<kw name="Input Password" library="resource">
<arg>admin</arg>
<kw name="Input Text" library="Selenium2Library">
<arg>inputPassword</arg>
<arg>${password}</arg>
<doc>Types the given ``text`` into the text field identified by ``locator``.</doc>
<msg timestamp="20210328 22:40:34.823" level="INFO">Typing text 'admin' into text field 'inputPassword'.</msg>
<status status="PASS" starttime="20210328 22:40:34.822" endtime="20210328 22:40:34.885"/>
</kw>
<status status="PASS" starttime="20210328 22:40:34.822" endtime="20210328 22:40:34.885"/>
</kw>
<kw name="Submit Credentials" library="resource">
<kw name="Click Button" library="Selenium2Library">
<arg>signin</arg>
<doc>Clicks the button identified by ``locator``.</doc>
<msg timestamp="20210328 22:40:34.886" level="INFO">Clicking button 'signin'.</msg>
<status status="PASS" starttime="20210328 22:40:34.886" endtime="20210328 22:40:35.000"/>
</kw>
<status status="PASS" starttime="20210328 22:40:34.886" endtime="20210328 22:40:35.001"/>
</kw>
<kw name="Then Select-Department Should Be Open" library="resource">
<kw name="Location Should Be" library="Selenium2Library">
<arg>${SELECTDEPARTMENT URL}</arg>
<doc>Verifies that the current URL is exactly ``url``.</doc>
<msg timestamp="20210328 22:40:35.006" level="INFO">Current location is 'http://127.0.0.1:8000/sign-in/department/'.</msg>
<status status="PASS" starttime="20210328 22:40:35.001" endtime="20210328 22:40:35.006"/>
</kw>
<status status="PASS" starttime="20210328 22:40:35.001" endtime="20210328 22:40:35.006"/>
</kw>
<kw name="Select Admin Department" library="resource">
<kw name="Select From List By Value" library="Selenium2Library">
<arg>id:select_department</arg>
<arg>8</arg>
<doc>Selects options from selection list ``locator`` by ``values``.</doc>
<msg timestamp="20210328 22:40:35.007" level="INFO">Selecting options from selection list 'id:select_department' by value 8.</msg>
<status status="PASS" starttime="20210328 22:40:35.007" endtime="20210328 22:40:35.042"/>
</kw>
<status status="PASS" starttime="20210328 22:40:35.006" endtime="20210328 22:40:35.043"/>
</kw>
<kw name="Click Button" library="Selenium2Library">
<arg>Sign in</arg>
<doc>Clicks the button identified by ``locator``.</doc>
<msg timestamp="20210328 22:40:35.043" level="INFO">Clicking button 'Sign in'.</msg>
<status status="PASS" starttime="20210328 22:40:35.043" endtime="20210328 22:40:35.330"/>
</kw>
<kw name="Home Page Should Be Open" library="resource">
<kw name="Location Should Be" library="Selenium2Library">
<arg>${HOME URL}</arg>
<doc>Verifies that the current URL is exactly ``url``.</doc>
<msg timestamp="20210328 22:40:35.334" level="INFO">Current location is 'http://127.0.0.1:8000/home/'.</msg>
<status status="PASS" starttime="20210328 22:40:35.331" endtime="20210328 22:40:35.334"/>
</kw>
<status status="PASS" starttime="20210328 22:40:35.331" endtime="20210328 22:40:35.335"/>
</kw>
<kw name="Select User Management Menu">
<kw name="Click Link" library="Selenium2Library">
<arg>//*[@id="sidebar"]/div[2]/ul[2]/li[2]/a</arg>
<doc>Clicks a link identified by ``locator``.</doc>
<msg timestamp="20210328 22:40:35.335" level="INFO">Clicking link '//*[@id="sidebar"]/div[2]/ul[2]/li[2]/a'.</msg>
<status status="PASS" starttime="20210328 22:40:35.335" endtime="20210328 22:40:35.379"/>
</kw>
<kw name="Sleep" library="BuiltIn">
<arg>1s</arg>
<doc>Pauses the test executed for the given time.</doc>
<msg timestamp="20210328 22:40:36.380" level="INFO">Slept 1 second</msg>
<status status="PASS" starttime="20210328 22:40:35.379" endtime="20210328 22:40:36.380"/>
</kw>
<status status="PASS" starttime="20210328 22:40:35.335" endtime="20210328 22:40:36.380"/>
</kw>
<kw name="Then Select Department">
<kw name="Click Link" library="Selenium2Library">
<arg>//*[@id="usermenu"]/li[3]/a</arg>
<doc>Clicks a link identified by ``locator``.</doc>
<msg timestamp="20210328 22:40:36.382" level="INFO">Clicking link '//*[@id="usermenu"]/li[3]/a'.</msg>
<status status="PASS" starttime="20210328 22:40:36.381" endtime="20210328 22:40:36.549"/>
</kw>
<status status="PASS" starttime="20210328 22:40:36.380" endtime="20210328 22:40:36.549"/>
</kw>
<kw name="Department Management Page Should Be Open">
<kw name="Location Should Be" library="Selenium2Library">
<arg>http://127.0.0.1:8000/usermanage/department-management</arg>
<doc>Verifies that the current URL is exactly ``url``.</doc>
<msg timestamp="20210328 22:40:36.553" level="INFO">Current location is 'http://127.0.0.1:8000/usermanage/department-management'.</msg>
<status status="PASS" starttime="20210328 22:40:36.549" endtime="20210328 22:40:36.553"/>
</kw>
<status status="PASS" starttime="20210328 22:40:36.549" endtime="20210328 22:40:36.553"/>
</kw>
<kw name="Click Add New Department Button">
<kw name="Click Element" library="Selenium2Library">
<arg>xpath:/html/body/div[2]/div/div/div[1]/div/div[2]/a</arg>
<doc>Click the element identified by ``locator``.</doc>
<msg timestamp="20210328 22:40:36.554" level="INFO">Clicking element 'xpath:/html/body/div[2]/div/div/div[1]/div/div[2]/a'.</msg>
<status status="PASS" starttime="20210328 22:40:36.554" endtime="20210328 22:40:36.662"/>
</kw>
<status status="PASS" starttime="20210328 22:40:36.553" endtime="20210328 22:40:36.662"/>
</kw>
<kw name="Fill Data">
<kw name="Wait Until Page Contains" library="Selenium2Library">
<arg>Add New Department</arg>
<doc>Waits until ``text`` appears on the current page.</doc>
<status status="PASS" starttime="20210328 22:40:36.663" endtime="20210328 22:40:36.672"/>
</kw>
<kw name="Sleep" library="BuiltIn">
<arg>1s</arg>
<doc>Pauses the test executed for the given time.</doc>
<msg timestamp="20210328 22:40:37.673" level="INFO">Slept 1 second</msg>
<status status="PASS" starttime="20210328 22:40:36.672" endtime="20210328 22:40:37.673"/>
</kw>
<kw name="Input Text" library="Selenium2Library">
<arg>xpath://*[@id="add_dep_code"]</arg>
<arg>000000</arg>
<doc>Types the given ``text`` into the text field identified by ``locator``.</doc>
<msg timestamp="20210328 22:40:37.674" level="INFO">Typing text '000000' into text field 'xpath://*[@id="add_dep_code"]'.</msg>
<status status="PASS" starttime="20210328 22:40:37.673" endtime="20210328 22:40:37.797"/>
</kw>
<kw name="Input Text" library="Selenium2Library">
<arg>xpath://*[@id="add_dep_name"]</arg>
<arg>${TEST DATA}</arg>
<doc>Types the given ``text`` into the text field identified by ``locator``.</doc>
<msg timestamp="20210328 22:40:37.798" level="INFO">Typing text 'test' into text field 'xpath://*[@id="add_dep_name"]'.</msg>
<status status="PASS" starttime="20210328 22:40:37.797" endtime="20210328 22:40:37.875"/>
</kw>
<status status="PASS" starttime="20210328 22:40:36.662" endtime="20210328 22:40:37.875"/>
</kw>
<kw name="Click Button" library="Selenium2Library">
<arg>id=add_dep</arg>
<doc>Clicks the button identified by ``locator``.</doc>
<msg timestamp="20210328 22:40:37.875" level="INFO">Clicking button 'id=add_dep'.</msg>
<status status="PASS" starttime="20210328 22:40:37.875" endtime="20210328 22:40:38.023"/>
</kw>
<kw name="Page Should Contain" library="Selenium2Library">
<arg>${TEST DATA}</arg>
<doc>Verifies that current page contains ``text``.</doc>
<msg timestamp="20210328 22:40:38.035" level="INFO">Current page contains text 'test'.</msg>
<status status="PASS" starttime="20210328 22:40:38.024" endtime="20210328 22:40:38.035"/>
</kw>
<status status="PASS" starttime="20210328 22:40:32.189" endtime="20210328 22:40:38.036"/>
</test>
<kw name="Close Browser" library="Selenium2Library" type="TEARDOWN">
<doc>Closes the current browser.</doc>
<status status="PASS" starttime="20210328 22:40:38.037" endtime="20210328 22:40:38.115"/>
</kw>
<doc>A test suite for adding new department.</doc>
<status status="PASS" starttime="20210328 22:40:31.983" endtime="20210328 22:40:38.115"/>
</suite>
<statistics>
<total>
<stat pass="1" fail="0" skip="0">All Tests</stat>
</total>
<tag>
</tag>
<suite>
<stat pass="1" fail="0" skip="0" id="s1" name="Add New Department">Add New Department</stat>
</suite>
</statistics>
<errors>
</errors>
</robot>
