<?xml version="1.0" encoding="UTF-8"?>
<robot generator="Robot 4.0 (Python 3.9.2 on darwin)" generated="20210326 16:28:10.192" rpa="false" schemaversion="2">
<suite id="s1" name="Inspect Maintenance Request" source="/Users/MS/Project/MachineDB/Tests/inspect_maintenance_request.robot">
<test id="s1-t1" name="Product02 Inspects Maintenance Request">
<kw name="Open Browser To Signin Page" library="resource">
<kw name="Open Browser" library="Selenium2Library">
<arg>${SIGNIN URL}</arg>
<arg>${BROWSER}</arg>
<doc>Opens a new browser instance to the optional ``url``.</doc>
<msg timestamp="20210326 16:28:10.433" level="INFO">Opening browser 'Chrome' to base url 'http://127.0.0.1:8000/'.</msg>
<status status="PASS" starttime="20210326 16:28:10.433" endtime="20210326 16:28:13.117"/>
</kw>
<kw name="Maximize Browser Window" library="Selenium2Library">
<doc>Maximizes current browser window.</doc>
<status status="PASS" starttime="20210326 16:28:13.118" endtime="20210326 16:28:13.244"/>
</kw>
<kw name="Set Selenium Speed" library="Selenium2Library">
<arg>${DELAY}</arg>
<doc>Sets the delay that is waited after each Selenium command.</doc>
<status status="PASS" starttime="20210326 16:28:13.244" endtime="20210326 16:28:13.245"/>
</kw>
<status status="PASS" starttime="20210326 16:28:10.432" endtime="20210326 16:28:13.246"/>
</kw>
<kw name="Input Username" library="resource">
<arg>product02</arg>
<kw name="Input Text" library="Selenium2Library">
<arg>inputUser</arg>
<arg>${username}</arg>
<doc>Types the given ``text`` into the text field identified by ``locator``.</doc>
<msg timestamp="20210326 16:28:13.247" level="INFO">Typing text 'product02' into text field 'inputUser'.</msg>
<status status="PASS" starttime="20210326 16:28:13.247" endtime="20210326 16:28:13.401"/>
</kw>
<status status="PASS" starttime="20210326 16:28:13.246" endtime="20210326 16:28:13.401"/>
</kw>
<kw name="Input Password" library="resource">
<arg>product02</arg>
<kw name="Input Text" library="Selenium2Library">
<arg>inputPassword</arg>
<arg>${password}</arg>
<doc>Types the given ``text`` into the text field identified by ``locator``.</doc>
<msg timestamp="20210326 16:28:13.403" level="INFO">Typing text 'product02' into text field 'inputPassword'.</msg>
<status status="PASS" starttime="20210326 16:28:13.402" endtime="20210326 16:28:13.471"/>
</kw>
<status status="PASS" starttime="20210326 16:28:13.402" endtime="20210326 16:28:13.471"/>
</kw>
<kw name="Submit Credentials" library="resource">
<kw name="Click Button" library="Selenium2Library">
<arg>signin</arg>
<doc>Clicks the button identified by ``locator``.</doc>
<msg timestamp="20210326 16:28:13.472" level="INFO">Clicking button 'signin'.</msg>
<status status="PASS" starttime="20210326 16:28:13.472" endtime="20210326 16:28:13.599"/>
</kw>
<status status="PASS" starttime="20210326 16:28:13.471" endtime="20210326 16:28:13.599"/>
</kw>
<kw name="Then Select-Department Should Be Open" library="resource">
<kw name="Location Should Be" library="Selenium2Library">
<arg>${SELECTDEPARTMENT URL}</arg>
<doc>Verifies that the current URL is exactly ``url``.</doc>
<msg timestamp="20210326 16:28:13.604" level="INFO">Current location is 'http://127.0.0.1:8000/sign-in/department/'.</msg>
<status status="PASS" starttime="20210326 16:28:13.600" endtime="20210326 16:28:13.604"/>
</kw>
<status status="PASS" starttime="20210326 16:28:13.599" endtime="20210326 16:28:13.604"/>
</kw>
<kw name="Select Production Line 8 Department" library="resource">
<kw name="Select From List By Value" library="Selenium2Library">
<arg>id:select_department</arg>
<arg>7</arg>
<doc>Selects options from selection list ``locator`` by ``values``.</doc>
<msg timestamp="20210326 16:28:13.605" level="INFO">Selecting options from selection list 'id:select_department' by value 7.</msg>
<status status="PASS" starttime="20210326 16:28:13.605" endtime="20210326 16:28:13.635"/>
</kw>
<status status="PASS" starttime="20210326 16:28:13.605" endtime="20210326 16:28:13.635"/>
</kw>
<kw name="Click Button" library="Selenium2Library">
<arg>Sign in</arg>
<doc>Clicks the button identified by ``locator``.</doc>
<msg timestamp="20210326 16:28:13.635" level="INFO">Clicking button 'Sign in'.</msg>
<status status="PASS" starttime="20210326 16:28:13.635" endtime="20210326 16:28:13.974"/>
</kw>
<kw name="Home Page Should Be Open" library="resource">
<kw name="Location Should Be" library="Selenium2Library">
<arg>${HOME URL}</arg>
<doc>Verifies that the current URL is exactly ``url``.</doc>
<msg timestamp="20210326 16:28:13.978" level="INFO">Current location is 'http://127.0.0.1:8000/home/'.</msg>
<status status="PASS" starttime="20210326 16:28:13.974" endtime="20210326 16:28:13.978"/>
</kw>
<status status="PASS" starttime="20210326 16:28:13.974" endtime="20210326 16:28:13.978"/>
</kw>
<kw name="Select Request Maintenance Menu">
<kw name="Click Link" library="Selenium2Library">
<arg>//*[@id="sidebar"]/div[2]/ul[1]/li[2]/a</arg>
<doc>Clicks a link identified by ``locator``.</doc>
<msg timestamp="20210326 16:28:13.979" level="INFO">Clicking link '//*[@id="sidebar"]/div[2]/ul[1]/li[2]/a'.</msg>
<status status="PASS" starttime="20210326 16:28:13.979" endtime="20210326 16:28:14.020"/>
</kw>
<kw name="Sleep" library="BuiltIn">
<arg>1s</arg>
<doc>Pauses the test executed for the given time.</doc>
<msg timestamp="20210326 16:28:15.022" level="INFO">Slept 1 second</msg>
<status status="PASS" starttime="20210326 16:28:14.020" endtime="20210326 16:28:15.022"/>
</kw>
<status status="PASS" starttime="20210326 16:28:13.978" endtime="20210326 16:28:15.022"/>
</kw>
<kw name="Then Select Inspect Maintenance Request">
<kw name="Click Link" library="Selenium2Library">
<arg>//*[@id="repair_menumenu"]/li[2]/a</arg>
<doc>Clicks a link identified by ``locator``.</doc>
<msg timestamp="20210326 16:28:15.024" level="INFO">Clicking link '//*[@id="repair_menumenu"]/li[2]/a'.</msg>
<status status="PASS" starttime="20210326 16:28:15.024" endtime="20210326 16:28:15.194"/>
</kw>
<status status="PASS" starttime="20210326 16:28:15.023" endtime="20210326 16:28:15.194"/>
</kw>
<kw name="Inspect Maintenance Request Page Should Be Open">
<kw name="Location Should Be" library="Selenium2Library">
<arg>http://127.0.0.1:8000/repair/inspect</arg>
<doc>Verifies that the current URL is exactly ``url``.</doc>
<msg timestamp="20210326 16:28:15.198" level="INFO">Current location is 'http://127.0.0.1:8000/repair/inspect'.</msg>
<status status="PASS" starttime="20210326 16:28:15.195" endtime="20210326 16:28:15.198"/>
</kw>
<status status="PASS" starttime="20210326 16:28:15.194" endtime="20210326 16:28:15.198"/>
</kw>
<kw name="Select Maintenance Request Will Be Inspected">
<kw name="Get Text" library="Selenium2Library">
<var>${MaintenanceRequest}</var>
<arg>xpath://*[@id="myTable"]/tbody/tr/td[2]</arg>
<doc>Returns the text value of the element identified by ``locator``.</doc>
<msg timestamp="20210326 16:28:15.217" level="INFO">${MaintenanceRequest} = RP2103267140050001</msg>
<status status="PASS" starttime="20210326 16:28:15.199" endtime="20210326 16:28:15.217"/>
</kw>
<kw name="Set Global Variable" library="BuiltIn">
<arg>${MaintenanceRequest}</arg>
<doc>Makes a variable available globally in all tests and suites.</doc>
<msg timestamp="20210326 16:28:15.217" level="INFO">${MaintenanceRequest} = RP2103267140050001</msg>
<status status="PASS" starttime="20210326 16:28:15.217" endtime="20210326 16:28:15.217"/>
</kw>
<kw name="Log To Console" library="BuiltIn">
<arg>${MaintenanceRequest}</arg>
<doc>Logs the given message to the console.</doc>
<status status="PASS" starttime="20210326 16:28:15.217" endtime="20210326 16:28:15.218"/>
</kw>
<kw name="Click Element" library="Selenium2Library">
<arg>xpath://*[@id="myTable"]/tbody/tr/td[10]/center/a</arg>
<doc>Click the element identified by ``locator``.</doc>
<msg timestamp="20210326 16:28:15.218" level="INFO">Clicking element 'xpath://*[@id="myTable"]/tbody/tr/td[10]/center/a'.</msg>
<status status="PASS" starttime="20210326 16:28:15.218" endtime="20210326 16:28:15.290"/>
</kw>
<status status="PASS" starttime="20210326 16:28:15.198" endtime="20210326 16:28:15.290"/>
</kw>
<kw name="Inspect Maintenance Request">
<kw name="Wait Until Page Contains" library="Selenium2Library">
<arg>ใบแจ้งซ่อมเครื่องจักร</arg>
<doc>Waits until ``text`` appears on the current page.</doc>
<status status="PASS" starttime="20210326 16:28:15.290" endtime="20210326 16:28:15.300"/>
</kw>
<kw name="Sleep" library="BuiltIn">
<arg>1s</arg>
<doc>Pauses the test executed for the given time.</doc>
<msg timestamp="20210326 16:28:16.301" level="INFO">Slept 1 second</msg>
<status status="PASS" starttime="20210326 16:28:15.300" endtime="20210326 16:28:16.302"/>
</kw>
<kw name="Select Radio Button" library="Selenium2Library">
<arg>is_inspect</arg>
<arg>is_inspect</arg>
<doc>Sets the radio button group ``group_name`` to ``value``.</doc>
<msg timestamp="20210326 16:28:16.303" level="INFO">Selecting 'is_inspect' from radio button 'is_inspect'.</msg>
<status status="PASS" starttime="20210326 16:28:16.302" endtime="20210326 16:28:16.332"/>
</kw>
<kw name="Click Element" library="Selenium2Library">
<arg>xpath://*[@id="setting1"]/div/div/div[3]/button[2]</arg>
<doc>Click the element identified by ``locator``.</doc>
<msg timestamp="20210326 16:28:16.332" level="INFO">Clicking element 'xpath://*[@id="setting1"]/div/div/div[3]/button[2]'.</msg>
<status status="PASS" starttime="20210326 16:28:16.332" endtime="20210326 16:28:16.433"/>
</kw>
<kw name="Page Should Not Contain" library="Selenium2Library">
<arg>${MaintenanceRequest}</arg>
<doc>Verifies the current page does not contain ``text``.</doc>
<msg timestamp="20210326 16:28:16.468" level="INFO">Current page does not contain text 'RP2103267140050001'.</msg>
<status status="PASS" starttime="20210326 16:28:16.433" endtime="20210326 16:28:16.468"/>
</kw>
<status status="PASS" starttime="20210326 16:28:15.290" endtime="20210326 16:28:16.468"/>
</kw>
<status status="PASS" starttime="20210326 16:28:10.431" endtime="20210326 16:28:16.468"/>
</test>
<kw name="Close Browser" library="Selenium2Library" type="TEARDOWN">
<doc>Closes the current browser.</doc>
<status status="PASS" starttime="20210326 16:28:16.469" endtime="20210326 16:28:16.581"/>
</kw>
<doc>A test suite for inspecting maintenance request.</doc>
<status status="PASS" starttime="20210326 16:28:10.194" endtime="20210326 16:28:16.581"/>
</suite>
<statistics>
<total>
<stat pass="1" fail="0" skip="0">All Tests</stat>
</total>
<tag>
</tag>
<suite>
<stat pass="1" fail="0" skip="0" id="s1" name="Inspect Maintenance Request">Inspect Maintenance Request</stat>
</suite>
</statistics>
<errors>
</errors>
</robot>
