<?xml version="1.0" encoding="UTF-8"?>
<robot generator="Robot 4.0 (Python 3.9.2 on darwin)" generated="20210326 07:49:45.529" rpa="false" schemaversion="2">
<suite id="s1" name="Edit Role" source="/Users/MS/Project/MachineDB/Tests/edit_role.robot">
<test id="s1-t1" name="Admin Edits Role">
<kw name="Open Browser To Signin Page" library="resource">
<kw name="Open Browser" library="Selenium2Library">
<arg>${SIGNIN URL}</arg>
<arg>${BROWSER}</arg>
<doc>Opens a new browser instance to the optional ``url``.</doc>
<msg timestamp="20210326 07:49:45.779" level="INFO">Opening browser 'Chrome' to base url 'http://127.0.0.1:8000/'.</msg>
<status status="PASS" starttime="20210326 07:49:45.779" endtime="20210326 07:49:48.060"/>
</kw>
<kw name="Maximize Browser Window" library="Selenium2Library">
<doc>Maximizes current browser window.</doc>
<status status="PASS" starttime="20210326 07:49:48.061" endtime="20210326 07:49:48.186"/>
</kw>
<kw name="Set Selenium Speed" library="Selenium2Library">
<arg>${DELAY}</arg>
<doc>Sets the delay that is waited after each Selenium command.</doc>
<status status="PASS" starttime="20210326 07:49:48.187" endtime="20210326 07:49:48.187"/>
</kw>
<status status="PASS" starttime="20210326 07:49:45.778" endtime="20210326 07:49:48.187"/>
</kw>
<kw name="Input Username" library="resource">
<arg>system</arg>
<kw name="Input Text" library="Selenium2Library">
<arg>inputUser</arg>
<arg>${username}</arg>
<doc>Types the given ``text`` into the text field identified by ``locator``.</doc>
<msg timestamp="20210326 07:49:48.188" level="INFO">Typing text 'system' into text field 'inputUser'.</msg>
<status status="PASS" starttime="20210326 07:49:48.188" endtime="20210326 07:49:48.323"/>
</kw>
<status status="PASS" starttime="20210326 07:49:48.188" endtime="20210326 07:49:48.324"/>
</kw>
<kw name="Input Password" library="resource">
<arg>admin</arg>
<kw name="Input Text" library="Selenium2Library">
<arg>inputPassword</arg>
<arg>${password}</arg>
<doc>Types the given ``text`` into the text field identified by ``locator``.</doc>
<msg timestamp="20210326 07:49:48.324" level="INFO">Typing text 'admin' into text field 'inputPassword'.</msg>
<status status="PASS" starttime="20210326 07:49:48.324" endtime="20210326 07:49:48.384"/>
</kw>
<status status="PASS" starttime="20210326 07:49:48.324" endtime="20210326 07:49:48.385"/>
</kw>
<kw name="Submit Credentials" library="resource">
<kw name="Click Button" library="Selenium2Library">
<arg>signin</arg>
<doc>Clicks the button identified by ``locator``.</doc>
<msg timestamp="20210326 07:49:48.385" level="INFO">Clicking button 'signin'.</msg>
<status status="PASS" starttime="20210326 07:49:48.385" endtime="20210326 07:49:48.500"/>
</kw>
<status status="PASS" starttime="20210326 07:49:48.385" endtime="20210326 07:49:48.501"/>
</kw>
<kw name="Then Select-Department Should Be Open" library="resource">
<kw name="Location Should Be" library="Selenium2Library">
<arg>${SELECTDEPARTMENT URL}</arg>
<doc>Verifies that the current URL is exactly ``url``.</doc>
<msg timestamp="20210326 07:49:48.508" level="INFO">Current location is 'http://127.0.0.1:8000/sign-in/department/'.</msg>
<status status="PASS" starttime="20210326 07:49:48.501" endtime="20210326 07:49:48.508"/>
</kw>
<status status="PASS" starttime="20210326 07:49:48.501" endtime="20210326 07:49:48.509"/>
</kw>
<kw name="Select Admin Department" library="resource">
<kw name="Select From List By Value" library="Selenium2Library">
<arg>id:select_department</arg>
<arg>8</arg>
<doc>Selects options from selection list ``locator`` by ``values``.</doc>
<msg timestamp="20210326 07:49:48.509" level="INFO">Selecting options from selection list 'id:select_department' by value 8.</msg>
<status status="PASS" starttime="20210326 07:49:48.509" endtime="20210326 07:49:48.541"/>
</kw>
<status status="PASS" starttime="20210326 07:49:48.509" endtime="20210326 07:49:48.541"/>
</kw>
<kw name="Click Button" library="Selenium2Library">
<arg>Sign in</arg>
<doc>Clicks the button identified by ``locator``.</doc>
<msg timestamp="20210326 07:49:48.541" level="INFO">Clicking button 'Sign in'.</msg>
<status status="PASS" starttime="20210326 07:49:48.541" endtime="20210326 07:49:48.947"/>
</kw>
<kw name="Home Page Should Be Open" library="resource">
<kw name="Location Should Be" library="Selenium2Library">
<arg>${HOME URL}</arg>
<doc>Verifies that the current URL is exactly ``url``.</doc>
<msg timestamp="20210326 07:49:48.952" level="INFO">Current location is 'http://127.0.0.1:8000/home/'.</msg>
<status status="PASS" starttime="20210326 07:49:48.948" endtime="20210326 07:49:48.952"/>
</kw>
<status status="PASS" starttime="20210326 07:49:48.947" endtime="20210326 07:49:48.952"/>
</kw>
<kw name="Select User Management Menu">
<kw name="Click Link" library="Selenium2Library">
<arg>//*[@id="sidebar"]/div[2]/ul[2]/li[2]/a</arg>
<doc>Clicks a link identified by ``locator``.</doc>
<msg timestamp="20210326 07:49:48.953" level="INFO">Clicking link '//*[@id="sidebar"]/div[2]/ul[2]/li[2]/a'.</msg>
<status status="PASS" starttime="20210326 07:49:48.953" endtime="20210326 07:49:49.001"/>
</kw>
<kw name="Sleep" library="BuiltIn">
<arg>1s</arg>
<doc>Pauses the test executed for the given time.</doc>
<msg timestamp="20210326 07:49:50.002" level="INFO">Slept 1 second</msg>
<status status="PASS" starttime="20210326 07:49:49.001" endtime="20210326 07:49:50.002"/>
</kw>
<status status="PASS" starttime="20210326 07:49:48.953" endtime="20210326 07:49:50.002"/>
</kw>
<kw name="Then Select Role">
<kw name="Click Link" library="Selenium2Library">
<arg>//*[@id="usermenu"]/li[2]/a</arg>
<doc>Clicks a link identified by ``locator``.</doc>
<msg timestamp="20210326 07:49:50.006" level="INFO">Clicking link '//*[@id="usermenu"]/li[2]/a'.</msg>
<status status="PASS" starttime="20210326 07:49:50.004" endtime="20210326 07:49:50.166"/>
</kw>
<status status="PASS" starttime="20210326 07:49:50.003" endtime="20210326 07:49:50.166"/>
</kw>
<kw name="Role Management Page Should Be Open">
<kw name="Location Should Be" library="Selenium2Library">
<arg>http://127.0.0.1:8000/usermanage/role-management</arg>
<doc>Verifies that the current URL is exactly ``url``.</doc>
<msg timestamp="20210326 07:49:50.170" level="INFO">Current location is 'http://127.0.0.1:8000/usermanage/role-management'.</msg>
<status status="PASS" starttime="20210326 07:49:50.167" endtime="20210326 07:49:50.170"/>
</kw>
<status status="PASS" starttime="20210326 07:49:50.166" endtime="20210326 07:49:50.171"/>
</kw>
<kw name="Select Role Will Be Edited">
<kw name="Click Element" library="Selenium2Library">
<arg>xpath://*[@id="myTable"]/tbody/tr[1]/td[4]/a[1]</arg>
<doc>Click the element identified by ``locator``.</doc>
<msg timestamp="20210326 07:49:50.171" level="INFO">Clicking element 'xpath://*[@id="myTable"]/tbody/tr[1]/td[4]/a[1]'.</msg>
<status status="PASS" starttime="20210326 07:49:50.171" endtime="20210326 07:49:50.275"/>
</kw>
<status status="PASS" starttime="20210326 07:49:50.171" endtime="20210326 07:49:50.275"/>
</kw>
<kw name="Edit Data">
<kw name="Wait Until Page Contains" library="Selenium2Library">
<arg>Setting</arg>
<doc>Waits until ``text`` appears on the current page.</doc>
<status status="PASS" starttime="20210326 07:49:50.276" endtime="20210326 07:49:50.285"/>
</kw>
<kw name="Sleep" library="BuiltIn">
<arg>1s</arg>
<doc>Pauses the test executed for the given time.</doc>
<msg timestamp="20210326 07:49:51.286" level="INFO">Slept 1 second</msg>
<status status="PASS" starttime="20210326 07:49:50.285" endtime="20210326 07:49:51.286"/>
</kw>
<kw name="Input Text" library="Selenium2Library">
<arg>xpath://*[@id="set_rolename1"]</arg>
<arg>A${TEST DATA}</arg>
<doc>Types the given ``text`` into the text field identified by ``locator``.</doc>
<msg timestamp="20210326 07:49:51.287" level="INFO">Typing text 'Atest' into text field 'xpath://*[@id="set_rolename1"]'.</msg>
<status status="PASS" starttime="20210326 07:49:51.286" endtime="20210326 07:49:51.454"/>
</kw>
<status status="PASS" starttime="20210326 07:49:50.275" endtime="20210326 07:49:51.454"/>
</kw>
<kw name="Click Element" library="Selenium2Library">
<arg>//*[@id="settingAAA"]/div/div/div[2]/div[3]/button[2]</arg>
<doc>Click the element identified by ``locator``.</doc>
<msg timestamp="20210326 07:49:51.455" level="INFO">Clicking element '//*[@id="settingAAA"]/div/div/div[2]/div[3]/button[2]'.</msg>
<status status="PASS" starttime="20210326 07:49:51.455" endtime="20210326 07:49:51.619"/>
</kw>
<kw name="Get Text" library="Selenium2Library">
<arg>class:alert-success</arg>
<doc>Returns the text value of the element identified by ``locator``.</doc>
<status status="PASS" starttime="20210326 07:49:51.620" endtime="20210326 07:49:51.645"/>
</kw>
<status status="PASS" starttime="20210326 07:49:45.778" endtime="20210326 07:49:51.646"/>
</test>
<kw name="Close Browser" library="Selenium2Library" type="TEARDOWN">
<doc>Closes the current browser.</doc>
<status status="PASS" starttime="20210326 07:49:51.649" endtime="20210326 07:49:51.749"/>
</kw>
<doc>A test suite for editing role.</doc>
<status status="PASS" starttime="20210326 07:49:45.532" endtime="20210326 07:49:51.749"/>
</suite>
<statistics>
<total>
<stat pass="1" fail="0" skip="0">All Tests</stat>
</total>
<tag>
</tag>
<suite>
<stat pass="1" fail="0" skip="0" id="s1" name="Edit Role">Edit Role</stat>
</suite>
</statistics>
<errors>
</errors>
</robot>
