<?xml version="1.0" encoding="UTF-8"?>
<robot generator="Robot 4.0 (Python 3.9.2 on darwin)" generated="20210324 21:09:39.919" rpa="false" schemaversion="2">
<suite id="s1" name="Delete Spare Group" source="/Users/MS/Project/MachineDB/Tests/delete_spare_group.robot">
<test id="s1-t1" name="Admin Deletes Spare Part Group">
<kw name="Open Browser To Signin Page" library="resource">
<kw name="Open Browser" library="Selenium2Library">
<arg>${SIGNIN URL}</arg>
<arg>${BROWSER}</arg>
<doc>Opens a new browser instance to the optional ``url``.</doc>
<msg timestamp="20210324 21:09:40.191" level="INFO">Opening browser 'Chrome' to base url 'http://127.0.0.1:8000/'.</msg>
<status status="PASS" starttime="20210324 21:09:40.190" endtime="20210324 21:09:43.003"/>
</kw>
<kw name="Maximize Browser Window" library="Selenium2Library">
<doc>Maximizes current browser window.</doc>
<status status="PASS" starttime="20210324 21:09:43.004" endtime="20210324 21:09:43.174"/>
</kw>
<kw name="Set Selenium Speed" library="Selenium2Library">
<arg>${DELAY}</arg>
<doc>Sets the delay that is waited after each Selenium command.</doc>
<status status="PASS" starttime="20210324 21:09:43.174" endtime="20210324 21:09:43.175"/>
</kw>
<status status="PASS" starttime="20210324 21:09:40.189" endtime="20210324 21:09:43.175"/>
</kw>
<kw name="Input Username" library="resource">
<arg>system</arg>
<kw name="Input Text" library="Selenium2Library">
<arg>inputUser</arg>
<arg>${username}</arg>
<doc>Types the given ``text`` into the text field identified by ``locator``.</doc>
<msg timestamp="20210324 21:09:43.178" level="INFO">Typing text 'system' into text field 'inputUser'.</msg>
<status status="PASS" starttime="20210324 21:09:43.176" endtime="20210324 21:09:43.382"/>
</kw>
<status status="PASS" starttime="20210324 21:09:43.176" endtime="20210324 21:09:43.383"/>
</kw>
<kw name="Input Password" library="resource">
<arg>admin</arg>
<kw name="Input Text" library="Selenium2Library">
<arg>inputPassword</arg>
<arg>${password}</arg>
<doc>Types the given ``text`` into the text field identified by ``locator``.</doc>
<msg timestamp="20210324 21:09:43.384" level="INFO">Typing text 'admin' into text field 'inputPassword'.</msg>
<status status="PASS" starttime="20210324 21:09:43.383" endtime="20210324 21:09:43.443"/>
</kw>
<status status="PASS" starttime="20210324 21:09:43.383" endtime="20210324 21:09:43.443"/>
</kw>
<kw name="Submit Credentials" library="resource">
<kw name="Click Button" library="Selenium2Library">
<arg>signin</arg>
<doc>Clicks the button identified by ``locator``.</doc>
<msg timestamp="20210324 21:09:43.444" level="INFO">Clicking button 'signin'.</msg>
<status status="PASS" starttime="20210324 21:09:43.444" endtime="20210324 21:09:43.570"/>
</kw>
<status status="PASS" starttime="20210324 21:09:43.443" endtime="20210324 21:09:43.570"/>
</kw>
<kw name="Then Select-Department Should Be Open" library="resource">
<kw name="Location Should Be" library="Selenium2Library">
<arg>${SELECTDEPARTMENT URL}</arg>
<doc>Verifies that the current URL is exactly ``url``.</doc>
<msg timestamp="20210324 21:09:43.574" level="INFO">Current location is 'http://127.0.0.1:8000/sign-in/department/'.</msg>
<status status="PASS" starttime="20210324 21:09:43.571" endtime="20210324 21:09:43.574"/>
</kw>
<status status="PASS" starttime="20210324 21:09:43.570" endtime="20210324 21:09:43.574"/>
</kw>
<kw name="Select Admin Department" library="resource">
<kw name="Select From List By Value" library="Selenium2Library">
<arg>id:select_department</arg>
<arg>8</arg>
<doc>Selects options from selection list ``locator`` by ``values``.</doc>
<msg timestamp="20210324 21:09:43.575" level="INFO">Selecting options from selection list 'id:select_department' by value 8.</msg>
<status status="PASS" starttime="20210324 21:09:43.575" endtime="20210324 21:09:43.607"/>
</kw>
<status status="PASS" starttime="20210324 21:09:43.574" endtime="20210324 21:09:43.607"/>
</kw>
<kw name="Click Button" library="Selenium2Library">
<arg>Sign in</arg>
<doc>Clicks the button identified by ``locator``.</doc>
<msg timestamp="20210324 21:09:43.608" level="INFO">Clicking button 'Sign in'.</msg>
<status status="PASS" starttime="20210324 21:09:43.607" endtime="20210324 21:09:43.985"/>
</kw>
<kw name="Home Page Should Be Open" library="resource">
<kw name="Location Should Be" library="Selenium2Library">
<arg>${HOME URL}</arg>
<doc>Verifies that the current URL is exactly ``url``.</doc>
<msg timestamp="20210324 21:09:43.995" level="INFO">Current location is 'http://127.0.0.1:8000/home/'.</msg>
<status status="PASS" starttime="20210324 21:09:43.986" endtime="20210324 21:09:43.995"/>
</kw>
<status status="PASS" starttime="20210324 21:09:43.985" endtime="20210324 21:09:43.995"/>
</kw>
<kw name="Select Spare Part Data Menu">
<kw name="Click Link" library="Selenium2Library">
<arg>//*[@id="sidebar"]/div[2]/ul[1]/li[2]/a</arg>
<doc>Clicks a link identified by ``locator``.</doc>
<msg timestamp="20210324 21:09:43.998" level="INFO">Clicking link '//*[@id="sidebar"]/div[2]/ul[1]/li[2]/a'.</msg>
<status status="PASS" starttime="20210324 21:09:43.997" endtime="20210324 21:09:44.078"/>
</kw>
<kw name="Sleep" library="BuiltIn">
<arg>1s</arg>
<doc>Pauses the test executed for the given time.</doc>
<msg timestamp="20210324 21:09:45.080" level="INFO">Slept 1 second</msg>
<status status="PASS" starttime="20210324 21:09:44.078" endtime="20210324 21:09:45.080"/>
</kw>
<status status="PASS" starttime="20210324 21:09:43.996" endtime="20210324 21:09:45.080"/>
</kw>
<kw name="Then Select Spare Part Group">
<kw name="Click Link" library="Selenium2Library">
<arg>//*[@id="spare_part_menumenu"]/li[2]/a</arg>
<doc>Clicks a link identified by ``locator``.</doc>
<msg timestamp="20210324 21:09:45.081" level="INFO">Clicking link '//*[@id="spare_part_menumenu"]/li[2]/a'.</msg>
<status status="PASS" starttime="20210324 21:09:45.081" endtime="20210324 21:09:45.297"/>
</kw>
<status status="PASS" starttime="20210324 21:09:45.081" endtime="20210324 21:09:45.297"/>
</kw>
<kw name="Spare part Group Management Page Should Be Open">
<kw name="Location Should Be" library="Selenium2Library">
<arg>http://127.0.0.1:8000/sparepartmanage/group/</arg>
<doc>Verifies that the current URL is exactly ``url``.</doc>
<msg timestamp="20210324 21:09:45.302" level="INFO">Current location is 'http://127.0.0.1:8000/sparepartmanage/group/'.</msg>
<status status="PASS" starttime="20210324 21:09:45.298" endtime="20210324 21:09:45.302"/>
</kw>
<status status="PASS" starttime="20210324 21:09:45.298" endtime="20210324 21:09:45.302"/>
</kw>
<kw name="Select Spare Part Group Will Be Deleteted">
<kw name="Click Element" library="Selenium2Library">
<arg>xpath://*[@id="myTable"]/tbody/tr[6]/td[4]/center/a[2]</arg>
<doc>Click the element identified by ``locator``.</doc>
<msg timestamp="20210324 21:09:45.304" level="INFO">Clicking element 'xpath://*[@id="myTable"]/tbody/tr[6]/td[4]/center/a[2]'.</msg>
<status status="PASS" starttime="20210324 21:09:45.303" endtime="20210324 21:09:45.395"/>
</kw>
<status status="PASS" starttime="20210324 21:09:45.303" endtime="20210324 21:09:45.395"/>
</kw>
<kw name="Confirm Deletion">
<kw name="Wait Until Page Contains" library="Selenium2Library">
<arg>Confirmation</arg>
<doc>Waits until ``text`` appears on the current page.</doc>
<status status="PASS" starttime="20210324 21:09:45.395" endtime="20210324 21:09:45.405"/>
</kw>
<kw name="Sleep" library="BuiltIn">
<arg>1s</arg>
<doc>Pauses the test executed for the given time.</doc>
<msg timestamp="20210324 21:09:46.406" level="INFO">Slept 1 second</msg>
<status status="PASS" starttime="20210324 21:09:45.405" endtime="20210324 21:09:46.406"/>
</kw>
<kw name="Click Element" library="Selenium2Library">
<arg>xpath://*[@id="delete21"]/div/div/div[3]/button[1]</arg>
<doc>Click the element identified by ``locator``.</doc>
<msg timestamp="20210324 21:09:46.407" level="INFO">Clicking element 'xpath://*[@id="delete21"]/div/div/div[3]/button[1]'.</msg>
<status status="PASS" starttime="20210324 21:09:46.407" endtime="20210324 21:09:46.591"/>
</kw>
<kw name="Get Text" library="Selenium2Library">
<arg>class:alert-success</arg>
<doc>Returns the text value of the element identified by ``locator``.</doc>
<status status="PASS" starttime="20210324 21:09:46.591" endtime="20210324 21:09:46.610"/>
</kw>
<status status="PASS" starttime="20210324 21:09:45.395" endtime="20210324 21:09:46.610"/>
</kw>
<status status="PASS" starttime="20210324 21:09:40.189" endtime="20210324 21:09:46.610"/>
</test>
<kw name="Close Browser" library="Selenium2Library" type="TEARDOWN">
<doc>Closes the current browser.</doc>
<status status="PASS" starttime="20210324 21:09:46.611" endtime="20210324 21:09:46.711"/>
</kw>
<doc>A test suite for deleting spare part group.</doc>
<status status="PASS" starttime="20210324 21:09:39.920" endtime="20210324 21:09:46.711"/>
</suite>
<statistics>
<total>
<stat pass="1" fail="0" skip="0">All Tests</stat>
</total>
<tag>
</tag>
<suite>
<stat pass="1" fail="0" skip="0" id="s1" name="Delete Spare Group">Delete Spare Group</stat>
</suite>
</statistics>
<errors>
</errors>
</robot>
