<?xml version="1.0" encoding="UTF-8"?>
<robot generator="Robot 4.0 (Python 3.9.2 on darwin)" generated="20210324 16:26:28.775" rpa="false" schemaversion="2">
<suite id="s1" name="Edit Spare" source="/Users/MS/Project/MachineDB/Tests/edit_spare.robot">
<test id="s1-t1" name="Admin Edits Spare Part">
<kw name="Open Browser To Signin Page" library="resource">
<kw name="Open Browser" library="Selenium2Library">
<arg>${SIGNIN URL}</arg>
<arg>${BROWSER}</arg>
<doc>Opens a new browser instance to the optional ``url``.</doc>
<msg timestamp="20210324 16:26:28.985" level="INFO">Opening browser 'Chrome' to base url 'http://127.0.0.1:8000/'.</msg>
<status status="PASS" starttime="20210324 16:26:28.985" endtime="20210324 16:26:31.498"/>
</kw>
<kw name="Maximize Browser Window" library="Selenium2Library">
<doc>Maximizes current browser window.</doc>
<status status="PASS" starttime="20210324 16:26:31.498" endtime="20210324 16:26:31.636"/>
</kw>
<kw name="Set Selenium Speed" library="Selenium2Library">
<arg>${DELAY}</arg>
<doc>Sets the delay that is waited after each Selenium command.</doc>
<status status="PASS" starttime="20210324 16:26:31.637" endtime="20210324 16:26:31.637"/>
</kw>
<status status="PASS" starttime="20210324 16:26:28.984" endtime="20210324 16:26:31.637"/>
</kw>
<kw name="Input Username" library="resource">
<arg>system</arg>
<kw name="Input Text" library="Selenium2Library">
<arg>inputUser</arg>
<arg>${username}</arg>
<doc>Types the given ``text`` into the text field identified by ``locator``.</doc>
<msg timestamp="20210324 16:26:31.638" level="INFO">Typing text 'system' into text field 'inputUser'.</msg>
<status status="PASS" starttime="20210324 16:26:31.638" endtime="20210324 16:26:31.774"/>
</kw>
<status status="PASS" starttime="20210324 16:26:31.638" endtime="20210324 16:26:31.775"/>
</kw>
<kw name="Input Password" library="resource">
<arg>admin</arg>
<kw name="Input Text" library="Selenium2Library">
<arg>inputPassword</arg>
<arg>${password}</arg>
<doc>Types the given ``text`` into the text field identified by ``locator``.</doc>
<msg timestamp="20210324 16:26:31.776" level="INFO">Typing text 'admin' into text field 'inputPassword'.</msg>
<status status="PASS" starttime="20210324 16:26:31.775" endtime="20210324 16:26:31.837"/>
</kw>
<status status="PASS" starttime="20210324 16:26:31.775" endtime="20210324 16:26:31.837"/>
</kw>
<kw name="Submit Credentials" library="resource">
<kw name="Click Button" library="Selenium2Library">
<arg>signin</arg>
<doc>Clicks the button identified by ``locator``.</doc>
<msg timestamp="20210324 16:26:31.838" level="INFO">Clicking button 'signin'.</msg>
<status status="PASS" starttime="20210324 16:26:31.837" endtime="20210324 16:26:31.953"/>
</kw>
<status status="PASS" starttime="20210324 16:26:31.837" endtime="20210324 16:26:31.954"/>
</kw>
<kw name="Then Select-Department Should Be Open" library="resource">
<kw name="Location Should Be" library="Selenium2Library">
<arg>${SELECTDEPARTMENT URL}</arg>
<doc>Verifies that the current URL is exactly ``url``.</doc>
<msg timestamp="20210324 16:26:31.960" level="INFO">Current location is 'http://127.0.0.1:8000/sign-in/department/'.</msg>
<status status="PASS" starttime="20210324 16:26:31.954" endtime="20210324 16:26:31.960"/>
</kw>
<status status="PASS" starttime="20210324 16:26:31.954" endtime="20210324 16:26:31.961"/>
</kw>
<kw name="Select Admin Department" library="resource">
<kw name="Select From List By Value" library="Selenium2Library">
<arg>id:select_department</arg>
<arg>8</arg>
<doc>Selects options from selection list ``locator`` by ``values``.</doc>
<msg timestamp="20210324 16:26:31.961" level="INFO">Selecting options from selection list 'id:select_department' by value 8.</msg>
<status status="PASS" starttime="20210324 16:26:31.961" endtime="20210324 16:26:31.992"/>
</kw>
<status status="PASS" starttime="20210324 16:26:31.961" endtime="20210324 16:26:31.992"/>
</kw>
<kw name="Click Button" library="Selenium2Library">
<arg>Sign in</arg>
<doc>Clicks the button identified by ``locator``.</doc>
<msg timestamp="20210324 16:26:31.992" level="INFO">Clicking button 'Sign in'.</msg>
<status status="PASS" starttime="20210324 16:26:31.992" endtime="20210324 16:26:32.451"/>
</kw>
<kw name="Home Page Should Be Open" library="resource">
<kw name="Location Should Be" library="Selenium2Library">
<arg>${HOME URL}</arg>
<doc>Verifies that the current URL is exactly ``url``.</doc>
<msg timestamp="20210324 16:26:32.457" level="INFO">Current location is 'http://127.0.0.1:8000/home/'.</msg>
<status status="PASS" starttime="20210324 16:26:32.452" endtime="20210324 16:26:32.457"/>
</kw>
<status status="PASS" starttime="20210324 16:26:32.451" endtime="20210324 16:26:32.457"/>
</kw>
<kw name="Select Spare Part Data Menu">
<kw name="Click Link" library="Selenium2Library">
<arg>//*[@id="sidebar"]/div[2]/ul[1]/li[2]/a</arg>
<doc>Clicks a link identified by ``locator``.</doc>
<msg timestamp="20210324 16:26:32.458" level="INFO">Clicking link '//*[@id="sidebar"]/div[2]/ul[1]/li[2]/a'.</msg>
<status status="PASS" starttime="20210324 16:26:32.458" endtime="20210324 16:26:32.503"/>
</kw>
<kw name="Sleep" library="BuiltIn">
<arg>1s</arg>
<doc>Pauses the test executed for the given time.</doc>
<msg timestamp="20210324 16:26:33.505" level="INFO">Slept 1 second</msg>
<status status="PASS" starttime="20210324 16:26:32.503" endtime="20210324 16:26:33.506"/>
</kw>
<status status="PASS" starttime="20210324 16:26:32.458" endtime="20210324 16:26:33.506"/>
</kw>
<kw name="Then Select Spare Part">
<kw name="Click Link" library="Selenium2Library">
<arg>//*[@id="spare_part_menumenu"]/li[1]/a</arg>
<doc>Clicks a link identified by ``locator``.</doc>
<msg timestamp="20210324 16:26:33.508" level="INFO">Clicking link '//*[@id="spare_part_menumenu"]/li[1]/a'.</msg>
<status status="PASS" starttime="20210324 16:26:33.507" endtime="20210324 16:26:33.700"/>
</kw>
<status status="PASS" starttime="20210324 16:26:33.507" endtime="20210324 16:26:33.700"/>
</kw>
<kw name="Spare Part Management Page Should Be Open">
<kw name="Location Should Be" library="Selenium2Library">
<arg>http://127.0.0.1:8000/sparepartmanage/spare-part/</arg>
<doc>Verifies that the current URL is exactly ``url``.</doc>
<msg timestamp="20210324 16:26:33.704" level="INFO">Current location is 'http://127.0.0.1:8000/sparepartmanage/spare-part/'.</msg>
<status status="PASS" starttime="20210324 16:26:33.700" endtime="20210324 16:26:33.704"/>
</kw>
<status status="PASS" starttime="20210324 16:26:33.700" endtime="20210324 16:26:33.704"/>
</kw>
<kw name="Select Spare Part Will Be Edited">
<kw name="Click Element" library="Selenium2Library">
<arg>xpath://*[@id="myTable"]/tbody/tr[5]/td[9]/center/a[1]</arg>
<doc>Click the element identified by ``locator``.</doc>
<msg timestamp="20210324 16:26:33.705" level="INFO">Clicking element 'xpath://*[@id="myTable"]/tbody/tr[5]/td[9]/center/a[1]'.</msg>
<status status="PASS" starttime="20210324 16:26:33.705" endtime="20210324 16:26:33.796"/>
</kw>
<status status="PASS" starttime="20210324 16:26:33.704" endtime="20210324 16:26:33.797"/>
</kw>
<kw name="Edit Data">
<kw name="Wait Until Page Contains" library="Selenium2Library">
<arg>Setting</arg>
<doc>Waits until ``text`` appears on the current page.</doc>
<status status="PASS" starttime="20210324 16:26:33.797" endtime="20210324 16:26:33.807"/>
</kw>
<kw name="Sleep" library="BuiltIn">
<arg>1s</arg>
<doc>Pauses the test executed for the given time.</doc>
<msg timestamp="20210324 16:26:34.809" level="INFO">Slept 1 second</msg>
<status status="PASS" starttime="20210324 16:26:33.808" endtime="20210324 16:26:34.809"/>
</kw>
<kw name="Input Text" library="Selenium2Library">
<arg>xpath://*[@id="set_sp_name5"]</arg>
<arg>${TEST DATA}</arg>
<doc>Types the given ``text`` into the text field identified by ``locator``.</doc>
<msg timestamp="20210324 16:26:34.810" level="INFO">Typing text 'test' into text field 'xpath://*[@id="set_sp_name5"]'.</msg>
<status status="PASS" starttime="20210324 16:26:34.809" endtime="20210324 16:26:34.961"/>
</kw>
<kw name="Sleep" library="BuiltIn">
<arg>1s</arg>
<doc>Pauses the test executed for the given time.</doc>
<msg timestamp="20210324 16:26:35.963" level="INFO">Slept 1 second</msg>
<status status="PASS" starttime="20210324 16:26:34.961" endtime="20210324 16:26:35.964"/>
</kw>
<status status="PASS" starttime="20210324 16:26:33.797" endtime="20210324 16:26:35.964"/>
</kw>
<kw name="Click Element" library="Selenium2Library">
<arg>//*[@id="setting19"]/div/div/div[2]/div[6]/button[2]</arg>
<doc>Click the element identified by ``locator``.</doc>
<msg timestamp="20210324 16:26:35.966" level="INFO">Clicking element '//*[@id="setting19"]/div/div/div[2]/div[6]/button[2]'.</msg>
<status status="PASS" starttime="20210324 16:26:35.965" endtime="20210324 16:26:36.177"/>
</kw>
<kw name="Get Text" library="Selenium2Library">
<arg>class:alert-success</arg>
<doc>Returns the text value of the element identified by ``locator``.</doc>
<status status="PASS" starttime="20210324 16:26:36.177" endtime="20210324 16:26:36.196"/>
</kw>
<status status="PASS" starttime="20210324 16:26:28.983" endtime="20210324 16:26:36.196"/>
</test>
<kw name="Close Browser" library="Selenium2Library" type="TEARDOWN">
<doc>Closes the current browser.</doc>
<status status="PASS" starttime="20210324 16:26:36.197" endtime="20210324 16:26:36.285"/>
</kw>
<doc>A test suite for editing spare part.</doc>
<status status="PASS" starttime="20210324 16:26:28.777" endtime="20210324 16:26:36.285"/>
</suite>
<statistics>
<total>
<stat pass="1" fail="0" skip="0">All Tests</stat>
</total>
<tag>
</tag>
<suite>
<stat pass="1" fail="0" skip="0" id="s1" name="Edit Spare">Edit Spare</stat>
</suite>
</statistics>
<errors>
</errors>
</robot>
