<?xml version="1.0" encoding="UTF-8"?>
<robot generator="Robot 4.0 (Python 3.9.2 on darwin)" generated="20210324 15:17:13.460" rpa="false" schemaversion="2">
<suite id="s1" name="Add New Spare Subtype" source="/Users/MS/Project/MachineDB/Tests/add_new_spare_subtype.robot">
<test id="s1-t1" name="Admin Adds New Spare Part Type">
<kw name="Open Browser To Signin Page" library="resource">
<kw name="Open Browser" library="Selenium2Library">
<arg>${SIGNIN URL}</arg>
<arg>${BROWSER}</arg>
<doc>Opens a new browser instance to the optional ``url``.</doc>
<msg timestamp="20210324 15:17:13.622" level="INFO">Opening browser 'Chrome' to base url 'http://127.0.0.1:8000/'.</msg>
<status status="PASS" starttime="20210324 15:17:13.621" endtime="20210324 15:17:16.113"/>
</kw>
<kw name="Maximize Browser Window" library="Selenium2Library">
<doc>Maximizes current browser window.</doc>
<status status="PASS" starttime="20210324 15:17:16.114" endtime="20210324 15:17:16.245"/>
</kw>
<kw name="Set Selenium Speed" library="Selenium2Library">
<arg>${DELAY}</arg>
<doc>Sets the delay that is waited after each Selenium command.</doc>
<status status="PASS" starttime="20210324 15:17:16.245" endtime="20210324 15:17:16.246"/>
</kw>
<status status="PASS" starttime="20210324 15:17:13.621" endtime="20210324 15:17:16.246"/>
</kw>
<kw name="Input Username" library="resource">
<arg>system</arg>
<kw name="Input Text" library="Selenium2Library">
<arg>inputUser</arg>
<arg>${username}</arg>
<doc>Types the given ``text`` into the text field identified by ``locator``.</doc>
<msg timestamp="20210324 15:17:16.247" level="INFO">Typing text 'system' into text field 'inputUser'.</msg>
<status status="PASS" starttime="20210324 15:17:16.247" endtime="20210324 15:17:16.378"/>
</kw>
<status status="PASS" starttime="20210324 15:17:16.246" endtime="20210324 15:17:16.378"/>
</kw>
<kw name="Input Password" library="resource">
<arg>admin</arg>
<kw name="Input Text" library="Selenium2Library">
<arg>inputPassword</arg>
<arg>${password}</arg>
<doc>Types the given ``text`` into the text field identified by ``locator``.</doc>
<msg timestamp="20210324 15:17:16.379" level="INFO">Typing text 'admin' into text field 'inputPassword'.</msg>
<status status="PASS" starttime="20210324 15:17:16.379" endtime="20210324 15:17:16.439"/>
</kw>
<status status="PASS" starttime="20210324 15:17:16.379" endtime="20210324 15:17:16.439"/>
</kw>
<kw name="Submit Credentials" library="resource">
<kw name="Click Button" library="Selenium2Library">
<arg>signin</arg>
<doc>Clicks the button identified by ``locator``.</doc>
<msg timestamp="20210324 15:17:16.440" level="INFO">Clicking button 'signin'.</msg>
<status status="PASS" starttime="20210324 15:17:16.440" endtime="20210324 15:17:16.559"/>
</kw>
<status status="PASS" starttime="20210324 15:17:16.439" endtime="20210324 15:17:16.559"/>
</kw>
<kw name="Then Select-Department Should Be Open" library="resource">
<kw name="Location Should Be" library="Selenium2Library">
<arg>${SELECTDEPARTMENT URL}</arg>
<doc>Verifies that the current URL is exactly ``url``.</doc>
<msg timestamp="20210324 15:17:16.563" level="INFO">Current location is 'http://127.0.0.1:8000/sign-in/department/'.</msg>
<status status="PASS" starttime="20210324 15:17:16.560" endtime="20210324 15:17:16.563"/>
</kw>
<status status="PASS" starttime="20210324 15:17:16.559" endtime="20210324 15:17:16.563"/>
</kw>
<kw name="Select Admin Department" library="resource">
<kw name="Select From List By Value" library="Selenium2Library">
<arg>id:select_department</arg>
<arg>8</arg>
<doc>Selects options from selection list ``locator`` by ``values``.</doc>
<msg timestamp="20210324 15:17:16.564" level="INFO">Selecting options from selection list 'id:select_department' by value 8.</msg>
<status status="PASS" starttime="20210324 15:17:16.564" endtime="20210324 15:17:16.594"/>
</kw>
<status status="PASS" starttime="20210324 15:17:16.563" endtime="20210324 15:17:16.594"/>
</kw>
<kw name="Click Button" library="Selenium2Library">
<arg>Sign in</arg>
<doc>Clicks the button identified by ``locator``.</doc>
<msg timestamp="20210324 15:17:16.595" level="INFO">Clicking button 'Sign in'.</msg>
<status status="PASS" starttime="20210324 15:17:16.595" endtime="20210324 15:17:16.939"/>
</kw>
<kw name="Home Page Should Be Open" library="resource">
<kw name="Location Should Be" library="Selenium2Library">
<arg>${HOME URL}</arg>
<doc>Verifies that the current URL is exactly ``url``.</doc>
<msg timestamp="20210324 15:17:16.942" level="INFO">Current location is 'http://127.0.0.1:8000/home/'.</msg>
<status status="PASS" starttime="20210324 15:17:16.939" endtime="20210324 15:17:16.942"/>
</kw>
<status status="PASS" starttime="20210324 15:17:16.939" endtime="20210324 15:17:16.943"/>
</kw>
<kw name="Select Spare Part Data Menu">
<kw name="Click Link" library="Selenium2Library">
<arg>//*[@id="sidebar"]/div[2]/ul[1]/li[2]/a</arg>
<doc>Clicks a link identified by ``locator``.</doc>
<msg timestamp="20210324 15:17:16.943" level="INFO">Clicking link '//*[@id="sidebar"]/div[2]/ul[1]/li[2]/a'.</msg>
<status status="PASS" starttime="20210324 15:17:16.943" endtime="20210324 15:17:16.986"/>
</kw>
<kw name="Sleep" library="BuiltIn">
<arg>1s</arg>
<doc>Pauses the test executed for the given time.</doc>
<msg timestamp="20210324 15:17:17.988" level="INFO">Slept 1 second</msg>
<status status="PASS" starttime="20210324 15:17:16.986" endtime="20210324 15:17:17.988"/>
</kw>
<status status="PASS" starttime="20210324 15:17:16.943" endtime="20210324 15:17:17.989"/>
</kw>
<kw name="Then Select Spare Part Subtype">
<kw name="Click Link" library="Selenium2Library">
<arg>//*[@id="spare_part_menumenu"]/li[4]/a</arg>
<doc>Clicks a link identified by ``locator``.</doc>
<msg timestamp="20210324 15:17:17.991" level="INFO">Clicking link '//*[@id="spare_part_menumenu"]/li[4]/a'.</msg>
<status status="PASS" starttime="20210324 15:17:17.990" endtime="20210324 15:17:18.282"/>
</kw>
<status status="PASS" starttime="20210324 15:17:17.989" endtime="20210324 15:17:18.282"/>
</kw>
<kw name="Spare part Subtype Management Page Should Be Open">
<kw name="Location Should Be" library="Selenium2Library">
<arg>http://127.0.0.1:8000/sparepartmanage/subtype/</arg>
<doc>Verifies that the current URL is exactly ``url``.</doc>
<msg timestamp="20210324 15:17:18.287" level="INFO">Current location is 'http://127.0.0.1:8000/sparepartmanage/subtype/'.</msg>
<status status="PASS" starttime="20210324 15:17:18.283" endtime="20210324 15:17:18.287"/>
</kw>
<status status="PASS" starttime="20210324 15:17:18.282" endtime="20210324 15:17:18.287"/>
</kw>
<kw name="Click Add Subtype Spare Part Button">
<kw name="Click Element" library="Selenium2Library">
<arg>xpath:/html/body/div[2]/div/div/div[1]/div/div[2]/a</arg>
<doc>Click the element identified by ``locator``.</doc>
<msg timestamp="20210324 15:17:18.288" level="INFO">Clicking element 'xpath:/html/body/div[2]/div/div/div[1]/div/div[2]/a'.</msg>
<status status="PASS" starttime="20210324 15:17:18.288" endtime="20210324 15:17:18.353"/>
</kw>
<status status="PASS" starttime="20210324 15:17:18.287" endtime="20210324 15:17:18.353"/>
</kw>
<kw name="Fill Data">
<kw name="Wait Until Page Contains" library="Selenium2Library">
<arg>Add New Spare Part Subtype</arg>
<doc>Waits until ``text`` appears on the current page.</doc>
<status status="PASS" starttime="20210324 15:17:18.354" endtime="20210324 15:17:18.366"/>
</kw>
<kw name="Sleep" library="BuiltIn">
<arg>1s</arg>
<doc>Pauses the test executed for the given time.</doc>
<msg timestamp="20210324 15:17:19.367" level="INFO">Slept 1 second</msg>
<status status="PASS" starttime="20210324 15:17:18.367" endtime="20210324 15:17:19.367"/>
</kw>
<kw name="Select From List By Value" library="Selenium2Library">
<arg>id:add_sp_group</arg>
<arg>21</arg>
<doc>Selects options from selection list ``locator`` by ``values``.</doc>
<msg timestamp="20210324 15:17:19.368" level="INFO">Selecting options from selection list 'id:add_sp_group' by value 21.</msg>
<status status="PASS" starttime="20210324 15:17:19.368" endtime="20210324 15:17:19.419"/>
</kw>
<kw name="Select From List By Value" library="Selenium2Library">
<arg>id:add_sp_type</arg>
<arg>49</arg>
<doc>Selects options from selection list ``locator`` by ``values``.</doc>
<msg timestamp="20210324 15:17:19.420" level="INFO">Selecting options from selection list 'id:add_sp_type' by value 49.</msg>
<status status="PASS" starttime="20210324 15:17:19.419" endtime="20210324 15:17:19.479"/>
</kw>
<kw name="Input Text" library="Selenium2Library">
<arg>xpath://*[@id="add_sp_subtype_code"]</arg>
<arg>${TEST DATA}</arg>
<doc>Types the given ``text`` into the text field identified by ``locator``.</doc>
<msg timestamp="20210324 15:17:19.480" level="INFO">Typing text 'test' into text field 'xpath://*[@id="add_sp_subtype_code"]'.</msg>
<status status="PASS" starttime="20210324 15:17:19.479" endtime="20210324 15:17:19.584"/>
</kw>
<kw name="Input Text" library="Selenium2Library">
<arg>xpath://*[@id="add_sp_subtype_name"]</arg>
<arg>${TEST DATA}</arg>
<doc>Types the given ``text`` into the text field identified by ``locator``.</doc>
<msg timestamp="20210324 15:17:19.585" level="INFO">Typing text 'test' into text field 'xpath://*[@id="add_sp_subtype_name"]'.</msg>
<status status="PASS" starttime="20210324 15:17:19.584" endtime="20210324 15:17:19.658"/>
</kw>
<status status="PASS" starttime="20210324 15:17:18.354" endtime="20210324 15:17:19.658"/>
</kw>
<kw name="Click Button" library="Selenium2Library">
<arg>id:add_spare_part_subtype</arg>
<doc>Clicks the button identified by ``locator``.</doc>
<msg timestamp="20210324 15:17:19.659" level="INFO">Clicking button 'id:add_spare_part_subtype'.</msg>
<status status="PASS" starttime="20210324 15:17:19.658" endtime="20210324 15:17:20.023"/>
</kw>
<kw name="Get Text" library="Selenium2Library">
<arg>class:alert-success</arg>
<doc>Returns the text value of the element identified by ``locator``.</doc>
<status status="PASS" starttime="20210324 15:17:20.024" endtime="20210324 15:17:20.045"/>
</kw>
<status status="PASS" starttime="20210324 15:17:13.620" endtime="20210324 15:17:20.045"/>
</test>
<kw name="Close Browser" library="Selenium2Library" type="TEARDOWN">
<doc>Closes the current browser.</doc>
<status status="PASS" starttime="20210324 15:17:20.046" endtime="20210324 15:17:20.132"/>
</kw>
<doc>A test suite for adding new spare part subtype.</doc>
<status status="PASS" starttime="20210324 15:17:13.462" endtime="20210324 15:17:20.132"/>
</suite>
<statistics>
<total>
<stat pass="1" fail="0" skip="0">All Tests</stat>
</total>
<tag>
</tag>
<suite>
<stat pass="1" fail="0" skip="0" id="s1" name="Add New Spare Subtype">Add New Spare Subtype</stat>
</suite>
</statistics>
<errors>
</errors>
</robot>
