<?xml version="1.0" encoding="UTF-8"?>
<robot generator="Robot 4.0 (Python 3.9.2 on darwin)" generated="20210324 16:31:51.322" rpa="false" schemaversion="2">
<suite id="s1" name="Delete Spare" source="/Users/MS/Project/MachineDB/Tests/delete_spare.robot">
<test id="s1-t1" name="Admin Removes Spare Part">
<kw name="Open Browser To Signin Page" library="resource">
<kw name="Open Browser" library="Selenium2Library">
<arg>${SIGNIN URL}</arg>
<arg>${BROWSER}</arg>
<doc>Opens a new browser instance to the optional ``url``.</doc>
<msg timestamp="20210324 16:31:51.530" level="INFO">Opening browser 'Chrome' to base url 'http://127.0.0.1:8000/'.</msg>
<status status="PASS" starttime="20210324 16:31:51.530" endtime="20210324 16:31:54.034"/>
</kw>
<kw name="Maximize Browser Window" library="Selenium2Library">
<doc>Maximizes current browser window.</doc>
<status status="PASS" starttime="20210324 16:31:54.034" endtime="20210324 16:31:54.158"/>
</kw>
<kw name="Set Selenium Speed" library="Selenium2Library">
<arg>${DELAY}</arg>
<doc>Sets the delay that is waited after each Selenium command.</doc>
<status status="PASS" starttime="20210324 16:31:54.158" endtime="20210324 16:31:54.159"/>
</kw>
<status status="PASS" starttime="20210324 16:31:51.529" endtime="20210324 16:31:54.159"/>
</kw>
<kw name="Input Username" library="resource">
<arg>system</arg>
<kw name="Input Text" library="Selenium2Library">
<arg>inputUser</arg>
<arg>${username}</arg>
<doc>Types the given ``text`` into the text field identified by ``locator``.</doc>
<msg timestamp="20210324 16:31:54.160" level="INFO">Typing text 'system' into text field 'inputUser'.</msg>
<status status="PASS" starttime="20210324 16:31:54.160" endtime="20210324 16:31:54.292"/>
</kw>
<status status="PASS" starttime="20210324 16:31:54.159" endtime="20210324 16:31:54.292"/>
</kw>
<kw name="Input Password" library="resource">
<arg>admin</arg>
<kw name="Input Text" library="Selenium2Library">
<arg>inputPassword</arg>
<arg>${password}</arg>
<doc>Types the given ``text`` into the text field identified by ``locator``.</doc>
<msg timestamp="20210324 16:31:54.293" level="INFO">Typing text 'admin' into text field 'inputPassword'.</msg>
<status status="PASS" starttime="20210324 16:31:54.292" endtime="20210324 16:31:54.351"/>
</kw>
<status status="PASS" starttime="20210324 16:31:54.292" endtime="20210324 16:31:54.352"/>
</kw>
<kw name="Submit Credentials" library="resource">
<kw name="Click Button" library="Selenium2Library">
<arg>signin</arg>
<doc>Clicks the button identified by ``locator``.</doc>
<msg timestamp="20210324 16:31:54.352" level="INFO">Clicking button 'signin'.</msg>
<status status="PASS" starttime="20210324 16:31:54.352" endtime="20210324 16:31:54.469"/>
</kw>
<status status="PASS" starttime="20210324 16:31:54.352" endtime="20210324 16:31:54.470"/>
</kw>
<kw name="Then Select-Department Should Be Open" library="resource">
<kw name="Location Should Be" library="Selenium2Library">
<arg>${SELECTDEPARTMENT URL}</arg>
<doc>Verifies that the current URL is exactly ``url``.</doc>
<msg timestamp="20210324 16:31:54.475" level="INFO">Current location is 'http://127.0.0.1:8000/sign-in/department/'.</msg>
<status status="PASS" starttime="20210324 16:31:54.470" endtime="20210324 16:31:54.475"/>
</kw>
<status status="PASS" starttime="20210324 16:31:54.470" endtime="20210324 16:31:54.475"/>
</kw>
<kw name="Select Admin Department" library="resource">
<kw name="Select From List By Value" library="Selenium2Library">
<arg>id:select_department</arg>
<arg>8</arg>
<doc>Selects options from selection list ``locator`` by ``values``.</doc>
<msg timestamp="20210324 16:31:54.476" level="INFO">Selecting options from selection list 'id:select_department' by value 8.</msg>
<status status="PASS" starttime="20210324 16:31:54.475" endtime="20210324 16:31:54.505"/>
</kw>
<status status="PASS" starttime="20210324 16:31:54.475" endtime="20210324 16:31:54.505"/>
</kw>
<kw name="Click Button" library="Selenium2Library">
<arg>Sign in</arg>
<doc>Clicks the button identified by ``locator``.</doc>
<msg timestamp="20210324 16:31:54.505" level="INFO">Clicking button 'Sign in'.</msg>
<status status="PASS" starttime="20210324 16:31:54.505" endtime="20210324 16:31:54.854"/>
</kw>
<kw name="Home Page Should Be Open" library="resource">
<kw name="Location Should Be" library="Selenium2Library">
<arg>${HOME URL}</arg>
<doc>Verifies that the current URL is exactly ``url``.</doc>
<msg timestamp="20210324 16:31:54.858" level="INFO">Current location is 'http://127.0.0.1:8000/home/'.</msg>
<status status="PASS" starttime="20210324 16:31:54.854" endtime="20210324 16:31:54.858"/>
</kw>
<status status="PASS" starttime="20210324 16:31:54.854" endtime="20210324 16:31:54.858"/>
</kw>
<kw name="Select Spare Part Data Menu">
<kw name="Click Link" library="Selenium2Library">
<arg>//*[@id="sidebar"]/div[2]/ul[1]/li[2]/a</arg>
<doc>Clicks a link identified by ``locator``.</doc>
<msg timestamp="20210324 16:31:54.858" level="INFO">Clicking link '//*[@id="sidebar"]/div[2]/ul[1]/li[2]/a'.</msg>
<status status="PASS" starttime="20210324 16:31:54.858" endtime="20210324 16:31:54.898"/>
</kw>
<kw name="Sleep" library="BuiltIn">
<arg>1s</arg>
<doc>Pauses the test executed for the given time.</doc>
<msg timestamp="20210324 16:31:55.900" level="INFO">Slept 1 second</msg>
<status status="PASS" starttime="20210324 16:31:54.899" endtime="20210324 16:31:55.900"/>
</kw>
<status status="PASS" starttime="20210324 16:31:54.858" endtime="20210324 16:31:55.901"/>
</kw>
<kw name="Then Select Spare Part">
<kw name="Click Link" library="Selenium2Library">
<arg>//*[@id="spare_part_menumenu"]/li[1]/a</arg>
<doc>Clicks a link identified by ``locator``.</doc>
<msg timestamp="20210324 16:31:55.903" level="INFO">Clicking link '//*[@id="spare_part_menumenu"]/li[1]/a'.</msg>
<status status="PASS" starttime="20210324 16:31:55.902" endtime="20210324 16:31:56.106"/>
</kw>
<status status="PASS" starttime="20210324 16:31:55.901" endtime="20210324 16:31:56.106"/>
</kw>
<kw name="Spare Part Management Page Should Be Open">
<kw name="Location Should Be" library="Selenium2Library">
<arg>http://127.0.0.1:8000/sparepartmanage/spare-part/</arg>
<doc>Verifies that the current URL is exactly ``url``.</doc>
<msg timestamp="20210324 16:31:56.110" level="INFO">Current location is 'http://127.0.0.1:8000/sparepartmanage/spare-part/'.</msg>
<status status="PASS" starttime="20210324 16:31:56.107" endtime="20210324 16:31:56.111"/>
</kw>
<status status="PASS" starttime="20210324 16:31:56.107" endtime="20210324 16:31:56.111"/>
</kw>
<kw name="Select Spare Part Will Be Deleteted">
<kw name="Click Element" library="Selenium2Library">
<arg>xpath://*[@id="myTable"]/tbody/tr[5]/td[9]/center/a[2]</arg>
<doc>Click the element identified by ``locator``.</doc>
<msg timestamp="20210324 16:31:56.112" level="INFO">Clicking element 'xpath://*[@id="myTable"]/tbody/tr[5]/td[9]/center/a[2]'.</msg>
<status status="PASS" starttime="20210324 16:31:56.111" endtime="20210324 16:31:56.205"/>
</kw>
<status status="PASS" starttime="20210324 16:31:56.111" endtime="20210324 16:31:56.205"/>
</kw>
<kw name="Confirm Deletion">
<kw name="Wait Until Page Contains" library="Selenium2Library">
<arg>Confirmation</arg>
<doc>Waits until ``text`` appears on the current page.</doc>
<status status="PASS" starttime="20210324 16:31:56.206" endtime="20210324 16:31:56.217"/>
</kw>
<kw name="Sleep" library="BuiltIn">
<arg>1s</arg>
<doc>Pauses the test executed for the given time.</doc>
<msg timestamp="20210324 16:31:57.218" level="INFO">Slept 1 second</msg>
<status status="PASS" starttime="20210324 16:31:56.217" endtime="20210324 16:31:57.218"/>
</kw>
<kw name="Click Element" library="Selenium2Library">
<arg>xpath://*[@id="delete19"]/div/div/div[3]/button[1]</arg>
<doc>Click the element identified by ``locator``.</doc>
<msg timestamp="20210324 16:31:57.218" level="INFO">Clicking element 'xpath://*[@id="delete19"]/div/div/div[3]/button[1]'.</msg>
<status status="PASS" starttime="20210324 16:31:57.218" endtime="20210324 16:31:57.389"/>
</kw>
<kw name="Get Text" library="Selenium2Library">
<arg>class:alert-success</arg>
<doc>Returns the text value of the element identified by ``locator``.</doc>
<status status="PASS" starttime="20210324 16:31:57.390" endtime="20210324 16:31:57.408"/>
</kw>
<status status="PASS" starttime="20210324 16:31:56.206" endtime="20210324 16:31:57.409"/>
</kw>
<status status="PASS" starttime="20210324 16:31:51.529" endtime="20210324 16:31:57.409"/>
</test>
<kw name="Close Browser" library="Selenium2Library" type="TEARDOWN">
<doc>Closes the current browser.</doc>
<status status="PASS" starttime="20210324 16:31:57.410" endtime="20210324 16:31:57.499"/>
</kw>
<doc>A test suite for deleting spare part.</doc>
<status status="PASS" starttime="20210324 16:31:51.324" endtime="20210324 16:31:57.499"/>
</suite>
<statistics>
<total>
<stat pass="1" fail="0" skip="0">All Tests</stat>
</total>
<tag>
</tag>
<suite>
<stat pass="1" fail="0" skip="0" id="s1" name="Delete Spare">Delete Spare</stat>
</suite>
</statistics>
<errors>
</errors>
</robot>
