<?xml version="1.0" encoding="UTF-8"?>
<robot generator="Robot 4.0 (Python 3.9.2 on darwin)" generated="20210328 15:43:56.459" rpa="false" schemaversion="2">
<suite id="s1" name="Approve Maintenance" source="/Users/MS/Project/MachineDB/Tests/approve_maintenance.robot">
<test id="s1-t1" name="Engineer01 Approves Maintenance">
<kw name="Open Browser To Signin Page" library="resource">
<kw name="Open Browser" library="Selenium2Library">
<arg>${SIGNIN URL}</arg>
<arg>${BROWSER}</arg>
<doc>Opens a new browser instance to the optional ``url``.</doc>
<msg timestamp="20210328 15:43:56.682" level="INFO">Opening browser 'Chrome' to base url 'http://127.0.0.1:8000/'.</msg>
<status status="PASS" starttime="20210328 15:43:56.682" endtime="20210328 15:43:59.481"/>
</kw>
<kw name="Maximize Browser Window" library="Selenium2Library">
<doc>Maximizes current browser window.</doc>
<status status="PASS" starttime="20210328 15:43:59.482" endtime="20210328 15:43:59.605"/>
</kw>
<kw name="Set Selenium Speed" library="Selenium2Library">
<arg>${DELAY}</arg>
<doc>Sets the delay that is waited after each Selenium command.</doc>
<status status="PASS" starttime="20210328 15:43:59.605" endtime="20210328 15:43:59.605"/>
</kw>
<status status="PASS" starttime="20210328 15:43:56.681" endtime="20210328 15:43:59.606"/>
</kw>
<kw name="Input Username" library="resource">
<arg>engineer01</arg>
<kw name="Input Text" library="Selenium2Library">
<arg>inputUser</arg>
<arg>${username}</arg>
<doc>Types the given ``text`` into the text field identified by ``locator``.</doc>
<msg timestamp="20210328 15:43:59.607" level="INFO">Typing text 'engineer01' into text field 'inputUser'.</msg>
<status status="PASS" starttime="20210328 15:43:59.606" endtime="20210328 15:43:59.781"/>
</kw>
<status status="PASS" starttime="20210328 15:43:59.606" endtime="20210328 15:43:59.781"/>
</kw>
<kw name="Input Password" library="resource">
<arg>engineer01</arg>
<kw name="Input Text" library="Selenium2Library">
<arg>inputPassword</arg>
<arg>${password}</arg>
<doc>Types the given ``text`` into the text field identified by ``locator``.</doc>
<msg timestamp="20210328 15:43:59.783" level="INFO">Typing text 'engineer01' into text field 'inputPassword'.</msg>
<status status="PASS" starttime="20210328 15:43:59.782" endtime="20210328 15:43:59.866"/>
</kw>
<status status="PASS" starttime="20210328 15:43:59.782" endtime="20210328 15:43:59.866"/>
</kw>
<kw name="Submit Credentials" library="resource">
<kw name="Click Button" library="Selenium2Library">
<arg>signin</arg>
<doc>Clicks the button identified by ``locator``.</doc>
<msg timestamp="20210328 15:43:59.867" level="INFO">Clicking button 'signin'.</msg>
<status status="PASS" starttime="20210328 15:43:59.867" endtime="20210328 15:43:59.991"/>
</kw>
<status status="PASS" starttime="20210328 15:43:59.866" endtime="20210328 15:43:59.991"/>
</kw>
<kw name="Then Select-Department Should Be Open" library="resource">
<kw name="Location Should Be" library="Selenium2Library">
<arg>${SELECTDEPARTMENT URL}</arg>
<doc>Verifies that the current URL is exactly ``url``.</doc>
<msg timestamp="20210328 15:43:59.997" level="INFO">Current location is 'http://127.0.0.1:8000/sign-in/department/'.</msg>
<status status="PASS" starttime="20210328 15:43:59.991" endtime="20210328 15:43:59.997"/>
</kw>
<status status="PASS" starttime="20210328 15:43:59.991" endtime="20210328 15:43:59.998"/>
</kw>
<kw name="Select Engineering Line 8 Department" library="resource">
<kw name="Select From List By Value" library="Selenium2Library">
<arg>id:select_department</arg>
<arg>5</arg>
<doc>Selects options from selection list ``locator`` by ``values``.</doc>
<msg timestamp="20210328 15:43:59.998" level="INFO">Selecting options from selection list 'id:select_department' by value 5.</msg>
<status status="PASS" starttime="20210328 15:43:59.998" endtime="20210328 15:44:00.028"/>
</kw>
<status status="PASS" starttime="20210328 15:43:59.998" endtime="20210328 15:44:00.028"/>
</kw>
<kw name="Click Button" library="Selenium2Library">
<arg>Sign in</arg>
<doc>Clicks the button identified by ``locator``.</doc>
<msg timestamp="20210328 15:44:00.029" level="INFO">Clicking button 'Sign in'.</msg>
<status status="PASS" starttime="20210328 15:44:00.029" endtime="20210328 15:44:00.389"/>
</kw>
<kw name="Home Page Should Be Open" library="resource">
<kw name="Location Should Be" library="Selenium2Library">
<arg>${HOME URL}</arg>
<doc>Verifies that the current URL is exactly ``url``.</doc>
<msg timestamp="20210328 15:44:00.393" level="INFO">Current location is 'http://127.0.0.1:8000/home/'.</msg>
<status status="PASS" starttime="20210328 15:44:00.390" endtime="20210328 15:44:00.393"/>
</kw>
<status status="PASS" starttime="20210328 15:44:00.389" endtime="20210328 15:44:00.393"/>
</kw>
<kw name="Select Machine Maintenance Menu">
<kw name="Click Link" library="Selenium2Library">
<arg>//*[@id="sidebar"]/div[2]/ul[1]/li[4]/a</arg>
<doc>Clicks a link identified by ``locator``.</doc>
<msg timestamp="20210328 15:44:00.394" level="INFO">Clicking link '//*[@id="sidebar"]/div[2]/ul[1]/li[4]/a'.</msg>
<status status="PASS" starttime="20210328 15:44:00.394" endtime="20210328 15:44:00.450"/>
</kw>
<kw name="Sleep" library="BuiltIn">
<arg>1s</arg>
<doc>Pauses the test executed for the given time.</doc>
<msg timestamp="20210328 15:44:01.452" level="INFO">Slept 1 second</msg>
<status status="PASS" starttime="20210328 15:44:00.450" endtime="20210328 15:44:01.452"/>
</kw>
<status status="PASS" starttime="20210328 15:44:00.393" endtime="20210328 15:44:01.453"/>
</kw>
<kw name="Then Select Report Maintenance">
<kw name="Click Link" library="Selenium2Library">
<arg>//*[@id="preventive_datamenu"]/li[5]/a</arg>
<doc>Clicks a link identified by ``locator``.</doc>
<msg timestamp="20210328 15:44:01.455" level="INFO">Clicking link '//*[@id="preventive_datamenu"]/li[5]/a'.</msg>
<status status="PASS" starttime="20210328 15:44:01.454" endtime="20210328 15:44:01.708"/>
</kw>
<status status="PASS" starttime="20210328 15:44:01.453" endtime="20210328 15:44:01.708"/>
</kw>
<kw name="Maintenance Report Page Should Be Open">
<kw name="Location Should Be" library="Selenium2Library">
<arg>http://127.0.0.1:8000/preventive/maintenance-report</arg>
<doc>Verifies that the current URL is exactly ``url``.</doc>
<msg timestamp="20210328 15:44:01.712" level="INFO">Current location is 'http://127.0.0.1:8000/preventive/maintenance-report'.</msg>
<status status="PASS" starttime="20210328 15:44:01.709" endtime="20210328 15:44:01.713"/>
</kw>
<status status="PASS" starttime="20210328 15:44:01.708" endtime="20210328 15:44:01.713"/>
</kw>
<kw name="Select Maintenance Will Be Approved">
<kw name="Click Element" library="Selenium2Library">
<arg>xpath://*[@id="myTable"]/tbody/tr[5]/td[10]/center/a[2]</arg>
<doc>Click the element identified by ``locator``.</doc>
<msg timestamp="20210328 15:44:01.714" level="INFO">Clicking element 'xpath://*[@id="myTable"]/tbody/tr[5]/td[10]/center/a[2]'.</msg>
<status status="PASS" starttime="20210328 15:44:01.713" endtime="20210328 15:44:01.810"/>
</kw>
<status status="PASS" starttime="20210328 15:44:01.713" endtime="20210328 15:44:01.810"/>
</kw>
<kw name="Approve Maintenance">
<kw name="Wait Until Page Contains" library="Selenium2Library">
<arg>รายงานระบบซ่อมบำรุง</arg>
<doc>Waits until ``text`` appears on the current page.</doc>
<status status="PASS" starttime="20210328 15:44:01.810" endtime="20210328 15:44:01.824"/>
</kw>
<kw name="Sleep" library="BuiltIn">
<arg>1s</arg>
<doc>Pauses the test executed for the given time.</doc>
<msg timestamp="20210328 15:44:02.826" level="INFO">Slept 1 second</msg>
<status status="PASS" starttime="20210328 15:44:01.825" endtime="20210328 15:44:02.826"/>
</kw>
<kw name="Click Element" library="Selenium2Library">
<arg>xpath://*[@id="report5"]/div/div/div[2]/div[2]/div[2]/div/label</arg>
<doc>Click the element identified by ``locator``.</doc>
<msg timestamp="20210328 15:44:02.827" level="INFO">Clicking element 'xpath://*[@id="report5"]/div/div/div[2]/div[2]/div[2]/div/label'.</msg>
<status status="PASS" starttime="20210328 15:44:02.826" endtime="20210328 15:44:02.878"/>
</kw>
<kw name="Sleep" library="BuiltIn">
<arg>1s</arg>
<doc>Pauses the test executed for the given time.</doc>
<msg timestamp="20210328 15:44:03.880" level="INFO">Slept 1 second</msg>
<status status="PASS" starttime="20210328 15:44:02.878" endtime="20210328 15:44:03.880"/>
</kw>
<kw name="Click Element" library="Selenium2Library">
<arg>xpath://*[@id="report5"]/div/div/div[2]/div[3]/button[2]</arg>
<doc>Click the element identified by ``locator``.</doc>
<msg timestamp="20210328 15:44:03.881" level="INFO">Clicking element 'xpath://*[@id="report5"]/div/div/div[2]/div[3]/button[2]'.</msg>
<status status="PASS" starttime="20210328 15:44:03.881" endtime="20210328 15:44:04.139"/>
</kw>
<status status="PASS" starttime="20210328 15:44:01.810" endtime="20210328 15:44:04.140"/>
</kw>
<kw name="Then Maintenance Status Should Be Changed">
<kw name="Sleep" library="BuiltIn">
<arg>1s</arg>
<doc>Pauses the test executed for the given time.</doc>
<msg timestamp="20210328 15:44:05.143" level="INFO">Slept 1 second</msg>
<status status="PASS" starttime="20210328 15:44:04.140" endtime="20210328 15:44:05.143"/>
</kw>
<kw name="Get Text" library="Selenium2Library">
<var>${MaintenanceStatus}</var>
<arg>xpath=//*[@id="myTable"]/tbody/tr[5]/td[9]</arg>
<doc>Returns the text value of the element identified by ``locator``.</doc>
<msg timestamp="20210328 15:44:05.177" level="INFO">${MaintenanceStatus} = งานเสร็จสิ้น</msg>
<status status="PASS" starttime="20210328 15:44:05.144" endtime="20210328 15:44:05.177"/>
</kw>
<kw name="Log To Console" library="BuiltIn">
<arg>${MaintenanceStatus}</arg>
<doc>Logs the given message to the console.</doc>
<status status="PASS" starttime="20210328 15:44:05.178" endtime="20210328 15:44:05.178"/>
</kw>
<kw name="Should Be Equal" library="BuiltIn">
<arg>${MaintenanceStatus}</arg>
<arg>งานเสร็จสิ้น</arg>
<doc>Fails if the given objects are unequal.</doc>
<status status="PASS" starttime="20210328 15:44:05.178" endtime="20210328 15:44:05.178"/>
</kw>
<status status="PASS" starttime="20210328 15:44:04.140" endtime="20210328 15:44:05.179"/>
</kw>
<status status="PASS" starttime="20210328 15:43:56.680" endtime="20210328 15:44:05.179"/>
</test>
<kw name="Close Browser" library="Selenium2Library" type="TEARDOWN">
<doc>Closes the current browser.</doc>
<status status="PASS" starttime="20210328 15:44:05.180" endtime="20210328 15:44:05.275"/>
</kw>
<doc>A test suite for approving maintenance.</doc>
<status status="PASS" starttime="20210328 15:43:56.460" endtime="20210328 15:44:05.275"/>
</suite>
<statistics>
<total>
<stat pass="1" fail="0" skip="0">All Tests</stat>
</total>
<tag>
</tag>
<suite>
<stat pass="1" fail="0" skip="0" id="s1" name="Approve Maintenance">Approve Maintenance</stat>
</suite>
</statistics>
<errors>
</errors>
</robot>
