<?xml version="1.0" encoding="UTF-8"?>
<robot generator="Robot 4.0 (Python 3.9.2 on darwin)" generated="20210326 16:28:51.412" rpa="false" schemaversion="2">
<suite id="s1" name="Approve Maintenance Request" source="/Users/MS/Project/MachineDB/Tests/approve_maintenance_request.robot">
<test id="s1-t1" name="Product03 Approves Maintenance Request">
<kw name="Open Browser To Signin Page" library="resource">
<kw name="Open Browser" library="Selenium2Library">
<arg>${SIGNIN URL}</arg>
<arg>${BROWSER}</arg>
<doc>Opens a new browser instance to the optional ``url``.</doc>
<msg timestamp="20210326 16:28:51.616" level="INFO">Opening browser 'Chrome' to base url 'http://127.0.0.1:8000/'.</msg>
<status status="PASS" starttime="20210326 16:28:51.616" endtime="20210326 16:28:54.072"/>
</kw>
<kw name="Maximize Browser Window" library="Selenium2Library">
<doc>Maximizes current browser window.</doc>
<status status="PASS" starttime="20210326 16:28:54.072" endtime="20210326 16:28:54.195"/>
</kw>
<kw name="Set Selenium Speed" library="Selenium2Library">
<arg>${DELAY}</arg>
<doc>Sets the delay that is waited after each Selenium command.</doc>
<status status="PASS" starttime="20210326 16:28:54.195" endtime="20210326 16:28:54.195"/>
</kw>
<status status="PASS" starttime="20210326 16:28:51.616" endtime="20210326 16:28:54.195"/>
</kw>
<kw name="Input Username" library="resource">
<arg>product03</arg>
<kw name="Input Text" library="Selenium2Library">
<arg>inputUser</arg>
<arg>${username}</arg>
<doc>Types the given ``text`` into the text field identified by ``locator``.</doc>
<msg timestamp="20210326 16:28:54.197" level="INFO">Typing text 'product03' into text field 'inputUser'.</msg>
<status status="PASS" starttime="20210326 16:28:54.196" endtime="20210326 16:28:54.335"/>
</kw>
<status status="PASS" starttime="20210326 16:28:54.196" endtime="20210326 16:28:54.335"/>
</kw>
<kw name="Input Password" library="resource">
<arg>product03</arg>
<kw name="Input Text" library="Selenium2Library">
<arg>inputPassword</arg>
<arg>${password}</arg>
<doc>Types the given ``text`` into the text field identified by ``locator``.</doc>
<msg timestamp="20210326 16:28:54.336" level="INFO">Typing text 'product03' into text field 'inputPassword'.</msg>
<status status="PASS" starttime="20210326 16:28:54.336" endtime="20210326 16:28:54.403"/>
</kw>
<status status="PASS" starttime="20210326 16:28:54.335" endtime="20210326 16:28:54.403"/>
</kw>
<kw name="Submit Credentials" library="resource">
<kw name="Click Button" library="Selenium2Library">
<arg>signin</arg>
<doc>Clicks the button identified by ``locator``.</doc>
<msg timestamp="20210326 16:28:54.404" level="INFO">Clicking button 'signin'.</msg>
<status status="PASS" starttime="20210326 16:28:54.404" endtime="20210326 16:28:54.527"/>
</kw>
<status status="PASS" starttime="20210326 16:28:54.403" endtime="20210326 16:28:54.527"/>
</kw>
<kw name="Then Select-Department Should Be Open" library="resource">
<kw name="Location Should Be" library="Selenium2Library">
<arg>${SELECTDEPARTMENT URL}</arg>
<doc>Verifies that the current URL is exactly ``url``.</doc>
<msg timestamp="20210326 16:28:54.534" level="INFO">Current location is 'http://127.0.0.1:8000/sign-in/department/'.</msg>
<status status="PASS" starttime="20210326 16:28:54.528" endtime="20210326 16:28:54.535"/>
</kw>
<status status="PASS" starttime="20210326 16:28:54.527" endtime="20210326 16:28:54.535"/>
</kw>
<kw name="Select Production Line 8 Department" library="resource">
<kw name="Select From List By Value" library="Selenium2Library">
<arg>id:select_department</arg>
<arg>7</arg>
<doc>Selects options from selection list ``locator`` by ``values``.</doc>
<msg timestamp="20210326 16:28:54.536" level="INFO">Selecting options from selection list 'id:select_department' by value 7.</msg>
<status status="PASS" starttime="20210326 16:28:54.536" endtime="20210326 16:28:54.568"/>
</kw>
<status status="PASS" starttime="20210326 16:28:54.535" endtime="20210326 16:28:54.568"/>
</kw>
<kw name="Click Button" library="Selenium2Library">
<arg>Sign in</arg>
<doc>Clicks the button identified by ``locator``.</doc>
<msg timestamp="20210326 16:28:54.569" level="INFO">Clicking button 'Sign in'.</msg>
<status status="PASS" starttime="20210326 16:28:54.569" endtime="20210326 16:28:54.888"/>
</kw>
<kw name="Home Page Should Be Open" library="resource">
<kw name="Location Should Be" library="Selenium2Library">
<arg>${HOME URL}</arg>
<doc>Verifies that the current URL is exactly ``url``.</doc>
<msg timestamp="20210326 16:28:54.891" level="INFO">Current location is 'http://127.0.0.1:8000/home/'.</msg>
<status status="PASS" starttime="20210326 16:28:54.888" endtime="20210326 16:28:54.891"/>
</kw>
<status status="PASS" starttime="20210326 16:28:54.888" endtime="20210326 16:28:54.892"/>
</kw>
<kw name="Select Request Maintenance Menu">
<kw name="Click Link" library="Selenium2Library">
<arg>//*[@id="sidebar"]/div[2]/ul[1]/li[2]/a</arg>
<doc>Clicks a link identified by ``locator``.</doc>
<msg timestamp="20210326 16:28:54.893" level="INFO">Clicking link '//*[@id="sidebar"]/div[2]/ul[1]/li[2]/a'.</msg>
<status status="PASS" starttime="20210326 16:28:54.892" endtime="20210326 16:28:54.943"/>
</kw>
<kw name="Sleep" library="BuiltIn">
<arg>1s</arg>
<doc>Pauses the test executed for the given time.</doc>
<msg timestamp="20210326 16:28:55.944" level="INFO">Slept 1 second</msg>
<status status="PASS" starttime="20210326 16:28:54.943" endtime="20210326 16:28:55.944"/>
</kw>
<status status="PASS" starttime="20210326 16:28:54.892" endtime="20210326 16:28:55.945"/>
</kw>
<kw name="Then Select Approve Maintenance Request">
<kw name="Click Link" library="Selenium2Library">
<arg>//*[@id="repair_menumenu"]/li[3]/a</arg>
<doc>Clicks a link identified by ``locator``.</doc>
<msg timestamp="20210326 16:28:55.947" level="INFO">Clicking link '//*[@id="repair_menumenu"]/li[3]/a'.</msg>
<status status="PASS" starttime="20210326 16:28:55.946" endtime="20210326 16:28:56.129"/>
</kw>
<status status="PASS" starttime="20210326 16:28:55.945" endtime="20210326 16:28:56.129"/>
</kw>
<kw name="Approve Maintenance Request Page Should Be Open">
<kw name="Location Should Be" library="Selenium2Library">
<arg>http://127.0.0.1:8000/repair/approve</arg>
<doc>Verifies that the current URL is exactly ``url``.</doc>
<msg timestamp="20210326 16:28:56.133" level="INFO">Current location is 'http://127.0.0.1:8000/repair/approve'.</msg>
<status status="PASS" starttime="20210326 16:28:56.130" endtime="20210326 16:28:56.133"/>
</kw>
<status status="PASS" starttime="20210326 16:28:56.129" endtime="20210326 16:28:56.133"/>
</kw>
<kw name="Select Maintenance Request Will Be Approved">
<kw name="Get Text" library="Selenium2Library">
<var>${MaintenanceRequest}</var>
<arg>xpath://*[@id="myTable"]/tbody/tr/td[2]</arg>
<doc>Returns the text value of the element identified by ``locator``.</doc>
<msg timestamp="20210326 16:28:56.151" level="INFO">${MaintenanceRequest} = RP2103267140050001</msg>
<status status="PASS" starttime="20210326 16:28:56.134" endtime="20210326 16:28:56.151"/>
</kw>
<kw name="Set Global Variable" library="BuiltIn">
<arg>${MaintenanceRequest}</arg>
<doc>Makes a variable available globally in all tests and suites.</doc>
<msg timestamp="20210326 16:28:56.152" level="INFO">${MaintenanceRequest} = RP2103267140050001</msg>
<status status="PASS" starttime="20210326 16:28:56.151" endtime="20210326 16:28:56.152"/>
</kw>
<kw name="Log To Console" library="BuiltIn">
<arg>${MaintenanceRequest}</arg>
<doc>Logs the given message to the console.</doc>
<status status="PASS" starttime="20210326 16:28:56.152" endtime="20210326 16:28:56.152"/>
</kw>
<kw name="Click Element" library="Selenium2Library">
<arg>xpath://*[@id="myTable"]/tbody/tr/td[10]/center/a</arg>
<doc>Click the element identified by ``locator``.</doc>
<msg timestamp="20210326 16:28:56.152" level="INFO">Clicking element 'xpath://*[@id="myTable"]/tbody/tr/td[10]/center/a'.</msg>
<status status="PASS" starttime="20210326 16:28:56.152" endtime="20210326 16:28:56.219"/>
</kw>
<status status="PASS" starttime="20210326 16:28:56.134" endtime="20210326 16:28:56.219"/>
</kw>
<kw name="Approve Maintenance Request">
<kw name="Wait Until Page Contains" library="Selenium2Library">
<arg>ใบแจ้งซ่อมเครื่องจักร</arg>
<doc>Waits until ``text`` appears on the current page.</doc>
<status status="PASS" starttime="20210326 16:28:56.220" endtime="20210326 16:28:56.231"/>
</kw>
<kw name="Sleep" library="BuiltIn">
<arg>1s</arg>
<doc>Pauses the test executed for the given time.</doc>
<msg timestamp="20210326 16:28:57.233" level="INFO">Slept 1 second</msg>
<status status="PASS" starttime="20210326 16:28:56.232" endtime="20210326 16:28:57.234"/>
</kw>
<kw name="Select Radio Button" library="Selenium2Library">
<arg>is_approve</arg>
<arg>is_approve</arg>
<doc>Sets the radio button group ``group_name`` to ``value``.</doc>
<msg timestamp="20210326 16:28:57.235" level="INFO">Selecting 'is_approve' from radio button 'is_approve'.</msg>
<status status="PASS" starttime="20210326 16:28:57.234" endtime="20210326 16:28:57.254"/>
</kw>
<kw name="Click Element" library="Selenium2Library">
<arg>xpath://*[@id="setting1"]/div/div/div[3]/button[2]</arg>
<doc>Click the element identified by ``locator``.</doc>
<msg timestamp="20210326 16:28:57.254" level="INFO">Clicking element 'xpath://*[@id="setting1"]/div/div/div[3]/button[2]'.</msg>
<status status="PASS" starttime="20210326 16:28:57.254" endtime="20210326 16:28:57.372"/>
</kw>
<kw name="Page Should Not Contain" library="Selenium2Library">
<arg>${MaintenanceRequest}</arg>
<doc>Verifies the current page does not contain ``text``.</doc>
<msg timestamp="20210326 16:28:57.391" level="INFO">Current page does not contain text 'RP2103267140050001'.</msg>
<status status="PASS" starttime="20210326 16:28:57.373" endtime="20210326 16:28:57.391"/>
</kw>
<kw name="Sleep" library="BuiltIn">
<arg>1s</arg>
<doc>Pauses the test executed for the given time.</doc>
<msg timestamp="20210326 16:28:58.393" level="INFO">Slept 1 second</msg>
<status status="PASS" starttime="20210326 16:28:57.391" endtime="20210326 16:28:58.394"/>
</kw>
<status status="PASS" starttime="20210326 16:28:56.220" endtime="20210326 16:28:58.394"/>
</kw>
<status status="PASS" starttime="20210326 16:28:51.615" endtime="20210326 16:28:58.395"/>
</test>
<kw name="Close Browser" library="Selenium2Library" type="TEARDOWN">
<doc>Closes the current browser.</doc>
<status status="PASS" starttime="20210326 16:28:58.398" endtime="20210326 16:28:58.508"/>
</kw>
<doc>A test suite for approving maintenance request.</doc>
<status status="PASS" starttime="20210326 16:28:51.413" endtime="20210326 16:28:58.508"/>
</suite>
<statistics>
<total>
<stat pass="1" fail="0" skip="0">All Tests</stat>
</total>
<tag>
</tag>
<suite>
<stat pass="1" fail="0" skip="0" id="s1" name="Approve Maintenance Request">Approve Maintenance Request</stat>
</suite>
</statistics>
<errors>
</errors>
</robot>
