<?xml version="1.0" encoding="UTF-8"?>
<robot generator="Robot 4.0 (Python 3.9.2 on darwin)" generated="20210326 16:27:26.312" rpa="false" schemaversion="2">
<suite id="s1" name="Maintenance Request" source="/Users/MS/Project/MachineDB/Tests/maintenance_request.robot">
<test id="s1-t1" name="Product01 Requests Maintenance">
<kw name="Open Browser To Signin Page" library="resource">
<kw name="Open Browser" library="Selenium2Library">
<arg>${SIGNIN URL}</arg>
<arg>${BROWSER}</arg>
<doc>Opens a new browser instance to the optional ``url``.</doc>
<msg timestamp="20210326 16:27:26.586" level="INFO">Opening browser 'Chrome' to base url 'http://127.0.0.1:8000/'.</msg>
<status status="PASS" starttime="20210326 16:27:26.586" endtime="20210326 16:27:29.217"/>
</kw>
<kw name="Maximize Browser Window" library="Selenium2Library">
<doc>Maximizes current browser window.</doc>
<status status="PASS" starttime="20210326 16:27:29.217" endtime="20210326 16:27:29.378"/>
</kw>
<kw name="Set Selenium Speed" library="Selenium2Library">
<arg>${DELAY}</arg>
<doc>Sets the delay that is waited after each Selenium command.</doc>
<status status="PASS" starttime="20210326 16:27:29.379" endtime="20210326 16:27:29.379"/>
</kw>
<status status="PASS" starttime="20210326 16:27:26.586" endtime="20210326 16:27:29.380"/>
</kw>
<kw name="Input Username" library="resource">
<arg>product01</arg>
<kw name="Input Text" library="Selenium2Library">
<arg>inputUser</arg>
<arg>${username}</arg>
<doc>Types the given ``text`` into the text field identified by ``locator``.</doc>
<msg timestamp="20210326 16:27:29.382" level="INFO">Typing text 'product01' into text field 'inputUser'.</msg>
<status status="PASS" starttime="20210326 16:27:29.381" endtime="20210326 16:27:29.541"/>
</kw>
<status status="PASS" starttime="20210326 16:27:29.380" endtime="20210326 16:27:29.541"/>
</kw>
<kw name="Input Password" library="resource">
<arg>product01</arg>
<kw name="Input Text" library="Selenium2Library">
<arg>inputPassword</arg>
<arg>${password}</arg>
<doc>Types the given ``text`` into the text field identified by ``locator``.</doc>
<msg timestamp="20210326 16:27:29.543" level="INFO">Typing text 'product01' into text field 'inputPassword'.</msg>
<status status="PASS" starttime="20210326 16:27:29.542" endtime="20210326 16:27:29.611"/>
</kw>
<status status="PASS" starttime="20210326 16:27:29.542" endtime="20210326 16:27:29.611"/>
</kw>
<kw name="Submit Credentials" library="resource">
<kw name="Click Button" library="Selenium2Library">
<arg>signin</arg>
<doc>Clicks the button identified by ``locator``.</doc>
<msg timestamp="20210326 16:27:29.612" level="INFO">Clicking button 'signin'.</msg>
<status status="PASS" starttime="20210326 16:27:29.612" endtime="20210326 16:27:29.740"/>
</kw>
<status status="PASS" starttime="20210326 16:27:29.611" endtime="20210326 16:27:29.740"/>
</kw>
<kw name="Then Select-Department Should Be Open" library="resource">
<kw name="Location Should Be" library="Selenium2Library">
<arg>${SELECTDEPARTMENT URL}</arg>
<doc>Verifies that the current URL is exactly ``url``.</doc>
<msg timestamp="20210326 16:27:29.747" level="INFO">Current location is 'http://127.0.0.1:8000/sign-in/department/'.</msg>
<status status="PASS" starttime="20210326 16:27:29.741" endtime="20210326 16:27:29.747"/>
</kw>
<status status="PASS" starttime="20210326 16:27:29.740" endtime="20210326 16:27:29.747"/>
</kw>
<kw name="Select Production Line 8 Department" library="resource">
<kw name="Select From List By Value" library="Selenium2Library">
<arg>id:select_department</arg>
<arg>7</arg>
<doc>Selects options from selection list ``locator`` by ``values``.</doc>
<msg timestamp="20210326 16:27:29.748" level="INFO">Selecting options from selection list 'id:select_department' by value 7.</msg>
<status status="PASS" starttime="20210326 16:27:29.748" endtime="20210326 16:27:29.786"/>
</kw>
<status status="PASS" starttime="20210326 16:27:29.747" endtime="20210326 16:27:29.787"/>
</kw>
<kw name="Click Button" library="Selenium2Library">
<arg>Sign in</arg>
<doc>Clicks the button identified by ``locator``.</doc>
<msg timestamp="20210326 16:27:29.787" level="INFO">Clicking button 'Sign in'.</msg>
<status status="PASS" starttime="20210326 16:27:29.787" endtime="20210326 16:27:30.234"/>
</kw>
<kw name="Home Page Should Be Open" library="resource">
<kw name="Location Should Be" library="Selenium2Library">
<arg>${HOME URL}</arg>
<doc>Verifies that the current URL is exactly ``url``.</doc>
<msg timestamp="20210326 16:27:30.239" level="INFO">Current location is 'http://127.0.0.1:8000/home/'.</msg>
<status status="PASS" starttime="20210326 16:27:30.235" endtime="20210326 16:27:30.239"/>
</kw>
<status status="PASS" starttime="20210326 16:27:30.235" endtime="20210326 16:27:30.239"/>
</kw>
<kw name="Select Request Maintenance Menu">
<kw name="Click Link" library="Selenium2Library">
<arg>//*[@id="sidebar"]/div[2]/ul[1]/li[2]/a</arg>
<doc>Clicks a link identified by ``locator``.</doc>
<msg timestamp="20210326 16:27:30.240" level="INFO">Clicking link '//*[@id="sidebar"]/div[2]/ul[1]/li[2]/a'.</msg>
<status status="PASS" starttime="20210326 16:27:30.240" endtime="20210326 16:27:30.288"/>
</kw>
<status status="PASS" starttime="20210326 16:27:30.239" endtime="20210326 16:27:30.288"/>
</kw>
<kw name="Then Select Request Maintenance">
<kw name="Click Link" library="Selenium2Library">
<arg>//*[@id="repair_menumenu"]/li/a</arg>
<doc>Clicks a link identified by ``locator``.</doc>
<msg timestamp="20210326 16:27:30.289" level="INFO">Clicking link '//*[@id="repair_menumenu"]/li/a'.</msg>
<status status="PASS" starttime="20210326 16:27:30.289" endtime="20210326 16:27:30.511"/>
</kw>
<status status="PASS" starttime="20210326 16:27:30.288" endtime="20210326 16:27:30.511"/>
</kw>
<kw name="Request Maintenance Page Should Be Open">
<kw name="Location Should Be" library="Selenium2Library">
<arg>http://127.0.0.1:8000/repair/inform</arg>
<doc>Verifies that the current URL is exactly ``url``.</doc>
<msg timestamp="20210326 16:27:30.515" level="INFO">Current location is 'http://127.0.0.1:8000/repair/inform'.</msg>
<status status="PASS" starttime="20210326 16:27:30.512" endtime="20210326 16:27:30.515"/>
</kw>
<status status="PASS" starttime="20210326 16:27:30.511" endtime="20210326 16:27:30.515"/>
</kw>
<kw name="Click แจ้งซ่อมเครื่องจักร Button">
<kw name="Click Element" library="Selenium2Library">
<arg>xpath:/html/body/div[2]/div/div/div[1]/div/div[2]/a[1]</arg>
<doc>Click the element identified by ``locator``.</doc>
<msg timestamp="20210326 16:27:30.516" level="INFO">Clicking element 'xpath:/html/body/div[2]/div/div/div[1]/div/div[2]/a[1]'.</msg>
<status status="PASS" starttime="20210326 16:27:30.516" endtime="20210326 16:27:30.593"/>
</kw>
<status status="PASS" starttime="20210326 16:27:30.516" endtime="20210326 16:27:30.593"/>
</kw>
<kw name="Fill Data">
<kw name="Wait Until Page Contains" library="Selenium2Library">
<arg>ใบแจ้งซ่อมเครื่องจักร</arg>
<doc>Waits until ``text`` appears on the current page.</doc>
<status status="PASS" starttime="20210326 16:27:30.594" endtime="20210326 16:27:30.605"/>
</kw>
<kw name="Sleep" library="BuiltIn">
<arg>1s</arg>
<doc>Pauses the test executed for the given time.</doc>
<msg timestamp="20210326 16:27:31.608" level="INFO">Slept 1 second</msg>
<status status="PASS" starttime="20210326 16:27:30.605" endtime="20210326 16:27:31.608"/>
</kw>
<kw name="Select From List By Value" library="Selenium2Library">
<arg>id:inspect_user</arg>
<arg>product02</arg>
<doc>Selects options from selection list ``locator`` by ``values``.</doc>
<msg timestamp="20210326 16:27:31.609" level="INFO">Selecting options from selection list 'id:inspect_user' by value product02.</msg>
<status status="PASS" starttime="20210326 16:27:31.608" endtime="20210326 16:27:31.664"/>
</kw>
<kw name="Select From List By Value" library="Selenium2Library">
<arg>id:approve_name</arg>
<arg>product03</arg>
<doc>Selects options from selection list ``locator`` by ``values``.</doc>
<msg timestamp="20210326 16:27:31.665" level="INFO">Selecting options from selection list 'id:approve_name' by value product03.</msg>
<status status="PASS" starttime="20210326 16:27:31.665" endtime="20210326 16:27:31.727"/>
</kw>
<kw name="Select From List By Value" library="Selenium2Library">
<arg>id:department_receive</arg>
<arg>5</arg>
<doc>Selects options from selection list ``locator`` by ``values``.</doc>
<msg timestamp="20210326 16:27:31.727" level="INFO">Selecting options from selection list 'id:department_receive' by value 5.</msg>
<status status="PASS" starttime="20210326 16:27:31.727" endtime="20210326 16:27:31.781"/>
</kw>
<kw name="Select From List By Value" library="Selenium2Library">
<arg>id:production_line</arg>
<arg>2</arg>
<doc>Selects options from selection list ``locator`` by ``values``.</doc>
<msg timestamp="20210326 16:27:31.781" level="INFO">Selecting options from selection list 'id:production_line' by value 2.</msg>
<status status="PASS" starttime="20210326 16:27:31.781" endtime="20210326 16:27:31.833"/>
</kw>
<kw name="Select From List By Value" library="Selenium2Library">
<arg>id:machine</arg>
<arg>17</arg>
<doc>Selects options from selection list ``locator`` by ``values``.</doc>
<msg timestamp="20210326 16:27:31.834" level="INFO">Selecting options from selection list 'id:machine' by value 17.</msg>
<status status="PASS" starttime="20210326 16:27:31.834" endtime="20210326 16:27:31.893"/>
</kw>
<kw name="Input Text" library="Selenium2Library">
<arg>xpath://*[@id="create_repair_notice"]/div/div/div[2]/div[7]/textarea</arg>
<arg>${TEST DATA}</arg>
<doc>Types the given ``text`` into the text field identified by ``locator``.</doc>
<msg timestamp="20210326 16:27:31.894" level="INFO">Typing text 'test' into text field 'xpath://*[@id="create_repair_notice"]/div/div/div[2]/div[7]/textarea'.</msg>
<status status="PASS" starttime="20210326 16:27:31.894" endtime="20210326 16:27:31.985"/>
</kw>
<kw name="Input Text" library="Selenium2Library">
<arg>xpath://*[@id="create_repair_notice"]/div/div/div[2]/div[8]/textarea</arg>
<arg>${TEST DATA}</arg>
<doc>Types the given ``text`` into the text field identified by ``locator``.</doc>
<msg timestamp="20210326 16:27:31.985" level="INFO">Typing text 'test' into text field 'xpath://*[@id="create_repair_notice"]/div/div/div[2]/div[8]/textarea'.</msg>
<status status="PASS" starttime="20210326 16:27:31.985" endtime="20210326 16:27:32.043"/>
</kw>
<status status="PASS" starttime="20210326 16:27:30.593" endtime="20210326 16:27:32.043"/>
</kw>
<kw name="Click Button" library="Selenium2Library">
<arg>id:create_repair</arg>
<doc>Clicks the button identified by ``locator``.</doc>
<msg timestamp="20210326 16:27:32.044" level="INFO">Clicking button 'id:create_repair'.</msg>
<status status="PASS" starttime="20210326 16:27:32.044" endtime="20210326 16:27:32.291"/>
</kw>
<kw name="Get Text" library="Selenium2Library">
<arg>class:alert-success</arg>
<doc>Returns the text value of the element identified by ``locator``.</doc>
<status status="PASS" starttime="20210326 16:27:32.291" endtime="20210326 16:27:32.313"/>
</kw>
<status status="PASS" starttime="20210326 16:27:26.585" endtime="20210326 16:27:32.313"/>
</test>
<kw name="Close Browser" library="Selenium2Library" type="TEARDOWN">
<doc>Closes the current browser.</doc>
<status status="PASS" starttime="20210326 16:27:32.314" endtime="20210326 16:27:32.409"/>
</kw>
<doc>A test suite for requesting maintenance.</doc>
<status status="PASS" starttime="20210326 16:27:26.314" endtime="20210326 16:27:32.409"/>
</suite>
<statistics>
<total>
<stat pass="1" fail="0" skip="0">All Tests</stat>
</total>
<tag>
</tag>
<suite>
<stat pass="1" fail="0" skip="0" id="s1" name="Maintenance Request">Maintenance Request</stat>
</suite>
</statistics>
<errors>
</errors>
</robot>
