<?xml version="1.0" encoding="UTF-8"?>
<robot generator="Robot 4.0 (Python 3.9.2 on darwin)" generated="20210325 21:34:20.839" rpa="false" schemaversion="2">
<suite id="s1" name="Bad Inspect Maintenance" source="/Users/MS/Project/MachineDB/Tests/bad_inspect_maintenance.robot">
<test id="s1-t1" name="Engineer01 Inspects Same Spare Part">
<kw name="Open Browser To Signin Page" library="resource">
<kw name="Open Browser" library="Selenium2Library">
<arg>${SIGNIN URL}</arg>
<arg>${BROWSER}</arg>
<doc>Opens a new browser instance to the optional ``url``.</doc>
<msg timestamp="20210325 21:34:21.047" level="INFO">Opening browser 'Chrome' to base url 'http://127.0.0.1:8000/'.</msg>
<status status="PASS" starttime="20210325 21:34:21.047" endtime="20210325 21:34:23.681"/>
</kw>
<kw name="Maximize Browser Window" library="Selenium2Library">
<doc>Maximizes current browser window.</doc>
<status status="PASS" starttime="20210325 21:34:23.681" endtime="20210325 21:34:23.806"/>
</kw>
<kw name="Set Selenium Speed" library="Selenium2Library">
<arg>${DELAY}</arg>
<doc>Sets the delay that is waited after each Selenium command.</doc>
<status status="PASS" starttime="20210325 21:34:23.807" endtime="20210325 21:34:23.808"/>
</kw>
<status status="PASS" starttime="20210325 21:34:21.046" endtime="20210325 21:34:23.808"/>
</kw>
<kw name="Input Username" library="resource">
<arg>engineer01</arg>
<kw name="Input Text" library="Selenium2Library">
<arg>inputUser</arg>
<arg>${username}</arg>
<doc>Types the given ``text`` into the text field identified by ``locator``.</doc>
<msg timestamp="20210325 21:34:23.809" level="INFO">Typing text 'engineer01' into text field 'inputUser'.</msg>
<status status="PASS" starttime="20210325 21:34:23.809" endtime="20210325 21:34:24.040"/>
</kw>
<status status="PASS" starttime="20210325 21:34:23.808" endtime="20210325 21:34:24.040"/>
</kw>
<kw name="Input Password" library="resource">
<arg>engineer01</arg>
<kw name="Input Text" library="Selenium2Library">
<arg>inputPassword</arg>
<arg>${password}</arg>
<doc>Types the given ``text`` into the text field identified by ``locator``.</doc>
<msg timestamp="20210325 21:34:24.041" level="INFO">Typing text 'engineer01' into text field 'inputPassword'.</msg>
<status status="PASS" starttime="20210325 21:34:24.041" endtime="20210325 21:34:24.116"/>
</kw>
<status status="PASS" starttime="20210325 21:34:24.040" endtime="20210325 21:34:24.116"/>
</kw>
<kw name="Submit Credentials" library="resource">
<kw name="Click Button" library="Selenium2Library">
<arg>signin</arg>
<doc>Clicks the button identified by ``locator``.</doc>
<msg timestamp="20210325 21:34:24.118" level="INFO">Clicking button 'signin'.</msg>
<status status="PASS" starttime="20210325 21:34:24.117" endtime="20210325 21:34:24.241"/>
</kw>
<status status="PASS" starttime="20210325 21:34:24.117" endtime="20210325 21:34:24.241"/>
</kw>
<kw name="Then Select-Department Should Be Open" library="resource">
<kw name="Location Should Be" library="Selenium2Library">
<arg>${SELECTDEPARTMENT URL}</arg>
<doc>Verifies that the current URL is exactly ``url``.</doc>
<msg timestamp="20210325 21:34:24.249" level="INFO">Current location is 'http://127.0.0.1:8000/sign-in/department/'.</msg>
<status status="PASS" starttime="20210325 21:34:24.242" endtime="20210325 21:34:24.249"/>
</kw>
<status status="PASS" starttime="20210325 21:34:24.241" endtime="20210325 21:34:24.249"/>
</kw>
<kw name="Select Engineering Line 8 Department" library="resource">
<kw name="Select From List By Value" library="Selenium2Library">
<arg>id:select_department</arg>
<arg>5</arg>
<doc>Selects options from selection list ``locator`` by ``values``.</doc>
<msg timestamp="20210325 21:34:24.251" level="INFO">Selecting options from selection list 'id:select_department' by value 5.</msg>
<status status="PASS" starttime="20210325 21:34:24.250" endtime="20210325 21:34:24.282"/>
</kw>
<status status="PASS" starttime="20210325 21:34:24.250" endtime="20210325 21:34:24.283"/>
</kw>
<kw name="Click Button" library="Selenium2Library">
<arg>Sign in</arg>
<doc>Clicks the button identified by ``locator``.</doc>
<msg timestamp="20210325 21:34:24.283" level="INFO">Clicking button 'Sign in'.</msg>
<status status="PASS" starttime="20210325 21:34:24.283" endtime="20210325 21:34:24.680"/>
</kw>
<kw name="Home Page Should Be Open" library="resource">
<kw name="Location Should Be" library="Selenium2Library">
<arg>${HOME URL}</arg>
<doc>Verifies that the current URL is exactly ``url``.</doc>
<msg timestamp="20210325 21:34:24.683" level="INFO">Current location is 'http://127.0.0.1:8000/home/'.</msg>
<status status="PASS" starttime="20210325 21:34:24.680" endtime="20210325 21:34:24.683"/>
</kw>
<status status="PASS" starttime="20210325 21:34:24.680" endtime="20210325 21:34:24.684"/>
</kw>
<kw name="Select Machine Maintenance Menu">
<kw name="Click Link" library="Selenium2Library">
<arg>//*[@id="sidebar"]/div[2]/ul[1]/li[4]/a</arg>
<doc>Clicks a link identified by ``locator``.</doc>
<msg timestamp="20210325 21:34:24.684" level="INFO">Clicking link '//*[@id="sidebar"]/div[2]/ul[1]/li[4]/a'.</msg>
<status status="PASS" starttime="20210325 21:34:24.684" endtime="20210325 21:34:24.773"/>
</kw>
<kw name="Sleep" library="BuiltIn">
<arg>1s</arg>
<doc>Pauses the test executed for the given time.</doc>
<msg timestamp="20210325 21:34:25.775" level="INFO">Slept 1 second</msg>
<status status="PASS" starttime="20210325 21:34:24.774" endtime="20210325 21:34:25.775"/>
</kw>
<status status="PASS" starttime="20210325 21:34:24.684" endtime="20210325 21:34:25.776"/>
</kw>
<kw name="Then Select Inspect Maintenance">
<kw name="Click Link" library="Selenium2Library">
<arg>//*[@id="preventive_datamenu"]/li[3]/a</arg>
<doc>Clicks a link identified by ``locator``.</doc>
<msg timestamp="20210325 21:34:25.777" level="INFO">Clicking link '//*[@id="preventive_datamenu"]/li[3]/a'.</msg>
<status status="PASS" starttime="20210325 21:34:25.777" endtime="20210325 21:34:26.079"/>
</kw>
<status status="PASS" starttime="20210325 21:34:25.776" endtime="20210325 21:34:26.079"/>
</kw>
<kw name="Inspect Maintenance Page Should Be Open">
<kw name="Location Should Be" library="Selenium2Library">
<arg>http://127.0.0.1:8000/preventive/maintenance-inspect</arg>
<doc>Verifies that the current URL is exactly ``url``.</doc>
<msg timestamp="20210325 21:34:26.084" level="INFO">Current location is 'http://127.0.0.1:8000/preventive/maintenance-inspect'.</msg>
<status status="PASS" starttime="20210325 21:34:26.080" endtime="20210325 21:34:26.084"/>
</kw>
<status status="PASS" starttime="20210325 21:34:26.079" endtime="20210325 21:34:26.084"/>
</kw>
<kw name="Select Maintenance Will Be Inspected">
<kw name="Click Element" library="Selenium2Library">
<arg>xpath://*[@id="myTable"]/tbody/tr[4]/td[10]/center/a</arg>
<doc>Click the element identified by ``locator``.</doc>
<msg timestamp="20210325 21:34:26.085" level="INFO">Clicking element 'xpath://*[@id="myTable"]/tbody/tr[4]/td[10]/center/a'.</msg>
<status status="PASS" starttime="20210325 21:34:26.084" endtime="20210325 21:34:26.209"/>
</kw>
<status status="PASS" starttime="20210325 21:34:26.084" endtime="20210325 21:34:26.209"/>
</kw>
<kw name="Inspect Same Spare Part">
<kw name="Wait Until Page Contains" library="Selenium2Library">
<arg>ใบแจ้งซ่อมเครื่องจักร</arg>
<doc>Waits until ``text`` appears on the current page.</doc>
<status status="PASS" starttime="20210325 21:34:26.210" endtime="20210325 21:34:26.226"/>
</kw>
<kw name="Sleep" library="BuiltIn">
<arg>1s</arg>
<doc>Pauses the test executed for the given time.</doc>
<msg timestamp="20210325 21:34:27.229" level="INFO">Slept 1 second</msg>
<status status="PASS" starttime="20210325 21:34:26.226" endtime="20210325 21:34:27.229"/>
</kw>
<kw name="Select From List By Value" library="Selenium2Library">
<arg>id:select_sp_group1_4</arg>
<arg>14</arg>
<doc>Selects options from selection list ``locator`` by ``values``.</doc>
<msg timestamp="20210325 21:34:27.230" level="INFO">Selecting options from selection list 'id:select_sp_group1_4' by value 14.</msg>
<status status="PASS" starttime="20210325 21:34:27.230" endtime="20210325 21:34:27.296"/>
</kw>
<kw name="Select From List By Value" library="Selenium2Library">
<arg>id:select_sp_type1_4</arg>
<arg>18</arg>
<doc>Selects options from selection list ``locator`` by ``values``.</doc>
<msg timestamp="20210325 21:34:27.296" level="INFO">Selecting options from selection list 'id:select_sp_type1_4' by value 18.</msg>
<status status="PASS" starttime="20210325 21:34:27.296" endtime="20210325 21:34:27.354"/>
</kw>
<kw name="Select From List By Value" library="Selenium2Library">
<arg>id:select_sp_subtype1_4</arg>
<arg>14</arg>
<doc>Selects options from selection list ``locator`` by ``values``.</doc>
<msg timestamp="20210325 21:34:27.355" level="INFO">Selecting options from selection list 'id:select_sp_subtype1_4' by value 14.</msg>
<status status="PASS" starttime="20210325 21:34:27.354" endtime="20210325 21:34:27.407"/>
</kw>
<kw name="Select From List By Value" library="Selenium2Library">
<arg>id:select_sp_name1_4</arg>
<arg>15</arg>
<doc>Selects options from selection list ``locator`` by ``values``.</doc>
<msg timestamp="20210325 21:34:27.408" level="INFO">Selecting options from selection list 'id:select_sp_name1_4' by value 15.</msg>
<status status="PASS" starttime="20210325 21:34:27.408" endtime="20210325 21:34:27.461"/>
</kw>
<kw name="Click Element" library="Selenium2Library">
<arg>xpath://*[@id="4"]/span</arg>
<doc>Click the element identified by ``locator``.</doc>
<msg timestamp="20210325 21:34:27.462" level="INFO">Clicking element 'xpath://*[@id="4"]/span'.</msg>
<status status="PASS" starttime="20210325 21:34:27.462" endtime="20210325 21:34:27.496"/>
</kw>
<kw name="Select From List By Value" library="Selenium2Library">
<arg>id:select_sp_group2_4</arg>
<arg>14</arg>
<doc>Selects options from selection list ``locator`` by ``values``.</doc>
<msg timestamp="20210325 21:34:27.497" level="INFO">Selecting options from selection list 'id:select_sp_group2_4' by value 14.</msg>
<status status="PASS" starttime="20210325 21:34:27.497" endtime="20210325 21:34:27.548"/>
</kw>
<kw name="Select From List By Value" library="Selenium2Library">
<arg>id:select_sp_type2_4</arg>
<arg>18</arg>
<doc>Selects options from selection list ``locator`` by ``values``.</doc>
<msg timestamp="20210325 21:34:27.549" level="INFO">Selecting options from selection list 'id:select_sp_type2_4' by value 18.</msg>
<status status="PASS" starttime="20210325 21:34:27.548" endtime="20210325 21:34:27.599"/>
</kw>
<kw name="Select From List By Value" library="Selenium2Library">
<arg>id:select_sp_subtype2_4</arg>
<arg>14</arg>
<doc>Selects options from selection list ``locator`` by ``values``.</doc>
<msg timestamp="20210325 21:34:27.599" level="INFO">Selecting options from selection list 'id:select_sp_subtype2_4' by value 14.</msg>
<status status="PASS" starttime="20210325 21:34:27.599" endtime="20210325 21:34:27.651"/>
</kw>
<kw name="Select From List By Value" library="Selenium2Library">
<arg>id:select_sp_name2_4</arg>
<arg>15</arg>
<doc>Selects options from selection list ``locator`` by ``values``.</doc>
<msg timestamp="20210325 21:34:27.651" level="INFO">Selecting options from selection list 'id:select_sp_name2_4' by value 15.</msg>
<status status="PASS" starttime="20210325 21:34:27.651" endtime="20210325 21:34:27.698"/>
</kw>
<kw name="Click Element" library="Selenium2Library">
<arg>xpath://*[@id="setting4"]/div/div/form/div[3]/button[2]</arg>
<doc>Click the element identified by ``locator``.</doc>
<msg timestamp="20210325 21:34:27.699" level="INFO">Clicking element 'xpath://*[@id="setting4"]/div/div/form/div[3]/button[2]'.</msg>
<status status="PASS" starttime="20210325 21:34:27.698" endtime="20210325 21:34:27.866"/>
</kw>
<status status="PASS" starttime="20210325 21:34:26.210" endtime="20210325 21:34:27.866"/>
</kw>
<kw name="Alert Something Went Wrong">
<kw name="Get Text" library="Selenium2Library">
<arg>class:alert-dismissible</arg>
<doc>Returns the text value of the element identified by ``locator``.</doc>
<status status="PASS" starttime="20210325 21:34:27.867" endtime="20210325 21:34:27.885"/>
</kw>
<status status="PASS" starttime="20210325 21:34:27.867" endtime="20210325 21:34:27.885"/>
</kw>
<status status="PASS" starttime="20210325 21:34:21.046" endtime="20210325 21:34:27.885"/>
</test>
<test id="s1-t2" name="Engineer01 Inspects Spare Part Not In Machine">
<kw name="Select Maintenance Will Be Inspected">
<kw name="Click Element" library="Selenium2Library">
<arg>xpath://*[@id="myTable"]/tbody/tr[4]/td[10]/center/a</arg>
<doc>Click the element identified by ``locator``.</doc>
<msg timestamp="20210325 21:34:27.887" level="INFO">Clicking element 'xpath://*[@id="myTable"]/tbody/tr[4]/td[10]/center/a'.</msg>
<status status="PASS" starttime="20210325 21:34:27.887" endtime="20210325 21:34:27.921"/>
</kw>
<status status="PASS" starttime="20210325 21:34:27.887" endtime="20210325 21:34:27.922"/>
</kw>
<kw name="Inspect Spare Part Not In Machine">
<kw name="Wait Until Page Contains" library="Selenium2Library">
<arg>ใบแจ้งซ่อมเครื่องจักร</arg>
<doc>Waits until ``text`` appears on the current page.</doc>
<status status="PASS" starttime="20210325 21:34:27.922" endtime="20210325 21:34:27.937"/>
</kw>
<kw name="Sleep" library="BuiltIn">
<arg>1s</arg>
<doc>Pauses the test executed for the given time.</doc>
<msg timestamp="20210325 21:34:28.938" level="INFO">Slept 1 second</msg>
<status status="PASS" starttime="20210325 21:34:27.937" endtime="20210325 21:34:28.938"/>
</kw>
<kw name="Select From List By Value" library="Selenium2Library">
<arg>id:select_sp_group1_4</arg>
<arg>14</arg>
<doc>Selects options from selection list ``locator`` by ``values``.</doc>
<msg timestamp="20210325 21:34:28.939" level="INFO">Selecting options from selection list 'id:select_sp_group1_4' by value 14.</msg>
<status status="PASS" starttime="20210325 21:34:28.939" endtime="20210325 21:34:28.998"/>
</kw>
<kw name="Select From List By Value" library="Selenium2Library">
<arg>id:select_sp_type1_4</arg>
<arg>18</arg>
<doc>Selects options from selection list ``locator`` by ``values``.</doc>
<msg timestamp="20210325 21:34:28.999" level="INFO">Selecting options from selection list 'id:select_sp_type1_4' by value 18.</msg>
<status status="PASS" starttime="20210325 21:34:28.998" endtime="20210325 21:34:29.049"/>
</kw>
<kw name="Select From List By Value" library="Selenium2Library">
<arg>id:select_sp_subtype1_4</arg>
<arg>14</arg>
<doc>Selects options from selection list ``locator`` by ``values``.</doc>
<msg timestamp="20210325 21:34:29.050" level="INFO">Selecting options from selection list 'id:select_sp_subtype1_4' by value 14.</msg>
<status status="PASS" starttime="20210325 21:34:29.049" endtime="20210325 21:34:29.100"/>
</kw>
<kw name="Select From List By Value" library="Selenium2Library">
<arg>id:select_sp_name1_4</arg>
<arg>21</arg>
<doc>Selects options from selection list ``locator`` by ``values``.</doc>
<msg timestamp="20210325 21:34:29.100" level="INFO">Selecting options from selection list 'id:select_sp_name1_4' by value 21.</msg>
<status status="PASS" starttime="20210325 21:34:29.100" endtime="20210325 21:34:29.147"/>
</kw>
<kw name="Click Element" library="Selenium2Library">
<arg>xpath://*[@id="setting4"]/div/div/form/div[3]/button[2]</arg>
<doc>Click the element identified by ``locator``.</doc>
<msg timestamp="20210325 21:34:29.148" level="INFO">Clicking element 'xpath://*[@id="setting4"]/div/div/form/div[3]/button[2]'.</msg>
<status status="PASS" starttime="20210325 21:34:29.147" endtime="20210325 21:34:29.305"/>
</kw>
<status status="PASS" starttime="20210325 21:34:27.922" endtime="20210325 21:34:29.305"/>
</kw>
<kw name="Alert Something Went Wrong">
<kw name="Get Text" library="Selenium2Library">
<arg>class:alert-dismissible</arg>
<doc>Returns the text value of the element identified by ``locator``.</doc>
<status status="PASS" starttime="20210325 21:34:29.306" endtime="20210325 21:34:29.319"/>
</kw>
<status status="PASS" starttime="20210325 21:34:29.306" endtime="20210325 21:34:29.319"/>
</kw>
<status status="PASS" starttime="20210325 21:34:27.886" endtime="20210325 21:34:29.320"/>
</test>
<kw name="Close Browser" library="Selenium2Library" type="TEARDOWN">
<doc>Closes the current browser.</doc>
<status status="PASS" starttime="20210325 21:34:29.321" endtime="20210325 21:34:29.413"/>
</kw>
<doc>A test suite for bad maintenance inspecting.</doc>
<status status="PASS" starttime="20210325 21:34:20.841" endtime="20210325 21:34:29.413"/>
</suite>
<statistics>
<total>
<stat pass="2" fail="0" skip="0">All Tests</stat>
</total>
<tag>
</tag>
<suite>
<stat pass="2" fail="0" skip="0" id="s1" name="Bad Inspect Maintenance">Bad Inspect Maintenance</stat>
</suite>
</statistics>
<errors>
</errors>
</robot>
