<?xml version="1.0" encoding="UTF-8"?>
<robot generator="Robot 4.0 (Python 3.9.2 on darwin)" generated="20210324 09:24:14.810" rpa="false" schemaversion="2">
<suite id="s1" name="Delete Machine Subtype" source="/Users/MS/Project/MachineDB/Tests/delete_machine_subtype.robot">
<test id="s1-t1" name="Admin Deletes Machine Subtype">
<kw name="Open Browser To Signin Page" library="resource">
<kw name="Open Browser" library="Selenium2Library">
<arg>${SIGNIN URL}</arg>
<arg>${BROWSER}</arg>
<doc>Opens a new browser instance to the optional ``url``.</doc>
<msg timestamp="20210324 09:24:15.012" level="INFO">Opening browser 'Chrome' to base url 'http://127.0.0.1:8000/'.</msg>
<status status="PASS" starttime="20210324 09:24:15.012" endtime="20210324 09:24:17.575"/>
</kw>
<kw name="Maximize Browser Window" library="Selenium2Library">
<doc>Maximizes current browser window.</doc>
<status status="PASS" starttime="20210324 09:24:17.575" endtime="20210324 09:24:17.700"/>
</kw>
<kw name="Set Selenium Speed" library="Selenium2Library">
<arg>${DELAY}</arg>
<doc>Sets the delay that is waited after each Selenium command.</doc>
<status status="PASS" starttime="20210324 09:24:17.700" endtime="20210324 09:24:17.700"/>
</kw>
<status status="PASS" starttime="20210324 09:24:15.011" endtime="20210324 09:24:17.701"/>
</kw>
<kw name="Input Username" library="resource">
<arg>system</arg>
<kw name="Input Text" library="Selenium2Library">
<arg>inputUser</arg>
<arg>${username}</arg>
<doc>Types the given ``text`` into the text field identified by ``locator``.</doc>
<msg timestamp="20210324 09:24:17.702" level="INFO">Typing text 'system' into text field 'inputUser'.</msg>
<status status="PASS" starttime="20210324 09:24:17.701" endtime="20210324 09:24:17.831"/>
</kw>
<status status="PASS" starttime="20210324 09:24:17.701" endtime="20210324 09:24:17.831"/>
</kw>
<kw name="Input Password" library="resource">
<arg>admin</arg>
<kw name="Input Text" library="Selenium2Library">
<arg>inputPassword</arg>
<arg>${password}</arg>
<doc>Types the given ``text`` into the text field identified by ``locator``.</doc>
<msg timestamp="20210324 09:24:17.832" level="INFO">Typing text 'admin' into text field 'inputPassword'.</msg>
<status status="PASS" starttime="20210324 09:24:17.832" endtime="20210324 09:24:17.892"/>
</kw>
<status status="PASS" starttime="20210324 09:24:17.832" endtime="20210324 09:24:17.892"/>
</kw>
<kw name="Submit Credentials" library="resource">
<kw name="Click Button" library="Selenium2Library">
<arg>signin</arg>
<doc>Clicks the button identified by ``locator``.</doc>
<msg timestamp="20210324 09:24:17.893" level="INFO">Clicking button 'signin'.</msg>
<status status="PASS" starttime="20210324 09:24:17.893" endtime="20210324 09:24:18.002"/>
</kw>
<status status="PASS" starttime="20210324 09:24:17.892" endtime="20210324 09:24:18.002"/>
</kw>
<kw name="Then Select-Department Should Be Open" library="resource">
<kw name="Location Should Be" library="Selenium2Library">
<arg>${SELECTDEPARTMENT URL}</arg>
<doc>Verifies that the current URL is exactly ``url``.</doc>
<msg timestamp="20210324 09:24:18.008" level="INFO">Current location is 'http://127.0.0.1:8000/sign-in/department/'.</msg>
<status status="PASS" starttime="20210324 09:24:18.002" endtime="20210324 09:24:18.008"/>
</kw>
<status status="PASS" starttime="20210324 09:24:18.002" endtime="20210324 09:24:18.009"/>
</kw>
<kw name="Select Admin Department" library="resource">
<kw name="Select From List By Value" library="Selenium2Library">
<arg>id:select_department</arg>
<arg>8</arg>
<doc>Selects options from selection list ``locator`` by ``values``.</doc>
<msg timestamp="20210324 09:24:18.009" level="INFO">Selecting options from selection list 'id:select_department' by value 8.</msg>
<status status="PASS" starttime="20210324 09:24:18.009" endtime="20210324 09:24:18.039"/>
</kw>
<status status="PASS" starttime="20210324 09:24:18.009" endtime="20210324 09:24:18.039"/>
</kw>
<kw name="Click Button" library="Selenium2Library">
<arg>Sign in</arg>
<doc>Clicks the button identified by ``locator``.</doc>
<msg timestamp="20210324 09:24:18.039" level="INFO">Clicking button 'Sign in'.</msg>
<status status="PASS" starttime="20210324 09:24:18.039" endtime="20210324 09:24:18.407"/>
</kw>
<kw name="Home Page Should Be Open" library="resource">
<kw name="Location Should Be" library="Selenium2Library">
<arg>${HOME URL}</arg>
<doc>Verifies that the current URL is exactly ``url``.</doc>
<msg timestamp="20210324 09:24:18.412" level="INFO">Current location is 'http://127.0.0.1:8000/home/'.</msg>
<status status="PASS" starttime="20210324 09:24:18.408" endtime="20210324 09:24:18.413"/>
</kw>
<status status="PASS" starttime="20210324 09:24:18.408" endtime="20210324 09:24:18.413"/>
</kw>
<kw name="Select Machine Data Menu">
<kw name="Click Link" library="Selenium2Library">
<arg>//*[@id="sidebar"]/div[2]/ul[1]/li[1]/a</arg>
<doc>Clicks a link identified by ``locator``.</doc>
<msg timestamp="20210324 09:24:18.413" level="INFO">Clicking link '//*[@id="sidebar"]/div[2]/ul[1]/li[1]/a'.</msg>
<status status="PASS" starttime="20210324 09:24:18.413" endtime="20210324 09:24:18.463"/>
</kw>
<status status="PASS" starttime="20210324 09:24:18.413" endtime="20210324 09:24:18.463"/>
</kw>
<kw name="Then Select Machine Subtype">
<kw name="Sleep" library="BuiltIn">
<arg>1s</arg>
<doc>Pauses the test executed for the given time.</doc>
<msg timestamp="20210324 09:24:19.465" level="INFO">Slept 1 second</msg>
<status status="PASS" starttime="20210324 09:24:18.463" endtime="20210324 09:24:19.465"/>
</kw>
<kw name="Click Link" library="Selenium2Library">
<arg>//*[@id="machine_manage_menumenu"]/li[3]/a</arg>
<doc>Clicks a link identified by ``locator``.</doc>
<msg timestamp="20210324 09:24:19.466" level="INFO">Clicking link '//*[@id="machine_manage_menumenu"]/li[3]/a'.</msg>
<status status="PASS" starttime="20210324 09:24:19.466" endtime="20210324 09:24:19.671"/>
</kw>
<status status="PASS" starttime="20210324 09:24:18.463" endtime="20210324 09:24:19.671"/>
</kw>
<kw name="Machine Subtype Management Page Should Be Open">
<kw name="Location Should Be" library="Selenium2Library">
<arg>http://127.0.0.1:8000/machinemanage/machine-subtype/</arg>
<doc>Verifies that the current URL is exactly ``url``.</doc>
<msg timestamp="20210324 09:24:19.675" level="INFO">Current location is 'http://127.0.0.1:8000/machinemanage/machine-subtype/'.</msg>
<status status="PASS" starttime="20210324 09:24:19.672" endtime="20210324 09:24:19.676"/>
</kw>
<status status="PASS" starttime="20210324 09:24:19.671" endtime="20210324 09:24:19.676"/>
</kw>
<kw name="Select Machine Subtype Will Be Deleteted">
<kw name="Click Element" library="Selenium2Library">
<arg>xpath://*[@id="myTable"]/tbody/tr[9]/td[5]/center/a[2]</arg>
<doc>Click the element identified by ``locator``.</doc>
<msg timestamp="20210324 09:24:19.677" level="INFO">Clicking element 'xpath://*[@id="myTable"]/tbody/tr[9]/td[5]/center/a[2]'.</msg>
<status status="PASS" starttime="20210324 09:24:19.676" endtime="20210324 09:24:19.780"/>
</kw>
<status status="PASS" starttime="20210324 09:24:19.676" endtime="20210324 09:24:19.780"/>
</kw>
<kw name="Delete Confirmation Should Be Open">
<kw name="Wait Until Page Contains" library="Selenium2Library">
<arg>Confirmation</arg>
<doc>Waits until ``text`` appears on the current page.</doc>
<status status="PASS" starttime="20210324 09:24:19.781" endtime="20210324 09:24:19.792"/>
</kw>
<kw name="Sleep" library="BuiltIn">
<arg>2s</arg>
<doc>Pauses the test executed for the given time.</doc>
<msg timestamp="20210324 09:24:21.792" level="INFO">Slept 2 seconds</msg>
<status status="PASS" starttime="20210324 09:24:19.792" endtime="20210324 09:24:21.793"/>
</kw>
<status status="PASS" starttime="20210324 09:24:19.780" endtime="20210324 09:24:21.793"/>
</kw>
<kw name="Click Element" library="Selenium2Library">
<arg>//*[@id="delete15"]/div/div/div[3]/button[1]</arg>
<doc>Click the element identified by ``locator``.</doc>
<msg timestamp="20210324 09:24:21.794" level="INFO">Clicking element '//*[@id="delete15"]/div/div/div[3]/button[1]'.</msg>
<status status="PASS" starttime="20210324 09:24:21.794" endtime="20210324 09:24:21.968"/>
</kw>
<status status="PASS" starttime="20210324 09:24:15.010" endtime="20210324 09:24:21.968"/>
</test>
<kw name="Close Browser" library="Selenium2Library" type="TEARDOWN">
<doc>Closes the current browser.</doc>
<status status="PASS" starttime="20210324 09:24:21.970" endtime="20210324 09:24:22.056"/>
</kw>
<doc>A test suite for deleting machine subtype.</doc>
<status status="PASS" starttime="20210324 09:24:14.811" endtime="20210324 09:24:22.056"/>
</suite>
<statistics>
<total>
<stat pass="1" fail="0" skip="0">All Tests</stat>
</total>
<tag>
</tag>
<suite>
<stat pass="1" fail="0" skip="0" id="s1" name="Delete Machine Subtype">Delete Machine Subtype</stat>
</suite>
</statistics>
<errors>
</errors>
</robot>
