<?xml version="1.0" encoding="UTF-8"?>
<robot generator="Robot 4.0 (Python 3.9.2 on darwin)" generated="20210324 09:15:16.713" rpa="false" schemaversion="2">
<suite id="s1" name="Edit Machine Subtype" source="/Users/MS/Project/MachineDB/Tests/edit_machine_subtype.robot">
<test id="s1-t1" name="Admin Edits Machine Subtype">
<kw name="Open Browser To Signin Page" library="resource">
<kw name="Open Browser" library="Selenium2Library">
<arg>${SIGNIN URL}</arg>
<arg>${BROWSER}</arg>
<doc>Opens a new browser instance to the optional ``url``.</doc>
<msg timestamp="20210324 09:15:16.967" level="INFO">Opening browser 'Chrome' to base url 'http://127.0.0.1:8000/'.</msg>
<status status="PASS" starttime="20210324 09:15:16.967" endtime="20210324 09:15:19.375"/>
</kw>
<kw name="Maximize Browser Window" library="Selenium2Library">
<doc>Maximizes current browser window.</doc>
<status status="PASS" starttime="20210324 09:15:19.376" endtime="20210324 09:15:19.510"/>
</kw>
<kw name="Set Selenium Speed" library="Selenium2Library">
<arg>${DELAY}</arg>
<doc>Sets the delay that is waited after each Selenium command.</doc>
<status status="PASS" starttime="20210324 09:15:19.510" endtime="20210324 09:15:19.511"/>
</kw>
<status status="PASS" starttime="20210324 09:15:16.966" endtime="20210324 09:15:19.511"/>
</kw>
<kw name="Input Username" library="resource">
<arg>system</arg>
<kw name="Input Text" library="Selenium2Library">
<arg>inputUser</arg>
<arg>${username}</arg>
<doc>Types the given ``text`` into the text field identified by ``locator``.</doc>
<msg timestamp="20210324 09:15:19.512" level="INFO">Typing text 'system' into text field 'inputUser'.</msg>
<status status="PASS" starttime="20210324 09:15:19.512" endtime="20210324 09:15:19.643"/>
</kw>
<status status="PASS" starttime="20210324 09:15:19.511" endtime="20210324 09:15:19.643"/>
</kw>
<kw name="Input Password" library="resource">
<arg>admin</arg>
<kw name="Input Text" library="Selenium2Library">
<arg>inputPassword</arg>
<arg>${password}</arg>
<doc>Types the given ``text`` into the text field identified by ``locator``.</doc>
<msg timestamp="20210324 09:15:19.644" level="INFO">Typing text 'admin' into text field 'inputPassword'.</msg>
<status status="PASS" starttime="20210324 09:15:19.644" endtime="20210324 09:15:19.705"/>
</kw>
<status status="PASS" starttime="20210324 09:15:19.644" endtime="20210324 09:15:19.705"/>
</kw>
<kw name="Submit Credentials" library="resource">
<kw name="Click Button" library="Selenium2Library">
<arg>signin</arg>
<doc>Clicks the button identified by ``locator``.</doc>
<msg timestamp="20210324 09:15:19.706" level="INFO">Clicking button 'signin'.</msg>
<status status="PASS" starttime="20210324 09:15:19.705" endtime="20210324 09:15:19.826"/>
</kw>
<status status="PASS" starttime="20210324 09:15:19.705" endtime="20210324 09:15:19.826"/>
</kw>
<kw name="Then Select-Department Should Be Open" library="resource">
<kw name="Location Should Be" library="Selenium2Library">
<arg>${SELECTDEPARTMENT URL}</arg>
<doc>Verifies that the current URL is exactly ``url``.</doc>
<msg timestamp="20210324 09:15:19.831" level="INFO">Current location is 'http://127.0.0.1:8000/sign-in/department/'.</msg>
<status status="PASS" starttime="20210324 09:15:19.827" endtime="20210324 09:15:19.831"/>
</kw>
<status status="PASS" starttime="20210324 09:15:19.827" endtime="20210324 09:15:19.831"/>
</kw>
<kw name="Select Admin Department" library="resource">
<kw name="Select From List By Value" library="Selenium2Library">
<arg>id:select_department</arg>
<arg>8</arg>
<doc>Selects options from selection list ``locator`` by ``values``.</doc>
<msg timestamp="20210324 09:15:19.832" level="INFO">Selecting options from selection list 'id:select_department' by value 8.</msg>
<status status="PASS" starttime="20210324 09:15:19.832" endtime="20210324 09:15:19.861"/>
</kw>
<status status="PASS" starttime="20210324 09:15:19.832" endtime="20210324 09:15:19.861"/>
</kw>
<kw name="Click Button" library="Selenium2Library">
<arg>Sign in</arg>
<doc>Clicks the button identified by ``locator``.</doc>
<msg timestamp="20210324 09:15:19.862" level="INFO">Clicking button 'Sign in'.</msg>
<status status="PASS" starttime="20210324 09:15:19.861" endtime="20210324 09:15:20.219"/>
</kw>
<kw name="Home Page Should Be Open" library="resource">
<kw name="Location Should Be" library="Selenium2Library">
<arg>${HOME URL}</arg>
<doc>Verifies that the current URL is exactly ``url``.</doc>
<msg timestamp="20210324 09:15:20.223" level="INFO">Current location is 'http://127.0.0.1:8000/home/'.</msg>
<status status="PASS" starttime="20210324 09:15:20.220" endtime="20210324 09:15:20.223"/>
</kw>
<status status="PASS" starttime="20210324 09:15:20.219" endtime="20210324 09:15:20.223"/>
</kw>
<kw name="Select Machine Data Menu">
<kw name="Click Link" library="Selenium2Library">
<arg>//*[@id="sidebar"]/div[2]/ul[1]/li[1]/a</arg>
<doc>Clicks a link identified by ``locator``.</doc>
<msg timestamp="20210324 09:15:20.224" level="INFO">Clicking link '//*[@id="sidebar"]/div[2]/ul[1]/li[1]/a'.</msg>
<status status="PASS" starttime="20210324 09:15:20.224" endtime="20210324 09:15:20.291"/>
</kw>
<status status="PASS" starttime="20210324 09:15:20.223" endtime="20210324 09:15:20.291"/>
</kw>
<kw name="Then Select Machine Subtype">
<kw name="Sleep" library="BuiltIn">
<arg>1s</arg>
<doc>Pauses the test executed for the given time.</doc>
<msg timestamp="20210324 09:15:21.294" level="INFO">Slept 1 second</msg>
<status status="PASS" starttime="20210324 09:15:20.292" endtime="20210324 09:15:21.294"/>
</kw>
<kw name="Click Link" library="Selenium2Library">
<arg>//*[@id="machine_manage_menumenu"]/li[3]/a</arg>
<doc>Clicks a link identified by ``locator``.</doc>
<msg timestamp="20210324 09:15:21.295" level="INFO">Clicking link '//*[@id="machine_manage_menumenu"]/li[3]/a'.</msg>
<status status="PASS" starttime="20210324 09:15:21.294" endtime="20210324 09:15:21.522"/>
</kw>
<status status="PASS" starttime="20210324 09:15:20.291" endtime="20210324 09:15:21.522"/>
</kw>
<kw name="Machine Subtype Management Page Should Be Open">
<kw name="Location Should Be" library="Selenium2Library">
<arg>http://127.0.0.1:8000/machinemanage/machine-subtype/</arg>
<doc>Verifies that the current URL is exactly ``url``.</doc>
<msg timestamp="20210324 09:15:21.526" level="INFO">Current location is 'http://127.0.0.1:8000/machinemanage/machine-subtype/'.</msg>
<status status="PASS" starttime="20210324 09:15:21.523" endtime="20210324 09:15:21.526"/>
</kw>
<status status="PASS" starttime="20210324 09:15:21.522" endtime="20210324 09:15:21.526"/>
</kw>
<kw name="Select Machine Subtype Will Be Edited">
<kw name="Click Element" library="Selenium2Library">
<arg>xpath://*[@id="myTable"]/tbody/tr[9]/td[5]/center/a[1]</arg>
<doc>Click the element identified by ``locator``.</doc>
<msg timestamp="20210324 09:15:21.527" level="INFO">Clicking element 'xpath://*[@id="myTable"]/tbody/tr[9]/td[5]/center/a[1]'.</msg>
<status status="PASS" starttime="20210324 09:15:21.527" endtime="20210324 09:15:21.647"/>
</kw>
<status status="PASS" starttime="20210324 09:15:21.527" endtime="20210324 09:15:21.647"/>
</kw>
<kw name="Edit Data">
<kw name="Wait Until Page Contains" library="Selenium2Library">
<arg>Setting</arg>
<doc>Waits until ``text`` appears on the current page.</doc>
<status status="PASS" starttime="20210324 09:15:21.648" endtime="20210324 09:15:21.658"/>
</kw>
<kw name="Sleep" library="BuiltIn">
<arg>1s</arg>
<doc>Pauses the test executed for the given time.</doc>
<msg timestamp="20210324 09:15:22.660" level="INFO">Slept 1 second</msg>
<status status="PASS" starttime="20210324 09:15:21.658" endtime="20210324 09:15:22.660"/>
</kw>
<kw name="Input Text" library="Selenium2Library">
<arg>xpath://*[@id="set_subtype9"]</arg>
<arg>A${TEST DATA}</arg>
<doc>Types the given ``text`` into the text field identified by ``locator``.</doc>
<msg timestamp="20210324 09:15:22.661" level="INFO">Typing text 'Atest' into text field 'xpath://*[@id="set_subtype9"]'.</msg>
<status status="PASS" starttime="20210324 09:15:22.660" endtime="20210324 09:15:22.826"/>
</kw>
<status status="PASS" starttime="20210324 09:15:21.647" endtime="20210324 09:15:22.826"/>
</kw>
<kw name="Click Element" library="Selenium2Library">
<arg>//*[@id="setting13"]/div/div/div[2]/div[4]/button[2]</arg>
<doc>Click the element identified by ``locator``.</doc>
<msg timestamp="20210324 09:15:22.828" level="INFO">Clicking element '//*[@id="setting13"]/div/div/div[2]/div[4]/button[2]'.</msg>
<status status="PASS" starttime="20210324 09:15:22.827" endtime="20210324 09:15:23.029"/>
</kw>
<kw name="Get Text" library="Selenium2Library">
<arg>class:alert-success</arg>
<doc>Returns the text value of the element identified by ``locator``.</doc>
<status status="PASS" starttime="20210324 09:15:23.029" endtime="20210324 09:15:23.047"/>
</kw>
<status status="PASS" starttime="20210324 09:15:16.965" endtime="20210324 09:15:23.047"/>
</test>
<kw name="Close Browser" library="Selenium2Library" type="TEARDOWN">
<doc>Closes the current browser.</doc>
<status status="PASS" starttime="20210324 09:15:23.049" endtime="20210324 09:15:23.136"/>
</kw>
<doc>A test suite for editing machine subtype.</doc>
<status status="PASS" starttime="20210324 09:15:16.716" endtime="20210324 09:15:23.136"/>
</suite>
<statistics>
<total>
<stat pass="1" fail="0" skip="0">All Tests</stat>
</total>
<tag>
</tag>
<suite>
<stat pass="1" fail="0" skip="0" id="s1" name="Edit Machine Subtype">Edit Machine Subtype</stat>
</suite>
</statistics>
<errors>
</errors>
</robot>
