<?xml version="1.0" encoding="UTF-8"?>
<robot generator="Robot 4.0 (Python 3.9.2 on darwin)" generated="20210323 21:20:27.653" rpa="false" schemaversion="2">
<suite id="s1" name="Edit Machine Type" source="/Users/MS/Project/MachineDB/Tests/edit_machine_type.robot">
<test id="s1-t1" name="Admin Edits Machine Type">
<kw name="Open Browser To Signin Page" library="resource">
<kw name="Open Browser" library="Selenium2Library">
<arg>${SIGNIN URL}</arg>
<arg>${BROWSER}</arg>
<doc>Opens a new browser instance to the optional ``url``.</doc>
<msg timestamp="20210323 21:20:27.878" level="INFO">Opening browser 'Chrome' to base url 'http://127.0.0.1:8000/'.</msg>
<status status="PASS" starttime="20210323 21:20:27.877" endtime="20210323 21:20:30.509"/>
</kw>
<kw name="Maximize Browser Window" library="Selenium2Library">
<doc>Maximizes current browser window.</doc>
<status status="PASS" starttime="20210323 21:20:30.509" endtime="20210323 21:20:30.647"/>
</kw>
<kw name="Set Selenium Speed" library="Selenium2Library">
<arg>${DELAY}</arg>
<doc>Sets the delay that is waited after each Selenium command.</doc>
<status status="PASS" starttime="20210323 21:20:30.647" endtime="20210323 21:20:30.648"/>
</kw>
<status status="PASS" starttime="20210323 21:20:27.876" endtime="20210323 21:20:30.648"/>
</kw>
<kw name="Input Username" library="resource">
<arg>system</arg>
<kw name="Input Text" library="Selenium2Library">
<arg>inputUser</arg>
<arg>${username}</arg>
<doc>Types the given ``text`` into the text field identified by ``locator``.</doc>
<msg timestamp="20210323 21:20:30.649" level="INFO">Typing text 'system' into text field 'inputUser'.</msg>
<status status="PASS" starttime="20210323 21:20:30.649" endtime="20210323 21:20:30.764"/>
</kw>
<status status="PASS" starttime="20210323 21:20:30.648" endtime="20210323 21:20:30.765"/>
</kw>
<kw name="Input Password" library="resource">
<arg>admin</arg>
<kw name="Input Text" library="Selenium2Library">
<arg>inputPassword</arg>
<arg>${password}</arg>
<doc>Types the given ``text`` into the text field identified by ``locator``.</doc>
<msg timestamp="20210323 21:20:30.765" level="INFO">Typing text 'admin' into text field 'inputPassword'.</msg>
<status status="PASS" starttime="20210323 21:20:30.765" endtime="20210323 21:20:30.828"/>
</kw>
<status status="PASS" starttime="20210323 21:20:30.765" endtime="20210323 21:20:30.828"/>
</kw>
<kw name="Submit Credentials" library="resource">
<kw name="Click Button" library="Selenium2Library">
<arg>signin</arg>
<doc>Clicks the button identified by ``locator``.</doc>
<msg timestamp="20210323 21:20:30.829" level="INFO">Clicking button 'signin'.</msg>
<status status="PASS" starttime="20210323 21:20:30.828" endtime="20210323 21:20:30.946"/>
</kw>
<status status="PASS" starttime="20210323 21:20:30.828" endtime="20210323 21:20:30.946"/>
</kw>
<kw name="Then Select-Department Should Be Open" library="resource">
<kw name="Location Should Be" library="Selenium2Library">
<arg>${SELECTDEPARTMENT URL}</arg>
<doc>Verifies that the current URL is exactly ``url``.</doc>
<msg timestamp="20210323 21:20:30.951" level="INFO">Current location is 'http://127.0.0.1:8000/sign-in/department/'.</msg>
<status status="PASS" starttime="20210323 21:20:30.947" endtime="20210323 21:20:30.951"/>
</kw>
<status status="PASS" starttime="20210323 21:20:30.947" endtime="20210323 21:20:30.951"/>
</kw>
<kw name="Select Admin Department" library="resource">
<kw name="Select From List By Value" library="Selenium2Library">
<arg>id:select_department</arg>
<arg>8</arg>
<doc>Selects options from selection list ``locator`` by ``values``.</doc>
<msg timestamp="20210323 21:20:30.952" level="INFO">Selecting options from selection list 'id:select_department' by value 8.</msg>
<status status="PASS" starttime="20210323 21:20:30.951" endtime="20210323 21:20:30.985"/>
</kw>
<status status="PASS" starttime="20210323 21:20:30.951" endtime="20210323 21:20:30.985"/>
</kw>
<kw name="Click Button" library="Selenium2Library">
<arg>Sign in</arg>
<doc>Clicks the button identified by ``locator``.</doc>
<msg timestamp="20210323 21:20:30.985" level="INFO">Clicking button 'Sign in'.</msg>
<status status="PASS" starttime="20210323 21:20:30.985" endtime="20210323 21:20:31.354"/>
</kw>
<kw name="Home Page Should Be Open" library="resource">
<kw name="Location Should Be" library="Selenium2Library">
<arg>${HOME URL}</arg>
<doc>Verifies that the current URL is exactly ``url``.</doc>
<msg timestamp="20210323 21:20:31.359" level="INFO">Current location is 'http://127.0.0.1:8000/home/'.</msg>
<status status="PASS" starttime="20210323 21:20:31.354" endtime="20210323 21:20:31.359"/>
</kw>
<status status="PASS" starttime="20210323 21:20:31.354" endtime="20210323 21:20:31.359"/>
</kw>
<kw name="Select Machine Data Menu">
<kw name="Click Link" library="Selenium2Library">
<arg>//*[@id="sidebar"]/div[2]/ul[1]/li[1]/a</arg>
<doc>Clicks a link identified by ``locator``.</doc>
<msg timestamp="20210323 21:20:31.360" level="INFO">Clicking link '//*[@id="sidebar"]/div[2]/ul[1]/li[1]/a'.</msg>
<status status="PASS" starttime="20210323 21:20:31.359" endtime="20210323 21:20:31.439"/>
</kw>
<status status="PASS" starttime="20210323 21:20:31.359" endtime="20210323 21:20:31.439"/>
</kw>
<kw name="Then Select Machine Type">
<kw name="Sleep" library="BuiltIn">
<arg>1s</arg>
<doc>Pauses the test executed for the given time.</doc>
<msg timestamp="20210323 21:20:32.443" level="INFO">Slept 1 second</msg>
<status status="PASS" starttime="20210323 21:20:31.440" endtime="20210323 21:20:32.443"/>
</kw>
<kw name="Click Link" library="Selenium2Library">
<arg>//*[@id="machine_manage_menumenu"]/li[2]/a</arg>
<doc>Clicks a link identified by ``locator``.</doc>
<msg timestamp="20210323 21:20:32.444" level="INFO">Clicking link '//*[@id="machine_manage_menumenu"]/li[2]/a'.</msg>
<status status="PASS" starttime="20210323 21:20:32.444" endtime="20210323 21:20:32.629"/>
</kw>
<status status="PASS" starttime="20210323 21:20:31.439" endtime="20210323 21:20:32.629"/>
</kw>
<kw name="Machine Type Management Page Should Be Open">
<kw name="Location Should Be" library="Selenium2Library">
<arg>http://127.0.0.1:8000/machinemanage/machine-type/</arg>
<doc>Verifies that the current URL is exactly ``url``.</doc>
<msg timestamp="20210323 21:20:32.633" level="INFO">Current location is 'http://127.0.0.1:8000/machinemanage/machine-type/'.</msg>
<status status="PASS" starttime="20210323 21:20:32.630" endtime="20210323 21:20:32.633"/>
</kw>
<status status="PASS" starttime="20210323 21:20:32.629" endtime="20210323 21:20:32.633"/>
</kw>
<kw name="Select Machine Type Will Be Edited">
<kw name="Click Element" library="Selenium2Library">
<arg>xpath://*[@id="myTable"]/tbody/tr[7]/td[4]/center/a[1]</arg>
<doc>Click the element identified by ``locator``.</doc>
<msg timestamp="20210323 21:20:32.634" level="INFO">Clicking element 'xpath://*[@id="myTable"]/tbody/tr[7]/td[4]/center/a[1]'.</msg>
<status status="PASS" starttime="20210323 21:20:32.634" endtime="20210323 21:20:32.711"/>
</kw>
<status status="PASS" starttime="20210323 21:20:32.633" endtime="20210323 21:20:32.712"/>
</kw>
<kw name="Edit Data">
<kw name="Wait Until Page Contains" library="Selenium2Library">
<arg>Setting</arg>
<doc>Waits until ``text`` appears on the current page.</doc>
<status status="PASS" starttime="20210323 21:20:32.712" endtime="20210323 21:20:32.725"/>
</kw>
<kw name="Sleep" library="BuiltIn">
<arg>1s</arg>
<doc>Pauses the test executed for the given time.</doc>
<msg timestamp="20210323 21:20:33.727" level="INFO">Slept 1 second</msg>
<status status="PASS" starttime="20210323 21:20:32.725" endtime="20210323 21:20:33.728"/>
</kw>
<kw name="Input Text" library="Selenium2Library">
<arg>xpath://*[@id="set_mch_type7"]</arg>
<arg>A${TEST DATA}</arg>
<doc>Types the given ``text`` into the text field identified by ``locator``.</doc>
<msg timestamp="20210323 21:20:33.729" level="INFO">Typing text 'Atest' into text field 'xpath://*[@id="set_mch_type7"]'.</msg>
<status status="PASS" starttime="20210323 21:20:33.728" endtime="20210323 21:20:33.886"/>
</kw>
<status status="PASS" starttime="20210323 21:20:32.712" endtime="20210323 21:20:33.887"/>
</kw>
<kw name="Click Element" library="Selenium2Library">
<arg>//*[@id="setting10"]/div/div/div[2]/div[3]/button[2]</arg>
<doc>Click the element identified by ``locator``.</doc>
<msg timestamp="20210323 21:20:33.887" level="INFO">Clicking element '//*[@id="setting10"]/div/div/div[2]/div[3]/button[2]'.</msg>
<status status="PASS" starttime="20210323 21:20:33.887" endtime="20210323 21:20:34.056"/>
</kw>
<kw name="Get Text" library="Selenium2Library">
<arg>class:alert-success</arg>
<doc>Returns the text value of the element identified by ``locator``.</doc>
<status status="PASS" starttime="20210323 21:20:34.057" endtime="20210323 21:20:34.078"/>
</kw>
<status status="PASS" starttime="20210323 21:20:27.876" endtime="20210323 21:20:34.078"/>
</test>
<kw name="Close Browser" library="Selenium2Library" type="TEARDOWN">
<doc>Closes the current browser.</doc>
<status status="PASS" starttime="20210323 21:20:34.081" endtime="20210323 21:20:34.186"/>
</kw>
<doc>A test suite for editing machine type.</doc>
<status status="PASS" starttime="20210323 21:20:27.655" endtime="20210323 21:20:34.186"/>
</suite>
<statistics>
<total>
<stat pass="1" fail="0" skip="0">All Tests</stat>
</total>
<tag>
</tag>
<suite>
<stat pass="1" fail="0" skip="0" id="s1" name="Edit Machine Type">Edit Machine Type</stat>
</suite>
</statistics>
<errors>
</errors>
</robot>
