<?xml version="1.0" encoding="UTF-8"?>
<robot generator="Robot 4.0 (Python 3.9.2 on darwin)" generated="20210329 01:20:16.748" rpa="false" schemaversion="2">
<suite id="s1" name="Delete Menu" source="/Users/MS/Project/MachineDB/Tests/delete_menu.robot">
<test id="s1-t1" name="Admin Deletes Menu">
<kw name="Open Browser To Signin Page" library="resource">
<kw name="Open Browser" library="Selenium2Library">
<arg>${SIGNIN URL}</arg>
<arg>${BROWSER}</arg>
<doc>Opens a new browser instance to the optional ``url``.</doc>
<msg timestamp="20210329 01:20:16.990" level="INFO">Opening browser 'Chrome' to base url 'http://127.0.0.1:8000/'.</msg>
<status status="PASS" starttime="20210329 01:20:16.990" endtime="20210329 01:20:19.717"/>
</kw>
<kw name="Maximize Browser Window" library="Selenium2Library">
<doc>Maximizes current browser window.</doc>
<status status="PASS" starttime="20210329 01:20:19.718" endtime="20210329 01:20:19.848"/>
</kw>
<kw name="Set Selenium Speed" library="Selenium2Library">
<arg>${DELAY}</arg>
<doc>Sets the delay that is waited after each Selenium command.</doc>
<status status="PASS" starttime="20210329 01:20:19.849" endtime="20210329 01:20:19.849"/>
</kw>
<status status="PASS" starttime="20210329 01:20:16.990" endtime="20210329 01:20:19.849"/>
</kw>
<kw name="Input Username" library="resource">
<arg>system</arg>
<kw name="Input Text" library="Selenium2Library">
<arg>inputUser</arg>
<arg>${username}</arg>
<doc>Types the given ``text`` into the text field identified by ``locator``.</doc>
<msg timestamp="20210329 01:20:19.850" level="INFO">Typing text 'system' into text field 'inputUser'.</msg>
<status status="PASS" starttime="20210329 01:20:19.850" endtime="20210329 01:20:19.991"/>
</kw>
<status status="PASS" starttime="20210329 01:20:19.850" endtime="20210329 01:20:19.991"/>
</kw>
<kw name="Input Password" library="resource">
<arg>admin</arg>
<kw name="Input Text" library="Selenium2Library">
<arg>inputPassword</arg>
<arg>${password}</arg>
<doc>Types the given ``text`` into the text field identified by ``locator``.</doc>
<msg timestamp="20210329 01:20:19.992" level="INFO">Typing text 'admin' into text field 'inputPassword'.</msg>
<status status="PASS" starttime="20210329 01:20:19.992" endtime="20210329 01:20:20.060"/>
</kw>
<status status="PASS" starttime="20210329 01:20:19.991" endtime="20210329 01:20:20.060"/>
</kw>
<kw name="Submit Credentials" library="resource">
<kw name="Click Button" library="Selenium2Library">
<arg>signin</arg>
<doc>Clicks the button identified by ``locator``.</doc>
<msg timestamp="20210329 01:20:20.061" level="INFO">Clicking button 'signin'.</msg>
<status status="PASS" starttime="20210329 01:20:20.061" endtime="20210329 01:20:20.206"/>
</kw>
<status status="PASS" starttime="20210329 01:20:20.060" endtime="20210329 01:20:20.206"/>
</kw>
<kw name="Then Select-Department Should Be Open" library="resource">
<kw name="Location Should Be" library="Selenium2Library">
<arg>${SELECTDEPARTMENT URL}</arg>
<doc>Verifies that the current URL is exactly ``url``.</doc>
<msg timestamp="20210329 01:20:20.217" level="INFO">Current location is 'http://127.0.0.1:8000/sign-in/department/'.</msg>
<status status="PASS" starttime="20210329 01:20:20.207" endtime="20210329 01:20:20.217"/>
</kw>
<status status="PASS" starttime="20210329 01:20:20.206" endtime="20210329 01:20:20.217"/>
</kw>
<kw name="Select Admin Department" library="resource">
<kw name="Select From List By Value" library="Selenium2Library">
<arg>id:select_department</arg>
<arg>8</arg>
<doc>Selects options from selection list ``locator`` by ``values``.</doc>
<msg timestamp="20210329 01:20:20.218" level="INFO">Selecting options from selection list 'id:select_department' by value 8.</msg>
<status status="PASS" starttime="20210329 01:20:20.218" endtime="20210329 01:20:20.258"/>
</kw>
<status status="PASS" starttime="20210329 01:20:20.217" endtime="20210329 01:20:20.258"/>
</kw>
<kw name="Click Button" library="Selenium2Library">
<arg>Sign in</arg>
<doc>Clicks the button identified by ``locator``.</doc>
<msg timestamp="20210329 01:20:20.258" level="INFO">Clicking button 'Sign in'.</msg>
<status status="PASS" starttime="20210329 01:20:20.258" endtime="20210329 01:20:20.591"/>
</kw>
<kw name="Home Page Should Be Open" library="resource">
<kw name="Location Should Be" library="Selenium2Library">
<arg>${HOME URL}</arg>
<doc>Verifies that the current URL is exactly ``url``.</doc>
<msg timestamp="20210329 01:20:20.596" level="INFO">Current location is 'http://127.0.0.1:8000/home/'.</msg>
<status status="PASS" starttime="20210329 01:20:20.592" endtime="20210329 01:20:20.596"/>
</kw>
<status status="PASS" starttime="20210329 01:20:20.592" endtime="20210329 01:20:20.596"/>
</kw>
<kw name="Select User Management Menu">
<kw name="Click Link" library="Selenium2Library">
<arg>//*[@id="sidebar"]/div[2]/ul[2]/li[2]/a</arg>
<doc>Clicks a link identified by ``locator``.</doc>
<msg timestamp="20210329 01:20:20.597" level="INFO">Clicking link '//*[@id="sidebar"]/div[2]/ul[2]/li[2]/a'.</msg>
<status status="PASS" starttime="20210329 01:20:20.597" endtime="20210329 01:20:20.650"/>
</kw>
<kw name="Sleep" library="BuiltIn">
<arg>1s</arg>
<doc>Pauses the test executed for the given time.</doc>
<msg timestamp="20210329 01:20:21.651" level="INFO">Slept 1 second</msg>
<status status="PASS" starttime="20210329 01:20:20.651" endtime="20210329 01:20:21.651"/>
</kw>
<status status="PASS" starttime="20210329 01:20:20.596" endtime="20210329 01:20:21.652"/>
</kw>
<kw name="Then Select Menu">
<kw name="Click Link" library="Selenium2Library">
<arg>//*[@id="usermenu"]/li[7]/a</arg>
<doc>Clicks a link identified by ``locator``.</doc>
<msg timestamp="20210329 01:20:21.653" level="INFO">Clicking link '//*[@id="usermenu"]/li[7]/a'.</msg>
<status status="PASS" starttime="20210329 01:20:21.652" endtime="20210329 01:20:22.030"/>
</kw>
<status status="PASS" starttime="20210329 01:20:21.652" endtime="20210329 01:20:22.030"/>
</kw>
<kw name="Menu Management Page Should Be Open">
<kw name="Location Should Be" library="Selenium2Library">
<arg>http://127.0.0.1:8000/usermanage/menu-management</arg>
<doc>Verifies that the current URL is exactly ``url``.</doc>
<msg timestamp="20210329 01:20:22.041" level="INFO">Current location is 'http://127.0.0.1:8000/usermanage/menu-management'.</msg>
<status status="PASS" starttime="20210329 01:20:22.031" endtime="20210329 01:20:22.041"/>
</kw>
<status status="PASS" starttime="20210329 01:20:22.031" endtime="20210329 01:20:22.042"/>
</kw>
<kw name="Select Menu Will Be Deleteted">
<kw name="Click Element" library="Selenium2Library">
<arg>xpath://*[@id="myTable"]/tbody/tr[7]/td[9]/a[2]</arg>
<doc>Click the element identified by ``locator``.</doc>
<msg timestamp="20210329 01:20:22.042" level="INFO">Clicking element 'xpath://*[@id="myTable"]/tbody/tr[7]/td[9]/a[2]'.</msg>
<status status="PASS" starttime="20210329 01:20:22.042" endtime="20210329 01:20:22.081"/>
</kw>
<status status="PASS" starttime="20210329 01:20:22.042" endtime="20210329 01:20:22.082"/>
</kw>
<kw name="Confirm Deletion">
<kw name="Wait Until Page Contains" library="Selenium2Library">
<arg>Confirmation</arg>
<doc>Waits until ``text`` appears on the current page.</doc>
<status status="PASS" starttime="20210329 01:20:22.082" endtime="20210329 01:20:22.116"/>
</kw>
<kw name="Sleep" library="BuiltIn">
<arg>1s</arg>
<doc>Pauses the test executed for the given time.</doc>
<msg timestamp="20210329 01:20:23.117" level="INFO">Slept 1 second</msg>
<status status="PASS" starttime="20210329 01:20:22.116" endtime="20210329 01:20:23.117"/>
</kw>
<kw name="Click Element" library="Selenium2Library">
<arg>xpath://*[@id="deleteAAAAA"]/div/div/div[3]/button[1]</arg>
<doc>Click the element identified by ``locator``.</doc>
<msg timestamp="20210329 01:20:23.118" level="INFO">Clicking element 'xpath://*[@id="deleteAAAAA"]/div/div/div[3]/button[1]'.</msg>
<status status="PASS" starttime="20210329 01:20:23.118" endtime="20210329 01:20:23.527"/>
</kw>
<kw name="Get Text" library="Selenium2Library">
<arg>class=alert-success</arg>
<doc>Returns the text value of the element identified by ``locator``.</doc>
<status status="PASS" starttime="20210329 01:20:23.527" endtime="20210329 01:20:23.545"/>
</kw>
<status status="PASS" starttime="20210329 01:20:22.082" endtime="20210329 01:20:23.545"/>
</kw>
<status status="PASS" starttime="20210329 01:20:16.989" endtime="20210329 01:20:23.545"/>
</test>
<kw name="Close Browser" library="Selenium2Library" type="TEARDOWN">
<doc>Closes the current browser.</doc>
<status status="PASS" starttime="20210329 01:20:23.547" endtime="20210329 01:20:23.634"/>
</kw>
<doc>A test suite for deleting menu.</doc>
<status status="PASS" starttime="20210329 01:20:16.750" endtime="20210329 01:20:23.634"/>
</suite>
<statistics>
<total>
<stat pass="1" fail="0" skip="0">All Tests</stat>
</total>
<tag>
</tag>
<suite>
<stat pass="1" fail="0" skip="0" id="s1" name="Delete Menu">Delete Menu</stat>
</suite>
</statistics>
<errors>
</errors>
</robot>
