<?xml version="1.0" encoding="UTF-8"?>
<robot generator="Robot 4.0 (Python 3.9.2 on darwin)" generated="20210329 01:40:07.870" rpa="false" schemaversion="2">
<suite id="s1" name="Delete Screen" source="/Users/MS/Project/MachineDB/Tests/delete_screen.robot">
<test id="s1-t1" name="Admin Deletes Screen">
<kw name="Open Browser To Signin Page" library="resource">
<kw name="Open Browser" library="Selenium2Library">
<arg>${SIGNIN URL}</arg>
<arg>${BROWSER}</arg>
<doc>Opens a new browser instance to the optional ``url``.</doc>
<msg timestamp="20210329 01:40:08.087" level="INFO">Opening browser 'Chrome' to base url 'http://127.0.0.1:8000/'.</msg>
<status status="PASS" starttime="20210329 01:40:08.086" endtime="20210329 01:40:10.531"/>
</kw>
<kw name="Maximize Browser Window" library="Selenium2Library">
<doc>Maximizes current browser window.</doc>
<status status="PASS" starttime="20210329 01:40:10.531" endtime="20210329 01:40:10.672"/>
</kw>
<kw name="Set Selenium Speed" library="Selenium2Library">
<arg>${DELAY}</arg>
<doc>Sets the delay that is waited after each Selenium command.</doc>
<status status="PASS" starttime="20210329 01:40:10.672" endtime="20210329 01:40:10.673"/>
</kw>
<status status="PASS" starttime="20210329 01:40:08.086" endtime="20210329 01:40:10.673"/>
</kw>
<kw name="Input Username" library="resource">
<arg>system</arg>
<kw name="Input Text" library="Selenium2Library">
<arg>inputUser</arg>
<arg>${username}</arg>
<doc>Types the given ``text`` into the text field identified by ``locator``.</doc>
<msg timestamp="20210329 01:40:10.674" level="INFO">Typing text 'system' into text field 'inputUser'.</msg>
<status status="PASS" starttime="20210329 01:40:10.674" endtime="20210329 01:40:10.820"/>
</kw>
<status status="PASS" starttime="20210329 01:40:10.673" endtime="20210329 01:40:10.820"/>
</kw>
<kw name="Input Password" library="resource">
<arg>admin</arg>
<kw name="Input Text" library="Selenium2Library">
<arg>inputPassword</arg>
<arg>${password}</arg>
<doc>Types the given ``text`` into the text field identified by ``locator``.</doc>
<msg timestamp="20210329 01:40:10.821" level="INFO">Typing text 'admin' into text field 'inputPassword'.</msg>
<status status="PASS" starttime="20210329 01:40:10.821" endtime="20210329 01:40:10.886"/>
</kw>
<status status="PASS" starttime="20210329 01:40:10.820" endtime="20210329 01:40:10.887"/>
</kw>
<kw name="Submit Credentials" library="resource">
<kw name="Click Button" library="Selenium2Library">
<arg>signin</arg>
<doc>Clicks the button identified by ``locator``.</doc>
<msg timestamp="20210329 01:40:10.887" level="INFO">Clicking button 'signin'.</msg>
<status status="PASS" starttime="20210329 01:40:10.887" endtime="20210329 01:40:11.015"/>
</kw>
<status status="PASS" starttime="20210329 01:40:10.887" endtime="20210329 01:40:11.015"/>
</kw>
<kw name="Then Select-Department Should Be Open" library="resource">
<kw name="Location Should Be" library="Selenium2Library">
<arg>${SELECTDEPARTMENT URL}</arg>
<doc>Verifies that the current URL is exactly ``url``.</doc>
<msg timestamp="20210329 01:40:11.021" level="INFO">Current location is 'http://127.0.0.1:8000/sign-in/department/'.</msg>
<status status="PASS" starttime="20210329 01:40:11.016" endtime="20210329 01:40:11.021"/>
</kw>
<status status="PASS" starttime="20210329 01:40:11.015" endtime="20210329 01:40:11.021"/>
</kw>
<kw name="Select Admin Department" library="resource">
<kw name="Select From List By Value" library="Selenium2Library">
<arg>id:select_department</arg>
<arg>8</arg>
<doc>Selects options from selection list ``locator`` by ``values``.</doc>
<msg timestamp="20210329 01:40:11.022" level="INFO">Selecting options from selection list 'id:select_department' by value 8.</msg>
<status status="PASS" starttime="20210329 01:40:11.022" endtime="20210329 01:40:11.063"/>
</kw>
<status status="PASS" starttime="20210329 01:40:11.021" endtime="20210329 01:40:11.064"/>
</kw>
<kw name="Click Button" library="Selenium2Library">
<arg>Sign in</arg>
<doc>Clicks the button identified by ``locator``.</doc>
<msg timestamp="20210329 01:40:11.064" level="INFO">Clicking button 'Sign in'.</msg>
<status status="PASS" starttime="20210329 01:40:11.064" endtime="20210329 01:40:11.399"/>
</kw>
<kw name="Home Page Should Be Open" library="resource">
<kw name="Location Should Be" library="Selenium2Library">
<arg>${HOME URL}</arg>
<doc>Verifies that the current URL is exactly ``url``.</doc>
<msg timestamp="20210329 01:40:11.403" level="INFO">Current location is 'http://127.0.0.1:8000/home/'.</msg>
<status status="PASS" starttime="20210329 01:40:11.399" endtime="20210329 01:40:11.403"/>
</kw>
<status status="PASS" starttime="20210329 01:40:11.399" endtime="20210329 01:40:11.403"/>
</kw>
<kw name="Select User Management Menu">
<kw name="Click Link" library="Selenium2Library">
<arg>//*[@id="sidebar"]/div[2]/ul[2]/li[2]/a</arg>
<doc>Clicks a link identified by ``locator``.</doc>
<msg timestamp="20210329 01:40:11.406" level="INFO">Clicking link '//*[@id="sidebar"]/div[2]/ul[2]/li[2]/a'.</msg>
<status status="PASS" starttime="20210329 01:40:11.404" endtime="20210329 01:40:11.455"/>
</kw>
<kw name="Sleep" library="BuiltIn">
<arg>1s</arg>
<doc>Pauses the test executed for the given time.</doc>
<msg timestamp="20210329 01:40:12.456" level="INFO">Slept 1 second</msg>
<status status="PASS" starttime="20210329 01:40:11.455" endtime="20210329 01:40:12.456"/>
</kw>
<status status="PASS" starttime="20210329 01:40:11.403" endtime="20210329 01:40:12.457"/>
</kw>
<kw name="Then Select Screen">
<kw name="Click Link" library="Selenium2Library">
<arg>//*[@id="usermenu"]/li[5]/a</arg>
<doc>Clicks a link identified by ``locator``.</doc>
<msg timestamp="20210329 01:40:12.460" level="INFO">Clicking link '//*[@id="usermenu"]/li[5]/a'.</msg>
<status status="PASS" starttime="20210329 01:40:12.459" endtime="20210329 01:40:12.729"/>
</kw>
<status status="PASS" starttime="20210329 01:40:12.458" endtime="20210329 01:40:12.729"/>
</kw>
<kw name="Screen Management Page Should Be Open">
<kw name="Location Should Be" library="Selenium2Library">
<arg>http://127.0.0.1:8000/usermanage/screen-management</arg>
<doc>Verifies that the current URL is exactly ``url``.</doc>
<msg timestamp="20210329 01:40:12.734" level="INFO">Current location is 'http://127.0.0.1:8000/usermanage/screen-management'.</msg>
<status status="PASS" starttime="20210329 01:40:12.730" endtime="20210329 01:40:12.734"/>
</kw>
<status status="PASS" starttime="20210329 01:40:12.729" endtime="20210329 01:40:12.735"/>
</kw>
<kw name="Select Screen Will Be Deleteted">
<kw name="Click Element" library="Selenium2Library">
<arg>xpath://*[@id="myTable"]/tbody/tr[1]/td[6]/a[2]</arg>
<doc>Click the element identified by ``locator``.</doc>
<msg timestamp="20210329 01:40:12.736" level="INFO">Clicking element 'xpath://*[@id="myTable"]/tbody/tr[1]/td[6]/a[2]'.</msg>
<status status="PASS" starttime="20210329 01:40:12.735" endtime="20210329 01:40:12.814"/>
</kw>
<status status="PASS" starttime="20210329 01:40:12.735" endtime="20210329 01:40:12.814"/>
</kw>
<kw name="Confirm Deletion">
<kw name="Wait Until Page Contains" library="Selenium2Library">
<arg>Confirmation</arg>
<doc>Waits until ``text`` appears on the current page.</doc>
<status status="PASS" starttime="20210329 01:40:12.815" endtime="20210329 01:40:12.835"/>
</kw>
<kw name="Sleep" library="BuiltIn">
<arg>1s</arg>
<doc>Pauses the test executed for the given time.</doc>
<msg timestamp="20210329 01:40:13.837" level="INFO">Slept 1 second</msg>
<status status="PASS" starttime="20210329 01:40:12.836" endtime="20210329 01:40:13.837"/>
</kw>
<kw name="Click Element" library="Selenium2Library">
<arg>xpath://*[@id="deleteAAAAA"]/div/div/div[3]/button[1]</arg>
<doc>Click the element identified by ``locator``.</doc>
<msg timestamp="20210329 01:40:13.838" level="INFO">Clicking element 'xpath://*[@id="deleteAAAAA"]/div/div/div[3]/button[1]'.</msg>
<status status="PASS" starttime="20210329 01:40:13.837" endtime="20210329 01:40:14.075"/>
</kw>
<kw name="Get Text" library="Selenium2Library">
<arg>class=alert-success</arg>
<doc>Returns the text value of the element identified by ``locator``.</doc>
<status status="PASS" starttime="20210329 01:40:14.076" endtime="20210329 01:40:14.094"/>
</kw>
<status status="PASS" starttime="20210329 01:40:12.814" endtime="20210329 01:40:14.095"/>
</kw>
<status status="PASS" starttime="20210329 01:40:08.085" endtime="20210329 01:40:14.095"/>
</test>
<kw name="Close Browser" library="Selenium2Library" type="TEARDOWN">
<doc>Closes the current browser.</doc>
<status status="PASS" starttime="20210329 01:40:14.096" endtime="20210329 01:40:14.177"/>
</kw>
<doc>A test suite for deleting screen.</doc>
<status status="PASS" starttime="20210329 01:40:07.871" endtime="20210329 01:40:14.177"/>
</suite>
<statistics>
<total>
<stat pass="1" fail="0" skip="0">All Tests</stat>
</total>
<tag>
</tag>
<suite>
<stat pass="1" fail="0" skip="0" id="s1" name="Delete Screen">Delete Screen</stat>
</suite>
</statistics>
<errors>
</errors>
</robot>
