<?xml version="1.0" encoding="UTF-8"?>
<robot generator="Robot 4.0 (Python 3.9.2 on darwin)" generated="20210325 22:32:13.890" rpa="false" schemaversion="2">
<suite id="s1" name="Add New User" source="/Users/MS/Project/MachineDB/Tests/add_new_user.robot">
<test id="s1-t1" name="Admin Adds New User">
<kw name="Open Browser To Signin Page" library="resource">
<kw name="Open Browser" library="Selenium2Library">
<arg>${SIGNIN URL}</arg>
<arg>${BROWSER}</arg>
<doc>Opens a new browser instance to the optional ``url``.</doc>
<msg timestamp="20210325 22:32:14.128" level="INFO">Opening browser 'Chrome' to base url 'http://127.0.0.1:8000/'.</msg>
<status status="PASS" starttime="20210325 22:32:14.127" endtime="20210325 22:32:16.765"/>
</kw>
<kw name="Maximize Browser Window" library="Selenium2Library">
<doc>Maximizes current browser window.</doc>
<status status="PASS" starttime="20210325 22:32:16.765" endtime="20210325 22:32:16.885"/>
</kw>
<kw name="Set Selenium Speed" library="Selenium2Library">
<arg>${DELAY}</arg>
<doc>Sets the delay that is waited after each Selenium command.</doc>
<status status="PASS" starttime="20210325 22:32:16.885" endtime="20210325 22:32:16.885"/>
</kw>
<status status="PASS" starttime="20210325 22:32:14.127" endtime="20210325 22:32:16.885"/>
</kw>
<kw name="Input Username" library="resource">
<arg>system</arg>
<kw name="Input Text" library="Selenium2Library">
<arg>inputUser</arg>
<arg>${username}</arg>
<doc>Types the given ``text`` into the text field identified by ``locator``.</doc>
<msg timestamp="20210325 22:32:16.886" level="INFO">Typing text 'system' into text field 'inputUser'.</msg>
<status status="PASS" starttime="20210325 22:32:16.886" endtime="20210325 22:32:17.025"/>
</kw>
<status status="PASS" starttime="20210325 22:32:16.886" endtime="20210325 22:32:17.025"/>
</kw>
<kw name="Input Password" library="resource">
<arg>admin</arg>
<kw name="Input Text" library="Selenium2Library">
<arg>inputPassword</arg>
<arg>${password}</arg>
<doc>Types the given ``text`` into the text field identified by ``locator``.</doc>
<msg timestamp="20210325 22:32:17.026" level="INFO">Typing text 'admin' into text field 'inputPassword'.</msg>
<status status="PASS" starttime="20210325 22:32:17.026" endtime="20210325 22:32:17.099"/>
</kw>
<status status="PASS" starttime="20210325 22:32:17.025" endtime="20210325 22:32:17.099"/>
</kw>
<kw name="Submit Credentials" library="resource">
<kw name="Click Button" library="Selenium2Library">
<arg>signin</arg>
<doc>Clicks the button identified by ``locator``.</doc>
<msg timestamp="20210325 22:32:17.100" level="INFO">Clicking button 'signin'.</msg>
<status status="PASS" starttime="20210325 22:32:17.100" endtime="20210325 22:32:17.261"/>
</kw>
<status status="PASS" starttime="20210325 22:32:17.100" endtime="20210325 22:32:17.262"/>
</kw>
<kw name="Then Select-Department Should Be Open" library="resource">
<kw name="Location Should Be" library="Selenium2Library">
<arg>${SELECTDEPARTMENT URL}</arg>
<doc>Verifies that the current URL is exactly ``url``.</doc>
<msg timestamp="20210325 22:32:17.269" level="INFO">Current location is 'http://127.0.0.1:8000/sign-in/department/'.</msg>
<status status="PASS" starttime="20210325 22:32:17.263" endtime="20210325 22:32:17.269"/>
</kw>
<status status="PASS" starttime="20210325 22:32:17.262" endtime="20210325 22:32:17.270"/>
</kw>
<kw name="Select Admin Department" library="resource">
<kw name="Select From List By Value" library="Selenium2Library">
<arg>id:select_department</arg>
<arg>8</arg>
<doc>Selects options from selection list ``locator`` by ``values``.</doc>
<msg timestamp="20210325 22:32:17.271" level="INFO">Selecting options from selection list 'id:select_department' by value 8.</msg>
<status status="PASS" starttime="20210325 22:32:17.270" endtime="20210325 22:32:17.308"/>
</kw>
<status status="PASS" starttime="20210325 22:32:17.270" endtime="20210325 22:32:17.308"/>
</kw>
<kw name="Click Button" library="Selenium2Library">
<arg>Sign in</arg>
<doc>Clicks the button identified by ``locator``.</doc>
<msg timestamp="20210325 22:32:17.309" level="INFO">Clicking button 'Sign in'.</msg>
<status status="PASS" starttime="20210325 22:32:17.309" endtime="20210325 22:32:17.718"/>
</kw>
<kw name="Home Page Should Be Open" library="resource">
<kw name="Location Should Be" library="Selenium2Library">
<arg>${HOME URL}</arg>
<doc>Verifies that the current URL is exactly ``url``.</doc>
<msg timestamp="20210325 22:32:17.722" level="INFO">Current location is 'http://127.0.0.1:8000/home/'.</msg>
<status status="PASS" starttime="20210325 22:32:17.719" endtime="20210325 22:32:17.722"/>
</kw>
<status status="PASS" starttime="20210325 22:32:17.718" endtime="20210325 22:32:17.722"/>
</kw>
<kw name="Select User Management Menu">
<kw name="Click Link" library="Selenium2Library">
<arg>//*[@id="sidebar"]/div[2]/ul[2]/li[2]/a</arg>
<doc>Clicks a link identified by ``locator``.</doc>
<msg timestamp="20210325 22:32:17.723" level="INFO">Clicking link '//*[@id="sidebar"]/div[2]/ul[2]/li[2]/a'.</msg>
<status status="PASS" starttime="20210325 22:32:17.723" endtime="20210325 22:32:17.772"/>
</kw>
<kw name="Sleep" library="BuiltIn">
<arg>1s</arg>
<doc>Pauses the test executed for the given time.</doc>
<msg timestamp="20210325 22:32:18.773" level="INFO">Slept 1 second</msg>
<status status="PASS" starttime="20210325 22:32:17.772" endtime="20210325 22:32:18.774"/>
</kw>
<status status="PASS" starttime="20210325 22:32:17.722" endtime="20210325 22:32:18.774"/>
</kw>
<kw name="Then Select User">
<kw name="Click Link" library="Selenium2Library">
<arg>//*[@id="usermenu"]/li[1]/a</arg>
<doc>Clicks a link identified by ``locator``.</doc>
<msg timestamp="20210325 22:32:18.776" level="INFO">Clicking link '//*[@id="usermenu"]/li[1]/a'.</msg>
<status status="PASS" starttime="20210325 22:32:18.776" endtime="20210325 22:32:19.032"/>
</kw>
<status status="PASS" starttime="20210325 22:32:18.775" endtime="20210325 22:32:19.032"/>
</kw>
<kw name="User Management Page Should Be Open">
<kw name="Location Should Be" library="Selenium2Library">
<arg>http://127.0.0.1:8000/usermanage/user-management</arg>
<doc>Verifies that the current URL is exactly ``url``.</doc>
<msg timestamp="20210325 22:32:19.036" level="INFO">Current location is 'http://127.0.0.1:8000/usermanage/user-management'.</msg>
<status status="PASS" starttime="20210325 22:32:19.032" endtime="20210325 22:32:19.036"/>
</kw>
<status status="PASS" starttime="20210325 22:32:19.032" endtime="20210325 22:32:19.036"/>
</kw>
<kw name="Click Add New User Button">
<kw name="Click Element" library="Selenium2Library">
<arg>xpath:/html/body/div[2]/div/div/div[1]/div/div[2]/a</arg>
<doc>Click the element identified by ``locator``.</doc>
<msg timestamp="20210325 22:32:19.037" level="INFO">Clicking element 'xpath:/html/body/div[2]/div/div/div[1]/div/div[2]/a'.</msg>
<status status="PASS" starttime="20210325 22:32:19.037" endtime="20210325 22:32:19.132"/>
</kw>
<status status="PASS" starttime="20210325 22:32:19.036" endtime="20210325 22:32:19.133"/>
</kw>
<kw name="Fill Data">
<kw name="Wait Until Page Contains" library="Selenium2Library">
<arg>Add New User</arg>
<doc>Waits until ``text`` appears on the current page.</doc>
<status status="PASS" starttime="20210325 22:32:19.134" endtime="20210325 22:32:19.145"/>
</kw>
<kw name="Sleep" library="BuiltIn">
<arg>1s</arg>
<doc>Pauses the test executed for the given time.</doc>
<msg timestamp="20210325 22:32:20.146" level="INFO">Slept 1 second</msg>
<status status="PASS" starttime="20210325 22:32:19.145" endtime="20210325 22:32:20.146"/>
</kw>
<kw name="Input Text" library="Selenium2Library">
<arg>xpath://*[@id="add_username"]</arg>
<arg>000000</arg>
<doc>Types the given ``text`` into the text field identified by ``locator``.</doc>
<msg timestamp="20210325 22:32:20.147" level="INFO">Typing text '000000' into text field 'xpath://*[@id="add_username"]'.</msg>
<status status="PASS" starttime="20210325 22:32:20.147" endtime="20210325 22:32:20.256"/>
</kw>
<kw name="Input Text" library="Selenium2Library">
<arg>xpath://*[@id="add_fname"]</arg>
<arg>${TEST DATA}</arg>
<doc>Types the given ``text`` into the text field identified by ``locator``.</doc>
<msg timestamp="20210325 22:32:20.257" level="INFO">Typing text 'test' into text field 'xpath://*[@id="add_fname"]'.</msg>
<status status="PASS" starttime="20210325 22:32:20.256" endtime="20210325 22:32:20.320"/>
</kw>
<kw name="Input Text" library="Selenium2Library">
<arg>xpath://*[@id="add_lname"]</arg>
<arg>${TEST DATA}</arg>
<doc>Types the given ``text`` into the text field identified by ``locator``.</doc>
<msg timestamp="20210325 22:32:20.321" level="INFO">Typing text 'test' into text field 'xpath://*[@id="add_lname"]'.</msg>
<status status="PASS" starttime="20210325 22:32:20.321" endtime="20210325 22:32:20.403"/>
</kw>
<kw name="Input Text" library="Selenium2Library">
<arg>xpath://*[@id="add_email"]</arg>
<arg>${TEST DATA}@email.com</arg>
<doc>Types the given ``text`` into the text field identified by ``locator``.</doc>
<msg timestamp="20210325 22:32:20.404" level="INFO">Typing text 'test@email.com' into text field 'xpath://*[@id="add_email"]'.</msg>
<status status="PASS" starttime="20210325 22:32:20.404" endtime="20210325 22:32:20.475"/>
</kw>
<kw name="Input Text" library="Selenium2Library">
<arg>xpath://*[@id="add_password"]</arg>
<arg>${TEST DATA}11</arg>
<doc>Types the given ``text`` into the text field identified by ``locator``.</doc>
<msg timestamp="20210325 22:32:20.476" level="INFO">Typing text 'test11' into text field 'xpath://*[@id="add_password"]'.</msg>
<status status="PASS" starttime="20210325 22:32:20.475" endtime="20210325 22:32:20.549"/>
</kw>
<kw name="Input Text" library="Selenium2Library">
<arg>xpath://*[@id="add_cfpassword"]</arg>
<arg>${TEST DATA}11</arg>
<doc>Types the given ``text`` into the text field identified by ``locator``.</doc>
<msg timestamp="20210325 22:32:20.550" level="INFO">Typing text 'test11' into text field 'xpath://*[@id="add_cfpassword"]'.</msg>
<status status="PASS" starttime="20210325 22:32:20.549" endtime="20210325 22:32:20.610"/>
</kw>
<status status="PASS" starttime="20210325 22:32:19.133" endtime="20210325 22:32:20.610"/>
</kw>
<kw name="Click Button" library="Selenium2Library">
<arg>id=Adduser</arg>
<doc>Clicks the button identified by ``locator``.</doc>
<msg timestamp="20210325 22:32:20.611" level="INFO">Clicking button 'id=Adduser'.</msg>
<status status="PASS" starttime="20210325 22:32:20.611" endtime="20210325 22:32:20.886"/>
</kw>
<kw name="Get Text" library="Selenium2Library">
<arg>class:alert-success</arg>
<doc>Returns the text value of the element identified by ``locator``.</doc>
<status status="PASS" starttime="20210325 22:32:20.887" endtime="20210325 22:32:20.910"/>
</kw>
<status status="PASS" starttime="20210325 22:32:14.126" endtime="20210325 22:32:20.910"/>
</test>
<kw name="Close Browser" library="Selenium2Library" type="TEARDOWN">
<doc>Closes the current browser.</doc>
<status status="PASS" starttime="20210325 22:32:20.912" endtime="20210325 22:32:20.999"/>
</kw>
<doc>A test suite for adding new user.</doc>
<status status="PASS" starttime="20210325 22:32:13.891" endtime="20210325 22:32:20.999"/>
</suite>
<statistics>
<total>
<stat pass="1" fail="0" skip="0">All Tests</stat>
</total>
<tag>
</tag>
<suite>
<stat pass="1" fail="0" skip="0" id="s1" name="Add New User">Add New User</stat>
</suite>
</statistics>
<errors>
</errors>
</robot>
