<?xml version="1.0" encoding="UTF-8"?>
<robot generator="Robot 4.0 (Python 3.9.2 on darwin)" generated="20210326 16:38:29.155" rpa="false" schemaversion="2">
<suite id="s1" name="Report Maintenance" source="/Users/MS/Project/MachineDB/Tests/report_maintenance.robot">
<test id="s1-t1" name="Engineer02 Reports Maintenance">
<kw name="Open Browser To Signin Page" library="resource">
<kw name="Open Browser" library="Selenium2Library">
<arg>${SIGNIN URL}</arg>
<arg>${BROWSER}</arg>
<doc>Opens a new browser instance to the optional ``url``.</doc>
<msg timestamp="20210326 16:38:29.400" level="INFO">Opening browser 'Chrome' to base url 'http://127.0.0.1:8000/'.</msg>
<status status="PASS" starttime="20210326 16:38:29.400" endtime="20210326 16:38:31.926"/>
</kw>
<kw name="Maximize Browser Window" library="Selenium2Library">
<doc>Maximizes current browser window.</doc>
<status status="PASS" starttime="20210326 16:38:31.926" endtime="20210326 16:38:32.061"/>
</kw>
<kw name="Set Selenium Speed" library="Selenium2Library">
<arg>${DELAY}</arg>
<doc>Sets the delay that is waited after each Selenium command.</doc>
<status status="PASS" starttime="20210326 16:38:32.062" endtime="20210326 16:38:32.062"/>
</kw>
<status status="PASS" starttime="20210326 16:38:29.399" endtime="20210326 16:38:32.062"/>
</kw>
<kw name="Input Username" library="resource">
<arg>engineer02</arg>
<kw name="Input Text" library="Selenium2Library">
<arg>inputUser</arg>
<arg>${username}</arg>
<doc>Types the given ``text`` into the text field identified by ``locator``.</doc>
<msg timestamp="20210326 16:38:32.063" level="INFO">Typing text 'engineer02' into text field 'inputUser'.</msg>
<status status="PASS" starttime="20210326 16:38:32.063" endtime="20210326 16:38:32.217"/>
</kw>
<status status="PASS" starttime="20210326 16:38:32.062" endtime="20210326 16:38:32.217"/>
</kw>
<kw name="Input Password" library="resource">
<arg>engineer02</arg>
<kw name="Input Text" library="Selenium2Library">
<arg>inputPassword</arg>
<arg>${password}</arg>
<doc>Types the given ``text`` into the text field identified by ``locator``.</doc>
<msg timestamp="20210326 16:38:32.218" level="INFO">Typing text 'engineer02' into text field 'inputPassword'.</msg>
<status status="PASS" starttime="20210326 16:38:32.217" endtime="20210326 16:38:32.288"/>
</kw>
<status status="PASS" starttime="20210326 16:38:32.217" endtime="20210326 16:38:32.289"/>
</kw>
<kw name="Submit Credentials" library="resource">
<kw name="Click Button" library="Selenium2Library">
<arg>signin</arg>
<doc>Clicks the button identified by ``locator``.</doc>
<msg timestamp="20210326 16:38:32.289" level="INFO">Clicking button 'signin'.</msg>
<status status="PASS" starttime="20210326 16:38:32.289" endtime="20210326 16:38:32.423"/>
</kw>
<status status="PASS" starttime="20210326 16:38:32.289" endtime="20210326 16:38:32.423"/>
</kw>
<kw name="Then Select-Department Should Be Open" library="resource">
<kw name="Location Should Be" library="Selenium2Library">
<arg>${SELECTDEPARTMENT URL}</arg>
<doc>Verifies that the current URL is exactly ``url``.</doc>
<msg timestamp="20210326 16:38:32.430" level="INFO">Current location is 'http://127.0.0.1:8000/sign-in/department/'.</msg>
<status status="PASS" starttime="20210326 16:38:32.424" endtime="20210326 16:38:32.430"/>
</kw>
<status status="PASS" starttime="20210326 16:38:32.424" endtime="20210326 16:38:32.430"/>
</kw>
<kw name="Select Engineering Line 8 Department" library="resource">
<kw name="Select From List By Value" library="Selenium2Library">
<arg>id:select_department</arg>
<arg>5</arg>
<doc>Selects options from selection list ``locator`` by ``values``.</doc>
<msg timestamp="20210326 16:38:32.432" level="INFO">Selecting options from selection list 'id:select_department' by value 5.</msg>
<status status="PASS" starttime="20210326 16:38:32.431" endtime="20210326 16:38:32.465"/>
</kw>
<status status="PASS" starttime="20210326 16:38:32.431" endtime="20210326 16:38:32.466"/>
</kw>
<kw name="Click Button" library="Selenium2Library">
<arg>Sign in</arg>
<doc>Clicks the button identified by ``locator``.</doc>
<msg timestamp="20210326 16:38:32.466" level="INFO">Clicking button 'Sign in'.</msg>
<status status="PASS" starttime="20210326 16:38:32.466" endtime="20210326 16:38:32.842"/>
</kw>
<kw name="Home Page Should Be Open" library="resource">
<kw name="Location Should Be" library="Selenium2Library">
<arg>${HOME URL}</arg>
<doc>Verifies that the current URL is exactly ``url``.</doc>
<msg timestamp="20210326 16:38:32.856" level="INFO">Current location is 'http://127.0.0.1:8000/home/'.</msg>
<status status="PASS" starttime="20210326 16:38:32.843" endtime="20210326 16:38:32.857"/>
</kw>
<status status="PASS" starttime="20210326 16:38:32.842" endtime="20210326 16:38:32.857"/>
</kw>
<kw name="Select Machine Maintenance Menu">
<kw name="Click Link" library="Selenium2Library">
<arg>//*[@id="sidebar"]/div[2]/ul[1]/li[4]/a</arg>
<doc>Clicks a link identified by ``locator``.</doc>
<msg timestamp="20210326 16:38:32.858" level="INFO">Clicking link '//*[@id="sidebar"]/div[2]/ul[1]/li[4]/a'.</msg>
<status status="PASS" starttime="20210326 16:38:32.858" endtime="20210326 16:38:32.917"/>
</kw>
<kw name="Sleep" library="BuiltIn">
<arg>1s</arg>
<doc>Pauses the test executed for the given time.</doc>
<msg timestamp="20210326 16:38:33.918" level="INFO">Slept 1 second</msg>
<status status="PASS" starttime="20210326 16:38:32.917" endtime="20210326 16:38:33.918"/>
</kw>
<status status="PASS" starttime="20210326 16:38:32.857" endtime="20210326 16:38:33.918"/>
</kw>
<kw name="Then Select Report Maintenance">
<kw name="Click Link" library="Selenium2Library">
<arg>//*[@id="preventive_datamenu"]/li[3]/a</arg>
<doc>Clicks a link identified by ``locator``.</doc>
<msg timestamp="20210326 16:38:33.919" level="INFO">Clicking link '//*[@id="preventive_datamenu"]/li[3]/a'.</msg>
<status status="PASS" starttime="20210326 16:38:33.919" endtime="20210326 16:38:34.182"/>
</kw>
<status status="PASS" starttime="20210326 16:38:33.919" endtime="20210326 16:38:34.182"/>
</kw>
<kw name="Maintenance Report Page Should Be Open">
<kw name="Location Should Be" library="Selenium2Library">
<arg>http://127.0.0.1:8000/preventive/maintenance-report</arg>
<doc>Verifies that the current URL is exactly ``url``.</doc>
<msg timestamp="20210326 16:38:34.187" level="INFO">Current location is 'http://127.0.0.1:8000/preventive/maintenance-report'.</msg>
<status status="PASS" starttime="20210326 16:38:34.183" endtime="20210326 16:38:34.188"/>
</kw>
<status status="PASS" starttime="20210326 16:38:34.182" endtime="20210326 16:38:34.188"/>
</kw>
<kw name="Select Maintenance Job Will Be Reported">
<kw name="Click Element" library="Selenium2Library">
<arg>xpath://*[@id="myTable"]/tbody/tr[4]/td[10]/center/a[1]</arg>
<doc>Click the element identified by ``locator``.</doc>
<msg timestamp="20210326 16:38:34.189" level="INFO">Clicking element 'xpath://*[@id="myTable"]/tbody/tr[4]/td[10]/center/a[1]'.</msg>
<status status="PASS" starttime="20210326 16:38:34.189" endtime="20210326 16:38:34.281"/>
</kw>
<status status="PASS" starttime="20210326 16:38:34.188" endtime="20210326 16:38:34.281"/>
</kw>
<kw name="Report Maintenance">
<kw name="Wait Until Page Contains" library="Selenium2Library">
<arg>Maintenance Report</arg>
<doc>Waits until ``text`` appears on the current page.</doc>
<status status="PASS" starttime="20210326 16:38:34.282" endtime="20210326 16:38:34.312"/>
</kw>
<kw name="Sleep" library="BuiltIn">
<arg>1s</arg>
<doc>Pauses the test executed for the given time.</doc>
<msg timestamp="20210326 16:38:35.314" level="INFO">Slept 1 second</msg>
<status status="PASS" starttime="20210326 16:38:34.312" endtime="20210326 16:38:35.314"/>
</kw>
<kw name="Select From List By Value" library="Selenium2Library">
<arg>id:mtn_result4</arg>
<arg>maintenance</arg>
<doc>Selects options from selection list ``locator`` by ``values``.</doc>
<msg timestamp="20210326 16:38:35.315" level="INFO">Selecting options from selection list 'id:mtn_result4' by value maintenance.</msg>
<status status="PASS" starttime="20210326 16:38:35.314" endtime="20210326 16:38:35.381"/>
</kw>
<kw name="Click Element" library="Selenium2Library">
<arg>xpath://*[@id="job4"]/div/div/div[2]/div[17]/button[2]</arg>
<doc>Click the element identified by ``locator``.</doc>
<msg timestamp="20210326 16:38:35.381" level="INFO">Clicking element 'xpath://*[@id="job4"]/div/div/div[2]/div[17]/button[2]'.</msg>
<status status="PASS" starttime="20210326 16:38:35.381" endtime="20210326 16:38:35.650"/>
</kw>
<status status="PASS" starttime="20210326 16:38:34.281" endtime="20210326 16:38:35.651"/>
</kw>
<kw name="Then Maintenance Status Should Be Changed">
<kw name="Get Text" library="Selenium2Library">
<var>${MaintenanceStatus}</var>
<arg>xpath://*[@id="myTable"]/tbody/tr[4]/td[9]</arg>
<doc>Returns the text value of the element identified by ``locator``.</doc>
<msg timestamp="20210326 16:38:35.671" level="INFO">${MaintenanceStatus} = รอการอนุมัติงาน</msg>
<status status="PASS" starttime="20210326 16:38:35.652" endtime="20210326 16:38:35.671"/>
</kw>
<kw name="Log To Console" library="BuiltIn">
<arg>${MaintenanceStatus}</arg>
<doc>Logs the given message to the console.</doc>
<status status="PASS" starttime="20210326 16:38:35.671" endtime="20210326 16:38:35.671"/>
</kw>
<kw name="Should Be Equal" library="BuiltIn">
<arg>${MaintenanceStatus}</arg>
<arg>รอการอนุมัติงาน</arg>
<doc>Fails if the given objects are unequal.</doc>
<status status="PASS" starttime="20210326 16:38:35.672" endtime="20210326 16:38:35.672"/>
</kw>
<status status="PASS" starttime="20210326 16:38:35.651" endtime="20210326 16:38:35.672"/>
</kw>
<status status="PASS" starttime="20210326 16:38:29.399" endtime="20210326 16:38:35.672"/>
</test>
<kw name="Close Browser" library="Selenium2Library" type="TEARDOWN">
<doc>Closes the current browser.</doc>
<status status="PASS" starttime="20210326 16:38:35.675" endtime="20210326 16:38:35.795"/>
</kw>
<doc>A test suite for maintenance reporting.</doc>
<status status="PASS" starttime="20210326 16:38:29.157" endtime="20210326 16:38:35.795"/>
</suite>
<statistics>
<total>
<stat pass="1" fail="0" skip="0">All Tests</stat>
</total>
<tag>
</tag>
<suite>
<stat pass="1" fail="0" skip="0" id="s1" name="Report Maintenance">Report Maintenance</stat>
</suite>
</statistics>
<errors>
</errors>
</robot>
