<?xml version="1.0" encoding="UTF-8"?>
<robot generator="Robot 4.0 (Python 3.9.2 on darwin)" generated="20210324 16:44:39.045" rpa="false" schemaversion="2">
<suite id="s1" name="Edit Spare Subtype" source="/Users/MS/Project/MachineDB/Tests/edit_spare_subtype.robot">
<test id="s1-t1" name="Admin Edits Spare Part Type">
<kw name="Open Browser To Signin Page" library="resource">
<kw name="Open Browser" library="Selenium2Library">
<arg>${SIGNIN URL}</arg>
<arg>${BROWSER}</arg>
<doc>Opens a new browser instance to the optional ``url``.</doc>
<msg timestamp="20210324 16:44:39.260" level="INFO">Opening browser 'Chrome' to base url 'http://127.0.0.1:8000/'.</msg>
<status status="PASS" starttime="20210324 16:44:39.260" endtime="20210324 16:44:42.094"/>
</kw>
<kw name="Maximize Browser Window" library="Selenium2Library">
<doc>Maximizes current browser window.</doc>
<status status="PASS" starttime="20210324 16:44:42.095" endtime="20210324 16:44:42.234"/>
</kw>
<kw name="Set Selenium Speed" library="Selenium2Library">
<arg>${DELAY}</arg>
<doc>Sets the delay that is waited after each Selenium command.</doc>
<status status="PASS" starttime="20210324 16:44:42.234" endtime="20210324 16:44:42.235"/>
</kw>
<status status="PASS" starttime="20210324 16:44:39.260" endtime="20210324 16:44:42.236"/>
</kw>
<kw name="Input Username" library="resource">
<arg>system</arg>
<kw name="Input Text" library="Selenium2Library">
<arg>inputUser</arg>
<arg>${username}</arg>
<doc>Types the given ``text`` into the text field identified by ``locator``.</doc>
<msg timestamp="20210324 16:44:42.238" level="INFO">Typing text 'system' into text field 'inputUser'.</msg>
<status status="PASS" starttime="20210324 16:44:42.237" endtime="20210324 16:44:42.383"/>
</kw>
<status status="PASS" starttime="20210324 16:44:42.236" endtime="20210324 16:44:42.383"/>
</kw>
<kw name="Input Password" library="resource">
<arg>admin</arg>
<kw name="Input Text" library="Selenium2Library">
<arg>inputPassword</arg>
<arg>${password}</arg>
<doc>Types the given ``text`` into the text field identified by ``locator``.</doc>
<msg timestamp="20210324 16:44:42.384" level="INFO">Typing text 'admin' into text field 'inputPassword'.</msg>
<status status="PASS" starttime="20210324 16:44:42.383" endtime="20210324 16:44:42.443"/>
</kw>
<status status="PASS" starttime="20210324 16:44:42.383" endtime="20210324 16:44:42.444"/>
</kw>
<kw name="Submit Credentials" library="resource">
<kw name="Click Button" library="Selenium2Library">
<arg>signin</arg>
<doc>Clicks the button identified by ``locator``.</doc>
<msg timestamp="20210324 16:44:42.444" level="INFO">Clicking button 'signin'.</msg>
<status status="PASS" starttime="20210324 16:44:42.444" endtime="20210324 16:44:42.580"/>
</kw>
<status status="PASS" starttime="20210324 16:44:42.444" endtime="20210324 16:44:42.580"/>
</kw>
<kw name="Then Select-Department Should Be Open" library="resource">
<kw name="Location Should Be" library="Selenium2Library">
<arg>${SELECTDEPARTMENT URL}</arg>
<doc>Verifies that the current URL is exactly ``url``.</doc>
<msg timestamp="20210324 16:44:42.586" level="INFO">Current location is 'http://127.0.0.1:8000/sign-in/department/'.</msg>
<status status="PASS" starttime="20210324 16:44:42.581" endtime="20210324 16:44:42.586"/>
</kw>
<status status="PASS" starttime="20210324 16:44:42.581" endtime="20210324 16:44:42.586"/>
</kw>
<kw name="Select Admin Department" library="resource">
<kw name="Select From List By Value" library="Selenium2Library">
<arg>id:select_department</arg>
<arg>8</arg>
<doc>Selects options from selection list ``locator`` by ``values``.</doc>
<msg timestamp="20210324 16:44:42.589" level="INFO">Selecting options from selection list 'id:select_department' by value 8.</msg>
<status status="PASS" starttime="20210324 16:44:42.589" endtime="20210324 16:44:42.624"/>
</kw>
<status status="PASS" starttime="20210324 16:44:42.586" endtime="20210324 16:44:42.624"/>
</kw>
<kw name="Click Button" library="Selenium2Library">
<arg>Sign in</arg>
<doc>Clicks the button identified by ``locator``.</doc>
<msg timestamp="20210324 16:44:42.625" level="INFO">Clicking button 'Sign in'.</msg>
<status status="PASS" starttime="20210324 16:44:42.625" endtime="20210324 16:44:43.010"/>
</kw>
<kw name="Home Page Should Be Open" library="resource">
<kw name="Location Should Be" library="Selenium2Library">
<arg>${HOME URL}</arg>
<doc>Verifies that the current URL is exactly ``url``.</doc>
<msg timestamp="20210324 16:44:43.015" level="INFO">Current location is 'http://127.0.0.1:8000/home/'.</msg>
<status status="PASS" starttime="20210324 16:44:43.012" endtime="20210324 16:44:43.015"/>
</kw>
<status status="PASS" starttime="20210324 16:44:43.011" endtime="20210324 16:44:43.016"/>
</kw>
<kw name="Select Spare Part Data Menu">
<kw name="Click Link" library="Selenium2Library">
<arg>//*[@id="sidebar"]/div[2]/ul[1]/li[2]/a</arg>
<doc>Clicks a link identified by ``locator``.</doc>
<msg timestamp="20210324 16:44:43.017" level="INFO">Clicking link '//*[@id="sidebar"]/div[2]/ul[1]/li[2]/a'.</msg>
<status status="PASS" starttime="20210324 16:44:43.017" endtime="20210324 16:44:43.072"/>
</kw>
<kw name="Sleep" library="BuiltIn">
<arg>1s</arg>
<doc>Pauses the test executed for the given time.</doc>
<msg timestamp="20210324 16:44:44.075" level="INFO">Slept 1 second</msg>
<status status="PASS" starttime="20210324 16:44:43.072" endtime="20210324 16:44:44.075"/>
</kw>
<status status="PASS" starttime="20210324 16:44:43.016" endtime="20210324 16:44:44.076"/>
</kw>
<kw name="Then Select Spare Part Subtype">
<kw name="Click Link" library="Selenium2Library">
<arg>//*[@id="spare_part_menumenu"]/li[4]/a</arg>
<doc>Clicks a link identified by ``locator``.</doc>
<msg timestamp="20210324 16:44:44.078" level="INFO">Clicking link '//*[@id="spare_part_menumenu"]/li[4]/a'.</msg>
<status status="PASS" starttime="20210324 16:44:44.077" endtime="20210324 16:44:44.377"/>
</kw>
<status status="PASS" starttime="20210324 16:44:44.076" endtime="20210324 16:44:44.377"/>
</kw>
<kw name="Spare part Subtype Management Page Should Be Open">
<kw name="Location Should Be" library="Selenium2Library">
<arg>http://127.0.0.1:8000/sparepartmanage/subtype/</arg>
<doc>Verifies that the current URL is exactly ``url``.</doc>
<msg timestamp="20210324 16:44:44.381" level="INFO">Current location is 'http://127.0.0.1:8000/sparepartmanage/subtype/'.</msg>
<status status="PASS" starttime="20210324 16:44:44.378" endtime="20210324 16:44:44.381"/>
</kw>
<status status="PASS" starttime="20210324 16:44:44.377" endtime="20210324 16:44:44.381"/>
</kw>
<kw name="Select Spare Part Subtype Will Be Edited">
<kw name="Wait Until Page Contains" library="Selenium2Library">
<arg>Spare part Subtype Management</arg>
<doc>Waits until ``text`` appears on the current page.</doc>
<status status="PASS" starttime="20210324 16:44:44.382" endtime="20210324 16:44:44.395"/>
</kw>
<kw name="Click Element" library="Selenium2Library">
<arg>xpath://*[@id="myTable_paginate"]/span/a[3]</arg>
<doc>Click the element identified by ``locator``.</doc>
<msg timestamp="20210324 16:44:44.396" level="INFO">Clicking element 'xpath://*[@id="myTable_paginate"]/span/a[3]'.</msg>
<status status="PASS" starttime="20210324 16:44:44.396" endtime="20210324 16:44:44.433"/>
</kw>
<kw name="Sleep" library="BuiltIn">
<arg>1s</arg>
<doc>Pauses the test executed for the given time.</doc>
<msg timestamp="20210324 16:44:45.436" level="INFO">Slept 1 second</msg>
<status status="PASS" starttime="20210324 16:44:44.434" endtime="20210324 16:44:45.436"/>
</kw>
<kw name="Click Element" library="Selenium2Library">
<arg>xpath://*[@id="myTable"]/tbody/tr[2]/td[6]/center/a[1]</arg>
<doc>Click the element identified by ``locator``.</doc>
<msg timestamp="20210324 16:44:45.437" level="INFO">Clicking element 'xpath://*[@id="myTable"]/tbody/tr[2]/td[6]/center/a[1]'.</msg>
<status status="PASS" starttime="20210324 16:44:45.436" endtime="20210324 16:44:45.516"/>
</kw>
<status status="PASS" starttime="20210324 16:44:44.382" endtime="20210324 16:44:45.516"/>
</kw>
<kw name="Edit Data">
<kw name="Wait Until Page Contains" library="Selenium2Library">
<arg>Setting</arg>
<doc>Waits until ``text`` appears on the current page.</doc>
<status status="PASS" starttime="20210324 16:44:45.517" endtime="20210324 16:44:45.536"/>
</kw>
<kw name="Sleep" library="BuiltIn">
<arg>1s</arg>
<doc>Pauses the test executed for the given time.</doc>
<msg timestamp="20210324 16:44:46.538" level="INFO">Slept 1 second</msg>
<status status="PASS" starttime="20210324 16:44:45.536" endtime="20210324 16:44:46.538"/>
</kw>
<kw name="Input Text" library="Selenium2Library">
<arg>xpath://*[@id="set_sp_name22"]</arg>
<arg>A${TEST DATA}</arg>
<doc>Types the given ``text`` into the text field identified by ``locator``.</doc>
<msg timestamp="20210324 16:44:46.539" level="INFO">Typing text 'Atest' into text field 'xpath://*[@id="set_sp_name22"]'.</msg>
<status status="PASS" starttime="20210324 16:44:46.538" endtime="20210324 16:44:46.689"/>
</kw>
<status status="PASS" starttime="20210324 16:44:45.516" endtime="20210324 16:44:46.689"/>
</kw>
<kw name="Click Button" library="Selenium2Library">
<arg>//*[@id="setting38"]/div/div/div[2]/div[5]/button[2]</arg>
<doc>Clicks the button identified by ``locator``.</doc>
<msg timestamp="20210324 16:44:46.689" level="INFO">Clicking button '//*[@id="setting38"]/div/div/div[2]/div[5]/button[2]'.</msg>
<status status="PASS" starttime="20210324 16:44:46.689" endtime="20210324 16:44:47.028"/>
</kw>
<kw name="Get Text" library="Selenium2Library">
<arg>class:alert-success</arg>
<doc>Returns the text value of the element identified by ``locator``.</doc>
<status status="PASS" starttime="20210324 16:44:47.028" endtime="20210324 16:44:47.046"/>
</kw>
<status status="PASS" starttime="20210324 16:44:39.259" endtime="20210324 16:44:47.047"/>
</test>
<kw name="Close Browser" library="Selenium2Library" type="TEARDOWN">
<doc>Closes the current browser.</doc>
<status status="PASS" starttime="20210324 16:44:47.048" endtime="20210324 16:44:47.131"/>
</kw>
<doc>A test suite for editing spare part subtype.</doc>
<status status="PASS" starttime="20210324 16:44:39.046" endtime="20210324 16:44:47.131"/>
</suite>
<statistics>
<total>
<stat pass="1" fail="0" skip="0">All Tests</stat>
</total>
<tag>
</tag>
<suite>
<stat pass="1" fail="0" skip="0" id="s1" name="Edit Spare Subtype">Edit Spare Subtype</stat>
</suite>
</statistics>
<errors>
</errors>
</robot>
