<?xml version="1.0" encoding="UTF-8"?>
<robot generator="Robot 4.0 (Python 3.9.2 on darwin)" generated="20210324 17:00:55.447" rpa="false" schemaversion="2">
<suite id="s1" name="Delete Mch Cap" source="/Users/MS/Project/MachineDB/Tests/delete_mch_cap.robot">
<test id="s1-t1" name="Admin Removes Machine Capacity">
<kw name="Open Browser To Signin Page" library="resource">
<kw name="Open Browser" library="Selenium2Library">
<arg>${SIGNIN URL}</arg>
<arg>${BROWSER}</arg>
<doc>Opens a new browser instance to the optional ``url``.</doc>
<msg timestamp="20210324 17:00:55.679" level="INFO">Opening browser 'Chrome' to base url 'http://127.0.0.1:8000/'.</msg>
<status status="PASS" starttime="20210324 17:00:55.679" endtime="20210324 17:00:58.309"/>
</kw>
<kw name="Maximize Browser Window" library="Selenium2Library">
<doc>Maximizes current browser window.</doc>
<status status="PASS" starttime="20210324 17:00:58.309" endtime="20210324 17:00:58.431"/>
</kw>
<kw name="Set Selenium Speed" library="Selenium2Library">
<arg>${DELAY}</arg>
<doc>Sets the delay that is waited after each Selenium command.</doc>
<status status="PASS" starttime="20210324 17:00:58.432" endtime="20210324 17:00:58.432"/>
</kw>
<status status="PASS" starttime="20210324 17:00:55.678" endtime="20210324 17:00:58.432"/>
</kw>
<kw name="Input Username" library="resource">
<arg>system</arg>
<kw name="Input Text" library="Selenium2Library">
<arg>inputUser</arg>
<arg>${username}</arg>
<doc>Types the given ``text`` into the text field identified by ``locator``.</doc>
<msg timestamp="20210324 17:00:58.434" level="INFO">Typing text 'system' into text field 'inputUser'.</msg>
<status status="PASS" starttime="20210324 17:00:58.433" endtime="20210324 17:00:58.573"/>
</kw>
<status status="PASS" starttime="20210324 17:00:58.432" endtime="20210324 17:00:58.573"/>
</kw>
<kw name="Input Password" library="resource">
<arg>admin</arg>
<kw name="Input Text" library="Selenium2Library">
<arg>inputPassword</arg>
<arg>${password}</arg>
<doc>Types the given ``text`` into the text field identified by ``locator``.</doc>
<msg timestamp="20210324 17:00:58.574" level="INFO">Typing text 'admin' into text field 'inputPassword'.</msg>
<status status="PASS" starttime="20210324 17:00:58.573" endtime="20210324 17:00:58.635"/>
</kw>
<status status="PASS" starttime="20210324 17:00:58.573" endtime="20210324 17:00:58.635"/>
</kw>
<kw name="Submit Credentials" library="resource">
<kw name="Click Button" library="Selenium2Library">
<arg>signin</arg>
<doc>Clicks the button identified by ``locator``.</doc>
<msg timestamp="20210324 17:00:58.636" level="INFO">Clicking button 'signin'.</msg>
<status status="PASS" starttime="20210324 17:00:58.636" endtime="20210324 17:00:58.763"/>
</kw>
<status status="PASS" starttime="20210324 17:00:58.635" endtime="20210324 17:00:58.763"/>
</kw>
<kw name="Then Select-Department Should Be Open" library="resource">
<kw name="Location Should Be" library="Selenium2Library">
<arg>${SELECTDEPARTMENT URL}</arg>
<doc>Verifies that the current URL is exactly ``url``.</doc>
<msg timestamp="20210324 17:00:58.768" level="INFO">Current location is 'http://127.0.0.1:8000/sign-in/department/'.</msg>
<status status="PASS" starttime="20210324 17:00:58.764" endtime="20210324 17:00:58.768"/>
</kw>
<status status="PASS" starttime="20210324 17:00:58.763" endtime="20210324 17:00:58.768"/>
</kw>
<kw name="Select Admin Department" library="resource">
<kw name="Select From List By Value" library="Selenium2Library">
<arg>id:select_department</arg>
<arg>8</arg>
<doc>Selects options from selection list ``locator`` by ``values``.</doc>
<msg timestamp="20210324 17:00:58.769" level="INFO">Selecting options from selection list 'id:select_department' by value 8.</msg>
<status status="PASS" starttime="20210324 17:00:58.769" endtime="20210324 17:00:58.804"/>
</kw>
<status status="PASS" starttime="20210324 17:00:58.769" endtime="20210324 17:00:58.804"/>
</kw>
<kw name="Click Button" library="Selenium2Library">
<arg>Sign in</arg>
<doc>Clicks the button identified by ``locator``.</doc>
<msg timestamp="20210324 17:00:58.805" level="INFO">Clicking button 'Sign in'.</msg>
<status status="PASS" starttime="20210324 17:00:58.805" endtime="20210324 17:00:59.204"/>
</kw>
<kw name="Home Page Should Be Open" library="resource">
<kw name="Location Should Be" library="Selenium2Library">
<arg>${HOME URL}</arg>
<doc>Verifies that the current URL is exactly ``url``.</doc>
<msg timestamp="20210324 17:00:59.208" level="INFO">Current location is 'http://127.0.0.1:8000/home/'.</msg>
<status status="PASS" starttime="20210324 17:00:59.204" endtime="20210324 17:00:59.208"/>
</kw>
<status status="PASS" starttime="20210324 17:00:59.204" endtime="20210324 17:00:59.208"/>
</kw>
<kw name="Select Machine Data Menu">
<kw name="Click Link" library="Selenium2Library">
<arg>//*[@id="sidebar"]/div[2]/ul[1]/li[1]/a</arg>
<doc>Clicks a link identified by ``locator``.</doc>
<msg timestamp="20210324 17:00:59.209" level="INFO">Clicking link '//*[@id="sidebar"]/div[2]/ul[1]/li[1]/a'.</msg>
<status status="PASS" starttime="20210324 17:00:59.208" endtime="20210324 17:00:59.273"/>
</kw>
<kw name="Sleep" library="BuiltIn">
<arg>1s</arg>
<doc>Pauses the test executed for the given time.</doc>
<msg timestamp="20210324 17:01:00.274" level="INFO">Slept 1 second</msg>
<status status="PASS" starttime="20210324 17:00:59.274" endtime="20210324 17:01:00.274"/>
</kw>
<status status="PASS" starttime="20210324 17:00:59.208" endtime="20210324 17:01:00.275"/>
</kw>
<kw name="Then Select Capacity">
<kw name="Click Link" library="Selenium2Library">
<arg>//*[@id="machine_manage_menumenu"]/li[4]/a</arg>
<doc>Clicks a link identified by ``locator``.</doc>
<msg timestamp="20210324 17:01:00.276" level="INFO">Clicking link '//*[@id="machine_manage_menumenu"]/li[4]/a'.</msg>
<status status="PASS" starttime="20210324 17:01:00.276" endtime="20210324 17:01:00.549"/>
</kw>
<status status="PASS" starttime="20210324 17:01:00.275" endtime="20210324 17:01:00.549"/>
</kw>
<kw name="Machine Capacity Page Should Be Open">
<kw name="Location Should Be" library="Selenium2Library">
<arg>http://127.0.0.1:8000/machinemanage/capacity/</arg>
<doc>Verifies that the current URL is exactly ``url``.</doc>
<msg timestamp="20210324 17:01:00.554" level="INFO">Current location is 'http://127.0.0.1:8000/machinemanage/capacity/'.</msg>
<status status="PASS" starttime="20210324 17:01:00.550" endtime="20210324 17:01:00.555"/>
</kw>
<status status="PASS" starttime="20210324 17:01:00.549" endtime="20210324 17:01:00.555"/>
</kw>
<kw name="Select Machine Capacity Will Be Deleteted">
<kw name="Wait Until Page Contains Element" library="Selenium2Library">
<arg>//*[@id="myTable_next"]</arg>
<doc>Waits until the element ``locator`` appears on the current page.</doc>
<status status="PASS" starttime="20210324 17:01:00.556" endtime="20210324 17:01:00.572"/>
</kw>
<kw name="Click Element" library="Selenium2Library">
<arg>xpath://*[@id="myTable_next"]</arg>
<doc>Click the element identified by ``locator``.</doc>
<msg timestamp="20210324 17:01:00.572" level="INFO">Clicking element 'xpath://*[@id="myTable_next"]'.</msg>
<status status="PASS" starttime="20210324 17:01:00.572" endtime="20210324 17:01:00.610"/>
</kw>
<kw name="Sleep" library="BuiltIn">
<arg>1s</arg>
<doc>Pauses the test executed for the given time.</doc>
<msg timestamp="20210324 17:01:01.611" level="INFO">Slept 1 second</msg>
<status status="PASS" starttime="20210324 17:01:00.610" endtime="20210324 17:01:01.611"/>
</kw>
<kw name="Click Element" library="Selenium2Library">
<arg>xpath://*[@id="myTable"]/tbody/tr[3]/td[8]/center/a[2]</arg>
<doc>Click the element identified by ``locator``.</doc>
<msg timestamp="20210324 17:01:01.612" level="INFO">Clicking element 'xpath://*[@id="myTable"]/tbody/tr[3]/td[8]/center/a[2]'.</msg>
<status status="PASS" starttime="20210324 17:01:01.612" endtime="20210324 17:01:01.666"/>
</kw>
<status status="PASS" starttime="20210324 17:01:00.555" endtime="20210324 17:01:01.666"/>
</kw>
<kw name="Confirm Deletion">
<kw name="Wait Until Page Contains" library="Selenium2Library">
<arg>Confirmation</arg>
<doc>Waits until ``text`` appears on the current page.</doc>
<status status="PASS" starttime="20210324 17:01:01.666" endtime="20210324 17:01:01.681"/>
</kw>
<kw name="Sleep" library="BuiltIn">
<arg>1s</arg>
<doc>Pauses the test executed for the given time.</doc>
<msg timestamp="20210324 17:01:02.683" level="INFO">Slept 1 second</msg>
<status status="PASS" starttime="20210324 17:01:01.681" endtime="20210324 17:01:02.683"/>
</kw>
<kw name="Click Element" library="Selenium2Library">
<arg>xpath://*[@id="delete21"]/div/div/div[3]/button[1]</arg>
<doc>Click the element identified by ``locator``.</doc>
<msg timestamp="20210324 17:01:02.684" level="INFO">Clicking element 'xpath://*[@id="delete21"]/div/div/div[3]/button[1]'.</msg>
<status status="PASS" starttime="20210324 17:01:02.683" endtime="20210324 17:01:02.958"/>
</kw>
<status status="PASS" starttime="20210324 17:01:01.666" endtime="20210324 17:01:02.958"/>
</kw>
<status status="PASS" starttime="20210324 17:00:55.678" endtime="20210324 17:01:02.959"/>
</test>
<kw name="Close Browser" library="Selenium2Library" type="TEARDOWN">
<doc>Closes the current browser.</doc>
<status status="PASS" starttime="20210324 17:01:02.962" endtime="20210324 17:01:03.043"/>
</kw>
<doc>A test suite for deleting machine&amp;product capacity.</doc>
<status status="PASS" starttime="20210324 17:00:55.448" endtime="20210324 17:01:03.043"/>
</suite>
<statistics>
<total>
<stat pass="1" fail="0" skip="0">All Tests</stat>
</total>
<tag>
</tag>
<suite>
<stat pass="1" fail="0" skip="0" id="s1" name="Delete Mch Cap">Delete Mch Cap</stat>
</suite>
</statistics>
<errors>
</errors>
</robot>
