<?xml version="1.0" encoding="UTF-8"?>
<robot generator="Robot 4.0 (Python 3.9.2 on darwin)" generated="20210324 21:49:18.484" rpa="false" schemaversion="2">
<suite id="s1" name="Add New Line" source="/Users/MS/Project/MachineDB/Tests/add_new_line.robot">
<test id="s1-t1" name="Admin Adds New Production Line">
<kw name="Open Browser To Signin Page" library="resource">
<kw name="Open Browser" library="Selenium2Library">
<arg>${SIGNIN URL}</arg>
<arg>${BROWSER}</arg>
<doc>Opens a new browser instance to the optional ``url``.</doc>
<msg timestamp="20210324 21:49:18.716" level="INFO">Opening browser 'Chrome' to base url 'http://127.0.0.1:8000/'.</msg>
<status status="PASS" starttime="20210324 21:49:18.716" endtime="20210324 21:49:21.360"/>
</kw>
<kw name="Maximize Browser Window" library="Selenium2Library">
<doc>Maximizes current browser window.</doc>
<status status="PASS" starttime="20210324 21:49:21.361" endtime="20210324 21:49:21.487"/>
</kw>
<kw name="Set Selenium Speed" library="Selenium2Library">
<arg>${DELAY}</arg>
<doc>Sets the delay that is waited after each Selenium command.</doc>
<status status="PASS" starttime="20210324 21:49:21.488" endtime="20210324 21:49:21.488"/>
</kw>
<status status="PASS" starttime="20210324 21:49:18.715" endtime="20210324 21:49:21.488"/>
</kw>
<kw name="Input Username" library="resource">
<arg>system</arg>
<kw name="Input Text" library="Selenium2Library">
<arg>inputUser</arg>
<arg>${username}</arg>
<doc>Types the given ``text`` into the text field identified by ``locator``.</doc>
<msg timestamp="20210324 21:49:21.490" level="INFO">Typing text 'system' into text field 'inputUser'.</msg>
<status status="PASS" starttime="20210324 21:49:21.489" endtime="20210324 21:49:21.687"/>
</kw>
<status status="PASS" starttime="20210324 21:49:21.489" endtime="20210324 21:49:21.688"/>
</kw>
<kw name="Input Password" library="resource">
<arg>admin</arg>
<kw name="Input Text" library="Selenium2Library">
<arg>inputPassword</arg>
<arg>${password}</arg>
<doc>Types the given ``text`` into the text field identified by ``locator``.</doc>
<msg timestamp="20210324 21:49:21.688" level="INFO">Typing text 'admin' into text field 'inputPassword'.</msg>
<status status="PASS" starttime="20210324 21:49:21.688" endtime="20210324 21:49:21.752"/>
</kw>
<status status="PASS" starttime="20210324 21:49:21.688" endtime="20210324 21:49:21.752"/>
</kw>
<kw name="Submit Credentials" library="resource">
<kw name="Click Button" library="Selenium2Library">
<arg>signin</arg>
<doc>Clicks the button identified by ``locator``.</doc>
<msg timestamp="20210324 21:49:21.753" level="INFO">Clicking button 'signin'.</msg>
<status status="PASS" starttime="20210324 21:49:21.752" endtime="20210324 21:49:21.928"/>
</kw>
<status status="PASS" starttime="20210324 21:49:21.752" endtime="20210324 21:49:21.928"/>
</kw>
<kw name="Then Select-Department Should Be Open" library="resource">
<kw name="Location Should Be" library="Selenium2Library">
<arg>${SELECTDEPARTMENT URL}</arg>
<doc>Verifies that the current URL is exactly ``url``.</doc>
<msg timestamp="20210324 21:49:21.937" level="INFO">Current location is 'http://127.0.0.1:8000/sign-in/department/'.</msg>
<status status="PASS" starttime="20210324 21:49:21.929" endtime="20210324 21:49:21.937"/>
</kw>
<status status="PASS" starttime="20210324 21:49:21.929" endtime="20210324 21:49:21.937"/>
</kw>
<kw name="Select Admin Department" library="resource">
<kw name="Select From List By Value" library="Selenium2Library">
<arg>id:select_department</arg>
<arg>8</arg>
<doc>Selects options from selection list ``locator`` by ``values``.</doc>
<msg timestamp="20210324 21:49:21.939" level="INFO">Selecting options from selection list 'id:select_department' by value 8.</msg>
<status status="PASS" starttime="20210324 21:49:21.938" endtime="20210324 21:49:21.983"/>
</kw>
<status status="PASS" starttime="20210324 21:49:21.938" endtime="20210324 21:49:21.984"/>
</kw>
<kw name="Click Button" library="Selenium2Library">
<arg>Sign in</arg>
<doc>Clicks the button identified by ``locator``.</doc>
<msg timestamp="20210324 21:49:21.984" level="INFO">Clicking button 'Sign in'.</msg>
<status status="PASS" starttime="20210324 21:49:21.984" endtime="20210324 21:49:22.394"/>
</kw>
<kw name="Home Page Should Be Open" library="resource">
<kw name="Location Should Be" library="Selenium2Library">
<arg>${HOME URL}</arg>
<doc>Verifies that the current URL is exactly ``url``.</doc>
<msg timestamp="20210324 21:49:22.399" level="INFO">Current location is 'http://127.0.0.1:8000/home/'.</msg>
<status status="PASS" starttime="20210324 21:49:22.395" endtime="20210324 21:49:22.399"/>
</kw>
<status status="PASS" starttime="20210324 21:49:22.394" endtime="20210324 21:49:22.399"/>
</kw>
<kw name="Select Organization Management Menu">
<kw name="Click Link" library="Selenium2Library">
<arg>//*[@id="sidebar"]/div[2]/ul[2]/li[3]/a</arg>
<doc>Clicks a link identified by ``locator``.</doc>
<msg timestamp="20210324 21:49:22.400" level="INFO">Clicking link '//*[@id="sidebar"]/div[2]/ul[2]/li[3]/a'.</msg>
<status status="PASS" starttime="20210324 21:49:22.400" endtime="20210324 21:49:22.459"/>
</kw>
<kw name="Sleep" library="BuiltIn">
<arg>1s</arg>
<doc>Pauses the test executed for the given time.</doc>
<msg timestamp="20210324 21:49:23.460" level="INFO">Slept 1 second</msg>
<status status="PASS" starttime="20210324 21:49:22.459" endtime="20210324 21:49:23.460"/>
</kw>
<status status="PASS" starttime="20210324 21:49:22.399" endtime="20210324 21:49:23.461"/>
</kw>
<kw name="Then Select Production Line">
<kw name="Click Link" library="Selenium2Library">
<arg>//*[@id="organizationmenu"]/li[2]/a</arg>
<doc>Clicks a link identified by ``locator``.</doc>
<msg timestamp="20210324 21:49:23.463" level="INFO">Clicking link '//*[@id="organizationmenu"]/li[2]/a'.</msg>
<status status="PASS" starttime="20210324 21:49:23.462" endtime="20210324 21:49:23.645"/>
</kw>
<status status="PASS" starttime="20210324 21:49:23.461" endtime="20210324 21:49:23.645"/>
</kw>
<kw name="Production Line Management Page Should Be Open">
<kw name="Location Should Be" library="Selenium2Library">
<arg>http://127.0.0.1:8000/organizemanage/production-line-management</arg>
<doc>Verifies that the current URL is exactly ``url``.</doc>
<msg timestamp="20210324 21:49:23.649" level="INFO">Current location is 'http://127.0.0.1:8000/organizemanage/production-line-management'.</msg>
<status status="PASS" starttime="20210324 21:49:23.646" endtime="20210324 21:49:23.649"/>
</kw>
<status status="PASS" starttime="20210324 21:49:23.645" endtime="20210324 21:49:23.649"/>
</kw>
<kw name="Click Add New Line Button">
<kw name="Click Element" library="Selenium2Library">
<arg>xpath:/html/body/div[2]/div/div/div[1]/div/div[2]/a</arg>
<doc>Click the element identified by ``locator``.</doc>
<msg timestamp="20210324 21:49:23.650" level="INFO">Clicking element 'xpath:/html/body/div[2]/div/div/div[1]/div/div[2]/a'.</msg>
<status status="PASS" starttime="20210324 21:49:23.650" endtime="20210324 21:49:23.734"/>
</kw>
<status status="PASS" starttime="20210324 21:49:23.650" endtime="20210324 21:49:23.734"/>
</kw>
<kw name="Fill Data">
<kw name="Wait Until Page Contains" library="Selenium2Library">
<arg>Add New Production Line</arg>
<doc>Waits until ``text`` appears on the current page.</doc>
<status status="PASS" starttime="20210324 21:49:23.735" endtime="20210324 21:49:23.745"/>
</kw>
<kw name="Sleep" library="BuiltIn">
<arg>1s</arg>
<doc>Pauses the test executed for the given time.</doc>
<msg timestamp="20210324 21:49:24.747" level="INFO">Slept 1 second</msg>
<status status="PASS" starttime="20210324 21:49:23.745" endtime="20210324 21:49:24.747"/>
</kw>
<kw name="Input Text" library="Selenium2Library">
<arg>xpath://*[@id="add_prodline"]</arg>
<arg>0</arg>
<doc>Types the given ``text`` into the text field identified by ``locator``.</doc>
<msg timestamp="20210324 21:49:24.748" level="INFO">Typing text '0' into text field 'xpath://*[@id="add_prodline"]'.</msg>
<status status="PASS" starttime="20210324 21:49:24.747" endtime="20210324 21:49:24.850"/>
</kw>
<kw name="Select From List By Value" library="Selenium2Library">
<arg>id:add_select_site</arg>
<arg>3</arg>
<doc>Selects options from selection list ``locator`` by ``values``.</doc>
<msg timestamp="20210324 21:49:24.851" level="INFO">Selecting options from selection list 'id:add_select_site' by value 3.</msg>
<status status="PASS" starttime="20210324 21:49:24.850" endtime="20210324 21:49:24.926"/>
</kw>
<kw name="Select From List By Value" library="Selenium2Library">
<arg>id:add_select_building</arg>
<arg>3</arg>
<doc>Selects options from selection list ``locator`` by ``values``.</doc>
<msg timestamp="20210324 21:49:24.926" level="INFO">Selecting options from selection list 'id:add_select_building' by value 3.</msg>
<status status="PASS" starttime="20210324 21:49:24.926" endtime="20210324 21:49:24.977"/>
</kw>
<kw name="Select From List By Value" library="Selenium2Library">
<arg>id:add_select_floor</arg>
<arg>4</arg>
<doc>Selects options from selection list ``locator`` by ``values``.</doc>
<msg timestamp="20210324 21:49:24.978" level="INFO">Selecting options from selection list 'id:add_select_floor' by value 4.</msg>
<status status="PASS" starttime="20210324 21:49:24.977" endtime="20210324 21:49:25.037"/>
</kw>
<status status="PASS" starttime="20210324 21:49:23.735" endtime="20210324 21:49:25.038"/>
</kw>
<kw name="Click Button" library="Selenium2Library">
<arg>name:Addprodline</arg>
<doc>Clicks the button identified by ``locator``.</doc>
<msg timestamp="20210324 21:49:25.039" level="INFO">Clicking button 'name:Addprodline'.</msg>
<status status="PASS" starttime="20210324 21:49:25.038" endtime="20210324 21:49:25.212"/>
</kw>
<kw name="Get Text" library="Selenium2Library">
<arg>class:alert-success</arg>
<doc>Returns the text value of the element identified by ``locator``.</doc>
<status status="PASS" starttime="20210324 21:49:25.212" endtime="20210324 21:49:25.233"/>
</kw>
<status status="PASS" starttime="20210324 21:49:18.715" endtime="20210324 21:49:25.233"/>
</test>
<kw name="Close Browser" library="Selenium2Library" type="TEARDOWN">
<doc>Closes the current browser.</doc>
<status status="PASS" starttime="20210324 21:49:25.235" endtime="20210324 21:49:25.326"/>
</kw>
<doc>A test suite for adding new production line.</doc>
<status status="PASS" starttime="20210324 21:49:18.485" endtime="20210324 21:49:25.326"/>
</suite>
<statistics>
<total>
<stat pass="1" fail="0" skip="0">All Tests</stat>
</total>
<tag>
</tag>
<suite>
<stat pass="1" fail="0" skip="0" id="s1" name="Add New Line">Add New Line</stat>
</suite>
</statistics>
<errors>
</errors>
</robot>
