<?xml version="1.0" encoding="UTF-8"?>
<robot generator="Robot 4.0 (Python 3.9.2 on darwin)" generated="20210328 23:36:23.607" rpa="false" schemaversion="2">
<suite id="s1" name="Edit Dep Member" source="/Users/MS/Project/MachineDB/Tests/edit_dep_member.robot">
<test id="s1-t1" name="Admin Adds Department's Member">
<kw name="Open Browser To Signin Page" library="resource">
<kw name="Open Browser" library="Selenium2Library">
<arg>${SIGNIN URL}</arg>
<arg>${BROWSER}</arg>
<doc>Opens a new browser instance to the optional ``url``.</doc>
<msg timestamp="20210328 23:36:23.777" level="INFO">Opening browser 'Chrome' to base url 'http://127.0.0.1:8000/'.</msg>
<status status="PASS" starttime="20210328 23:36:23.777" endtime="20210328 23:36:26.267"/>
</kw>
<kw name="Maximize Browser Window" library="Selenium2Library">
<doc>Maximizes current browser window.</doc>
<status status="PASS" starttime="20210328 23:36:26.268" endtime="20210328 23:36:26.393"/>
</kw>
<kw name="Set Selenium Speed" library="Selenium2Library">
<arg>${DELAY}</arg>
<doc>Sets the delay that is waited after each Selenium command.</doc>
<status status="PASS" starttime="20210328 23:36:26.393" endtime="20210328 23:36:26.393"/>
</kw>
<status status="PASS" starttime="20210328 23:36:23.776" endtime="20210328 23:36:26.394"/>
</kw>
<kw name="Input Username" library="resource">
<arg>system</arg>
<kw name="Input Text" library="Selenium2Library">
<arg>inputUser</arg>
<arg>${username}</arg>
<doc>Types the given ``text`` into the text field identified by ``locator``.</doc>
<msg timestamp="20210328 23:36:26.395" level="INFO">Typing text 'system' into text field 'inputUser'.</msg>
<status status="PASS" starttime="20210328 23:36:26.395" endtime="20210328 23:36:26.524"/>
</kw>
<status status="PASS" starttime="20210328 23:36:26.394" endtime="20210328 23:36:26.524"/>
</kw>
<kw name="Input Password" library="resource">
<arg>admin</arg>
<kw name="Input Text" library="Selenium2Library">
<arg>inputPassword</arg>
<arg>${password}</arg>
<doc>Types the given ``text`` into the text field identified by ``locator``.</doc>
<msg timestamp="20210328 23:36:26.525" level="INFO">Typing text 'admin' into text field 'inputPassword'.</msg>
<status status="PASS" starttime="20210328 23:36:26.525" endtime="20210328 23:36:26.585"/>
</kw>
<status status="PASS" starttime="20210328 23:36:26.524" endtime="20210328 23:36:26.585"/>
</kw>
<kw name="Submit Credentials" library="resource">
<kw name="Click Button" library="Selenium2Library">
<arg>signin</arg>
<doc>Clicks the button identified by ``locator``.</doc>
<msg timestamp="20210328 23:36:26.585" level="INFO">Clicking button 'signin'.</msg>
<status status="PASS" starttime="20210328 23:36:26.585" endtime="20210328 23:36:26.702"/>
</kw>
<status status="PASS" starttime="20210328 23:36:26.585" endtime="20210328 23:36:26.702"/>
</kw>
<kw name="Then Select-Department Should Be Open" library="resource">
<kw name="Location Should Be" library="Selenium2Library">
<arg>${SELECTDEPARTMENT URL}</arg>
<doc>Verifies that the current URL is exactly ``url``.</doc>
<msg timestamp="20210328 23:36:26.706" level="INFO">Current location is 'http://127.0.0.1:8000/sign-in/department/'.</msg>
<status status="PASS" starttime="20210328 23:36:26.703" endtime="20210328 23:36:26.707"/>
</kw>
<status status="PASS" starttime="20210328 23:36:26.702" endtime="20210328 23:36:26.707"/>
</kw>
<kw name="Select Admin Department" library="resource">
<kw name="Select From List By Value" library="Selenium2Library">
<arg>id:select_department</arg>
<arg>8</arg>
<doc>Selects options from selection list ``locator`` by ``values``.</doc>
<msg timestamp="20210328 23:36:26.708" level="INFO">Selecting options from selection list 'id:select_department' by value 8.</msg>
<status status="PASS" starttime="20210328 23:36:26.708" endtime="20210328 23:36:26.753"/>
</kw>
<status status="PASS" starttime="20210328 23:36:26.707" endtime="20210328 23:36:26.754"/>
</kw>
<kw name="Click Button" library="Selenium2Library">
<arg>Sign in</arg>
<doc>Clicks the button identified by ``locator``.</doc>
<msg timestamp="20210328 23:36:26.754" level="INFO">Clicking button 'Sign in'.</msg>
<status status="PASS" starttime="20210328 23:36:26.754" endtime="20210328 23:36:27.042"/>
</kw>
<kw name="Home Page Should Be Open" library="resource">
<kw name="Location Should Be" library="Selenium2Library">
<arg>${HOME URL}</arg>
<doc>Verifies that the current URL is exactly ``url``.</doc>
<msg timestamp="20210328 23:36:27.046" level="INFO">Current location is 'http://127.0.0.1:8000/home/'.</msg>
<status status="PASS" starttime="20210328 23:36:27.043" endtime="20210328 23:36:27.047"/>
</kw>
<status status="PASS" starttime="20210328 23:36:27.042" endtime="20210328 23:36:27.047"/>
</kw>
<kw name="Select User Management Menu">
<kw name="Click Link" library="Selenium2Library">
<arg>//*[@id="sidebar"]/div[2]/ul[2]/li[2]/a</arg>
<doc>Clicks a link identified by ``locator``.</doc>
<msg timestamp="20210328 23:36:27.048" level="INFO">Clicking link '//*[@id="sidebar"]/div[2]/ul[2]/li[2]/a'.</msg>
<status status="PASS" starttime="20210328 23:36:27.047" endtime="20210328 23:36:27.088"/>
</kw>
<kw name="Sleep" library="BuiltIn">
<arg>1s</arg>
<doc>Pauses the test executed for the given time.</doc>
<msg timestamp="20210328 23:36:28.089" level="INFO">Slept 1 second</msg>
<status status="PASS" starttime="20210328 23:36:27.088" endtime="20210328 23:36:28.089"/>
</kw>
<status status="PASS" starttime="20210328 23:36:27.047" endtime="20210328 23:36:28.089"/>
</kw>
<kw name="Then Select User &amp; Department">
<kw name="Click Link" library="Selenium2Library">
<arg>//*[@id="usermenu"]/li[4]/a</arg>
<doc>Clicks a link identified by ``locator``.</doc>
<msg timestamp="20210328 23:36:28.092" level="INFO">Clicking link '//*[@id="usermenu"]/li[4]/a'.</msg>
<status status="PASS" starttime="20210328 23:36:28.091" endtime="20210328 23:36:28.624"/>
</kw>
<status status="PASS" starttime="20210328 23:36:28.090" endtime="20210328 23:36:28.625"/>
</kw>
<kw name="User &amp; Department Page Should Be Open">
<kw name="Location Should Be" library="Selenium2Library">
<arg>http://127.0.0.1:8000/usermanage/user-department</arg>
<doc>Verifies that the current URL is exactly ``url``.</doc>
<msg timestamp="20210328 23:36:28.629" level="INFO">Current location is 'http://127.0.0.1:8000/usermanage/user-department'.</msg>
<status status="PASS" starttime="20210328 23:36:28.626" endtime="20210328 23:36:28.629"/>
</kw>
<status status="PASS" starttime="20210328 23:36:28.625" endtime="20210328 23:36:28.630"/>
</kw>
<kw name="Select Department Will Be Edited">
<kw name="Click Element" library="Selenium2Library">
<arg>xpath://*[@id="myTable"]/tbody/tr[1]/td[5]/a</arg>
<doc>Click the element identified by ``locator``.</doc>
<msg timestamp="20210328 23:36:28.630" level="INFO">Clicking element 'xpath://*[@id="myTable"]/tbody/tr[1]/td[5]/a'.</msg>
<status status="PASS" starttime="20210328 23:36:28.630" endtime="20210328 23:36:28.722"/>
</kw>
<status status="PASS" starttime="20210328 23:36:28.630" endtime="20210328 23:36:28.722"/>
</kw>
<kw name="Add Member">
<kw name="Wait Until Page Contains" library="Selenium2Library">
<arg>Edit Department's member</arg>
<doc>Waits until ``text`` appears on the current page.</doc>
<status status="PASS" starttime="20210328 23:36:28.723" endtime="20210328 23:36:28.737"/>
</kw>
<kw name="Sleep" library="BuiltIn">
<arg>1s</arg>
<doc>Pauses the test executed for the given time.</doc>
<msg timestamp="20210328 23:36:29.740" level="INFO">Slept 1 second</msg>
<status status="PASS" starttime="20210328 23:36:28.737" endtime="20210328 23:36:29.741"/>
</kw>
<kw name="Click Element" library="Selenium2Library">
<arg>//*[@id="editDepartment000000"]/div/div/div[2]/div[1]/div/button</arg>
<doc>Click the element identified by ``locator``.</doc>
<msg timestamp="20210328 23:36:29.742" level="INFO">Clicking element '//*[@id="editDepartment000000"]/div/div/div[2]/div[1]/div/button'.</msg>
<status status="PASS" starttime="20210328 23:36:29.741" endtime="20210328 23:36:29.800"/>
</kw>
<kw name="Sleep" library="BuiltIn">
<arg>1s</arg>
<doc>Pauses the test executed for the given time.</doc>
<msg timestamp="20210328 23:36:30.803" level="INFO">Slept 1 second</msg>
<status status="PASS" starttime="20210328 23:36:29.800" endtime="20210328 23:36:30.803"/>
</kw>
<kw name="Click Element" library="Selenium2Library">
<arg>xpath://*[@id="add-more-members"]/div/div[1]/div/button</arg>
<doc>Click the element identified by ``locator``.</doc>
<msg timestamp="20210328 23:36:30.804" level="INFO">Clicking element 'xpath://*[@id="add-more-members"]/div/div[1]/div/button'.</msg>
<status status="PASS" starttime="20210328 23:36:30.804" endtime="20210328 23:36:30.865"/>
</kw>
<kw name="Click Element" library="Selenium2Library">
<arg>xpath://*[@id="bs-select-1"]/ul/li[1]</arg>
<doc>Click the element identified by ``locator``.</doc>
<msg timestamp="20210328 23:36:30.865" level="INFO">Clicking element 'xpath://*[@id="bs-select-1"]/ul/li[1]'.</msg>
<status status="PASS" starttime="20210328 23:36:30.865" endtime="20210328 23:36:30.910"/>
</kw>
<kw name="Click Element" library="Selenium2Library">
<arg>xpath://*[@id="add-more-members"]/div/div[1]/div/button</arg>
<doc>Click the element identified by ``locator``.</doc>
<msg timestamp="20210328 23:36:30.911" level="INFO">Clicking element 'xpath://*[@id="add-more-members"]/div/div[1]/div/button'.</msg>
<status status="PASS" starttime="20210328 23:36:30.910" endtime="20210328 23:36:30.942"/>
</kw>
<kw name="Click Element" library="Selenium2Library">
<arg>xpath://*[@id="add-more-members"]/div/div[2]/div/button</arg>
<doc>Click the element identified by ``locator``.</doc>
<msg timestamp="20210328 23:36:30.942" level="INFO">Clicking element 'xpath://*[@id="add-more-members"]/div/div[2]/div/button'.</msg>
<status status="PASS" starttime="20210328 23:36:30.942" endtime="20210328 23:36:30.982"/>
</kw>
<kw name="Click Element" library="Selenium2Library">
<arg>xpath://*[@id="bs-select-2"]/ul/li[3]</arg>
<doc>Click the element identified by ``locator``.</doc>
<msg timestamp="20210328 23:36:30.982" level="INFO">Clicking element 'xpath://*[@id="bs-select-2"]/ul/li[3]'.</msg>
<status status="PASS" starttime="20210328 23:36:30.982" endtime="20210328 23:36:31.018"/>
</kw>
<kw name="Click Element" library="Selenium2Library">
<arg>xpath://*[@id="add-more-members"]/div/div[2]/div/button</arg>
<doc>Click the element identified by ``locator``.</doc>
<msg timestamp="20210328 23:36:31.018" level="INFO">Clicking element 'xpath://*[@id="add-more-members"]/div/div[2]/div/button'.</msg>
<status status="PASS" starttime="20210328 23:36:31.018" endtime="20210328 23:36:31.041"/>
</kw>
<kw name="Click Element" library="Selenium2Library">
<arg>xpath://*[@id="editDepartment000000"]/div/div/div[3]/button[2]</arg>
<doc>Click the element identified by ``locator``.</doc>
<msg timestamp="20210328 23:36:31.042" level="INFO">Clicking element 'xpath://*[@id="editDepartment000000"]/div/div/div[3]/button[2]'.</msg>
<status status="PASS" starttime="20210328 23:36:31.041" endtime="20210328 23:36:31.405"/>
</kw>
<status status="PASS" starttime="20210328 23:36:28.723" endtime="20210328 23:36:31.405"/>
</kw>
<status status="PASS" starttime="20210328 23:36:23.775" endtime="20210328 23:36:31.406"/>
</test>
<test id="s1-t2" name="Admin Removes Department's Member">
<kw name="Select Department Will Be Edited">
<kw name="Click Element" library="Selenium2Library">
<arg>xpath://*[@id="myTable"]/tbody/tr[1]/td[5]/a</arg>
<doc>Click the element identified by ``locator``.</doc>
<msg timestamp="20210328 23:36:31.408" level="INFO">Clicking element 'xpath://*[@id="myTable"]/tbody/tr[1]/td[5]/a'.</msg>
<status status="PASS" starttime="20210328 23:36:31.408" endtime="20210328 23:36:31.448"/>
</kw>
<status status="PASS" starttime="20210328 23:36:31.407" endtime="20210328 23:36:31.448"/>
</kw>
<kw name="Remove Member">
<kw name="Wait Until Page Contains" library="Selenium2Library">
<arg>Edit Department's member</arg>
<doc>Waits until ``text`` appears on the current page.</doc>
<status status="PASS" starttime="20210328 23:36:31.449" endtime="20210328 23:36:31.469"/>
</kw>
<kw name="Sleep" library="BuiltIn">
<arg>1s</arg>
<doc>Pauses the test executed for the given time.</doc>
<msg timestamp="20210328 23:36:32.470" level="INFO">Slept 1 second</msg>
<status status="PASS" starttime="20210328 23:36:31.469" endtime="20210328 23:36:32.470"/>
</kw>
<kw name="Click Element" library="Selenium2Library">
<arg>xpath=//*[@id="editDepartment000000"]/div/div/div[2]/div[3]/div[1]</arg>
<doc>Click the element identified by ``locator``.</doc>
<msg timestamp="20210328 23:36:32.470" level="INFO">Clicking element 'xpath=//*[@id="editDepartment000000"]/div/div/div[2]/div[3]/div[1]'.</msg>
<status status="PASS" starttime="20210328 23:36:32.470" endtime="20210328 23:36:32.507"/>
</kw>
<kw name="Click Element" library="Selenium2Library">
<arg>xpath://*[@id="delete-member1"]</arg>
<doc>Click the element identified by ``locator``.</doc>
<msg timestamp="20210328 23:36:32.508" level="INFO">Clicking element 'xpath://*[@id="delete-member1"]'.</msg>
<status status="PASS" starttime="20210328 23:36:32.507" endtime="20210328 23:36:32.543"/>
</kw>
<kw name="Click Element" library="Selenium2Library">
<arg>xpath://*[@id="editDepartment000000"]/div/div/div[3]/button[2]</arg>
<doc>Click the element identified by ``locator``.</doc>
<msg timestamp="20210328 23:36:32.543" level="INFO">Clicking element 'xpath://*[@id="editDepartment000000"]/div/div/div[3]/button[2]'.</msg>
<status status="PASS" starttime="20210328 23:36:32.543" endtime="20210328 23:36:32.873"/>
</kw>
<status status="PASS" starttime="20210328 23:36:31.449" endtime="20210328 23:36:32.874"/>
</kw>
<status status="PASS" starttime="20210328 23:36:31.406" endtime="20210328 23:36:32.874"/>
</test>
<kw name="Close Browser" library="Selenium2Library" type="TEARDOWN">
<doc>Closes the current browser.</doc>
<status status="PASS" starttime="20210328 23:36:32.875" endtime="20210328 23:36:32.964"/>
</kw>
<doc>A test suite for editing department's member.</doc>
<status status="PASS" starttime="20210328 23:36:23.608" endtime="20210328 23:36:32.964"/>
</suite>
<statistics>
<total>
<stat pass="2" fail="0" skip="0">All Tests</stat>
</total>
<tag>
</tag>
<suite>
<stat pass="2" fail="0" skip="0" id="s1" name="Edit Dep Member">Edit Dep Member</stat>
</suite>
</statistics>
<errors>
</errors>
</robot>
