<?xml version="1.0" encoding="UTF-8"?>
<robot generator="Robot 4.0 (Python 3.9.2 on darwin)" generated="20210324 23:44:07.707" rpa="false" schemaversion="2">
<suite id="s1" name="Delete Product" source="/Users/MS/Project/MachineDB/Tests/delete_product.robot">
<test id="s1-t1" name="Admin Deletes Product">
<kw name="Open Browser To Signin Page" library="resource">
<kw name="Open Browser" library="Selenium2Library">
<arg>${SIGNIN URL}</arg>
<arg>${BROWSER}</arg>
<doc>Opens a new browser instance to the optional ``url``.</doc>
<msg timestamp="20210324 23:44:07.864" level="INFO">Opening browser 'Chrome' to base url 'http://127.0.0.1:8000/'.</msg>
<status status="PASS" starttime="20210324 23:44:07.863" endtime="20210324 23:44:10.448"/>
</kw>
<kw name="Maximize Browser Window" library="Selenium2Library">
<doc>Maximizes current browser window.</doc>
<status status="PASS" starttime="20210324 23:44:10.448" endtime="20210324 23:44:10.582"/>
</kw>
<kw name="Set Selenium Speed" library="Selenium2Library">
<arg>${DELAY}</arg>
<doc>Sets the delay that is waited after each Selenium command.</doc>
<status status="PASS" starttime="20210324 23:44:10.582" endtime="20210324 23:44:10.583"/>
</kw>
<status status="PASS" starttime="20210324 23:44:07.863" endtime="20210324 23:44:10.583"/>
</kw>
<kw name="Input Username" library="resource">
<arg>system</arg>
<kw name="Input Text" library="Selenium2Library">
<arg>inputUser</arg>
<arg>${username}</arg>
<doc>Types the given ``text`` into the text field identified by ``locator``.</doc>
<msg timestamp="20210324 23:44:10.584" level="INFO">Typing text 'system' into text field 'inputUser'.</msg>
<status status="PASS" starttime="20210324 23:44:10.584" endtime="20210324 23:44:10.719"/>
</kw>
<status status="PASS" starttime="20210324 23:44:10.583" endtime="20210324 23:44:10.719"/>
</kw>
<kw name="Input Password" library="resource">
<arg>admin</arg>
<kw name="Input Text" library="Selenium2Library">
<arg>inputPassword</arg>
<arg>${password}</arg>
<doc>Types the given ``text`` into the text field identified by ``locator``.</doc>
<msg timestamp="20210324 23:44:10.720" level="INFO">Typing text 'admin' into text field 'inputPassword'.</msg>
<status status="PASS" starttime="20210324 23:44:10.720" endtime="20210324 23:44:10.781"/>
</kw>
<status status="PASS" starttime="20210324 23:44:10.719" endtime="20210324 23:44:10.781"/>
</kw>
<kw name="Submit Credentials" library="resource">
<kw name="Click Button" library="Selenium2Library">
<arg>signin</arg>
<doc>Clicks the button identified by ``locator``.</doc>
<msg timestamp="20210324 23:44:10.782" level="INFO">Clicking button 'signin'.</msg>
<status status="PASS" starttime="20210324 23:44:10.781" endtime="20210324 23:44:10.908"/>
</kw>
<status status="PASS" starttime="20210324 23:44:10.781" endtime="20210324 23:44:10.908"/>
</kw>
<kw name="Then Select-Department Should Be Open" library="resource">
<kw name="Location Should Be" library="Selenium2Library">
<arg>${SELECTDEPARTMENT URL}</arg>
<doc>Verifies that the current URL is exactly ``url``.</doc>
<msg timestamp="20210324 23:44:10.916" level="INFO">Current location is 'http://127.0.0.1:8000/sign-in/department/'.</msg>
<status status="PASS" starttime="20210324 23:44:10.909" endtime="20210324 23:44:10.916"/>
</kw>
<status status="PASS" starttime="20210324 23:44:10.908" endtime="20210324 23:44:10.917"/>
</kw>
<kw name="Select Admin Department" library="resource">
<kw name="Select From List By Value" library="Selenium2Library">
<arg>id:select_department</arg>
<arg>8</arg>
<doc>Selects options from selection list ``locator`` by ``values``.</doc>
<msg timestamp="20210324 23:44:10.918" level="INFO">Selecting options from selection list 'id:select_department' by value 8.</msg>
<status status="PASS" starttime="20210324 23:44:10.918" endtime="20210324 23:44:10.954"/>
</kw>
<status status="PASS" starttime="20210324 23:44:10.917" endtime="20210324 23:44:10.955"/>
</kw>
<kw name="Click Button" library="Selenium2Library">
<arg>Sign in</arg>
<doc>Clicks the button identified by ``locator``.</doc>
<msg timestamp="20210324 23:44:10.955" level="INFO">Clicking button 'Sign in'.</msg>
<status status="PASS" starttime="20210324 23:44:10.955" endtime="20210324 23:44:11.313"/>
</kw>
<kw name="Home Page Should Be Open" library="resource">
<kw name="Location Should Be" library="Selenium2Library">
<arg>${HOME URL}</arg>
<doc>Verifies that the current URL is exactly ``url``.</doc>
<msg timestamp="20210324 23:44:11.317" level="INFO">Current location is 'http://127.0.0.1:8000/home/'.</msg>
<status status="PASS" starttime="20210324 23:44:11.313" endtime="20210324 23:44:11.318"/>
</kw>
<status status="PASS" starttime="20210324 23:44:11.313" endtime="20210324 23:44:11.318"/>
</kw>
<kw name="Select Organization Management Menu">
<kw name="Click Link" library="Selenium2Library">
<arg>//*[@id="sidebar"]/div[2]/ul[2]/li[3]/a</arg>
<doc>Clicks a link identified by ``locator``.</doc>
<msg timestamp="20210324 23:44:11.318" level="INFO">Clicking link '//*[@id="sidebar"]/div[2]/ul[2]/li[3]/a'.</msg>
<status status="PASS" starttime="20210324 23:44:11.318" endtime="20210324 23:44:11.383"/>
</kw>
<kw name="Sleep" library="BuiltIn">
<arg>1s</arg>
<doc>Pauses the test executed for the given time.</doc>
<msg timestamp="20210324 23:44:12.384" level="INFO">Slept 1 second</msg>
<status status="PASS" starttime="20210324 23:44:11.383" endtime="20210324 23:44:12.384"/>
</kw>
<status status="PASS" starttime="20210324 23:44:11.318" endtime="20210324 23:44:12.384"/>
</kw>
<kw name="Then Select Product">
<kw name="Click Link" library="Selenium2Library">
<arg>//*[@id="organizationmenu"]/li[5]/a</arg>
<doc>Clicks a link identified by ``locator``.</doc>
<msg timestamp="20210324 23:44:12.385" level="INFO">Clicking link '//*[@id="organizationmenu"]/li[5]/a'.</msg>
<status status="PASS" starttime="20210324 23:44:12.385" endtime="20210324 23:44:12.627"/>
</kw>
<status status="PASS" starttime="20210324 23:44:12.384" endtime="20210324 23:44:12.627"/>
</kw>
<kw name="Product Management Page Should Be Open">
<kw name="Location Should Be" library="Selenium2Library">
<arg>http://127.0.0.1:8000/organizemanage/product-management</arg>
<doc>Verifies that the current URL is exactly ``url``.</doc>
<msg timestamp="20210324 23:44:12.632" level="INFO">Current location is 'http://127.0.0.1:8000/organizemanage/product-management'.</msg>
<status status="PASS" starttime="20210324 23:44:12.628" endtime="20210324 23:44:12.632"/>
</kw>
<status status="PASS" starttime="20210324 23:44:12.627" endtime="20210324 23:44:12.632"/>
</kw>
<kw name="Select Product Will Be Deleted">
<kw name="Click Element" library="Selenium2Library">
<arg>xpath://*[@id="myTable"]/tbody/tr[2]/td[7]/a[2]</arg>
<doc>Click the element identified by ``locator``.</doc>
<msg timestamp="20210324 23:44:12.633" level="INFO">Clicking element 'xpath://*[@id="myTable"]/tbody/tr[2]/td[7]/a[2]'.</msg>
<status status="PASS" starttime="20210324 23:44:12.632" endtime="20210324 23:44:12.712"/>
</kw>
<status status="PASS" starttime="20210324 23:44:12.632" endtime="20210324 23:44:12.712"/>
</kw>
<kw name="Confirm Deletion">
<kw name="Wait Until Page Contains" library="Selenium2Library">
<arg>Confirmation</arg>
<doc>Waits until ``text`` appears on the current page.</doc>
<status status="PASS" starttime="20210324 23:44:12.712" endtime="20210324 23:44:12.721"/>
</kw>
<kw name="Sleep" library="BuiltIn">
<arg>1s</arg>
<doc>Pauses the test executed for the given time.</doc>
<msg timestamp="20210324 23:44:13.723" level="INFO">Slept 1 second</msg>
<status status="PASS" starttime="20210324 23:44:12.721" endtime="20210324 23:44:13.723"/>
</kw>
<kw name="Click Element" library="Selenium2Library">
<arg>xpath://*[@id="delete8"]/div/div/div[3]/button[1]</arg>
<doc>Click the element identified by ``locator``.</doc>
<msg timestamp="20210324 23:44:13.724" level="INFO">Clicking element 'xpath://*[@id="delete8"]/div/div/div[3]/button[1]'.</msg>
<status status="PASS" starttime="20210324 23:44:13.723" endtime="20210324 23:44:13.869"/>
</kw>
<kw name="Get Text" library="Selenium2Library">
<arg>class:alert-success</arg>
<doc>Returns the text value of the element identified by ``locator``.</doc>
<status status="PASS" starttime="20210324 23:44:13.869" endtime="20210324 23:44:13.889"/>
</kw>
<status status="PASS" starttime="20210324 23:44:12.712" endtime="20210324 23:44:13.889"/>
</kw>
<status status="PASS" starttime="20210324 23:44:07.862" endtime="20210324 23:44:13.889"/>
</test>
<kw name="Close Browser" library="Selenium2Library" type="TEARDOWN">
<doc>Closes the current browser.</doc>
<status status="PASS" starttime="20210324 23:44:13.891" endtime="20210324 23:44:14.003"/>
</kw>
<doc>A test suite for deleting product.</doc>
<status status="PASS" starttime="20210324 23:44:07.709" endtime="20210324 23:44:14.003"/>
</suite>
<statistics>
<total>
<stat pass="1" fail="0" skip="0">All Tests</stat>
</total>
<tag>
</tag>
<suite>
<stat pass="1" fail="0" skip="0" id="s1" name="Delete Product">Delete Product</stat>
</suite>
</statistics>
<errors>
</errors>
</robot>
