<?xml version="1.0" encoding="UTF-8"?>
<robot generator="Robot 4.0 (Python 3.9.2 on darwin)" generated="20210324 20:56:26.821" rpa="false" schemaversion="2">
<suite id="s1" name="Delete Spare Type" source="/Users/MS/Project/MachineDB/Tests/delete_spare_type.robot">
<test id="s1-t1" name="Admin Deletes Spare Part Type">
<kw name="Open Browser To Signin Page" library="resource">
<kw name="Open Browser" library="Selenium2Library">
<arg>${SIGNIN URL}</arg>
<arg>${BROWSER}</arg>
<doc>Opens a new browser instance to the optional ``url``.</doc>
<msg timestamp="20210324 20:56:27.051" level="INFO">Opening browser 'Chrome' to base url 'http://127.0.0.1:8000/'.</msg>
<status status="PASS" starttime="20210324 20:56:27.051" endtime="20210324 20:56:29.864"/>
</kw>
<kw name="Maximize Browser Window" library="Selenium2Library">
<doc>Maximizes current browser window.</doc>
<status status="PASS" starttime="20210324 20:56:29.865" endtime="20210324 20:56:30.025"/>
</kw>
<kw name="Set Selenium Speed" library="Selenium2Library">
<arg>${DELAY}</arg>
<doc>Sets the delay that is waited after each Selenium command.</doc>
<status status="PASS" starttime="20210324 20:56:30.026" endtime="20210324 20:56:30.026"/>
</kw>
<status status="PASS" starttime="20210324 20:56:27.050" endtime="20210324 20:56:30.027"/>
</kw>
<kw name="Input Username" library="resource">
<arg>system</arg>
<kw name="Input Text" library="Selenium2Library">
<arg>inputUser</arg>
<arg>${username}</arg>
<doc>Types the given ``text`` into the text field identified by ``locator``.</doc>
<msg timestamp="20210324 20:56:30.029" level="INFO">Typing text 'system' into text field 'inputUser'.</msg>
<status status="PASS" starttime="20210324 20:56:30.028" endtime="20210324 20:56:30.200"/>
</kw>
<status status="PASS" starttime="20210324 20:56:30.028" endtime="20210324 20:56:30.201"/>
</kw>
<kw name="Input Password" library="resource">
<arg>admin</arg>
<kw name="Input Text" library="Selenium2Library">
<arg>inputPassword</arg>
<arg>${password}</arg>
<doc>Types the given ``text`` into the text field identified by ``locator``.</doc>
<msg timestamp="20210324 20:56:30.201" level="INFO">Typing text 'admin' into text field 'inputPassword'.</msg>
<status status="PASS" starttime="20210324 20:56:30.201" endtime="20210324 20:56:30.269"/>
</kw>
<status status="PASS" starttime="20210324 20:56:30.201" endtime="20210324 20:56:30.269"/>
</kw>
<kw name="Submit Credentials" library="resource">
<kw name="Click Button" library="Selenium2Library">
<arg>signin</arg>
<doc>Clicks the button identified by ``locator``.</doc>
<msg timestamp="20210324 20:56:30.270" level="INFO">Clicking button 'signin'.</msg>
<status status="PASS" starttime="20210324 20:56:30.270" endtime="20210324 20:56:30.385"/>
</kw>
<status status="PASS" starttime="20210324 20:56:30.270" endtime="20210324 20:56:30.385"/>
</kw>
<kw name="Then Select-Department Should Be Open" library="resource">
<kw name="Location Should Be" library="Selenium2Library">
<arg>${SELECTDEPARTMENT URL}</arg>
<doc>Verifies that the current URL is exactly ``url``.</doc>
<msg timestamp="20210324 20:56:30.392" level="INFO">Current location is 'http://127.0.0.1:8000/sign-in/department/'.</msg>
<status status="PASS" starttime="20210324 20:56:30.386" endtime="20210324 20:56:30.392"/>
</kw>
<status status="PASS" starttime="20210324 20:56:30.385" endtime="20210324 20:56:30.392"/>
</kw>
<kw name="Select Admin Department" library="resource">
<kw name="Select From List By Value" library="Selenium2Library">
<arg>id:select_department</arg>
<arg>8</arg>
<doc>Selects options from selection list ``locator`` by ``values``.</doc>
<msg timestamp="20210324 20:56:30.393" level="INFO">Selecting options from selection list 'id:select_department' by value 8.</msg>
<status status="PASS" starttime="20210324 20:56:30.393" endtime="20210324 20:56:30.422"/>
</kw>
<status status="PASS" starttime="20210324 20:56:30.392" endtime="20210324 20:56:30.422"/>
</kw>
<kw name="Click Button" library="Selenium2Library">
<arg>Sign in</arg>
<doc>Clicks the button identified by ``locator``.</doc>
<msg timestamp="20210324 20:56:30.423" level="INFO">Clicking button 'Sign in'.</msg>
<status status="PASS" starttime="20210324 20:56:30.423" endtime="20210324 20:56:30.937"/>
</kw>
<kw name="Home Page Should Be Open" library="resource">
<kw name="Location Should Be" library="Selenium2Library">
<arg>${HOME URL}</arg>
<doc>Verifies that the current URL is exactly ``url``.</doc>
<msg timestamp="20210324 20:56:30.942" level="INFO">Current location is 'http://127.0.0.1:8000/home/'.</msg>
<status status="PASS" starttime="20210324 20:56:30.938" endtime="20210324 20:56:30.942"/>
</kw>
<status status="PASS" starttime="20210324 20:56:30.938" endtime="20210324 20:56:30.942"/>
</kw>
<kw name="Select Spare Part Data Menu">
<kw name="Click Link" library="Selenium2Library">
<arg>//*[@id="sidebar"]/div[2]/ul[1]/li[2]/a</arg>
<doc>Clicks a link identified by ``locator``.</doc>
<msg timestamp="20210324 20:56:30.943" level="INFO">Clicking link '//*[@id="sidebar"]/div[2]/ul[1]/li[2]/a'.</msg>
<status status="PASS" starttime="20210324 20:56:30.942" endtime="20210324 20:56:31.007"/>
</kw>
<kw name="Sleep" library="BuiltIn">
<arg>1s</arg>
<doc>Pauses the test executed for the given time.</doc>
<msg timestamp="20210324 20:56:32.009" level="INFO">Slept 1 second</msg>
<status status="PASS" starttime="20210324 20:56:31.008" endtime="20210324 20:56:32.010"/>
</kw>
<status status="PASS" starttime="20210324 20:56:30.942" endtime="20210324 20:56:32.012"/>
</kw>
<kw name="Then Select Spare Part Type">
<kw name="Click Link" library="Selenium2Library">
<arg>//*[@id="spare_part_menumenu"]/li[3]/a</arg>
<doc>Clicks a link identified by ``locator``.</doc>
<msg timestamp="20210324 20:56:32.015" level="INFO">Clicking link '//*[@id="spare_part_menumenu"]/li[3]/a'.</msg>
<status status="PASS" starttime="20210324 20:56:32.014" endtime="20210324 20:56:32.327"/>
</kw>
<status status="PASS" starttime="20210324 20:56:32.013" endtime="20210324 20:56:32.327"/>
</kw>
<kw name="Spare part Type Management Page Should Be Open">
<kw name="Location Should Be" library="Selenium2Library">
<arg>http://127.0.0.1:8000/sparepartmanage/type/</arg>
<doc>Verifies that the current URL is exactly ``url``.</doc>
<msg timestamp="20210324 20:56:32.332" level="INFO">Current location is 'http://127.0.0.1:8000/sparepartmanage/type/'.</msg>
<status status="PASS" starttime="20210324 20:56:32.328" endtime="20210324 20:56:32.332"/>
</kw>
<status status="PASS" starttime="20210324 20:56:32.327" endtime="20210324 20:56:32.332"/>
</kw>
<kw name="Select Spare Part Type Will Be Deleteted">
<kw name="Wait Until Page Contains" library="Selenium2Library">
<arg>Spare part Type Management</arg>
<doc>Waits until ``text`` appears on the current page.</doc>
<status status="PASS" starttime="20210324 20:56:32.333" endtime="20210324 20:56:32.347"/>
</kw>
<kw name="Click Element" library="Selenium2Library">
<arg>xpath://*[@id="myTable_paginate"]/span/a[3]</arg>
<doc>Click the element identified by ``locator``.</doc>
<msg timestamp="20210324 20:56:32.348" level="INFO">Clicking element 'xpath://*[@id="myTable_paginate"]/span/a[3]'.</msg>
<status status="PASS" starttime="20210324 20:56:32.347" endtime="20210324 20:56:32.390"/>
</kw>
<kw name="Sleep" library="BuiltIn">
<arg>1s</arg>
<doc>Pauses the test executed for the given time.</doc>
<msg timestamp="20210324 20:56:33.391" level="INFO">Slept 1 second</msg>
<status status="PASS" starttime="20210324 20:56:32.391" endtime="20210324 20:56:33.392"/>
</kw>
<kw name="Click Element" library="Selenium2Library">
<arg>xpath://*[@id="myTable"]/tbody/tr[8]/td[5]/a[2]</arg>
<doc>Click the element identified by ``locator``.</doc>
<msg timestamp="20210324 20:56:33.393" level="INFO">Clicking element 'xpath://*[@id="myTable"]/tbody/tr[8]/td[5]/a[2]'.</msg>
<status status="PASS" starttime="20210324 20:56:33.392" endtime="20210324 20:56:33.445"/>
</kw>
<status status="PASS" starttime="20210324 20:56:32.332" endtime="20210324 20:56:33.445"/>
</kw>
<kw name="Confirm Deletion">
<kw name="Wait Until Page Contains" library="Selenium2Library">
<arg>Confirmation</arg>
<doc>Waits until ``text`` appears on the current page.</doc>
<status status="PASS" starttime="20210324 20:56:33.446" endtime="20210324 20:56:33.464"/>
</kw>
<kw name="Sleep" library="BuiltIn">
<arg>1s</arg>
<doc>Pauses the test executed for the given time.</doc>
<msg timestamp="20210324 20:56:34.466" level="INFO">Slept 1 second</msg>
<status status="PASS" starttime="20210324 20:56:33.464" endtime="20210324 20:56:34.467"/>
</kw>
<kw name="Click Element" library="Selenium2Library">
<arg>xpath://*[@id="delete50"]/div/div/div[3]/button[1]</arg>
<doc>Click the element identified by ``locator``.</doc>
<msg timestamp="20210324 20:56:34.468" level="INFO">Clicking element 'xpath://*[@id="delete50"]/div/div/div[3]/button[1]'.</msg>
<status status="PASS" starttime="20210324 20:56:34.467" endtime="20210324 20:56:34.752"/>
</kw>
<kw name="Get Text" library="Selenium2Library">
<arg>class:alert-success</arg>
<doc>Returns the text value of the element identified by ``locator``.</doc>
<status status="PASS" starttime="20210324 20:56:34.752" endtime="20210324 20:56:34.775"/>
</kw>
<status status="PASS" starttime="20210324 20:56:33.446" endtime="20210324 20:56:34.776"/>
</kw>
<status status="PASS" starttime="20210324 20:56:27.050" endtime="20210324 20:56:34.777"/>
</test>
<kw name="Close Browser" library="Selenium2Library" type="TEARDOWN">
<doc>Closes the current browser.</doc>
<status status="PASS" starttime="20210324 20:56:34.779" endtime="20210324 20:56:34.890"/>
</kw>
<doc>A test suite for deleting spare part type.</doc>
<status status="PASS" starttime="20210324 20:56:26.822" endtime="20210324 20:56:34.890"/>
</suite>
<statistics>
<total>
<stat pass="1" fail="0" skip="0">All Tests</stat>
</total>
<tag>
</tag>
<suite>
<stat pass="1" fail="0" skip="0" id="s1" name="Delete Spare Type">Delete Spare Type</stat>
</suite>
</statistics>
<errors>
</errors>
</robot>
