<?xml version="1.0" encoding="UTF-8"?>
<robot generator="Robot 4.0 (Python 3.9.2 on darwin)" generated="20210329 00:05:25.069" rpa="false" schemaversion="2">
<suite id="s1" name="Delete User" source="/Users/MS/Project/MachineDB/Tests/delete_user.robot">
<test id="s1-t1" name="Admin Deletes User">
<kw name="Open Browser To Signin Page" library="resource">
<kw name="Open Browser" library="Selenium2Library">
<arg>${SIGNIN URL}</arg>
<arg>${BROWSER}</arg>
<doc>Opens a new browser instance to the optional ``url``.</doc>
<msg timestamp="20210329 00:05:25.298" level="INFO">Opening browser 'Chrome' to base url 'http://127.0.0.1:8000/'.</msg>
<status status="PASS" starttime="20210329 00:05:25.298" endtime="20210329 00:05:27.920"/>
</kw>
<kw name="Maximize Browser Window" library="Selenium2Library">
<doc>Maximizes current browser window.</doc>
<status status="PASS" starttime="20210329 00:05:27.920" endtime="20210329 00:05:28.053"/>
</kw>
<kw name="Set Selenium Speed" library="Selenium2Library">
<arg>${DELAY}</arg>
<doc>Sets the delay that is waited after each Selenium command.</doc>
<status status="PASS" starttime="20210329 00:05:28.053" endtime="20210329 00:05:28.054"/>
</kw>
<status status="PASS" starttime="20210329 00:05:25.297" endtime="20210329 00:05:28.054"/>
</kw>
<kw name="Input Username" library="resource">
<arg>system</arg>
<kw name="Input Text" library="Selenium2Library">
<arg>inputUser</arg>
<arg>${username}</arg>
<doc>Types the given ``text`` into the text field identified by ``locator``.</doc>
<msg timestamp="20210329 00:05:28.056" level="INFO">Typing text 'system' into text field 'inputUser'.</msg>
<status status="PASS" starttime="20210329 00:05:28.055" endtime="20210329 00:05:28.271"/>
</kw>
<status status="PASS" starttime="20210329 00:05:28.055" endtime="20210329 00:05:28.272"/>
</kw>
<kw name="Input Password" library="resource">
<arg>admin</arg>
<kw name="Input Text" library="Selenium2Library">
<arg>inputPassword</arg>
<arg>${password}</arg>
<doc>Types the given ``text`` into the text field identified by ``locator``.</doc>
<msg timestamp="20210329 00:05:28.273" level="INFO">Typing text 'admin' into text field 'inputPassword'.</msg>
<status status="PASS" starttime="20210329 00:05:28.272" endtime="20210329 00:05:28.336"/>
</kw>
<status status="PASS" starttime="20210329 00:05:28.272" endtime="20210329 00:05:28.336"/>
</kw>
<kw name="Submit Credentials" library="resource">
<kw name="Click Button" library="Selenium2Library">
<arg>signin</arg>
<doc>Clicks the button identified by ``locator``.</doc>
<msg timestamp="20210329 00:05:28.337" level="INFO">Clicking button 'signin'.</msg>
<status status="PASS" starttime="20210329 00:05:28.337" endtime="20210329 00:05:28.450"/>
</kw>
<status status="PASS" starttime="20210329 00:05:28.337" endtime="20210329 00:05:28.450"/>
</kw>
<kw name="Then Select-Department Should Be Open" library="resource">
<kw name="Location Should Be" library="Selenium2Library">
<arg>${SELECTDEPARTMENT URL}</arg>
<doc>Verifies that the current URL is exactly ``url``.</doc>
<msg timestamp="20210329 00:05:28.456" level="INFO">Current location is 'http://127.0.0.1:8000/sign-in/department/'.</msg>
<status status="PASS" starttime="20210329 00:05:28.451" endtime="20210329 00:05:28.457"/>
</kw>
<status status="PASS" starttime="20210329 00:05:28.450" endtime="20210329 00:05:28.457"/>
</kw>
<kw name="Select Admin Department" library="resource">
<kw name="Select From List By Value" library="Selenium2Library">
<arg>id:select_department</arg>
<arg>8</arg>
<doc>Selects options from selection list ``locator`` by ``values``.</doc>
<msg timestamp="20210329 00:05:28.457" level="INFO">Selecting options from selection list 'id:select_department' by value 8.</msg>
<status status="PASS" starttime="20210329 00:05:28.457" endtime="20210329 00:05:28.488"/>
</kw>
<status status="PASS" starttime="20210329 00:05:28.457" endtime="20210329 00:05:28.488"/>
</kw>
<kw name="Click Button" library="Selenium2Library">
<arg>Sign in</arg>
<doc>Clicks the button identified by ``locator``.</doc>
<msg timestamp="20210329 00:05:28.488" level="INFO">Clicking button 'Sign in'.</msg>
<status status="PASS" starttime="20210329 00:05:28.488" endtime="20210329 00:05:28.855"/>
</kw>
<kw name="Home Page Should Be Open" library="resource">
<kw name="Location Should Be" library="Selenium2Library">
<arg>${HOME URL}</arg>
<doc>Verifies that the current URL is exactly ``url``.</doc>
<msg timestamp="20210329 00:05:28.860" level="INFO">Current location is 'http://127.0.0.1:8000/home/'.</msg>
<status status="PASS" starttime="20210329 00:05:28.856" endtime="20210329 00:05:28.860"/>
</kw>
<status status="PASS" starttime="20210329 00:05:28.855" endtime="20210329 00:05:28.860"/>
</kw>
<kw name="Select User Management Menu">
<kw name="Click Link" library="Selenium2Library">
<arg>//*[@id="sidebar"]/div[2]/ul[2]/li[2]/a</arg>
<doc>Clicks a link identified by ``locator``.</doc>
<msg timestamp="20210329 00:05:28.861" level="INFO">Clicking link '//*[@id="sidebar"]/div[2]/ul[2]/li[2]/a'.</msg>
<status status="PASS" starttime="20210329 00:05:28.860" endtime="20210329 00:05:28.900"/>
</kw>
<kw name="Sleep" library="BuiltIn">
<arg>1s</arg>
<doc>Pauses the test executed for the given time.</doc>
<msg timestamp="20210329 00:05:29.903" level="INFO">Slept 1 second</msg>
<status status="PASS" starttime="20210329 00:05:28.900" endtime="20210329 00:05:29.903"/>
</kw>
<status status="PASS" starttime="20210329 00:05:28.860" endtime="20210329 00:05:29.904"/>
</kw>
<kw name="Then Select User">
<kw name="Click Link" library="Selenium2Library">
<arg>//*[@id="usermenu"]/li[1]/a</arg>
<doc>Clicks a link identified by ``locator``.</doc>
<msg timestamp="20210329 00:05:29.906" level="INFO">Clicking link '//*[@id="usermenu"]/li[1]/a'.</msg>
<status status="PASS" starttime="20210329 00:05:29.905" endtime="20210329 00:05:30.198"/>
</kw>
<status status="PASS" starttime="20210329 00:05:29.904" endtime="20210329 00:05:30.198"/>
</kw>
<kw name="User Management Page Should Be Open">
<kw name="Location Should Be" library="Selenium2Library">
<arg>http://127.0.0.1:8000/usermanage/user-management</arg>
<doc>Verifies that the current URL is exactly ``url``.</doc>
<msg timestamp="20210329 00:05:30.202" level="INFO">Current location is 'http://127.0.0.1:8000/usermanage/user-management'.</msg>
<status status="PASS" starttime="20210329 00:05:30.198" endtime="20210329 00:05:30.202"/>
</kw>
<status status="PASS" starttime="20210329 00:05:30.198" endtime="20210329 00:05:30.202"/>
</kw>
<kw name="Select User Will Be Deleteted">
<kw name="Click Element" library="Selenium2Library">
<arg>xpath://*[@id="myTable"]/tbody/tr[1]/td[9]/a[2]</arg>
<doc>Click the element identified by ``locator``.</doc>
<msg timestamp="20210329 00:05:30.203" level="INFO">Clicking element 'xpath://*[@id="myTable"]/tbody/tr[1]/td[9]/a[2]'.</msg>
<status status="PASS" starttime="20210329 00:05:30.202" endtime="20210329 00:05:30.315"/>
</kw>
<status status="PASS" starttime="20210329 00:05:30.202" endtime="20210329 00:05:30.315"/>
</kw>
<kw name="Confirm Deletion">
<kw name="Wait Until Page Contains" library="Selenium2Library">
<arg>Confirmation</arg>
<doc>Waits until ``text`` appears on the current page.</doc>
<status status="PASS" starttime="20210329 00:05:30.316" endtime="20210329 00:05:30.328"/>
</kw>
<kw name="Sleep" library="BuiltIn">
<arg>1s</arg>
<doc>Pauses the test executed for the given time.</doc>
<msg timestamp="20210329 00:05:31.329" level="INFO">Slept 1 second</msg>
<status status="PASS" starttime="20210329 00:05:30.328" endtime="20210329 00:05:31.329"/>
</kw>
<kw name="Click Element" library="Selenium2Library">
<arg>xpath://*[@id="delete000000"]/div/div/div[3]/button[1]</arg>
<doc>Click the element identified by ``locator``.</doc>
<msg timestamp="20210329 00:05:31.329" level="INFO">Clicking element 'xpath://*[@id="delete000000"]/div/div/div[3]/button[1]'.</msg>
<status status="PASS" starttime="20210329 00:05:31.329" endtime="20210329 00:05:31.561"/>
</kw>
<kw name="Get Text" library="Selenium2Library">
<arg>class=alert-success</arg>
<doc>Returns the text value of the element identified by ``locator``.</doc>
<status status="PASS" starttime="20210329 00:05:31.561" endtime="20210329 00:05:31.579"/>
</kw>
<status status="PASS" starttime="20210329 00:05:30.316" endtime="20210329 00:05:31.580"/>
</kw>
<status status="PASS" starttime="20210329 00:05:25.297" endtime="20210329 00:05:31.580"/>
</test>
<kw name="Close Browser" library="Selenium2Library" type="TEARDOWN">
<doc>Closes the current browser.</doc>
<status status="PASS" starttime="20210329 00:05:31.582" endtime="20210329 00:05:31.675"/>
</kw>
<doc>A test suite for deleting user.</doc>
<status status="PASS" starttime="20210329 00:05:25.071" endtime="20210329 00:05:31.675"/>
</suite>
<statistics>
<total>
<stat pass="1" fail="0" skip="0">All Tests</stat>
</total>
<tag>
</tag>
<suite>
<stat pass="1" fail="0" skip="0" id="s1" name="Delete User">Delete User</stat>
</suite>
</statistics>
<errors>
</errors>
</robot>
