<?xml version="1.0" encoding="UTF-8"?>
<robot generator="Robot 4.0 (Python 3.9.2 on darwin)" generated="20210329 01:31:22.613" rpa="false" schemaversion="2">
<suite id="s1" name="Delete Role Screen" source="/Users/MS/Project/MachineDB/Tests/delete_role_screen.robot">
<test id="s1-t1" name="Admin Deletes Role &amp; Screen">
<kw name="Open Browser To Signin Page" library="resource">
<kw name="Open Browser" library="Selenium2Library">
<arg>${SIGNIN URL}</arg>
<arg>${BROWSER}</arg>
<doc>Opens a new browser instance to the optional ``url``.</doc>
<msg timestamp="20210329 01:31:22.814" level="INFO">Opening browser 'Chrome' to base url 'http://127.0.0.1:8000/'.</msg>
<status status="PASS" starttime="20210329 01:31:22.814" endtime="20210329 01:31:25.131"/>
</kw>
<kw name="Maximize Browser Window" library="Selenium2Library">
<doc>Maximizes current browser window.</doc>
<status status="PASS" starttime="20210329 01:31:25.132" endtime="20210329 01:31:25.312"/>
</kw>
<kw name="Set Selenium Speed" library="Selenium2Library">
<arg>${DELAY}</arg>
<doc>Sets the delay that is waited after each Selenium command.</doc>
<status status="PASS" starttime="20210329 01:31:25.313" endtime="20210329 01:31:25.313"/>
</kw>
<status status="PASS" starttime="20210329 01:31:22.814" endtime="20210329 01:31:25.314"/>
</kw>
<kw name="Input Username" library="resource">
<arg>system</arg>
<kw name="Input Text" library="Selenium2Library">
<arg>inputUser</arg>
<arg>${username}</arg>
<doc>Types the given ``text`` into the text field identified by ``locator``.</doc>
<msg timestamp="20210329 01:31:25.317" level="INFO">Typing text 'system' into text field 'inputUser'.</msg>
<status status="PASS" starttime="20210329 01:31:25.315" endtime="20210329 01:31:25.468"/>
</kw>
<status status="PASS" starttime="20210329 01:31:25.314" endtime="20210329 01:31:25.468"/>
</kw>
<kw name="Input Password" library="resource">
<arg>admin</arg>
<kw name="Input Text" library="Selenium2Library">
<arg>inputPassword</arg>
<arg>${password}</arg>
<doc>Types the given ``text`` into the text field identified by ``locator``.</doc>
<msg timestamp="20210329 01:31:25.469" level="INFO">Typing text 'admin' into text field 'inputPassword'.</msg>
<status status="PASS" starttime="20210329 01:31:25.469" endtime="20210329 01:31:25.533"/>
</kw>
<status status="PASS" starttime="20210329 01:31:25.468" endtime="20210329 01:31:25.534"/>
</kw>
<kw name="Submit Credentials" library="resource">
<kw name="Click Button" library="Selenium2Library">
<arg>signin</arg>
<doc>Clicks the button identified by ``locator``.</doc>
<msg timestamp="20210329 01:31:25.534" level="INFO">Clicking button 'signin'.</msg>
<status status="PASS" starttime="20210329 01:31:25.534" endtime="20210329 01:31:25.673"/>
</kw>
<status status="PASS" starttime="20210329 01:31:25.534" endtime="20210329 01:31:25.673"/>
</kw>
<kw name="Then Select-Department Should Be Open" library="resource">
<kw name="Location Should Be" library="Selenium2Library">
<arg>${SELECTDEPARTMENT URL}</arg>
<doc>Verifies that the current URL is exactly ``url``.</doc>
<msg timestamp="20210329 01:31:25.679" level="INFO">Current location is 'http://127.0.0.1:8000/sign-in/department/'.</msg>
<status status="PASS" starttime="20210329 01:31:25.675" endtime="20210329 01:31:25.679"/>
</kw>
<status status="PASS" starttime="20210329 01:31:25.674" endtime="20210329 01:31:25.680"/>
</kw>
<kw name="Select Admin Department" library="resource">
<kw name="Select From List By Value" library="Selenium2Library">
<arg>id:select_department</arg>
<arg>8</arg>
<doc>Selects options from selection list ``locator`` by ``values``.</doc>
<msg timestamp="20210329 01:31:25.681" level="INFO">Selecting options from selection list 'id:select_department' by value 8.</msg>
<status status="PASS" starttime="20210329 01:31:25.680" endtime="20210329 01:31:25.719"/>
</kw>
<status status="PASS" starttime="20210329 01:31:25.680" endtime="20210329 01:31:25.719"/>
</kw>
<kw name="Click Button" library="Selenium2Library">
<arg>Sign in</arg>
<doc>Clicks the button identified by ``locator``.</doc>
<msg timestamp="20210329 01:31:25.720" level="INFO">Clicking button 'Sign in'.</msg>
<status status="PASS" starttime="20210329 01:31:25.719" endtime="20210329 01:31:26.051"/>
</kw>
<kw name="Home Page Should Be Open" library="resource">
<kw name="Location Should Be" library="Selenium2Library">
<arg>${HOME URL}</arg>
<doc>Verifies that the current URL is exactly ``url``.</doc>
<msg timestamp="20210329 01:31:26.056" level="INFO">Current location is 'http://127.0.0.1:8000/home/'.</msg>
<status status="PASS" starttime="20210329 01:31:26.052" endtime="20210329 01:31:26.056"/>
</kw>
<status status="PASS" starttime="20210329 01:31:26.051" endtime="20210329 01:31:26.056"/>
</kw>
<kw name="Select User Management Menu">
<kw name="Click Link" library="Selenium2Library">
<arg>//*[@id="sidebar"]/div[2]/ul[2]/li[2]/a</arg>
<doc>Clicks a link identified by ``locator``.</doc>
<msg timestamp="20210329 01:31:26.057" level="INFO">Clicking link '//*[@id="sidebar"]/div[2]/ul[2]/li[2]/a'.</msg>
<status status="PASS" starttime="20210329 01:31:26.057" endtime="20210329 01:31:26.114"/>
</kw>
<kw name="Sleep" library="BuiltIn">
<arg>1s</arg>
<doc>Pauses the test executed for the given time.</doc>
<msg timestamp="20210329 01:31:27.117" level="INFO">Slept 1 second</msg>
<status status="PASS" starttime="20210329 01:31:26.114" endtime="20210329 01:31:27.117"/>
</kw>
<status status="PASS" starttime="20210329 01:31:26.056" endtime="20210329 01:31:27.118"/>
</kw>
<kw name="Then Select Role &amp; Screen">
<kw name="Click Link" library="Selenium2Library">
<arg>//*[@id="usermenu"]/li[6]/a</arg>
<doc>Clicks a link identified by ``locator``.</doc>
<msg timestamp="20210329 01:31:27.120" level="INFO">Clicking link '//*[@id="usermenu"]/li[6]/a'.</msg>
<status status="PASS" starttime="20210329 01:31:27.119" endtime="20210329 01:31:28.111"/>
</kw>
<status status="PASS" starttime="20210329 01:31:27.118" endtime="20210329 01:31:28.111"/>
</kw>
<kw name="Role &amp; Screen Management Page Should Be Open">
<kw name="Location Should Be" library="Selenium2Library">
<arg>http://127.0.0.1:8000/usermanage/role-screen-management</arg>
<doc>Verifies that the current URL is exactly ``url``.</doc>
<msg timestamp="20210329 01:31:28.132" level="INFO">Current location is 'http://127.0.0.1:8000/usermanage/role-screen-management'.</msg>
<status status="PASS" starttime="20210329 01:31:28.112" endtime="20210329 01:31:28.132"/>
</kw>
<status status="PASS" starttime="20210329 01:31:28.112" endtime="20210329 01:31:28.132"/>
</kw>
<kw name="Select Role &amp; Screen Will Be Deleteted">
<kw name="Click Element" library="Selenium2Library">
<arg>xpath://*[@id="myTable_paginate"]/span/a[4]</arg>
<doc>Click the element identified by ``locator``.</doc>
<msg timestamp="20210329 01:31:28.133" level="INFO">Clicking element 'xpath://*[@id="myTable_paginate"]/span/a[4]'.</msg>
<status status="PASS" starttime="20210329 01:31:28.133" endtime="20210329 01:31:28.190"/>
</kw>
<kw name="Click Element" library="Selenium2Library">
<arg>xpath://*[@id="myTable"]/tbody/tr[9]/td[7]/a[2]</arg>
<doc>Click the element identified by ``locator``.</doc>
<msg timestamp="20210329 01:31:28.190" level="INFO">Clicking element 'xpath://*[@id="myTable"]/tbody/tr[9]/td[7]/a[2]'.</msg>
<status status="PASS" starttime="20210329 01:31:28.190" endtime="20210329 01:31:28.234"/>
</kw>
<status status="PASS" starttime="20210329 01:31:28.133" endtime="20210329 01:31:28.234"/>
</kw>
<kw name="Confirm Deletion">
<kw name="Wait Until Page Contains" library="Selenium2Library">
<arg>Confirmation</arg>
<doc>Waits until ``text`` appears on the current page.</doc>
<status status="PASS" starttime="20210329 01:31:28.235" endtime="20210329 01:31:28.311"/>
</kw>
<kw name="Sleep" library="BuiltIn">
<arg>1s</arg>
<doc>Pauses the test executed for the given time.</doc>
<msg timestamp="20210329 01:31:29.312" level="INFO">Slept 1 second</msg>
<status status="PASS" starttime="20210329 01:31:28.311" endtime="20210329 01:31:29.312"/>
</kw>
<kw name="Click Element" library="Selenium2Library">
<arg>xpath://*[@id="delete133"]/div/div/div[3]/button[1]</arg>
<doc>Click the element identified by ``locator``.</doc>
<msg timestamp="20210329 01:31:29.314" level="INFO">Clicking element 'xpath://*[@id="delete133"]/div/div/div[3]/button[1]'.</msg>
<status status="PASS" starttime="20210329 01:31:29.313" endtime="20210329 01:31:30.353"/>
</kw>
<kw name="Get Text" library="Selenium2Library">
<arg>class=alert-success</arg>
<doc>Returns the text value of the element identified by ``locator``.</doc>
<status status="PASS" starttime="20210329 01:31:30.353" endtime="20210329 01:31:30.371"/>
</kw>
<status status="PASS" starttime="20210329 01:31:28.234" endtime="20210329 01:31:30.371"/>
</kw>
<status status="PASS" starttime="20210329 01:31:22.813" endtime="20210329 01:31:30.372"/>
</test>
<kw name="Close Browser" library="Selenium2Library" type="TEARDOWN">
<doc>Closes the current browser.</doc>
<status status="PASS" starttime="20210329 01:31:30.373" endtime="20210329 01:31:30.462"/>
</kw>
<doc>A test suite for deleting role &amp; screen.</doc>
<status status="PASS" starttime="20210329 01:31:22.615" endtime="20210329 01:31:30.462"/>
</suite>
<statistics>
<total>
<stat pass="1" fail="0" skip="0">All Tests</stat>
</total>
<tag>
</tag>
<suite>
<stat pass="1" fail="0" skip="0" id="s1" name="Delete Role Screen">Delete Role Screen</stat>
</suite>
</statistics>
<errors>
</errors>
</robot>
