<?xml version="1.0" encoding="UTF-8"?>
<robot generator="Robot 4.0 (Python 3.9.2 on darwin)" generated="20210325 09:10:14.061" rpa="false" schemaversion="2">
<suite id="s1" name="Edit Org" source="/Users/MS/Project/MachineDB/Tests/edit_org.robot">
<test id="s1-t1" name="Admin Edits Organization">
<kw name="Open Browser To Signin Page" library="resource">
<kw name="Open Browser" library="Selenium2Library">
<arg>${SIGNIN URL}</arg>
<arg>${BROWSER}</arg>
<doc>Opens a new browser instance to the optional ``url``.</doc>
<msg timestamp="20210325 09:10:14.279" level="INFO">Opening browser 'Chrome' to base url 'http://127.0.0.1:8000/'.</msg>
<status status="PASS" starttime="20210325 09:10:14.279" endtime="20210325 09:10:16.838"/>
</kw>
<kw name="Maximize Browser Window" library="Selenium2Library">
<doc>Maximizes current browser window.</doc>
<status status="PASS" starttime="20210325 09:10:16.839" endtime="20210325 09:10:16.978"/>
</kw>
<kw name="Set Selenium Speed" library="Selenium2Library">
<arg>${DELAY}</arg>
<doc>Sets the delay that is waited after each Selenium command.</doc>
<status status="PASS" starttime="20210325 09:10:16.978" endtime="20210325 09:10:16.979"/>
</kw>
<status status="PASS" starttime="20210325 09:10:14.279" endtime="20210325 09:10:16.979"/>
</kw>
<kw name="Input Username" library="resource">
<arg>system</arg>
<kw name="Input Text" library="Selenium2Library">
<arg>inputUser</arg>
<arg>${username}</arg>
<doc>Types the given ``text`` into the text field identified by ``locator``.</doc>
<msg timestamp="20210325 09:10:16.980" level="INFO">Typing text 'system' into text field 'inputUser'.</msg>
<status status="PASS" starttime="20210325 09:10:16.979" endtime="20210325 09:10:17.114"/>
</kw>
<status status="PASS" starttime="20210325 09:10:16.979" endtime="20210325 09:10:17.114"/>
</kw>
<kw name="Input Password" library="resource">
<arg>admin</arg>
<kw name="Input Text" library="Selenium2Library">
<arg>inputPassword</arg>
<arg>${password}</arg>
<doc>Types the given ``text`` into the text field identified by ``locator``.</doc>
<msg timestamp="20210325 09:10:17.115" level="INFO">Typing text 'admin' into text field 'inputPassword'.</msg>
<status status="PASS" starttime="20210325 09:10:17.115" endtime="20210325 09:10:17.176"/>
</kw>
<status status="PASS" starttime="20210325 09:10:17.115" endtime="20210325 09:10:17.177"/>
</kw>
<kw name="Submit Credentials" library="resource">
<kw name="Click Button" library="Selenium2Library">
<arg>signin</arg>
<doc>Clicks the button identified by ``locator``.</doc>
<msg timestamp="20210325 09:10:17.177" level="INFO">Clicking button 'signin'.</msg>
<status status="PASS" starttime="20210325 09:10:17.177" endtime="20210325 09:10:17.313"/>
</kw>
<status status="PASS" starttime="20210325 09:10:17.177" endtime="20210325 09:10:17.314"/>
</kw>
<kw name="Then Select-Department Should Be Open" library="resource">
<kw name="Location Should Be" library="Selenium2Library">
<arg>${SELECTDEPARTMENT URL}</arg>
<doc>Verifies that the current URL is exactly ``url``.</doc>
<msg timestamp="20210325 09:10:17.321" level="INFO">Current location is 'http://127.0.0.1:8000/sign-in/department/'.</msg>
<status status="PASS" starttime="20210325 09:10:17.314" endtime="20210325 09:10:17.321"/>
</kw>
<status status="PASS" starttime="20210325 09:10:17.314" endtime="20210325 09:10:17.322"/>
</kw>
<kw name="Select Admin Department" library="resource">
<kw name="Select From List By Value" library="Selenium2Library">
<arg>id:select_department</arg>
<arg>8</arg>
<doc>Selects options from selection list ``locator`` by ``values``.</doc>
<msg timestamp="20210325 09:10:17.323" level="INFO">Selecting options from selection list 'id:select_department' by value 8.</msg>
<status status="PASS" starttime="20210325 09:10:17.323" endtime="20210325 09:10:17.354"/>
</kw>
<status status="PASS" starttime="20210325 09:10:17.322" endtime="20210325 09:10:17.354"/>
</kw>
<kw name="Click Button" library="Selenium2Library">
<arg>Sign in</arg>
<doc>Clicks the button identified by ``locator``.</doc>
<msg timestamp="20210325 09:10:17.355" level="INFO">Clicking button 'Sign in'.</msg>
<status status="PASS" starttime="20210325 09:10:17.355" endtime="20210325 09:10:17.755"/>
</kw>
<kw name="Home Page Should Be Open" library="resource">
<kw name="Location Should Be" library="Selenium2Library">
<arg>${HOME URL}</arg>
<doc>Verifies that the current URL is exactly ``url``.</doc>
<msg timestamp="20210325 09:10:17.759" level="INFO">Current location is 'http://127.0.0.1:8000/home/'.</msg>
<status status="PASS" starttime="20210325 09:10:17.756" endtime="20210325 09:10:17.759"/>
</kw>
<status status="PASS" starttime="20210325 09:10:17.755" endtime="20210325 09:10:17.759"/>
</kw>
<kw name="Select Organization Management Menu">
<kw name="Click Link" library="Selenium2Library">
<arg>//*[@id="sidebar"]/div[2]/ul[2]/li[3]/a</arg>
<doc>Clicks a link identified by ``locator``.</doc>
<msg timestamp="20210325 09:10:17.760" level="INFO">Clicking link '//*[@id="sidebar"]/div[2]/ul[2]/li[3]/a'.</msg>
<status status="PASS" starttime="20210325 09:10:17.760" endtime="20210325 09:10:17.820"/>
</kw>
<status status="PASS" starttime="20210325 09:10:17.760" endtime="20210325 09:10:17.820"/>
</kw>
<kw name="Then Select Organization">
<kw name="Click Link" library="Selenium2Library">
<arg>//*[@id="organizationmenu"]/li[1]/a</arg>
<doc>Clicks a link identified by ``locator``.</doc>
<msg timestamp="20210325 09:10:17.820" level="INFO">Clicking link '//*[@id="organizationmenu"]/li[1]/a'.</msg>
<status status="PASS" starttime="20210325 09:10:17.820" endtime="20210325 09:10:17.957"/>
</kw>
<status status="PASS" starttime="20210325 09:10:17.820" endtime="20210325 09:10:17.957"/>
</kw>
<kw name="Organization Management Page Should Be Open">
<kw name="Location Should Be" library="Selenium2Library">
<arg>http://127.0.0.1:8000/organizemanage/organization-management</arg>
<doc>Verifies that the current URL is exactly ``url``.</doc>
<msg timestamp="20210325 09:10:17.962" level="INFO">Current location is 'http://127.0.0.1:8000/organizemanage/organization-management'.</msg>
<status status="PASS" starttime="20210325 09:10:17.958" endtime="20210325 09:10:17.962"/>
</kw>
<status status="PASS" starttime="20210325 09:10:17.958" endtime="20210325 09:10:17.962"/>
</kw>
<kw name="Select Organization Will Be Edited">
<kw name="Click Element" library="Selenium2Library">
<arg>xpath://*[@id="myTable"]/tbody/tr[5]/td[5]/a[1]</arg>
<doc>Click the element identified by ``locator``.</doc>
<msg timestamp="20210325 09:10:17.963" level="INFO">Clicking element 'xpath://*[@id="myTable"]/tbody/tr[5]/td[5]/a[1]'.</msg>
<status status="PASS" starttime="20210325 09:10:17.963" endtime="20210325 09:10:18.063"/>
</kw>
<status status="PASS" starttime="20210325 09:10:17.962" endtime="20210325 09:10:18.063"/>
</kw>
<kw name="Edit Data">
<kw name="Wait Until Page Contains" library="Selenium2Library">
<arg>Setting</arg>
<doc>Waits until ``text`` appears on the current page.</doc>
<status status="PASS" starttime="20210325 09:10:18.064" endtime="20210325 09:10:18.073"/>
</kw>
<kw name="Sleep" library="BuiltIn">
<arg>1s</arg>
<doc>Pauses the test executed for the given time.</doc>
<msg timestamp="20210325 09:10:19.075" level="INFO">Slept 1 second</msg>
<status status="PASS" starttime="20210325 09:10:18.074" endtime="20210325 09:10:19.075"/>
</kw>
<kw name="Input Text" library="Selenium2Library">
<arg>xpath://*[@id="set_org_name5"]</arg>
<arg>${TEST DATA}</arg>
<doc>Types the given ``text`` into the text field identified by ``locator``.</doc>
<msg timestamp="20210325 09:10:19.077" level="INFO">Typing text 'test' into text field 'xpath://*[@id="set_org_name5"]'.</msg>
<status status="PASS" starttime="20210325 09:10:19.076" endtime="20210325 09:10:19.231"/>
</kw>
<status status="PASS" starttime="20210325 09:10:18.063" endtime="20210325 09:10:19.231"/>
</kw>
<kw name="Click Element" library="Selenium2Library">
<arg>//*[@id="setting5"]/div/div/div[2]/div[4]/button[2]</arg>
<doc>Click the element identified by ``locator``.</doc>
<msg timestamp="20210325 09:10:19.232" level="INFO">Clicking element '//*[@id="setting5"]/div/div/div[2]/div[4]/button[2]'.</msg>
<status status="PASS" starttime="20210325 09:10:19.231" endtime="20210325 09:10:19.373"/>
</kw>
<kw name="Get Text" library="Selenium2Library">
<arg>class:alert-success</arg>
<doc>Returns the text value of the element identified by ``locator``.</doc>
<status status="PASS" starttime="20210325 09:10:19.374" endtime="20210325 09:10:19.396"/>
</kw>
<status status="PASS" starttime="20210325 09:10:14.278" endtime="20210325 09:10:19.396"/>
</test>
<kw name="Close Browser" library="Selenium2Library" type="TEARDOWN">
<doc>Closes the current browser.</doc>
<status status="PASS" starttime="20210325 09:10:19.399" endtime="20210325 09:10:19.499"/>
</kw>
<doc>A test suite for editing organization.</doc>
<status status="PASS" starttime="20210325 09:10:14.062" endtime="20210325 09:10:19.499"/>
</suite>
<statistics>
<total>
<stat pass="1" fail="0" skip="0">All Tests</stat>
</total>
<tag>
</tag>
<suite>
<stat pass="1" fail="0" skip="0" id="s1" name="Edit Org">Edit Org</stat>
</suite>
</statistics>
<errors>
</errors>
</robot>
