<?xml version="1.0" encoding="UTF-8"?>
<robot generator="Robot 4.0 (Python 3.9.2 on darwin)" generated="20210324 21:04:01.246" rpa="false" schemaversion="2">
<suite id="s1" name="Edit Spare Group" source="/Users/MS/Project/MachineDB/Tests/edit_spare_group.robot">
<test id="s1-t1" name="Admin Edits Spare Part Group">
<kw name="Open Browser To Signin Page" library="resource">
<kw name="Open Browser" library="Selenium2Library">
<arg>${SIGNIN URL}</arg>
<arg>${BROWSER}</arg>
<doc>Opens a new browser instance to the optional ``url``.</doc>
<msg timestamp="20210324 21:04:01.477" level="INFO">Opening browser 'Chrome' to base url 'http://127.0.0.1:8000/'.</msg>
<status status="PASS" starttime="20210324 21:04:01.477" endtime="20210324 21:04:03.967"/>
</kw>
<kw name="Maximize Browser Window" library="Selenium2Library">
<doc>Maximizes current browser window.</doc>
<status status="PASS" starttime="20210324 21:04:03.968" endtime="20210324 21:04:04.094"/>
</kw>
<kw name="Set Selenium Speed" library="Selenium2Library">
<arg>${DELAY}</arg>
<doc>Sets the delay that is waited after each Selenium command.</doc>
<status status="PASS" starttime="20210324 21:04:04.094" endtime="20210324 21:04:04.095"/>
</kw>
<status status="PASS" starttime="20210324 21:04:01.476" endtime="20210324 21:04:04.095"/>
</kw>
<kw name="Input Username" library="resource">
<arg>system</arg>
<kw name="Input Text" library="Selenium2Library">
<arg>inputUser</arg>
<arg>${username}</arg>
<doc>Types the given ``text`` into the text field identified by ``locator``.</doc>
<msg timestamp="20210324 21:04:04.097" level="INFO">Typing text 'system' into text field 'inputUser'.</msg>
<status status="PASS" starttime="20210324 21:04:04.096" endtime="20210324 21:04:04.255"/>
</kw>
<status status="PASS" starttime="20210324 21:04:04.095" endtime="20210324 21:04:04.256"/>
</kw>
<kw name="Input Password" library="resource">
<arg>admin</arg>
<kw name="Input Text" library="Selenium2Library">
<arg>inputPassword</arg>
<arg>${password}</arg>
<doc>Types the given ``text`` into the text field identified by ``locator``.</doc>
<msg timestamp="20210324 21:04:04.257" level="INFO">Typing text 'admin' into text field 'inputPassword'.</msg>
<status status="PASS" starttime="20210324 21:04:04.256" endtime="20210324 21:04:04.334"/>
</kw>
<status status="PASS" starttime="20210324 21:04:04.256" endtime="20210324 21:04:04.334"/>
</kw>
<kw name="Submit Credentials" library="resource">
<kw name="Click Button" library="Selenium2Library">
<arg>signin</arg>
<doc>Clicks the button identified by ``locator``.</doc>
<msg timestamp="20210324 21:04:04.335" level="INFO">Clicking button 'signin'.</msg>
<status status="PASS" starttime="20210324 21:04:04.335" endtime="20210324 21:04:04.458"/>
</kw>
<status status="PASS" starttime="20210324 21:04:04.334" endtime="20210324 21:04:04.458"/>
</kw>
<kw name="Then Select-Department Should Be Open" library="resource">
<kw name="Location Should Be" library="Selenium2Library">
<arg>${SELECTDEPARTMENT URL}</arg>
<doc>Verifies that the current URL is exactly ``url``.</doc>
<msg timestamp="20210324 21:04:04.464" level="INFO">Current location is 'http://127.0.0.1:8000/sign-in/department/'.</msg>
<status status="PASS" starttime="20210324 21:04:04.459" endtime="20210324 21:04:04.464"/>
</kw>
<status status="PASS" starttime="20210324 21:04:04.458" endtime="20210324 21:04:04.464"/>
</kw>
<kw name="Select Admin Department" library="resource">
<kw name="Select From List By Value" library="Selenium2Library">
<arg>id:select_department</arg>
<arg>8</arg>
<doc>Selects options from selection list ``locator`` by ``values``.</doc>
<msg timestamp="20210324 21:04:04.465" level="INFO">Selecting options from selection list 'id:select_department' by value 8.</msg>
<status status="PASS" starttime="20210324 21:04:04.465" endtime="20210324 21:04:04.498"/>
</kw>
<status status="PASS" starttime="20210324 21:04:04.464" endtime="20210324 21:04:04.499"/>
</kw>
<kw name="Click Button" library="Selenium2Library">
<arg>Sign in</arg>
<doc>Clicks the button identified by ``locator``.</doc>
<msg timestamp="20210324 21:04:04.499" level="INFO">Clicking button 'Sign in'.</msg>
<status status="PASS" starttime="20210324 21:04:04.499" endtime="20210324 21:04:04.859"/>
</kw>
<kw name="Home Page Should Be Open" library="resource">
<kw name="Location Should Be" library="Selenium2Library">
<arg>${HOME URL}</arg>
<doc>Verifies that the current URL is exactly ``url``.</doc>
<msg timestamp="20210324 21:04:04.863" level="INFO">Current location is 'http://127.0.0.1:8000/home/'.</msg>
<status status="PASS" starttime="20210324 21:04:04.860" endtime="20210324 21:04:04.863"/>
</kw>
<status status="PASS" starttime="20210324 21:04:04.859" endtime="20210324 21:04:04.864"/>
</kw>
<kw name="Select Spare Part Data Menu">
<kw name="Click Link" library="Selenium2Library">
<arg>//*[@id="sidebar"]/div[2]/ul[1]/li[2]/a</arg>
<doc>Clicks a link identified by ``locator``.</doc>
<msg timestamp="20210324 21:04:04.864" level="INFO">Clicking link '//*[@id="sidebar"]/div[2]/ul[1]/li[2]/a'.</msg>
<status status="PASS" starttime="20210324 21:04:04.864" endtime="20210324 21:04:04.922"/>
</kw>
<kw name="Sleep" library="BuiltIn">
<arg>1s</arg>
<doc>Pauses the test executed for the given time.</doc>
<msg timestamp="20210324 21:04:05.923" level="INFO">Slept 1 second</msg>
<status status="PASS" starttime="20210324 21:04:04.922" endtime="20210324 21:04:05.924"/>
</kw>
<status status="PASS" starttime="20210324 21:04:04.864" endtime="20210324 21:04:05.924"/>
</kw>
<kw name="Then Select Spare Part Group">
<kw name="Click Link" library="Selenium2Library">
<arg>//*[@id="spare_part_menumenu"]/li[2]/a</arg>
<doc>Clicks a link identified by ``locator``.</doc>
<msg timestamp="20210324 21:04:05.925" level="INFO">Clicking link '//*[@id="spare_part_menumenu"]/li[2]/a'.</msg>
<status status="PASS" starttime="20210324 21:04:05.924" endtime="20210324 21:04:06.081"/>
</kw>
<status status="PASS" starttime="20210324 21:04:05.924" endtime="20210324 21:04:06.081"/>
</kw>
<kw name="Spare part Group Management Page Should Be Open">
<kw name="Location Should Be" library="Selenium2Library">
<arg>http://127.0.0.1:8000/sparepartmanage/group/</arg>
<doc>Verifies that the current URL is exactly ``url``.</doc>
<msg timestamp="20210324 21:04:06.085" level="INFO">Current location is 'http://127.0.0.1:8000/sparepartmanage/group/'.</msg>
<status status="PASS" starttime="20210324 21:04:06.082" endtime="20210324 21:04:06.085"/>
</kw>
<status status="PASS" starttime="20210324 21:04:06.081" endtime="20210324 21:04:06.085"/>
</kw>
<kw name="Select Spare Part Group Will Be Edited">
<kw name="Click Element" library="Selenium2Library">
<arg>xpath://*[@id="myTable"]/tbody/tr[6]/td[4]/center/a[1]</arg>
<doc>Click the element identified by ``locator``.</doc>
<msg timestamp="20210324 21:04:06.087" level="INFO">Clicking element 'xpath://*[@id="myTable"]/tbody/tr[6]/td[4]/center/a[1]'.</msg>
<status status="PASS" starttime="20210324 21:04:06.086" endtime="20210324 21:04:06.194"/>
</kw>
<status status="PASS" starttime="20210324 21:04:06.086" endtime="20210324 21:04:06.194"/>
</kw>
<kw name="Edit Data">
<kw name="Wait Until Page Contains" library="Selenium2Library">
<arg>Setting</arg>
<doc>Waits until ``text`` appears on the current page.</doc>
<status status="PASS" starttime="20210324 21:04:06.194" endtime="20210324 21:04:06.204"/>
</kw>
<kw name="Sleep" library="BuiltIn">
<arg>1s</arg>
<doc>Pauses the test executed for the given time.</doc>
<msg timestamp="20210324 21:04:07.206" level="INFO">Slept 1 second</msg>
<status status="PASS" starttime="20210324 21:04:06.204" endtime="20210324 21:04:07.207"/>
</kw>
<kw name="Input Text" library="Selenium2Library">
<arg>xpath://*[@id="set_sp_group_name6"]</arg>
<arg>A${TEST DATA}</arg>
<doc>Types the given ``text`` into the text field identified by ``locator``.</doc>
<msg timestamp="20210324 21:04:07.208" level="INFO">Typing text 'Atest' into text field 'xpath://*[@id="set_sp_group_name6"]'.</msg>
<status status="PASS" starttime="20210324 21:04:07.207" endtime="20210324 21:04:07.352"/>
</kw>
<status status="PASS" starttime="20210324 21:04:06.194" endtime="20210324 21:04:07.352"/>
</kw>
<kw name="Click Element" library="Selenium2Library">
<arg>//*[@id="setting21"]/div/div/div[2]/div[3]/button[2]</arg>
<doc>Click the element identified by ``locator``.</doc>
<msg timestamp="20210324 21:04:07.354" level="INFO">Clicking element '//*[@id="setting21"]/div/div/div[2]/div[3]/button[2]'.</msg>
<status status="PASS" starttime="20210324 21:04:07.353" endtime="20210324 21:04:07.524"/>
</kw>
<kw name="Get Text" library="Selenium2Library">
<arg>class:alert-success</arg>
<doc>Returns the text value of the element identified by ``locator``.</doc>
<status status="PASS" starttime="20210324 21:04:07.525" endtime="20210324 21:04:07.546"/>
</kw>
<status status="PASS" starttime="20210324 21:04:01.475" endtime="20210324 21:04:07.546"/>
</test>
<kw name="Close Browser" library="Selenium2Library" type="TEARDOWN">
<doc>Closes the current browser.</doc>
<status status="PASS" starttime="20210324 21:04:07.548" endtime="20210324 21:04:07.654"/>
</kw>
<doc>A test suite for editing spare part group.</doc>
<status status="PASS" starttime="20210324 21:04:01.247" endtime="20210324 21:04:07.654"/>
</suite>
<statistics>
<total>
<stat pass="1" fail="0" skip="0">All Tests</stat>
</total>
<tag>
</tag>
<suite>
<stat pass="1" fail="0" skip="0" id="s1" name="Edit Spare Group">Edit Spare Group</stat>
</suite>
</statistics>
<errors>
</errors>
</robot>
