<?xml version="1.0" encoding="UTF-8"?>
<robot generator="Robot 4.0 (Python 3.9.2 on darwin)" generated="20210324 15:40:02.193" rpa="false" schemaversion="2">
<suite id="s1" name="Add Spare And Mch" source="/Users/MS/Project/MachineDB/Tests/add_spare_and_mch.robot">
<test id="s1-t1" name="Admin Adds New Spare Part &amp; Machine">
<kw name="Open Browser To Signin Page" library="resource">
<kw name="Open Browser" library="Selenium2Library">
<arg>${SIGNIN URL}</arg>
<arg>${BROWSER}</arg>
<doc>Opens a new browser instance to the optional ``url``.</doc>
<msg timestamp="20210324 15:40:02.410" level="INFO">Opening browser 'Chrome' to base url 'http://127.0.0.1:8000/'.</msg>
<status status="PASS" starttime="20210324 15:40:02.410" endtime="20210324 15:40:05.097"/>
</kw>
<kw name="Maximize Browser Window" library="Selenium2Library">
<doc>Maximizes current browser window.</doc>
<status status="PASS" starttime="20210324 15:40:05.098" endtime="20210324 15:40:05.229"/>
</kw>
<kw name="Set Selenium Speed" library="Selenium2Library">
<arg>${DELAY}</arg>
<doc>Sets the delay that is waited after each Selenium command.</doc>
<status status="PASS" starttime="20210324 15:40:05.229" endtime="20210324 15:40:05.230"/>
</kw>
<status status="PASS" starttime="20210324 15:40:02.410" endtime="20210324 15:40:05.230"/>
</kw>
<kw name="Input Username" library="resource">
<arg>system</arg>
<kw name="Input Text" library="Selenium2Library">
<arg>inputUser</arg>
<arg>${username}</arg>
<doc>Types the given ``text`` into the text field identified by ``locator``.</doc>
<msg timestamp="20210324 15:40:05.231" level="INFO">Typing text 'system' into text field 'inputUser'.</msg>
<status status="PASS" starttime="20210324 15:40:05.231" endtime="20210324 15:40:05.371"/>
</kw>
<status status="PASS" starttime="20210324 15:40:05.230" endtime="20210324 15:40:05.372"/>
</kw>
<kw name="Input Password" library="resource">
<arg>admin</arg>
<kw name="Input Text" library="Selenium2Library">
<arg>inputPassword</arg>
<arg>${password}</arg>
<doc>Types the given ``text`` into the text field identified by ``locator``.</doc>
<msg timestamp="20210324 15:40:05.373" level="INFO">Typing text 'admin' into text field 'inputPassword'.</msg>
<status status="PASS" starttime="20210324 15:40:05.372" endtime="20210324 15:40:05.435"/>
</kw>
<status status="PASS" starttime="20210324 15:40:05.372" endtime="20210324 15:40:05.435"/>
</kw>
<kw name="Submit Credentials" library="resource">
<kw name="Click Button" library="Selenium2Library">
<arg>signin</arg>
<doc>Clicks the button identified by ``locator``.</doc>
<msg timestamp="20210324 15:40:05.436" level="INFO">Clicking button 'signin'.</msg>
<status status="PASS" starttime="20210324 15:40:05.436" endtime="20210324 15:40:05.571"/>
</kw>
<status status="PASS" starttime="20210324 15:40:05.435" endtime="20210324 15:40:05.571"/>
</kw>
<kw name="Then Select-Department Should Be Open" library="resource">
<kw name="Location Should Be" library="Selenium2Library">
<arg>${SELECTDEPARTMENT URL}</arg>
<doc>Verifies that the current URL is exactly ``url``.</doc>
<msg timestamp="20210324 15:40:05.578" level="INFO">Current location is 'http://127.0.0.1:8000/sign-in/department/'.</msg>
<status status="PASS" starttime="20210324 15:40:05.572" endtime="20210324 15:40:05.578"/>
</kw>
<status status="PASS" starttime="20210324 15:40:05.572" endtime="20210324 15:40:05.578"/>
</kw>
<kw name="Select Admin Department" library="resource">
<kw name="Select From List By Value" library="Selenium2Library">
<arg>id:select_department</arg>
<arg>8</arg>
<doc>Selects options from selection list ``locator`` by ``values``.</doc>
<msg timestamp="20210324 15:40:05.580" level="INFO">Selecting options from selection list 'id:select_department' by value 8.</msg>
<status status="PASS" starttime="20210324 15:40:05.580" endtime="20210324 15:40:05.620"/>
</kw>
<status status="PASS" starttime="20210324 15:40:05.579" endtime="20210324 15:40:05.620"/>
</kw>
<kw name="Click Button" library="Selenium2Library">
<arg>Sign in</arg>
<doc>Clicks the button identified by ``locator``.</doc>
<msg timestamp="20210324 15:40:05.620" level="INFO">Clicking button 'Sign in'.</msg>
<status status="PASS" starttime="20210324 15:40:05.620" endtime="20210324 15:40:06.009"/>
</kw>
<kw name="Home Page Should Be Open" library="resource">
<kw name="Location Should Be" library="Selenium2Library">
<arg>${HOME URL}</arg>
<doc>Verifies that the current URL is exactly ``url``.</doc>
<msg timestamp="20210324 15:40:06.014" level="INFO">Current location is 'http://127.0.0.1:8000/home/'.</msg>
<status status="PASS" starttime="20210324 15:40:06.010" endtime="20210324 15:40:06.014"/>
</kw>
<status status="PASS" starttime="20210324 15:40:06.009" endtime="20210324 15:40:06.014"/>
</kw>
<kw name="Select Spare Part Data Menu">
<kw name="Click Link" library="Selenium2Library">
<arg>//*[@id="sidebar"]/div[2]/ul[1]/li[2]/a</arg>
<doc>Clicks a link identified by ``locator``.</doc>
<msg timestamp="20210324 15:40:06.015" level="INFO">Clicking link '//*[@id="sidebar"]/div[2]/ul[1]/li[2]/a'.</msg>
<status status="PASS" starttime="20210324 15:40:06.015" endtime="20210324 15:40:06.078"/>
</kw>
<kw name="Sleep" library="BuiltIn">
<arg>1s</arg>
<doc>Pauses the test executed for the given time.</doc>
<msg timestamp="20210324 15:40:07.079" level="INFO">Slept 1 second</msg>
<status status="PASS" starttime="20210324 15:40:06.079" endtime="20210324 15:40:07.080"/>
</kw>
<status status="PASS" starttime="20210324 15:40:06.014" endtime="20210324 15:40:07.080"/>
</kw>
<kw name="Then Select Spare Part &amp; Machine">
<kw name="Click Link" library="Selenium2Library">
<arg>//*[@id="spare_part_menumenu"]/li[5]/a</arg>
<doc>Clicks a link identified by ``locator``.</doc>
<msg timestamp="20210324 15:40:07.082" level="INFO">Clicking link '//*[@id="spare_part_menumenu"]/li[5]/a'.</msg>
<status status="PASS" starttime="20210324 15:40:07.082" endtime="20210324 15:40:07.303"/>
</kw>
<status status="PASS" starttime="20210324 15:40:07.081" endtime="20210324 15:40:07.303"/>
</kw>
<kw name="Spare Part &amp; Machine Management Page Should Be Open">
<kw name="Location Should Be" library="Selenium2Library">
<arg>http://127.0.0.1:8000/sparepartmanage/spare-pare-machine/</arg>
<doc>Verifies that the current URL is exactly ``url``.</doc>
<msg timestamp="20210324 15:40:07.307" level="INFO">Current location is 'http://127.0.0.1:8000/sparepartmanage/spare-pare-machine/'.</msg>
<status status="PASS" starttime="20210324 15:40:07.304" endtime="20210324 15:40:07.307"/>
</kw>
<status status="PASS" starttime="20210324 15:40:07.303" endtime="20210324 15:40:07.307"/>
</kw>
<kw name="Select Spare Part That Adds Machine">
<kw name="Click Element" library="Selenium2Library">
<arg>xpath://*[@id="myTable"]/tbody/tr[17]/td[7]/center/a[1]</arg>
<doc>Click the element identified by ``locator``.</doc>
<msg timestamp="20210324 15:40:07.308" level="INFO">Clicking element 'xpath://*[@id="myTable"]/tbody/tr[17]/td[7]/center/a[1]'.</msg>
<status status="PASS" starttime="20210324 15:40:07.308" endtime="20210324 15:40:07.393"/>
</kw>
<status status="PASS" starttime="20210324 15:40:07.308" endtime="20210324 15:40:07.394"/>
</kw>
<kw name="Add Machine">
<kw name="Wait Until Page Contains" library="Selenium2Library">
<arg>Setting</arg>
<doc>Waits until ``text`` appears on the current page.</doc>
<status status="PASS" starttime="20210324 15:40:07.395" endtime="20210324 15:40:07.408"/>
</kw>
<kw name="Sleep" library="BuiltIn">
<arg>1s</arg>
<doc>Pauses the test executed for the given time.</doc>
<msg timestamp="20210324 15:40:08.411" level="INFO">Slept 1 second</msg>
<status status="PASS" starttime="20210324 15:40:07.409" endtime="20210324 15:40:08.411"/>
</kw>
<kw name="Select From List By Value" library="Selenium2Library">
<arg>id:select_line5</arg>
<arg>2</arg>
<doc>Selects options from selection list ``locator`` by ``values``.</doc>
<msg timestamp="20210324 15:40:08.412" level="INFO">Selecting options from selection list 'id:select_line5' by value 2.</msg>
<status status="PASS" starttime="20210324 15:40:08.411" endtime="20210324 15:40:08.474"/>
</kw>
<kw name="Select From List By Value" library="Selenium2Library">
<arg>id:select_mch_type5</arg>
<arg>1</arg>
<doc>Selects options from selection list ``locator`` by ``values``.</doc>
<msg timestamp="20210324 15:40:08.475" level="INFO">Selecting options from selection list 'id:select_mch_type5' by value 1.</msg>
<status status="PASS" starttime="20210324 15:40:08.474" endtime="20210324 15:40:08.523"/>
</kw>
<kw name="Select From List By Value" library="Selenium2Library">
<arg>id:select_mch_subtype5</arg>
<arg>1</arg>
<doc>Selects options from selection list ``locator`` by ``values``.</doc>
<msg timestamp="20210324 15:40:08.523" level="INFO">Selecting options from selection list 'id:select_mch_subtype5' by value 1.</msg>
<status status="PASS" starttime="20210324 15:40:08.523" endtime="20210324 15:40:08.577"/>
</kw>
<kw name="Select From List By Value" library="Selenium2Library">
<arg>id:select_mch5</arg>
<arg>52</arg>
<doc>Selects options from selection list ``locator`` by ``values``.</doc>
<msg timestamp="20210324 15:40:08.578" level="INFO">Selecting options from selection list 'id:select_mch5' by value 52.</msg>
<status status="PASS" starttime="20210324 15:40:08.577" endtime="20210324 15:40:08.630"/>
</kw>
<kw name="Sleep" library="BuiltIn">
<arg>1s</arg>
<doc>Pauses the test executed for the given time.</doc>
<msg timestamp="20210324 15:40:09.633" level="INFO">Slept 1 second</msg>
<status status="PASS" starttime="20210324 15:40:08.630" endtime="20210324 15:40:09.633"/>
</kw>
<status status="PASS" starttime="20210324 15:40:07.394" endtime="20210324 15:40:09.633"/>
</kw>
<kw name="Click Button" library="Selenium2Library">
<arg>id:add_sp_and_mch5</arg>
<doc>Clicks the button identified by ``locator``.</doc>
<msg timestamp="20210324 15:40:09.634" level="INFO">Clicking button 'id:add_sp_and_mch5'.</msg>
<status status="PASS" starttime="20210324 15:40:09.634" endtime="20210324 15:40:09.898"/>
</kw>
<kw name="Get Text" library="Selenium2Library">
<arg>class:alert-success</arg>
<doc>Returns the text value of the element identified by ``locator``.</doc>
<status status="PASS" starttime="20210324 15:40:09.899" endtime="20210324 15:40:09.927"/>
</kw>
<status status="PASS" starttime="20210324 15:40:02.409" endtime="20210324 15:40:09.927"/>
</test>
<kw name="Close Browser" library="Selenium2Library" type="TEARDOWN">
<doc>Closes the current browser.</doc>
<status status="PASS" starttime="20210324 15:40:09.929" endtime="20210324 15:40:10.041"/>
</kw>
<doc>A test suite for adding spare part &amp; machine.</doc>
<status status="PASS" starttime="20210324 15:40:02.195" endtime="20210324 15:40:10.041"/>
</suite>
<statistics>
<total>
<stat pass="1" fail="0" skip="0">All Tests</stat>
</total>
<tag>
</tag>
<suite>
<stat pass="1" fail="0" skip="0" id="s1" name="Add Spare And Mch">Add Spare And Mch</stat>
</suite>
</statistics>
<errors>
</errors>
</robot>
