<?xml version="1.0" encoding="UTF-8"?>
<robot generator="Robot 4.0 (Python 3.9.2 on darwin)" generated="20210326 07:44:10.518" rpa="false" schemaversion="2">
<suite id="s1" name="Add New Role" source="/Users/MS/Project/MachineDB/Tests/add_new_role.robot">
<test id="s1-t1" name="Admin Adds New Role">
<kw name="Open Browser To Signin Page" library="resource">
<kw name="Open Browser" library="Selenium2Library">
<arg>${SIGNIN URL}</arg>
<arg>${BROWSER}</arg>
<doc>Opens a new browser instance to the optional ``url``.</doc>
<msg timestamp="20210326 07:44:10.722" level="INFO">Opening browser 'Chrome' to base url 'http://127.0.0.1:8000/'.</msg>
<status status="PASS" starttime="20210326 07:44:10.722" endtime="20210326 07:44:13.447"/>
</kw>
<kw name="Maximize Browser Window" library="Selenium2Library">
<doc>Maximizes current browser window.</doc>
<status status="PASS" starttime="20210326 07:44:13.447" endtime="20210326 07:44:13.580"/>
</kw>
<kw name="Set Selenium Speed" library="Selenium2Library">
<arg>${DELAY}</arg>
<doc>Sets the delay that is waited after each Selenium command.</doc>
<status status="PASS" starttime="20210326 07:44:13.580" endtime="20210326 07:44:13.581"/>
</kw>
<status status="PASS" starttime="20210326 07:44:10.721" endtime="20210326 07:44:13.581"/>
</kw>
<kw name="Input Username" library="resource">
<arg>system</arg>
<kw name="Input Text" library="Selenium2Library">
<arg>inputUser</arg>
<arg>${username}</arg>
<doc>Types the given ``text`` into the text field identified by ``locator``.</doc>
<msg timestamp="20210326 07:44:13.582" level="INFO">Typing text 'system' into text field 'inputUser'.</msg>
<status status="PASS" starttime="20210326 07:44:13.582" endtime="20210326 07:44:13.718"/>
</kw>
<status status="PASS" starttime="20210326 07:44:13.581" endtime="20210326 07:44:13.719"/>
</kw>
<kw name="Input Password" library="resource">
<arg>admin</arg>
<kw name="Input Text" library="Selenium2Library">
<arg>inputPassword</arg>
<arg>${password}</arg>
<doc>Types the given ``text`` into the text field identified by ``locator``.</doc>
<msg timestamp="20210326 07:44:13.720" level="INFO">Typing text 'admin' into text field 'inputPassword'.</msg>
<status status="PASS" starttime="20210326 07:44:13.719" endtime="20210326 07:44:13.782"/>
</kw>
<status status="PASS" starttime="20210326 07:44:13.719" endtime="20210326 07:44:13.782"/>
</kw>
<kw name="Submit Credentials" library="resource">
<kw name="Click Button" library="Selenium2Library">
<arg>signin</arg>
<doc>Clicks the button identified by ``locator``.</doc>
<msg timestamp="20210326 07:44:13.783" level="INFO">Clicking button 'signin'.</msg>
<status status="PASS" starttime="20210326 07:44:13.783" endtime="20210326 07:44:13.908"/>
</kw>
<status status="PASS" starttime="20210326 07:44:13.782" endtime="20210326 07:44:13.908"/>
</kw>
<kw name="Then Select-Department Should Be Open" library="resource">
<kw name="Location Should Be" library="Selenium2Library">
<arg>${SELECTDEPARTMENT URL}</arg>
<doc>Verifies that the current URL is exactly ``url``.</doc>
<msg timestamp="20210326 07:44:13.914" level="INFO">Current location is 'http://127.0.0.1:8000/sign-in/department/'.</msg>
<status status="PASS" starttime="20210326 07:44:13.909" endtime="20210326 07:44:13.914"/>
</kw>
<status status="PASS" starttime="20210326 07:44:13.908" endtime="20210326 07:44:13.914"/>
</kw>
<kw name="Select Admin Department" library="resource">
<kw name="Select From List By Value" library="Selenium2Library">
<arg>id:select_department</arg>
<arg>8</arg>
<doc>Selects options from selection list ``locator`` by ``values``.</doc>
<msg timestamp="20210326 07:44:13.915" level="INFO">Selecting options from selection list 'id:select_department' by value 8.</msg>
<status status="PASS" starttime="20210326 07:44:13.915" endtime="20210326 07:44:13.947"/>
</kw>
<status status="PASS" starttime="20210326 07:44:13.914" endtime="20210326 07:44:13.947"/>
</kw>
<kw name="Click Button" library="Selenium2Library">
<arg>Sign in</arg>
<doc>Clicks the button identified by ``locator``.</doc>
<msg timestamp="20210326 07:44:13.948" level="INFO">Clicking button 'Sign in'.</msg>
<status status="PASS" starttime="20210326 07:44:13.948" endtime="20210326 07:44:14.335"/>
</kw>
<kw name="Home Page Should Be Open" library="resource">
<kw name="Location Should Be" library="Selenium2Library">
<arg>${HOME URL}</arg>
<doc>Verifies that the current URL is exactly ``url``.</doc>
<msg timestamp="20210326 07:44:14.341" level="INFO">Current location is 'http://127.0.0.1:8000/home/'.</msg>
<status status="PASS" starttime="20210326 07:44:14.336" endtime="20210326 07:44:14.341"/>
</kw>
<status status="PASS" starttime="20210326 07:44:14.335" endtime="20210326 07:44:14.341"/>
</kw>
<kw name="Select User Management Menu">
<kw name="Click Link" library="Selenium2Library">
<arg>//*[@id="sidebar"]/div[2]/ul[2]/li[2]/a</arg>
<doc>Clicks a link identified by ``locator``.</doc>
<msg timestamp="20210326 07:44:14.342" level="INFO">Clicking link '//*[@id="sidebar"]/div[2]/ul[2]/li[2]/a'.</msg>
<status status="PASS" starttime="20210326 07:44:14.342" endtime="20210326 07:44:14.385"/>
</kw>
<kw name="Sleep" library="BuiltIn">
<arg>1s</arg>
<doc>Pauses the test executed for the given time.</doc>
<msg timestamp="20210326 07:44:15.386" level="INFO">Slept 1 second</msg>
<status status="PASS" starttime="20210326 07:44:14.385" endtime="20210326 07:44:15.386"/>
</kw>
<status status="PASS" starttime="20210326 07:44:14.341" endtime="20210326 07:44:15.387"/>
</kw>
<kw name="Then Select Role">
<kw name="Click Link" library="Selenium2Library">
<arg>//*[@id="usermenu"]/li[2]/a</arg>
<doc>Clicks a link identified by ``locator``.</doc>
<msg timestamp="20210326 07:44:15.389" level="INFO">Clicking link '//*[@id="usermenu"]/li[2]/a'.</msg>
<status status="PASS" starttime="20210326 07:44:15.388" endtime="20210326 07:44:15.540"/>
</kw>
<status status="PASS" starttime="20210326 07:44:15.387" endtime="20210326 07:44:15.540"/>
</kw>
<kw name="Role Management Page Should Be Open">
<kw name="Location Should Be" library="Selenium2Library">
<arg>http://127.0.0.1:8000/usermanage/role-management</arg>
<doc>Verifies that the current URL is exactly ``url``.</doc>
<msg timestamp="20210326 07:44:15.544" level="INFO">Current location is 'http://127.0.0.1:8000/usermanage/role-management'.</msg>
<status status="PASS" starttime="20210326 07:44:15.540" endtime="20210326 07:44:15.544"/>
</kw>
<status status="PASS" starttime="20210326 07:44:15.540" endtime="20210326 07:44:15.544"/>
</kw>
<kw name="Click Add New Role Button">
<kw name="Click Element" library="Selenium2Library">
<arg>xpath:/html/body/div[2]/div/div/div[1]/div/div[2]/a</arg>
<doc>Click the element identified by ``locator``.</doc>
<msg timestamp="20210326 07:44:15.545" level="INFO">Clicking element 'xpath:/html/body/div[2]/div/div/div[1]/div/div[2]/a'.</msg>
<status status="PASS" starttime="20210326 07:44:15.545" endtime="20210326 07:44:15.637"/>
</kw>
<status status="PASS" starttime="20210326 07:44:15.544" endtime="20210326 07:44:15.637"/>
</kw>
<kw name="Fill Data">
<kw name="Wait Until Page Contains" library="Selenium2Library">
<arg>Add New Role</arg>
<doc>Waits until ``text`` appears on the current page.</doc>
<status status="PASS" starttime="20210326 07:44:15.637" endtime="20210326 07:44:15.648"/>
</kw>
<kw name="Sleep" library="BuiltIn">
<arg>1s</arg>
<doc>Pauses the test executed for the given time.</doc>
<msg timestamp="20210326 07:44:16.650" level="INFO">Slept 1 second</msg>
<status status="PASS" starttime="20210326 07:44:15.648" endtime="20210326 07:44:16.651"/>
</kw>
<kw name="Input Text" library="Selenium2Library">
<arg>xpath://*[@id="add_roleid"]</arg>
<arg>AAA</arg>
<doc>Types the given ``text`` into the text field identified by ``locator``.</doc>
<msg timestamp="20210326 07:44:16.652" level="INFO">Typing text 'AAA' into text field 'xpath://*[@id="add_roleid"]'.</msg>
<status status="PASS" starttime="20210326 07:44:16.651" endtime="20210326 07:44:16.769"/>
</kw>
<kw name="Input Text" library="Selenium2Library">
<arg>xpath://*[@id="add_rolename"]</arg>
<arg>${TEST DATA}</arg>
<doc>Types the given ``text`` into the text field identified by ``locator``.</doc>
<msg timestamp="20210326 07:44:16.770" level="INFO">Typing text 'test' into text field 'xpath://*[@id="add_rolename"]'.</msg>
<status status="PASS" starttime="20210326 07:44:16.769" endtime="20210326 07:44:16.861"/>
</kw>
<status status="PASS" starttime="20210326 07:44:15.637" endtime="20210326 07:44:16.861"/>
</kw>
<kw name="Click Button" library="Selenium2Library">
<arg>id=Addrole</arg>
<doc>Clicks the button identified by ``locator``.</doc>
<msg timestamp="20210326 07:44:16.862" level="INFO">Clicking button 'id=Addrole'.</msg>
<status status="PASS" starttime="20210326 07:44:16.862" endtime="20210326 07:44:17.036"/>
</kw>
<kw name="Get Text" library="Selenium2Library">
<arg>class:alert-success</arg>
<doc>Returns the text value of the element identified by ``locator``.</doc>
<status status="PASS" starttime="20210326 07:44:17.037" endtime="20210326 07:44:17.057"/>
</kw>
<status status="PASS" starttime="20210326 07:44:10.720" endtime="20210326 07:44:17.057"/>
</test>
<kw name="Close Browser" library="Selenium2Library" type="TEARDOWN">
<doc>Closes the current browser.</doc>
<status status="PASS" starttime="20210326 07:44:17.059" endtime="20210326 07:44:17.168"/>
</kw>
<doc>A test suite for adding new role.</doc>
<status status="PASS" starttime="20210326 07:44:10.520" endtime="20210326 07:44:17.168"/>
</suite>
<statistics>
<total>
<stat pass="1" fail="0" skip="0">All Tests</stat>
</total>
<tag>
</tag>
<suite>
<stat pass="1" fail="0" skip="0" id="s1" name="Add New Role">Add New Role</stat>
</suite>
</statistics>
<errors>
</errors>
</robot>
