<?xml version="1.0" encoding="UTF-8"?>
<robot generator="Robot 4.0 (Python 3.9.2 on darwin)" generated="20210324 12:56:25.229" rpa="false" schemaversion="2">
<suite id="s1" name="Add Mch And Spare" source="/Users/MS/Project/MachineDB/Tests/add_mch_and_spare.robot">
<test id="s1-t1" name="Admin Adds New Machine &amp; Spare part">
<kw name="Open Browser To Signin Page" library="resource">
<kw name="Open Browser" library="Selenium2Library">
<arg>${SIGNIN URL}</arg>
<arg>${BROWSER}</arg>
<doc>Opens a new browser instance to the optional ``url``.</doc>
<msg timestamp="20210324 12:56:25.459" level="INFO">Opening browser 'Chrome' to base url 'http://127.0.0.1:8000/'.</msg>
<status status="PASS" starttime="20210324 12:56:25.458" endtime="20210324 12:56:28.092"/>
</kw>
<kw name="Maximize Browser Window" library="Selenium2Library">
<doc>Maximizes current browser window.</doc>
<status status="PASS" starttime="20210324 12:56:28.092" endtime="20210324 12:56:28.233"/>
</kw>
<kw name="Set Selenium Speed" library="Selenium2Library">
<arg>${DELAY}</arg>
<doc>Sets the delay that is waited after each Selenium command.</doc>
<status status="PASS" starttime="20210324 12:56:28.233" endtime="20210324 12:56:28.234"/>
</kw>
<status status="PASS" starttime="20210324 12:56:25.458" endtime="20210324 12:56:28.234"/>
</kw>
<kw name="Input Username" library="resource">
<arg>system</arg>
<kw name="Input Text" library="Selenium2Library">
<arg>inputUser</arg>
<arg>${username}</arg>
<doc>Types the given ``text`` into the text field identified by ``locator``.</doc>
<msg timestamp="20210324 12:56:28.235" level="INFO">Typing text 'system' into text field 'inputUser'.</msg>
<status status="PASS" starttime="20210324 12:56:28.235" endtime="20210324 12:56:28.367"/>
</kw>
<status status="PASS" starttime="20210324 12:56:28.234" endtime="20210324 12:56:28.367"/>
</kw>
<kw name="Input Password" library="resource">
<arg>admin</arg>
<kw name="Input Text" library="Selenium2Library">
<arg>inputPassword</arg>
<arg>${password}</arg>
<doc>Types the given ``text`` into the text field identified by ``locator``.</doc>
<msg timestamp="20210324 12:56:28.368" level="INFO">Typing text 'admin' into text field 'inputPassword'.</msg>
<status status="PASS" starttime="20210324 12:56:28.368" endtime="20210324 12:56:28.432"/>
</kw>
<status status="PASS" starttime="20210324 12:56:28.367" endtime="20210324 12:56:28.432"/>
</kw>
<kw name="Submit Credentials" library="resource">
<kw name="Click Button" library="Selenium2Library">
<arg>signin</arg>
<doc>Clicks the button identified by ``locator``.</doc>
<msg timestamp="20210324 12:56:28.433" level="INFO">Clicking button 'signin'.</msg>
<status status="PASS" starttime="20210324 12:56:28.433" endtime="20210324 12:56:28.594"/>
</kw>
<status status="PASS" starttime="20210324 12:56:28.432" endtime="20210324 12:56:28.594"/>
</kw>
<kw name="Then Select-Department Should Be Open" library="resource">
<kw name="Location Should Be" library="Selenium2Library">
<arg>${SELECTDEPARTMENT URL}</arg>
<doc>Verifies that the current URL is exactly ``url``.</doc>
<msg timestamp="20210324 12:56:28.602" level="INFO">Current location is 'http://127.0.0.1:8000/sign-in/department/'.</msg>
<status status="PASS" starttime="20210324 12:56:28.595" endtime="20210324 12:56:28.602"/>
</kw>
<status status="PASS" starttime="20210324 12:56:28.595" endtime="20210324 12:56:28.602"/>
</kw>
<kw name="Select Admin Department" library="resource">
<kw name="Select From List By Value" library="Selenium2Library">
<arg>id:select_department</arg>
<arg>8</arg>
<doc>Selects options from selection list ``locator`` by ``values``.</doc>
<msg timestamp="20210324 12:56:28.604" level="INFO">Selecting options from selection list 'id:select_department' by value 8.</msg>
<status status="PASS" starttime="20210324 12:56:28.603" endtime="20210324 12:56:28.641"/>
</kw>
<status status="PASS" starttime="20210324 12:56:28.603" endtime="20210324 12:56:28.642"/>
</kw>
<kw name="Click Button" library="Selenium2Library">
<arg>Sign in</arg>
<doc>Clicks the button identified by ``locator``.</doc>
<msg timestamp="20210324 12:56:28.642" level="INFO">Clicking button 'Sign in'.</msg>
<status status="PASS" starttime="20210324 12:56:28.642" endtime="20210324 12:56:29.031"/>
</kw>
<kw name="Home Page Should Be Open" library="resource">
<kw name="Location Should Be" library="Selenium2Library">
<arg>${HOME URL}</arg>
<doc>Verifies that the current URL is exactly ``url``.</doc>
<msg timestamp="20210324 12:56:29.035" level="INFO">Current location is 'http://127.0.0.1:8000/home/'.</msg>
<status status="PASS" starttime="20210324 12:56:29.031" endtime="20210324 12:56:29.035"/>
</kw>
<status status="PASS" starttime="20210324 12:56:29.031" endtime="20210324 12:56:29.035"/>
</kw>
<kw name="Select Machine Data Menu">
<kw name="Click Link" library="Selenium2Library">
<arg>//*[@id="sidebar"]/div[2]/ul[1]/li[1]/a</arg>
<doc>Clicks a link identified by ``locator``.</doc>
<msg timestamp="20210324 12:56:29.036" level="INFO">Clicking link '//*[@id="sidebar"]/div[2]/ul[1]/li[1]/a'.</msg>
<status status="PASS" starttime="20210324 12:56:29.036" endtime="20210324 12:56:29.085"/>
</kw>
<kw name="Sleep" library="BuiltIn">
<arg>1s</arg>
<doc>Pauses the test executed for the given time.</doc>
<msg timestamp="20210324 12:56:30.086" level="INFO">Slept 1 second</msg>
<status status="PASS" starttime="20210324 12:56:29.085" endtime="20210324 12:56:30.086"/>
</kw>
<status status="PASS" starttime="20210324 12:56:29.035" endtime="20210324 12:56:30.088"/>
</kw>
<kw name="Then Select Machine &amp; Spare Part">
<kw name="Click Link" library="Selenium2Library">
<arg>//*[@id="machine_manage_menumenu"]/li[5]/a</arg>
<doc>Clicks a link identified by ``locator``.</doc>
<msg timestamp="20210324 12:56:30.089" level="INFO">Clicking link '//*[@id="machine_manage_menumenu"]/li[5]/a'.</msg>
<status status="PASS" starttime="20210324 12:56:30.089" endtime="20210324 12:56:30.584"/>
</kw>
<status status="PASS" starttime="20210324 12:56:30.088" endtime="20210324 12:56:30.584"/>
</kw>
<kw name="Machine &amp; Spare Part Page Should Be Open">
<kw name="Location Should Be" library="Selenium2Library">
<arg>http://127.0.0.1:8000/machinemanage/machine-spare-part/</arg>
<doc>Verifies that the current URL is exactly ``url``.</doc>
<msg timestamp="20210324 12:56:30.589" level="INFO">Current location is 'http://127.0.0.1:8000/machinemanage/machine-spare-part/'.</msg>
<status status="PASS" starttime="20210324 12:56:30.585" endtime="20210324 12:56:30.589"/>
</kw>
<status status="PASS" starttime="20210324 12:56:30.585" endtime="20210324 12:56:30.590"/>
</kw>
<kw name="Select Machine That Adds Spare Part">
<kw name="Click Element" library="Selenium2Library">
<arg>//*[@id="myTable"]/tbody/tr[1]/td[5]/center/a[1]</arg>
<doc>Click the element identified by ``locator``.</doc>
<msg timestamp="20210324 12:56:30.591" level="INFO">Clicking element '//*[@id="myTable"]/tbody/tr[1]/td[5]/center/a[1]'.</msg>
<status status="PASS" starttime="20210324 12:56:30.590" endtime="20210324 12:56:30.644"/>
</kw>
<status status="PASS" starttime="20210324 12:56:30.590" endtime="20210324 12:56:30.645"/>
</kw>
<kw name="Add Spare Part">
<kw name="Wait Until Page Contains" library="Selenium2Library">
<arg>Add Spare Part</arg>
<doc>Waits until ``text`` appears on the current page.</doc>
<status status="PASS" starttime="20210324 12:56:30.646" endtime="20210324 12:56:30.672"/>
</kw>
<kw name="Sleep" library="BuiltIn">
<arg>1s</arg>
<doc>Pauses the test executed for the given time.</doc>
<msg timestamp="20210324 12:56:31.674" level="INFO">Slept 1 second</msg>
<status status="PASS" starttime="20210324 12:56:30.672" endtime="20210324 12:56:31.674"/>
</kw>
<kw name="Select From List By Value" library="Selenium2Library">
<arg>id:select_sp_group1</arg>
<arg>14</arg>
<doc>Selects options from selection list ``locator`` by ``values``.</doc>
<msg timestamp="20210324 12:56:31.675" level="INFO">Selecting options from selection list 'id:select_sp_group1' by value 14.</msg>
<status status="PASS" starttime="20210324 12:56:31.674" endtime="20210324 12:56:31.736"/>
</kw>
<kw name="Select From List By Value" library="Selenium2Library">
<arg>id:select_sp_type1</arg>
<arg>18</arg>
<doc>Selects options from selection list ``locator`` by ``values``.</doc>
<msg timestamp="20210324 12:56:31.737" level="INFO">Selecting options from selection list 'id:select_sp_type1' by value 18.</msg>
<status status="PASS" starttime="20210324 12:56:31.736" endtime="20210324 12:56:31.797"/>
</kw>
<kw name="Select From List By Value" library="Selenium2Library">
<arg>id:select_sp_subtype1</arg>
<arg>14</arg>
<doc>Selects options from selection list ``locator`` by ``values``.</doc>
<msg timestamp="20210324 12:56:31.798" level="INFO">Selecting options from selection list 'id:select_sp_subtype1' by value 14.</msg>
<status status="PASS" starttime="20210324 12:56:31.798" endtime="20210324 12:56:31.852"/>
</kw>
<kw name="Select From List By Value" library="Selenium2Library">
<arg>id:select_sp_name1</arg>
<arg>15</arg>
<doc>Selects options from selection list ``locator`` by ``values``.</doc>
<msg timestamp="20210324 12:56:31.853" level="INFO">Selecting options from selection list 'id:select_sp_name1' by value 15.</msg>
<status status="PASS" starttime="20210324 12:56:31.852" endtime="20210324 12:56:31.911"/>
</kw>
<status status="PASS" starttime="20210324 12:56:30.645" endtime="20210324 12:56:31.911"/>
</kw>
<kw name="Click Button" library="Selenium2Library">
<arg>name:add_mch_and_sp</arg>
<doc>Clicks the button identified by ``locator``.</doc>
<msg timestamp="20210324 12:56:31.912" level="INFO">Clicking button 'name:add_mch_and_sp'.</msg>
<status status="PASS" starttime="20210324 12:56:31.912" endtime="20210324 12:56:32.644"/>
</kw>
<status status="PASS" starttime="20210324 12:56:25.457" endtime="20210324 12:56:32.644"/>
</test>
<kw name="Close Browser" library="Selenium2Library" type="TEARDOWN">
<doc>Closes the current browser.</doc>
<status status="PASS" starttime="20210324 12:56:32.647" endtime="20210324 12:56:32.773"/>
</kw>
<doc>A test suite for adding machine &amp; spare part.</doc>
<status status="PASS" starttime="20210324 12:56:25.231" endtime="20210324 12:56:32.774"/>
</suite>
<statistics>
<total>
<stat pass="1" fail="0" skip="0">All Tests</stat>
</total>
<tag>
</tag>
<suite>
<stat pass="1" fail="0" skip="0" id="s1" name="Add Mch And Spare">Add Mch And Spare</stat>
</suite>
</statistics>
<errors>
</errors>
</robot>
