<?xml version="1.0" encoding="UTF-8"?>
<robot generator="Robot 4.0 (Python 3.9.2 on darwin)" generated="20210323 13:01:44.563" rpa="false" schemaversion="2">
<suite id="s1" name="Add New Machine" source="/Users/MS/Project/MachineDB/Tests/add_new_machine.robot">
<test id="s1-t1" name="Admin Adds New Machine">
<kw name="Open Browser To Signin Page" library="resource">
<kw name="Open Browser" library="Selenium2Library">
<arg>${SIGNIN URL}</arg>
<arg>${BROWSER}</arg>
<doc>Opens a new browser instance to the optional ``url``.</doc>
<msg timestamp="20210323 13:01:44.777" level="INFO">Opening browser 'Chrome' to base url 'http://127.0.0.1:8000/'.</msg>
<status status="PASS" starttime="20210323 13:01:44.777" endtime="20210323 13:01:47.549"/>
</kw>
<kw name="Maximize Browser Window" library="Selenium2Library">
<doc>Maximizes current browser window.</doc>
<status status="PASS" starttime="20210323 13:01:47.550" endtime="20210323 13:01:47.672"/>
</kw>
<kw name="Set Selenium Speed" library="Selenium2Library">
<arg>${DELAY}</arg>
<doc>Sets the delay that is waited after each Selenium command.</doc>
<status status="PASS" starttime="20210323 13:01:47.672" endtime="20210323 13:01:47.672"/>
</kw>
<status status="PASS" starttime="20210323 13:01:44.776" endtime="20210323 13:01:47.672"/>
</kw>
<kw name="Input Username" library="resource">
<arg>system</arg>
<kw name="Input Text" library="Selenium2Library">
<arg>inputUser</arg>
<arg>${username}</arg>
<doc>Types the given ``text`` into the text field identified by ``locator``.</doc>
<msg timestamp="20210323 13:01:47.673" level="INFO">Typing text 'system' into text field 'inputUser'.</msg>
<status status="PASS" starttime="20210323 13:01:47.673" endtime="20210323 13:01:47.805"/>
</kw>
<status status="PASS" starttime="20210323 13:01:47.673" endtime="20210323 13:01:47.805"/>
</kw>
<kw name="Input Password" library="resource">
<arg>admin</arg>
<kw name="Input Text" library="Selenium2Library">
<arg>inputPassword</arg>
<arg>${password}</arg>
<doc>Types the given ``text`` into the text field identified by ``locator``.</doc>
<msg timestamp="20210323 13:01:47.806" level="INFO">Typing text 'admin' into text field 'inputPassword'.</msg>
<status status="PASS" starttime="20210323 13:01:47.806" endtime="20210323 13:01:47.865"/>
</kw>
<status status="PASS" starttime="20210323 13:01:47.805" endtime="20210323 13:01:47.866"/>
</kw>
<kw name="Submit Credentials" library="resource">
<kw name="Click Button" library="Selenium2Library">
<arg>signin</arg>
<doc>Clicks the button identified by ``locator``.</doc>
<msg timestamp="20210323 13:01:47.866" level="INFO">Clicking button 'signin'.</msg>
<status status="PASS" starttime="20210323 13:01:47.866" endtime="20210323 13:01:47.977"/>
</kw>
<status status="PASS" starttime="20210323 13:01:47.866" endtime="20210323 13:01:47.977"/>
</kw>
<kw name="Then Select-Department Should Be Open" library="resource">
<kw name="Location Should Be" library="Selenium2Library">
<arg>${SELECTDEPARTMENT URL}</arg>
<doc>Verifies that the current URL is exactly ``url``.</doc>
<msg timestamp="20210323 13:01:47.983" level="INFO">Current location is 'http://127.0.0.1:8000/sign-in/department/'.</msg>
<status status="PASS" starttime="20210323 13:01:47.978" endtime="20210323 13:01:47.983"/>
</kw>
<status status="PASS" starttime="20210323 13:01:47.977" endtime="20210323 13:01:47.984"/>
</kw>
<kw name="Select Admin Department" library="resource">
<kw name="Select From List By Value" library="Selenium2Library">
<arg>id:select_department</arg>
<arg>8</arg>
<doc>Selects options from selection list ``locator`` by ``values``.</doc>
<msg timestamp="20210323 13:01:47.984" level="INFO">Selecting options from selection list 'id:select_department' by value 8.</msg>
<status status="PASS" starttime="20210323 13:01:47.984" endtime="20210323 13:01:48.013"/>
</kw>
<status status="PASS" starttime="20210323 13:01:47.984" endtime="20210323 13:01:48.013"/>
</kw>
<kw name="Click Button" library="Selenium2Library">
<arg>Sign in</arg>
<doc>Clicks the button identified by ``locator``.</doc>
<msg timestamp="20210323 13:01:48.014" level="INFO">Clicking button 'Sign in'.</msg>
<status status="PASS" starttime="20210323 13:01:48.013" endtime="20210323 13:01:48.367"/>
</kw>
<kw name="Home Page Should Be Open" library="resource">
<kw name="Location Should Be" library="Selenium2Library">
<arg>${HOME URL}</arg>
<doc>Verifies that the current URL is exactly ``url``.</doc>
<msg timestamp="20210323 13:01:48.371" level="INFO">Current location is 'http://127.0.0.1:8000/home/'.</msg>
<status status="PASS" starttime="20210323 13:01:48.368" endtime="20210323 13:01:48.371"/>
</kw>
<status status="PASS" starttime="20210323 13:01:48.367" endtime="20210323 13:01:48.371"/>
</kw>
<kw name="Select Machine Data Menu">
<kw name="Click Link" library="Selenium2Library">
<arg>//*[@id="sidebar"]/div[2]/ul[1]/li[1]/a</arg>
<doc>Clicks a link identified by ``locator``.</doc>
<msg timestamp="20210323 13:01:48.372" level="INFO">Clicking link '//*[@id="sidebar"]/div[2]/ul[1]/li[1]/a'.</msg>
<status status="PASS" starttime="20210323 13:01:48.372" endtime="20210323 13:01:48.434"/>
</kw>
<status status="PASS" starttime="20210323 13:01:48.371" endtime="20210323 13:01:48.434"/>
</kw>
<kw name="Then Select Machine">
<kw name="Click Link" library="Selenium2Library">
<arg>//*[@id="machine_manage_menumenu"]/li[1]/a</arg>
<doc>Clicks a link identified by ``locator``.</doc>
<msg timestamp="20210323 13:01:48.435" level="INFO">Clicking link '//*[@id="machine_manage_menumenu"]/li[1]/a'.</msg>
<status status="PASS" starttime="20210323 13:01:48.435" endtime="20210323 13:01:49.211"/>
</kw>
<status status="PASS" starttime="20210323 13:01:48.434" endtime="20210323 13:01:49.211"/>
</kw>
<kw name="Machine Management Page Should Be Open">
<kw name="Location Should Be" library="Selenium2Library">
<arg>http://127.0.0.1:8000/machinemanage/machine-management</arg>
<doc>Verifies that the current URL is exactly ``url``.</doc>
<msg timestamp="20210323 13:01:49.267" level="INFO">Current location is 'http://127.0.0.1:8000/machinemanage/machine-management'.</msg>
<status status="PASS" starttime="20210323 13:01:49.212" endtime="20210323 13:01:49.267"/>
</kw>
<status status="PASS" starttime="20210323 13:01:49.211" endtime="20210323 13:01:49.267"/>
</kw>
<kw name="Click Add Machine Button">
<kw name="Click Element" library="Selenium2Library">
<arg>xpath:/html/body/div[2]/div/div[1]/div[1]/div/div[2]/a[1]</arg>
<doc>Click the element identified by ``locator``.</doc>
<msg timestamp="20210323 13:01:49.268" level="INFO">Clicking element 'xpath:/html/body/div[2]/div/div[1]/div[1]/div/div[2]/a[1]'.</msg>
<status status="PASS" starttime="20210323 13:01:49.268" endtime="20210323 13:01:49.309"/>
</kw>
<status status="PASS" starttime="20210323 13:01:49.267" endtime="20210323 13:01:49.309"/>
</kw>
<kw name="Fill Data">
<kw name="Wait Until Page Contains" library="Selenium2Library">
<arg>Add New Machine</arg>
<doc>Waits until ``text`` appears on the current page.</doc>
<status status="PASS" starttime="20210323 13:01:49.309" endtime="20210323 13:01:49.345"/>
</kw>
<kw name="Sleep" library="BuiltIn">
<arg>2s</arg>
<doc>Pauses the test executed for the given time.</doc>
<msg timestamp="20210323 13:01:51.348" level="INFO">Slept 2 seconds</msg>
<status status="PASS" starttime="20210323 13:01:49.346" endtime="20210323 13:01:51.348"/>
</kw>
<kw name="Input Text" library="Selenium2Library">
<arg>xpath://*[@id="add_machine_brand"]</arg>
<arg>${TEST DATA}</arg>
<doc>Types the given ``text`` into the text field identified by ``locator``.</doc>
<msg timestamp="20210323 13:01:51.349" level="INFO">Typing text 'test' into text field 'xpath://*[@id="add_machine_brand"]'.</msg>
<status status="PASS" starttime="20210323 13:01:51.348" endtime="20210323 13:01:51.488"/>
</kw>
<kw name="Input Text" library="Selenium2Library">
<arg>xpath://*[@id="add_machine_model"]</arg>
<arg>${TEST DATA}</arg>
<doc>Types the given ``text`` into the text field identified by ``locator``.</doc>
<msg timestamp="20210323 13:01:51.489" level="INFO">Typing text 'test' into text field 'xpath://*[@id="add_machine_model"]'.</msg>
<status status="PASS" starttime="20210323 13:01:51.488" endtime="20210323 13:01:51.561"/>
</kw>
<kw name="Input Text" library="Selenium2Library">
<arg>xpath://*[@id="add_serial"]</arg>
<arg>${TEST DATA}</arg>
<doc>Types the given ``text`` into the text field identified by ``locator``.</doc>
<msg timestamp="20210323 13:01:51.562" level="INFO">Typing text 'test' into text field 'xpath://*[@id="add_serial"]'.</msg>
<status status="PASS" starttime="20210323 13:01:51.562" endtime="20210323 13:01:51.636"/>
</kw>
<kw name="Select From List By Value" library="Selenium2Library">
<arg>id:id_line</arg>
<arg>1</arg>
<doc>Selects options from selection list ``locator`` by ``values``.</doc>
<msg timestamp="20210323 13:01:51.637" level="INFO">Selecting options from selection list 'id:id_line' by value 1.</msg>
<status status="PASS" starttime="20210323 13:01:51.636" endtime="20210323 13:01:51.717"/>
</kw>
<kw name="Select From List By Value" library="Selenium2Library">
<arg>id:id_mch_type</arg>
<arg>1</arg>
<doc>Selects options from selection list ``locator`` by ``values``.</doc>
<msg timestamp="20210323 13:01:51.717" level="INFO">Selecting options from selection list 'id:id_mch_type' by value 1.</msg>
<status status="PASS" starttime="20210323 13:01:51.717" endtime="20210323 13:01:51.770"/>
</kw>
<kw name="Select From List By Value" library="Selenium2Library">
<arg>id:id_sub_type</arg>
<arg>1</arg>
<doc>Selects options from selection list ``locator`` by ``values``.</doc>
<msg timestamp="20210323 13:01:51.772" level="INFO">Selecting options from selection list 'id:id_sub_type' by value 1.</msg>
<status status="PASS" starttime="20210323 13:01:51.771" endtime="20210323 13:01:51.830"/>
</kw>
<kw name="Input Text" library="Selenium2Library">
<arg>xpath://*[@id="add_machine_name"]</arg>
<arg>${TEST DATA}</arg>
<doc>Types the given ``text`` into the text field identified by ``locator``.</doc>
<msg timestamp="20210323 13:01:51.831" level="INFO">Typing text 'test' into text field 'xpath://*[@id="add_machine_name"]'.</msg>
<status status="PASS" starttime="20210323 13:01:51.830" endtime="20210323 13:01:51.920"/>
</kw>
<kw name="Input Text" library="Selenium2Library">
<arg>xpath://*[@id="add_mpc"]</arg>
<arg>${TEST DATA}</arg>
<doc>Types the given ``text`` into the text field identified by ``locator``.</doc>
<msg timestamp="20210323 13:01:51.921" level="INFO">Typing text 'test' into text field 'xpath://*[@id="add_mpc"]'.</msg>
<status status="PASS" starttime="20210323 13:01:51.920" endtime="20210323 13:01:51.983"/>
</kw>
<kw name="Input Text" library="Selenium2Library">
<arg>xpath://*[@id="add_machine_asset_code"]</arg>
<arg>${TEST DATA}</arg>
<doc>Types the given ``text`` into the text field identified by ``locator``.</doc>
<msg timestamp="20210323 13:01:51.984" level="INFO">Typing text 'test' into text field 'xpath://*[@id="add_machine_asset_code"]'.</msg>
<status status="PASS" starttime="20210323 13:01:51.983" endtime="20210323 13:01:52.046"/>
</kw>
<kw name="Input Text" library="Selenium2Library">
<arg>xpath://*[@id="add_cpm"]</arg>
<arg>100</arg>
<doc>Types the given ``text`` into the text field identified by ``locator``.</doc>
<msg timestamp="20210323 13:01:52.046" level="INFO">Typing text '100' into text field 'xpath://*[@id="add_cpm"]'.</msg>
<status status="PASS" starttime="20210323 13:01:52.046" endtime="20210323 13:01:52.113"/>
</kw>
<kw name="Input Text" library="Selenium2Library">
<arg>xpath://*[@id="add_capacity"]</arg>
<arg>kg</arg>
<doc>Types the given ``text`` into the text field identified by ``locator``.</doc>
<msg timestamp="20210323 13:01:52.113" level="INFO">Typing text 'kg' into text field 'xpath://*[@id="add_capacity"]'.</msg>
<status status="PASS" starttime="20210323 13:01:52.113" endtime="20210323 13:01:52.188"/>
</kw>
<kw name="Input Text" library="Selenium2Library">
<arg>xpath://*[@id="add_power"]</arg>
<arg>100</arg>
<doc>Types the given ``text`` into the text field identified by ``locator``.</doc>
<msg timestamp="20210323 13:01:52.188" level="INFO">Typing text '100' into text field 'xpath://*[@id="add_power"]'.</msg>
<status status="PASS" starttime="20210323 13:01:52.188" endtime="20210323 13:01:52.253"/>
</kw>
<kw name="Input Text" library="Selenium2Library">
<arg>xpath://*[@id="add_hour"]</arg>
<arg>0</arg>
<doc>Types the given ``text`` into the text field identified by ``locator``.</doc>
<msg timestamp="20210323 13:01:52.253" level="INFO">Typing text '0' into text field 'xpath://*[@id="add_hour"]'.</msg>
<status status="PASS" starttime="20210323 13:01:52.253" endtime="20210323 13:01:52.313"/>
</kw>
<kw name="Input Text" library="Selenium2Library">
<arg>xpath://*[@id="add_supplier_code"]</arg>
<arg>${TEST DATA}</arg>
<doc>Types the given ``text`` into the text field identified by ``locator``.</doc>
<msg timestamp="20210323 13:01:52.314" level="INFO">Typing text 'test' into text field 'xpath://*[@id="add_supplier_code"]'.</msg>
<status status="PASS" starttime="20210323 13:01:52.313" endtime="20210323 13:01:52.389"/>
</kw>
<kw name="Input Text" library="Selenium2Library">
<arg>xpath://*[@id="add_supplier_name"]</arg>
<arg>${TEST DATA}</arg>
<doc>Types the given ``text`` into the text field identified by ``locator``.</doc>
<msg timestamp="20210323 13:01:52.389" level="INFO">Typing text 'test' into text field 'xpath://*[@id="add_supplier_name"]'.</msg>
<status status="PASS" starttime="20210323 13:01:52.389" endtime="20210323 13:01:52.452"/>
</kw>
<kw name="Input Text" library="Selenium2Library">
<arg>xpath://*[@id="add_supplier_contact"]</arg>
<arg>${TEST DATA}</arg>
<doc>Types the given ``text`` into the text field identified by ``locator``.</doc>
<msg timestamp="20210323 13:01:52.453" level="INFO">Typing text 'test' into text field 'xpath://*[@id="add_supplier_contact"]'.</msg>
<status status="PASS" starttime="20210323 13:01:52.452" endtime="20210323 13:01:52.537"/>
</kw>
<kw name="Input Text" library="Selenium2Library">
<arg>xpath://*[@id="add_eng_emp_id"]</arg>
<arg>${TEST DATA}</arg>
<doc>Types the given ``text`` into the text field identified by ``locator``.</doc>
<msg timestamp="20210323 13:01:52.538" level="INFO">Typing text 'test' into text field 'xpath://*[@id="add_eng_emp_id"]'.</msg>
<status status="PASS" starttime="20210323 13:01:52.537" endtime="20210323 13:01:52.600"/>
</kw>
<kw name="Input Text" library="Selenium2Library">
<arg>xpath://*[@id="add_eng_emp_name"]</arg>
<arg>${TEST DATA}</arg>
<doc>Types the given ``text`` into the text field identified by ``locator``.</doc>
<msg timestamp="20210323 13:01:52.601" level="INFO">Typing text 'test' into text field 'xpath://*[@id="add_eng_emp_name"]'.</msg>
<status status="PASS" starttime="20210323 13:01:52.600" endtime="20210323 13:01:52.663"/>
</kw>
<kw name="Input Text" library="Selenium2Library">
<arg>xpath://*[@id="add_eng_emp_contact"]</arg>
<arg>${TEST DATA}</arg>
<doc>Types the given ``text`` into the text field identified by ``locator``.</doc>
<msg timestamp="20210323 13:01:52.663" level="INFO">Typing text 'test' into text field 'xpath://*[@id="add_eng_emp_contact"]'.</msg>
<status status="PASS" starttime="20210323 13:01:52.663" endtime="20210323 13:01:52.758"/>
</kw>
<kw name="Input Text" library="Selenium2Library">
<arg>xpath://*[@id="add_pro_emp_id"]</arg>
<arg>${TEST DATA}</arg>
<doc>Types the given ``text`` into the text field identified by ``locator``.</doc>
<msg timestamp="20210323 13:01:52.758" level="INFO">Typing text 'test' into text field 'xpath://*[@id="add_pro_emp_id"]'.</msg>
<status status="PASS" starttime="20210323 13:01:52.758" endtime="20210323 13:01:52.844"/>
</kw>
<kw name="Input Text" library="Selenium2Library">
<arg>xpath://*[@id="add_pro_emp_name"]</arg>
<arg>${TEST DATA}</arg>
<doc>Types the given ``text`` into the text field identified by ``locator``.</doc>
<msg timestamp="20210323 13:01:52.845" level="INFO">Typing text 'test' into text field 'xpath://*[@id="add_pro_emp_name"]'.</msg>
<status status="PASS" starttime="20210323 13:01:52.844" endtime="20210323 13:01:52.909"/>
</kw>
<kw name="Input Text" library="Selenium2Library">
<arg>xpath://*[@id="add_pro_emp_contact"]</arg>
<arg>${TEST DATA}</arg>
<doc>Types the given ``text`` into the text field identified by ``locator``.</doc>
<msg timestamp="20210323 13:01:52.910" level="INFO">Typing text 'test' into text field 'xpath://*[@id="add_pro_emp_contact"]'.</msg>
<status status="PASS" starttime="20210323 13:01:52.909" endtime="20210323 13:01:52.975"/>
</kw>
<status status="PASS" starttime="20210323 13:01:49.309" endtime="20210323 13:01:52.976"/>
</kw>
<kw name="Click Button" library="Selenium2Library">
<arg>id:AddmachineButton</arg>
<doc>Clicks the button identified by ``locator``.</doc>
<msg timestamp="20210323 13:01:52.976" level="INFO">Clicking button 'id:AddmachineButton'.</msg>
<status status="PASS" starttime="20210323 13:01:52.976" endtime="20210323 13:01:53.840"/>
</kw>
<kw name="Get Text" library="Selenium2Library">
<arg>class:alert-success</arg>
<doc>Returns the text value of the element identified by ``locator``.</doc>
<status status="PASS" starttime="20210323 13:01:53.840" endtime="20210323 13:01:53.905"/>
</kw>
<status status="PASS" starttime="20210323 13:01:44.775" endtime="20210323 13:01:53.906"/>
</test>
<kw name="Close Browser" library="Selenium2Library" type="TEARDOWN">
<doc>Closes the current browser.</doc>
<status status="PASS" starttime="20210323 13:01:53.907" endtime="20210323 13:01:54.003"/>
</kw>
<doc>A test suite for adding new machine.</doc>
<status status="PASS" starttime="20210323 13:01:44.564" endtime="20210323 13:01:54.003"/>
</suite>
<statistics>
<total>
<stat pass="1" fail="0" skip="0">All Tests</stat>
</total>
<tag>
</tag>
<suite>
<stat pass="1" fail="0" skip="0" id="s1" name="Add New Machine">Add New Machine</stat>
</suite>
</statistics>
<errors>
</errors>
</robot>
