<?xml version="1.0" encoding="UTF-8"?>
<robot generator="Robot 4.0 (Python 3.9.2 on darwin)" generated="20210328 22:47:02.868" rpa="false" schemaversion="2">
<suite id="s1" name="Edit Department" source="/Users/MS/Project/MachineDB/Tests/edit_department.robot">
<test id="s1-t1" name="Admin Edits Department">
<kw name="Open Browser To Signin Page" library="resource">
<kw name="Open Browser" library="Selenium2Library">
<arg>${SIGNIN URL}</arg>
<arg>${BROWSER}</arg>
<doc>Opens a new browser instance to the optional ``url``.</doc>
<msg timestamp="20210328 22:47:03.027" level="INFO">Opening browser 'Chrome' to base url 'http://127.0.0.1:8000/'.</msg>
<status status="PASS" starttime="20210328 22:47:03.027" endtime="20210328 22:47:05.424"/>
</kw>
<kw name="Maximize Browser Window" library="Selenium2Library">
<doc>Maximizes current browser window.</doc>
<status status="PASS" starttime="20210328 22:47:05.424" endtime="20210328 22:47:05.552"/>
</kw>
<kw name="Set Selenium Speed" library="Selenium2Library">
<arg>${DELAY}</arg>
<doc>Sets the delay that is waited after each Selenium command.</doc>
<status status="PASS" starttime="20210328 22:47:05.552" endtime="20210328 22:47:05.552"/>
</kw>
<status status="PASS" starttime="20210328 22:47:03.027" endtime="20210328 22:47:05.553"/>
</kw>
<kw name="Input Username" library="resource">
<arg>system</arg>
<kw name="Input Text" library="Selenium2Library">
<arg>inputUser</arg>
<arg>${username}</arg>
<doc>Types the given ``text`` into the text field identified by ``locator``.</doc>
<msg timestamp="20210328 22:47:05.554" level="INFO">Typing text 'system' into text field 'inputUser'.</msg>
<status status="PASS" starttime="20210328 22:47:05.553" endtime="20210328 22:47:05.692"/>
</kw>
<status status="PASS" starttime="20210328 22:47:05.553" endtime="20210328 22:47:05.692"/>
</kw>
<kw name="Input Password" library="resource">
<arg>admin</arg>
<kw name="Input Text" library="Selenium2Library">
<arg>inputPassword</arg>
<arg>${password}</arg>
<doc>Types the given ``text`` into the text field identified by ``locator``.</doc>
<msg timestamp="20210328 22:47:05.693" level="INFO">Typing text 'admin' into text field 'inputPassword'.</msg>
<status status="PASS" starttime="20210328 22:47:05.693" endtime="20210328 22:47:05.753"/>
</kw>
<status status="PASS" starttime="20210328 22:47:05.692" endtime="20210328 22:47:05.753"/>
</kw>
<kw name="Submit Credentials" library="resource">
<kw name="Click Button" library="Selenium2Library">
<arg>signin</arg>
<doc>Clicks the button identified by ``locator``.</doc>
<msg timestamp="20210328 22:47:05.754" level="INFO">Clicking button 'signin'.</msg>
<status status="PASS" starttime="20210328 22:47:05.754" endtime="20210328 22:47:05.868"/>
</kw>
<status status="PASS" starttime="20210328 22:47:05.753" endtime="20210328 22:47:05.868"/>
</kw>
<kw name="Then Select-Department Should Be Open" library="resource">
<kw name="Location Should Be" library="Selenium2Library">
<arg>${SELECTDEPARTMENT URL}</arg>
<doc>Verifies that the current URL is exactly ``url``.</doc>
<msg timestamp="20210328 22:47:05.873" level="INFO">Current location is 'http://127.0.0.1:8000/sign-in/department/'.</msg>
<status status="PASS" starttime="20210328 22:47:05.869" endtime="20210328 22:47:05.873"/>
</kw>
<status status="PASS" starttime="20210328 22:47:05.869" endtime="20210328 22:47:05.873"/>
</kw>
<kw name="Select Admin Department" library="resource">
<kw name="Select From List By Value" library="Selenium2Library">
<arg>id:select_department</arg>
<arg>8</arg>
<doc>Selects options from selection list ``locator`` by ``values``.</doc>
<msg timestamp="20210328 22:47:05.874" level="INFO">Selecting options from selection list 'id:select_department' by value 8.</msg>
<status status="PASS" starttime="20210328 22:47:05.874" endtime="20210328 22:47:05.905"/>
</kw>
<status status="PASS" starttime="20210328 22:47:05.873" endtime="20210328 22:47:05.905"/>
</kw>
<kw name="Click Button" library="Selenium2Library">
<arg>Sign in</arg>
<doc>Clicks the button identified by ``locator``.</doc>
<msg timestamp="20210328 22:47:05.905" level="INFO">Clicking button 'Sign in'.</msg>
<status status="PASS" starttime="20210328 22:47:05.905" endtime="20210328 22:47:06.202"/>
</kw>
<kw name="Home Page Should Be Open" library="resource">
<kw name="Location Should Be" library="Selenium2Library">
<arg>${HOME URL}</arg>
<doc>Verifies that the current URL is exactly ``url``.</doc>
<msg timestamp="20210328 22:47:06.208" level="INFO">Current location is 'http://127.0.0.1:8000/home/'.</msg>
<status status="PASS" starttime="20210328 22:47:06.202" endtime="20210328 22:47:06.208"/>
</kw>
<status status="PASS" starttime="20210328 22:47:06.202" endtime="20210328 22:47:06.209"/>
</kw>
<kw name="Select User Management Menu">
<kw name="Click Link" library="Selenium2Library">
<arg>//*[@id="sidebar"]/div[2]/ul[2]/li[2]/a</arg>
<doc>Clicks a link identified by ``locator``.</doc>
<msg timestamp="20210328 22:47:06.210" level="INFO">Clicking link '//*[@id="sidebar"]/div[2]/ul[2]/li[2]/a'.</msg>
<status status="PASS" starttime="20210328 22:47:06.209" endtime="20210328 22:47:06.267"/>
</kw>
<kw name="Sleep" library="BuiltIn">
<arg>1s</arg>
<doc>Pauses the test executed for the given time.</doc>
<msg timestamp="20210328 22:47:07.268" level="INFO">Slept 1 second</msg>
<status status="PASS" starttime="20210328 22:47:06.267" endtime="20210328 22:47:07.269"/>
</kw>
<status status="PASS" starttime="20210328 22:47:06.209" endtime="20210328 22:47:07.269"/>
</kw>
<kw name="Then Select Department">
<kw name="Click Link" library="Selenium2Library">
<arg>//*[@id="usermenu"]/li[3]/a</arg>
<doc>Clicks a link identified by ``locator``.</doc>
<msg timestamp="20210328 22:47:07.271" level="INFO">Clicking link '//*[@id="usermenu"]/li[3]/a'.</msg>
<status status="PASS" starttime="20210328 22:47:07.271" endtime="20210328 22:47:07.430"/>
</kw>
<status status="PASS" starttime="20210328 22:47:07.270" endtime="20210328 22:47:07.430"/>
</kw>
<kw name="Department Management Page Should Be Open">
<kw name="Location Should Be" library="Selenium2Library">
<arg>http://127.0.0.1:8000/usermanage/department-management</arg>
<doc>Verifies that the current URL is exactly ``url``.</doc>
<msg timestamp="20210328 22:47:07.436" level="INFO">Current location is 'http://127.0.0.1:8000/usermanage/department-management'.</msg>
<status status="PASS" starttime="20210328 22:47:07.431" endtime="20210328 22:47:07.436"/>
</kw>
<status status="PASS" starttime="20210328 22:47:07.430" endtime="20210328 22:47:07.437"/>
</kw>
<kw name="Select Department Will Be Edited">
<kw name="Click Element" library="Selenium2Library">
<arg>xpath://*[@id="myTable"]/tbody/tr[1]/td[4]/a[1]</arg>
<doc>Click the element identified by ``locator``.</doc>
<msg timestamp="20210328 22:47:07.438" level="INFO">Clicking element 'xpath://*[@id="myTable"]/tbody/tr[1]/td[4]/a[1]'.</msg>
<status status="PASS" starttime="20210328 22:47:07.437" endtime="20210328 22:47:07.538"/>
</kw>
<status status="PASS" starttime="20210328 22:47:07.437" endtime="20210328 22:47:07.538"/>
</kw>
<kw name="Edit Data">
<kw name="Wait Until Page Contains" library="Selenium2Library">
<arg>Setting</arg>
<doc>Waits until ``text`` appears on the current page.</doc>
<status status="PASS" starttime="20210328 22:47:07.539" endtime="20210328 22:47:07.549"/>
</kw>
<kw name="Sleep" library="BuiltIn">
<arg>1s</arg>
<doc>Pauses the test executed for the given time.</doc>
<msg timestamp="20210328 22:47:08.550" level="INFO">Slept 1 second</msg>
<status status="PASS" starttime="20210328 22:47:07.549" endtime="20210328 22:47:08.550"/>
</kw>
<kw name="Input Text" library="Selenium2Library">
<arg>xpath://*[@id="set_dep_name"]</arg>
<arg>${NEWDEP}</arg>
<doc>Types the given ``text`` into the text field identified by ``locator``.</doc>
<msg timestamp="20210328 22:47:08.550" level="INFO">Typing text 'ZZZZ' into text field 'xpath://*[@id="set_dep_name"]'.</msg>
<status status="PASS" starttime="20210328 22:47:08.550" endtime="20210328 22:47:08.706"/>
</kw>
<kw name="Click Element" library="Selenium2Library">
<arg>//*[@id="setting10"]/div/div/div[2]/div[3]/button[2]</arg>
<doc>Click the element identified by ``locator``.</doc>
<msg timestamp="20210328 22:47:08.707" level="INFO">Clicking element '//*[@id="setting10"]/div/div/div[2]/div[3]/button[2]'.</msg>
<status status="PASS" starttime="20210328 22:47:08.707" endtime="20210328 22:47:08.831"/>
</kw>
<status status="PASS" starttime="20210328 22:47:07.539" endtime="20210328 22:47:08.832"/>
</kw>
<kw name="Department Has Changed">
<kw name="Page Should Contain" library="Selenium2Library">
<arg>${NEWDEP}</arg>
<doc>Verifies that current page contains ``text``.</doc>
<msg timestamp="20210328 22:47:08.847" level="INFO">Current page contains text 'ZZZZ'.</msg>
<status status="PASS" starttime="20210328 22:47:08.832" endtime="20210328 22:47:08.847"/>
</kw>
<status status="PASS" starttime="20210328 22:47:08.832" endtime="20210328 22:47:08.847"/>
</kw>
<status status="PASS" starttime="20210328 22:47:03.026" endtime="20210328 22:47:08.847"/>
</test>
<kw name="Close Browser" library="Selenium2Library" type="TEARDOWN">
<doc>Closes the current browser.</doc>
<status status="PASS" starttime="20210328 22:47:08.849" endtime="20210328 22:47:08.944"/>
</kw>
<doc>A test suite for editing department.</doc>
<status status="PASS" starttime="20210328 22:47:02.869" endtime="20210328 22:47:08.944"/>
</suite>
<statistics>
<total>
<stat pass="1" fail="0" skip="0">All Tests</stat>
</total>
<tag>
</tag>
<suite>
<stat pass="1" fail="0" skip="0" id="s1" name="Edit Department">Edit Department</stat>
</suite>
</statistics>
<errors>
</errors>
</robot>
