<?xml version="1.0" encoding="UTF-8"?>
<robot generator="Robot 4.0 (Python 3.9.2 on darwin)" generated="20210324 17:21:30.970" rpa="false" schemaversion="2">
<suite id="s1" name="Delete Spare Mch" source="/Users/MS/Project/MachineDB/Tests/delete_spare_mch.robot">
<test id="s1-t1" name="Admin Removes Spare Part &amp; Machine">
<kw name="Open Browser To Signin Page" library="resource">
<kw name="Open Browser" library="Selenium2Library">
<arg>${SIGNIN URL}</arg>
<arg>${BROWSER}</arg>
<doc>Opens a new browser instance to the optional ``url``.</doc>
<msg timestamp="20210324 17:21:31.126" level="INFO">Opening browser 'Chrome' to base url 'http://127.0.0.1:8000/'.</msg>
<status status="PASS" starttime="20210324 17:21:31.126" endtime="20210324 17:21:33.438"/>
</kw>
<kw name="Maximize Browser Window" library="Selenium2Library">
<doc>Maximizes current browser window.</doc>
<status status="PASS" starttime="20210324 17:21:33.439" endtime="20210324 17:21:33.571"/>
</kw>
<kw name="Set Selenium Speed" library="Selenium2Library">
<arg>${DELAY}</arg>
<doc>Sets the delay that is waited after each Selenium command.</doc>
<status status="PASS" starttime="20210324 17:21:33.571" endtime="20210324 17:21:33.572"/>
</kw>
<status status="PASS" starttime="20210324 17:21:31.126" endtime="20210324 17:21:33.572"/>
</kw>
<kw name="Input Username" library="resource">
<arg>system</arg>
<kw name="Input Text" library="Selenium2Library">
<arg>inputUser</arg>
<arg>${username}</arg>
<doc>Types the given ``text`` into the text field identified by ``locator``.</doc>
<msg timestamp="20210324 17:21:33.573" level="INFO">Typing text 'system' into text field 'inputUser'.</msg>
<status status="PASS" starttime="20210324 17:21:33.573" endtime="20210324 17:21:33.700"/>
</kw>
<status status="PASS" starttime="20210324 17:21:33.572" endtime="20210324 17:21:33.700"/>
</kw>
<kw name="Input Password" library="resource">
<arg>admin</arg>
<kw name="Input Text" library="Selenium2Library">
<arg>inputPassword</arg>
<arg>${password}</arg>
<doc>Types the given ``text`` into the text field identified by ``locator``.</doc>
<msg timestamp="20210324 17:21:33.701" level="INFO">Typing text 'admin' into text field 'inputPassword'.</msg>
<status status="PASS" starttime="20210324 17:21:33.701" endtime="20210324 17:21:33.761"/>
</kw>
<status status="PASS" starttime="20210324 17:21:33.700" endtime="20210324 17:21:33.762"/>
</kw>
<kw name="Submit Credentials" library="resource">
<kw name="Click Button" library="Selenium2Library">
<arg>signin</arg>
<doc>Clicks the button identified by ``locator``.</doc>
<msg timestamp="20210324 17:21:33.762" level="INFO">Clicking button 'signin'.</msg>
<status status="PASS" starttime="20210324 17:21:33.762" endtime="20210324 17:21:33.873"/>
</kw>
<status status="PASS" starttime="20210324 17:21:33.762" endtime="20210324 17:21:33.873"/>
</kw>
<kw name="Then Select-Department Should Be Open" library="resource">
<kw name="Location Should Be" library="Selenium2Library">
<arg>${SELECTDEPARTMENT URL}</arg>
<doc>Verifies that the current URL is exactly ``url``.</doc>
<msg timestamp="20210324 17:21:33.881" level="INFO">Current location is 'http://127.0.0.1:8000/sign-in/department/'.</msg>
<status status="PASS" starttime="20210324 17:21:33.874" endtime="20210324 17:21:33.881"/>
</kw>
<status status="PASS" starttime="20210324 17:21:33.873" endtime="20210324 17:21:33.881"/>
</kw>
<kw name="Select Admin Department" library="resource">
<kw name="Select From List By Value" library="Selenium2Library">
<arg>id:select_department</arg>
<arg>8</arg>
<doc>Selects options from selection list ``locator`` by ``values``.</doc>
<msg timestamp="20210324 17:21:33.882" level="INFO">Selecting options from selection list 'id:select_department' by value 8.</msg>
<status status="PASS" starttime="20210324 17:21:33.882" endtime="20210324 17:21:33.912"/>
</kw>
<status status="PASS" starttime="20210324 17:21:33.881" endtime="20210324 17:21:33.913"/>
</kw>
<kw name="Click Button" library="Selenium2Library">
<arg>Sign in</arg>
<doc>Clicks the button identified by ``locator``.</doc>
<msg timestamp="20210324 17:21:33.913" level="INFO">Clicking button 'Sign in'.</msg>
<status status="PASS" starttime="20210324 17:21:33.913" endtime="20210324 17:21:34.253"/>
</kw>
<kw name="Home Page Should Be Open" library="resource">
<kw name="Location Should Be" library="Selenium2Library">
<arg>${HOME URL}</arg>
<doc>Verifies that the current URL is exactly ``url``.</doc>
<msg timestamp="20210324 17:21:34.256" level="INFO">Current location is 'http://127.0.0.1:8000/home/'.</msg>
<status status="PASS" starttime="20210324 17:21:34.254" endtime="20210324 17:21:34.256"/>
</kw>
<status status="PASS" starttime="20210324 17:21:34.253" endtime="20210324 17:21:34.257"/>
</kw>
<kw name="Select Spare Part Data Menu">
<kw name="Click Link" library="Selenium2Library">
<arg>//*[@id="sidebar"]/div[2]/ul[1]/li[2]/a</arg>
<doc>Clicks a link identified by ``locator``.</doc>
<msg timestamp="20210324 17:21:34.257" level="INFO">Clicking link '//*[@id="sidebar"]/div[2]/ul[1]/li[2]/a'.</msg>
<status status="PASS" starttime="20210324 17:21:34.257" endtime="20210324 17:21:34.313"/>
</kw>
<kw name="Sleep" library="BuiltIn">
<arg>1s</arg>
<doc>Pauses the test executed for the given time.</doc>
<msg timestamp="20210324 17:21:35.315" level="INFO">Slept 1 second</msg>
<status status="PASS" starttime="20210324 17:21:34.313" endtime="20210324 17:21:35.315"/>
</kw>
<status status="PASS" starttime="20210324 17:21:34.257" endtime="20210324 17:21:35.316"/>
</kw>
<kw name="Then Select Spare Part &amp; Machine">
<kw name="Click Link" library="Selenium2Library">
<arg>//*[@id="spare_part_menumenu"]/li[5]/a</arg>
<doc>Clicks a link identified by ``locator``.</doc>
<msg timestamp="20210324 17:21:35.318" level="INFO">Clicking link '//*[@id="spare_part_menumenu"]/li[5]/a'.</msg>
<status status="PASS" starttime="20210324 17:21:35.317" endtime="20210324 17:21:35.547"/>
</kw>
<status status="PASS" starttime="20210324 17:21:35.316" endtime="20210324 17:21:35.547"/>
</kw>
<kw name="Spare Part &amp; Machine Management Page Should Be Open">
<kw name="Location Should Be" library="Selenium2Library">
<arg>http://127.0.0.1:8000/sparepartmanage/spare-pare-machine/</arg>
<doc>Verifies that the current URL is exactly ``url``.</doc>
<msg timestamp="20210324 17:21:35.552" level="INFO">Current location is 'http://127.0.0.1:8000/sparepartmanage/spare-pare-machine/'.</msg>
<status status="PASS" starttime="20210324 17:21:35.548" endtime="20210324 17:21:35.552"/>
</kw>
<status status="PASS" starttime="20210324 17:21:35.547" endtime="20210324 17:21:35.552"/>
</kw>
<kw name="Select Spare Part Want To Remove Machine">
<kw name="Click Element" library="Selenium2Library">
<arg>xpath://*[@id="myTable"]/tbody/tr[17]/td[7]/center/a[2]</arg>
<doc>Click the element identified by ``locator``.</doc>
<msg timestamp="20210324 17:21:35.553" level="INFO">Clicking element 'xpath://*[@id="myTable"]/tbody/tr[17]/td[7]/center/a[2]'.</msg>
<status status="PASS" starttime="20210324 17:21:35.553" endtime="20210324 17:21:35.627"/>
</kw>
<status status="PASS" starttime="20210324 17:21:35.552" endtime="20210324 17:21:35.628"/>
</kw>
<kw name="Confirm Deletion">
<kw name="Wait Until Page Contains" library="Selenium2Library">
<arg>Confirmation</arg>
<doc>Waits until ``text`` appears on the current page.</doc>
<status status="PASS" starttime="20210324 17:21:35.628" endtime="20210324 17:21:35.638"/>
</kw>
<kw name="Sleep" library="BuiltIn">
<arg>1s</arg>
<doc>Pauses the test executed for the given time.</doc>
<msg timestamp="20210324 17:21:36.639" level="INFO">Slept 1 second</msg>
<status status="PASS" starttime="20210324 17:21:35.639" endtime="20210324 17:21:36.640"/>
</kw>
<kw name="Click Element" library="Selenium2Library">
<arg>xpath://*[@id="delete5"]/div/div/div[3]/button[1]</arg>
<doc>Click the element identified by ``locator``.</doc>
<msg timestamp="20210324 17:21:36.640" level="INFO">Clicking element 'xpath://*[@id="delete5"]/div/div/div[3]/button[1]'.</msg>
<status status="PASS" starttime="20210324 17:21:36.640" endtime="20210324 17:21:36.861"/>
</kw>
<kw name="Get Text" library="Selenium2Library">
<arg>class:alert-success</arg>
<doc>Returns the text value of the element identified by ``locator``.</doc>
<status status="PASS" starttime="20210324 17:21:36.861" endtime="20210324 17:21:36.890"/>
</kw>
<status status="PASS" starttime="20210324 17:21:35.628" endtime="20210324 17:21:36.890"/>
</kw>
<status status="PASS" starttime="20210324 17:21:31.125" endtime="20210324 17:21:36.890"/>
</test>
<kw name="Close Browser" library="Selenium2Library" type="TEARDOWN">
<doc>Closes the current browser.</doc>
<status status="PASS" starttime="20210324 17:21:36.891" endtime="20210324 17:21:36.973"/>
</kw>
<doc>A test suite for removing spare part &amp; machine.</doc>
<status status="PASS" starttime="20210324 17:21:30.971" endtime="20210324 17:21:36.973"/>
</suite>
<statistics>
<total>
<stat pass="1" fail="0" skip="0">All Tests</stat>
</total>
<tag>
</tag>
<suite>
<stat pass="1" fail="0" skip="0" id="s1" name="Delete Spare Mch">Delete Spare Mch</stat>
</suite>
</statistics>
<errors>
</errors>
</robot>
