<?xml version="1.0" encoding="UTF-8"?>
<robot generator="Robot 4.0 (Python 3.9.2 on darwin)" generated="20210324 21:14:47.240" rpa="false" schemaversion="2">
<suite id="s1" name="Add New Spare" source="/Users/MS/Project/MachineDB/Tests/add_new_spare.robot">
<test id="s1-t1" name="Admin Adds New Spare Part">
<kw name="Open Browser To Signin Page" library="resource">
<kw name="Open Browser" library="Selenium2Library">
<arg>${SIGNIN URL}</arg>
<arg>${BROWSER}</arg>
<doc>Opens a new browser instance to the optional ``url``.</doc>
<msg timestamp="20210324 21:14:47.506" level="INFO">Opening browser 'Chrome' to base url 'http://127.0.0.1:8000/'.</msg>
<status status="PASS" starttime="20210324 21:14:47.506" endtime="20210324 21:14:50.450"/>
</kw>
<kw name="Maximize Browser Window" library="Selenium2Library">
<doc>Maximizes current browser window.</doc>
<status status="PASS" starttime="20210324 21:14:50.451" endtime="20210324 21:14:50.581"/>
</kw>
<kw name="Set Selenium Speed" library="Selenium2Library">
<arg>${DELAY}</arg>
<doc>Sets the delay that is waited after each Selenium command.</doc>
<status status="PASS" starttime="20210324 21:14:50.581" endtime="20210324 21:14:50.582"/>
</kw>
<status status="PASS" starttime="20210324 21:14:47.505" endtime="20210324 21:14:50.582"/>
</kw>
<kw name="Input Username" library="resource">
<arg>system</arg>
<kw name="Input Text" library="Selenium2Library">
<arg>inputUser</arg>
<arg>${username}</arg>
<doc>Types the given ``text`` into the text field identified by ``locator``.</doc>
<msg timestamp="20210324 21:14:50.583" level="INFO">Typing text 'system' into text field 'inputUser'.</msg>
<status status="PASS" starttime="20210324 21:14:50.583" endtime="20210324 21:14:50.790"/>
</kw>
<status status="PASS" starttime="20210324 21:14:50.582" endtime="20210324 21:14:50.790"/>
</kw>
<kw name="Input Password" library="resource">
<arg>admin</arg>
<kw name="Input Text" library="Selenium2Library">
<arg>inputPassword</arg>
<arg>${password}</arg>
<doc>Types the given ``text`` into the text field identified by ``locator``.</doc>
<msg timestamp="20210324 21:14:50.791" level="INFO">Typing text 'admin' into text field 'inputPassword'.</msg>
<status status="PASS" starttime="20210324 21:14:50.791" endtime="20210324 21:14:50.856"/>
</kw>
<status status="PASS" starttime="20210324 21:14:50.791" endtime="20210324 21:14:50.856"/>
</kw>
<kw name="Submit Credentials" library="resource">
<kw name="Click Button" library="Selenium2Library">
<arg>signin</arg>
<doc>Clicks the button identified by ``locator``.</doc>
<msg timestamp="20210324 21:14:50.857" level="INFO">Clicking button 'signin'.</msg>
<status status="PASS" starttime="20210324 21:14:50.857" endtime="20210324 21:14:50.984"/>
</kw>
<status status="PASS" starttime="20210324 21:14:50.856" endtime="20210324 21:14:50.984"/>
</kw>
<kw name="Then Select-Department Should Be Open" library="resource">
<kw name="Location Should Be" library="Selenium2Library">
<arg>${SELECTDEPARTMENT URL}</arg>
<doc>Verifies that the current URL is exactly ``url``.</doc>
<msg timestamp="20210324 21:14:50.989" level="INFO">Current location is 'http://127.0.0.1:8000/sign-in/department/'.</msg>
<status status="PASS" starttime="20210324 21:14:50.986" endtime="20210324 21:14:50.989"/>
</kw>
<status status="PASS" starttime="20210324 21:14:50.985" endtime="20210324 21:14:50.990"/>
</kw>
<kw name="Select Admin Department" library="resource">
<kw name="Select From List By Value" library="Selenium2Library">
<arg>id:select_department</arg>
<arg>8</arg>
<doc>Selects options from selection list ``locator`` by ``values``.</doc>
<msg timestamp="20210324 21:14:50.990" level="INFO">Selecting options from selection list 'id:select_department' by value 8.</msg>
<status status="PASS" starttime="20210324 21:14:50.990" endtime="20210324 21:14:51.026"/>
</kw>
<status status="PASS" starttime="20210324 21:14:50.990" endtime="20210324 21:14:51.027"/>
</kw>
<kw name="Click Button" library="Selenium2Library">
<arg>Sign in</arg>
<doc>Clicks the button identified by ``locator``.</doc>
<msg timestamp="20210324 21:14:51.027" level="INFO">Clicking button 'Sign in'.</msg>
<status status="PASS" starttime="20210324 21:14:51.027" endtime="20210324 21:14:51.488"/>
</kw>
<kw name="Home Page Should Be Open" library="resource">
<kw name="Location Should Be" library="Selenium2Library">
<arg>${HOME URL}</arg>
<doc>Verifies that the current URL is exactly ``url``.</doc>
<msg timestamp="20210324 21:14:51.493" level="INFO">Current location is 'http://127.0.0.1:8000/home/'.</msg>
<status status="PASS" starttime="20210324 21:14:51.489" endtime="20210324 21:14:51.493"/>
</kw>
<status status="PASS" starttime="20210324 21:14:51.489" endtime="20210324 21:14:51.494"/>
</kw>
<kw name="Select Spare Part Data Menu">
<kw name="Click Link" library="Selenium2Library">
<arg>//*[@id="sidebar"]/div[2]/ul[1]/li[2]/a</arg>
<doc>Clicks a link identified by ``locator``.</doc>
<msg timestamp="20210324 21:14:51.495" level="INFO">Clicking link '//*[@id="sidebar"]/div[2]/ul[1]/li[2]/a'.</msg>
<status status="PASS" starttime="20210324 21:14:51.494" endtime="20210324 21:14:51.564"/>
</kw>
<status status="PASS" starttime="20210324 21:14:51.494" endtime="20210324 21:14:51.564"/>
</kw>
<kw name="Then Select Spare Part">
<kw name="Click Link" library="Selenium2Library">
<arg>//*[@id="spare_part_menumenu"]/li[1]/a</arg>
<doc>Clicks a link identified by ``locator``.</doc>
<msg timestamp="20210324 21:14:51.565" level="INFO">Clicking link '//*[@id="spare_part_menumenu"]/li[1]/a'.</msg>
<status status="PASS" starttime="20210324 21:14:51.565" endtime="20210324 21:14:51.785"/>
</kw>
<status status="PASS" starttime="20210324 21:14:51.565" endtime="20210324 21:14:51.785"/>
</kw>
<kw name="Spare Part Management Page Should Be Open">
<kw name="Location Should Be" library="Selenium2Library">
<arg>http://127.0.0.1:8000/sparepartmanage/spare-part/</arg>
<doc>Verifies that the current URL is exactly ``url``.</doc>
<msg timestamp="20210324 21:14:51.790" level="INFO">Current location is 'http://127.0.0.1:8000/sparepartmanage/spare-part/'.</msg>
<status status="PASS" starttime="20210324 21:14:51.786" endtime="20210324 21:14:51.790"/>
</kw>
<status status="PASS" starttime="20210324 21:14:51.786" endtime="20210324 21:14:51.790"/>
</kw>
<kw name="Click Add Spare Part Button">
<kw name="Click Element" library="Selenium2Library">
<arg>xpath:/html/body/div[2]/div/div/div[1]/div/div[2]/a</arg>
<doc>Click the element identified by ``locator``.</doc>
<msg timestamp="20210324 21:14:51.791" level="INFO">Clicking element 'xpath:/html/body/div[2]/div/div/div[1]/div/div[2]/a'.</msg>
<status status="PASS" starttime="20210324 21:14:51.791" endtime="20210324 21:14:51.833"/>
</kw>
<status status="PASS" starttime="20210324 21:14:51.791" endtime="20210324 21:14:51.833"/>
</kw>
<kw name="Fill Data">
<kw name="Wait Until Page Contains" library="Selenium2Library">
<arg>Add New Spare Part</arg>
<doc>Waits until ``text`` appears on the current page.</doc>
<status status="PASS" starttime="20210324 21:14:51.834" endtime="20210324 21:14:51.869"/>
</kw>
<kw name="Sleep" library="BuiltIn">
<arg>1s</arg>
<doc>Pauses the test executed for the given time.</doc>
<msg timestamp="20210324 21:14:52.871" level="INFO">Slept 1 second</msg>
<status status="PASS" starttime="20210324 21:14:51.869" endtime="20210324 21:14:52.871"/>
</kw>
<kw name="Select From List By Value" library="Selenium2Library">
<arg>id:id_sp_group</arg>
<arg>14</arg>
<doc>Selects options from selection list ``locator`` by ``values``.</doc>
<msg timestamp="20210324 21:14:52.872" level="INFO">Selecting options from selection list 'id:id_sp_group' by value 14.</msg>
<status status="PASS" starttime="20210324 21:14:52.871" endtime="20210324 21:14:52.948"/>
</kw>
<kw name="Select From List By Value" library="Selenium2Library">
<arg>id:id_sp_type</arg>
<arg>18</arg>
<doc>Selects options from selection list ``locator`` by ``values``.</doc>
<msg timestamp="20210324 21:14:52.948" level="INFO">Selecting options from selection list 'id:id_sp_type' by value 18.</msg>
<status status="PASS" starttime="20210324 21:14:52.948" endtime="20210324 21:14:53.010"/>
</kw>
<kw name="Select From List By Value" library="Selenium2Library">
<arg>id:id_sp_subtype</arg>
<arg>14</arg>
<doc>Selects options from selection list ``locator`` by ``values``.</doc>
<msg timestamp="20210324 21:14:53.011" level="INFO">Selecting options from selection list 'id:id_sp_subtype' by value 14.</msg>
<status status="PASS" starttime="20210324 21:14:53.011" endtime="20210324 21:14:53.065"/>
</kw>
<kw name="Input Text" library="Selenium2Library">
<arg>xpath://*[@id="add_sp_name"]</arg>
<arg>${TEST DATA}</arg>
<doc>Types the given ``text`` into the text field identified by ``locator``.</doc>
<msg timestamp="20210324 21:14:53.066" level="INFO">Typing text 'test' into text field 'xpath://*[@id="add_sp_name"]'.</msg>
<status status="PASS" starttime="20210324 21:14:53.066" endtime="20210324 21:14:53.176"/>
</kw>
<kw name="Input Text" library="Selenium2Library">
<arg>xpath://*[@id="add_sp_brand"]</arg>
<arg>${TEST DATA}</arg>
<doc>Types the given ``text`` into the text field identified by ``locator``.</doc>
<msg timestamp="20210324 21:14:53.177" level="INFO">Typing text 'test' into text field 'xpath://*[@id="add_sp_brand"]'.</msg>
<status status="PASS" starttime="20210324 21:14:53.176" endtime="20210324 21:14:53.249"/>
</kw>
<kw name="Input Text" library="Selenium2Library">
<arg>xpath://*[@id="add_sp_model"]</arg>
<arg>${TEST DATA}</arg>
<doc>Types the given ``text`` into the text field identified by ``locator``.</doc>
<msg timestamp="20210324 21:14:53.249" level="INFO">Typing text 'test' into text field 'xpath://*[@id="add_sp_model"]'.</msg>
<status status="PASS" starttime="20210324 21:14:53.249" endtime="20210324 21:14:53.314"/>
</kw>
<status status="PASS" starttime="20210324 21:14:51.833" endtime="20210324 21:14:53.314"/>
</kw>
<kw name="Click Button" library="Selenium2Library">
<arg>id:add_spare_part</arg>
<doc>Clicks the button identified by ``locator``.</doc>
<msg timestamp="20210324 21:14:53.314" level="INFO">Clicking button 'id:add_spare_part'.</msg>
<status status="PASS" starttime="20210324 21:14:53.314" endtime="20210324 21:14:53.531"/>
</kw>
<kw name="Get Text" library="Selenium2Library">
<arg>class:alert-success</arg>
<doc>Returns the text value of the element identified by ``locator``.</doc>
<status status="PASS" starttime="20210324 21:14:53.531" endtime="20210324 21:14:53.550"/>
</kw>
<status status="PASS" starttime="20210324 21:14:47.504" endtime="20210324 21:14:53.551"/>
</test>
<kw name="Close Browser" library="Selenium2Library" type="TEARDOWN">
<doc>Closes the current browser.</doc>
<status status="PASS" starttime="20210324 21:14:53.553" endtime="20210324 21:14:53.636"/>
</kw>
<doc>A test suite for adding new spare part.</doc>
<status status="PASS" starttime="20210324 21:14:47.242" endtime="20210324 21:14:53.636"/>
</suite>
<statistics>
<total>
<stat pass="1" fail="0" skip="0">All Tests</stat>
</total>
<tag>
</tag>
<suite>
<stat pass="1" fail="0" skip="0" id="s1" name="Add New Spare">Add New Spare</stat>
</suite>
</statistics>
<errors>
</errors>
</robot>
