<?xml version="1.0" encoding="UTF-8"?>
<robot generator="Robot 4.0 (Python 3.9.2 on darwin)" generated="20210329 01:36:50.666" rpa="false" schemaversion="2">
<suite id="s1" name="Edit Screen" source="/Users/MS/Project/MachineDB/Tests/edit_screen.robot">
<test id="s1-t1" name="Admin Edits Screen">
<kw name="Open Browser To Signin Page" library="resource">
<kw name="Open Browser" library="Selenium2Library">
<arg>${SIGNIN URL}</arg>
<arg>${BROWSER}</arg>
<doc>Opens a new browser instance to the optional ``url``.</doc>
<msg timestamp="20210329 01:36:50.903" level="INFO">Opening browser 'Chrome' to base url 'http://127.0.0.1:8000/'.</msg>
<status status="PASS" starttime="20210329 01:36:50.903" endtime="20210329 01:36:53.574"/>
</kw>
<kw name="Maximize Browser Window" library="Selenium2Library">
<doc>Maximizes current browser window.</doc>
<status status="PASS" starttime="20210329 01:36:53.575" endtime="20210329 01:36:53.703"/>
</kw>
<kw name="Set Selenium Speed" library="Selenium2Library">
<arg>${DELAY}</arg>
<doc>Sets the delay that is waited after each Selenium command.</doc>
<status status="PASS" starttime="20210329 01:36:53.704" endtime="20210329 01:36:53.704"/>
</kw>
<status status="PASS" starttime="20210329 01:36:50.902" endtime="20210329 01:36:53.704"/>
</kw>
<kw name="Input Username" library="resource">
<arg>system</arg>
<kw name="Input Text" library="Selenium2Library">
<arg>inputUser</arg>
<arg>${username}</arg>
<doc>Types the given ``text`` into the text field identified by ``locator``.</doc>
<msg timestamp="20210329 01:36:53.705" level="INFO">Typing text 'system' into text field 'inputUser'.</msg>
<status status="PASS" starttime="20210329 01:36:53.705" endtime="20210329 01:36:53.846"/>
</kw>
<status status="PASS" starttime="20210329 01:36:53.704" endtime="20210329 01:36:53.846"/>
</kw>
<kw name="Input Password" library="resource">
<arg>admin</arg>
<kw name="Input Text" library="Selenium2Library">
<arg>inputPassword</arg>
<arg>${password}</arg>
<doc>Types the given ``text`` into the text field identified by ``locator``.</doc>
<msg timestamp="20210329 01:36:53.847" level="INFO">Typing text 'admin' into text field 'inputPassword'.</msg>
<status status="PASS" starttime="20210329 01:36:53.847" endtime="20210329 01:36:53.907"/>
</kw>
<status status="PASS" starttime="20210329 01:36:53.847" endtime="20210329 01:36:53.907"/>
</kw>
<kw name="Submit Credentials" library="resource">
<kw name="Click Button" library="Selenium2Library">
<arg>signin</arg>
<doc>Clicks the button identified by ``locator``.</doc>
<msg timestamp="20210329 01:36:53.908" level="INFO">Clicking button 'signin'.</msg>
<status status="PASS" starttime="20210329 01:36:53.908" endtime="20210329 01:36:54.043"/>
</kw>
<status status="PASS" starttime="20210329 01:36:53.907" endtime="20210329 01:36:54.043"/>
</kw>
<kw name="Then Select-Department Should Be Open" library="resource">
<kw name="Location Should Be" library="Selenium2Library">
<arg>${SELECTDEPARTMENT URL}</arg>
<doc>Verifies that the current URL is exactly ``url``.</doc>
<msg timestamp="20210329 01:36:54.048" level="INFO">Current location is 'http://127.0.0.1:8000/sign-in/department/'.</msg>
<status status="PASS" starttime="20210329 01:36:54.044" endtime="20210329 01:36:54.048"/>
</kw>
<status status="PASS" starttime="20210329 01:36:54.043" endtime="20210329 01:36:54.048"/>
</kw>
<kw name="Select Admin Department" library="resource">
<kw name="Select From List By Value" library="Selenium2Library">
<arg>id:select_department</arg>
<arg>8</arg>
<doc>Selects options from selection list ``locator`` by ``values``.</doc>
<msg timestamp="20210329 01:36:54.049" level="INFO">Selecting options from selection list 'id:select_department' by value 8.</msg>
<status status="PASS" starttime="20210329 01:36:54.049" endtime="20210329 01:36:54.080"/>
</kw>
<status status="PASS" starttime="20210329 01:36:54.049" endtime="20210329 01:36:54.080"/>
</kw>
<kw name="Click Button" library="Selenium2Library">
<arg>Sign in</arg>
<doc>Clicks the button identified by ``locator``.</doc>
<msg timestamp="20210329 01:36:54.080" level="INFO">Clicking button 'Sign in'.</msg>
<status status="PASS" starttime="20210329 01:36:54.080" endtime="20210329 01:36:54.403"/>
</kw>
<kw name="Home Page Should Be Open" library="resource">
<kw name="Location Should Be" library="Selenium2Library">
<arg>${HOME URL}</arg>
<doc>Verifies that the current URL is exactly ``url``.</doc>
<msg timestamp="20210329 01:36:54.407" level="INFO">Current location is 'http://127.0.0.1:8000/home/'.</msg>
<status status="PASS" starttime="20210329 01:36:54.404" endtime="20210329 01:36:54.407"/>
</kw>
<status status="PASS" starttime="20210329 01:36:54.403" endtime="20210329 01:36:54.407"/>
</kw>
<kw name="Select User Management Menu">
<kw name="Click Link" library="Selenium2Library">
<arg>//*[@id="sidebar"]/div[2]/ul[2]/li[2]/a</arg>
<doc>Clicks a link identified by ``locator``.</doc>
<msg timestamp="20210329 01:36:54.408" level="INFO">Clicking link '//*[@id="sidebar"]/div[2]/ul[2]/li[2]/a'.</msg>
<status status="PASS" starttime="20210329 01:36:54.408" endtime="20210329 01:36:54.453"/>
</kw>
<kw name="Sleep" library="BuiltIn">
<arg>1s</arg>
<doc>Pauses the test executed for the given time.</doc>
<msg timestamp="20210329 01:36:55.456" level="INFO">Slept 1 second</msg>
<status status="PASS" starttime="20210329 01:36:54.454" endtime="20210329 01:36:55.457"/>
</kw>
<status status="PASS" starttime="20210329 01:36:54.408" endtime="20210329 01:36:55.457"/>
</kw>
<kw name="Then Select Screen">
<kw name="Click Link" library="Selenium2Library">
<arg>//*[@id="usermenu"]/li[5]/a</arg>
<doc>Clicks a link identified by ``locator``.</doc>
<msg timestamp="20210329 01:36:55.459" level="INFO">Clicking link '//*[@id="usermenu"]/li[5]/a'.</msg>
<status status="PASS" starttime="20210329 01:36:55.459" endtime="20210329 01:36:55.709"/>
</kw>
<status status="PASS" starttime="20210329 01:36:55.458" endtime="20210329 01:36:55.709"/>
</kw>
<kw name="Screen Management Page Should Be Open">
<kw name="Location Should Be" library="Selenium2Library">
<arg>http://127.0.0.1:8000/usermanage/screen-management</arg>
<doc>Verifies that the current URL is exactly ``url``.</doc>
<msg timestamp="20210329 01:36:55.716" level="INFO">Current location is 'http://127.0.0.1:8000/usermanage/screen-management'.</msg>
<status status="PASS" starttime="20210329 01:36:55.710" endtime="20210329 01:36:55.716"/>
</kw>
<status status="PASS" starttime="20210329 01:36:55.710" endtime="20210329 01:36:55.716"/>
</kw>
<kw name="Select Screen Will Be Edited">
<kw name="Click Element" library="Selenium2Library">
<arg>xpath://*[@id="myTable"]/tbody/tr[1]/td[6]/a[1]</arg>
<doc>Click the element identified by ``locator``.</doc>
<msg timestamp="20210329 01:36:55.718" level="INFO">Clicking element 'xpath://*[@id="myTable"]/tbody/tr[1]/td[6]/a[1]'.</msg>
<status status="PASS" starttime="20210329 01:36:55.717" endtime="20210329 01:36:55.798"/>
</kw>
<status status="PASS" starttime="20210329 01:36:55.717" endtime="20210329 01:36:55.798"/>
</kw>
<kw name="Edit Data">
<kw name="Wait Until Page Contains" library="Selenium2Library">
<arg>Setting</arg>
<doc>Waits until ``text`` appears on the current page.</doc>
<status status="PASS" starttime="20210329 01:36:55.798" endtime="20210329 01:36:55.818"/>
</kw>
<kw name="Sleep" library="BuiltIn">
<arg>1s</arg>
<doc>Pauses the test executed for the given time.</doc>
<msg timestamp="20210329 01:36:56.820" level="INFO">Slept 1 second</msg>
<status status="PASS" starttime="20210329 01:36:55.818" endtime="20210329 01:36:56.820"/>
</kw>
<kw name="Input Text" library="Selenium2Library">
<arg>xpath://*[@id="set_screenname1"]</arg>
<arg>AAAAAA</arg>
<doc>Types the given ``text`` into the text field identified by ``locator``.</doc>
<msg timestamp="20210329 01:36:56.822" level="INFO">Typing text 'AAAAAA' into text field 'xpath://*[@id="set_screenname1"]'.</msg>
<status status="PASS" starttime="20210329 01:36:56.821" endtime="20210329 01:36:56.979"/>
</kw>
<status status="PASS" starttime="20210329 01:36:55.798" endtime="20210329 01:36:56.979"/>
</kw>
<kw name="Click Element" library="Selenium2Library">
<arg>//*[@id="settingAAAAA"]/div/div/div[2]/div[5]/button[2]</arg>
<doc>Click the element identified by ``locator``.</doc>
<msg timestamp="20210329 01:36:56.979" level="INFO">Clicking element '//*[@id="settingAAAAA"]/div/div/div[2]/div[5]/button[2]'.</msg>
<status status="PASS" starttime="20210329 01:36:56.979" endtime="20210329 01:36:57.227"/>
</kw>
<kw name="Get Text" library="Selenium2Library">
<arg>class:alert-success</arg>
<doc>Returns the text value of the element identified by ``locator``.</doc>
<status status="PASS" starttime="20210329 01:36:57.227" endtime="20210329 01:36:57.246"/>
</kw>
<status status="PASS" starttime="20210329 01:36:50.902" endtime="20210329 01:36:57.246"/>
</test>
<kw name="Close Browser" library="Selenium2Library" type="TEARDOWN">
<doc>Closes the current browser.</doc>
<status status="PASS" starttime="20210329 01:36:57.248" endtime="20210329 01:36:57.336"/>
</kw>
<doc>A test suite for editing screen.</doc>
<status status="PASS" starttime="20210329 01:36:50.667" endtime="20210329 01:36:57.336"/>
</suite>
<statistics>
<total>
<stat pass="1" fail="0" skip="0">All Tests</stat>
</total>
<tag>
</tag>
<suite>
<stat pass="1" fail="0" skip="0" id="s1" name="Edit Screen">Edit Screen</stat>
</suite>
</statistics>
<errors>
</errors>
</robot>
