<?xml version="1.0" encoding="UTF-8"?>
<robot generator="Robot 4.0 (Python 3.9.2 on darwin)" generated="20210325 15:18:55.410" rpa="false" schemaversion="2">
<suite id="s1" name="Edit Line" source="/Users/MS/Project/MachineDB/Tests/edit_line.robot">
<test id="s1-t1" name="Admin Edits Production Line">
<kw name="Open Browser To Signin Page" library="resource">
<kw name="Open Browser" library="Selenium2Library">
<arg>${SIGNIN URL}</arg>
<arg>${BROWSER}</arg>
<doc>Opens a new browser instance to the optional ``url``.</doc>
<msg timestamp="20210325 15:18:55.616" level="INFO">Opening browser 'Chrome' to base url 'http://127.0.0.1:8000/'.</msg>
<status status="PASS" starttime="20210325 15:18:55.615" endtime="20210325 15:18:58.217"/>
</kw>
<kw name="Maximize Browser Window" library="Selenium2Library">
<doc>Maximizes current browser window.</doc>
<status status="PASS" starttime="20210325 15:18:58.218" endtime="20210325 15:18:58.350"/>
</kw>
<kw name="Set Selenium Speed" library="Selenium2Library">
<arg>${DELAY}</arg>
<doc>Sets the delay that is waited after each Selenium command.</doc>
<status status="PASS" starttime="20210325 15:18:58.350" endtime="20210325 15:18:58.351"/>
</kw>
<status status="PASS" starttime="20210325 15:18:55.615" endtime="20210325 15:18:58.351"/>
</kw>
<kw name="Input Username" library="resource">
<arg>system</arg>
<kw name="Input Text" library="Selenium2Library">
<arg>inputUser</arg>
<arg>${username}</arg>
<doc>Types the given ``text`` into the text field identified by ``locator``.</doc>
<msg timestamp="20210325 15:18:58.353" level="INFO">Typing text 'system' into text field 'inputUser'.</msg>
<status status="PASS" starttime="20210325 15:18:58.352" endtime="20210325 15:18:58.520"/>
</kw>
<status status="PASS" starttime="20210325 15:18:58.352" endtime="20210325 15:18:58.520"/>
</kw>
<kw name="Input Password" library="resource">
<arg>admin</arg>
<kw name="Input Text" library="Selenium2Library">
<arg>inputPassword</arg>
<arg>${password}</arg>
<doc>Types the given ``text`` into the text field identified by ``locator``.</doc>
<msg timestamp="20210325 15:18:58.522" level="INFO">Typing text 'admin' into text field 'inputPassword'.</msg>
<status status="PASS" starttime="20210325 15:18:58.521" endtime="20210325 15:18:58.587"/>
</kw>
<status status="PASS" starttime="20210325 15:18:58.521" endtime="20210325 15:18:58.587"/>
</kw>
<kw name="Submit Credentials" library="resource">
<kw name="Click Button" library="Selenium2Library">
<arg>signin</arg>
<doc>Clicks the button identified by ``locator``.</doc>
<msg timestamp="20210325 15:18:58.588" level="INFO">Clicking button 'signin'.</msg>
<status status="PASS" starttime="20210325 15:18:58.588" endtime="20210325 15:18:58.705"/>
</kw>
<status status="PASS" starttime="20210325 15:18:58.587" endtime="20210325 15:18:58.705"/>
</kw>
<kw name="Then Select-Department Should Be Open" library="resource">
<kw name="Location Should Be" library="Selenium2Library">
<arg>${SELECTDEPARTMENT URL}</arg>
<doc>Verifies that the current URL is exactly ``url``.</doc>
<msg timestamp="20210325 15:18:58.711" level="INFO">Current location is 'http://127.0.0.1:8000/sign-in/department/'.</msg>
<status status="PASS" starttime="20210325 15:18:58.706" endtime="20210325 15:18:58.711"/>
</kw>
<status status="PASS" starttime="20210325 15:18:58.705" endtime="20210325 15:18:58.711"/>
</kw>
<kw name="Select Admin Department" library="resource">
<kw name="Select From List By Value" library="Selenium2Library">
<arg>id:select_department</arg>
<arg>8</arg>
<doc>Selects options from selection list ``locator`` by ``values``.</doc>
<msg timestamp="20210325 15:18:58.712" level="INFO">Selecting options from selection list 'id:select_department' by value 8.</msg>
<status status="PASS" starttime="20210325 15:18:58.712" endtime="20210325 15:18:58.741"/>
</kw>
<status status="PASS" starttime="20210325 15:18:58.711" endtime="20210325 15:18:58.742"/>
</kw>
<kw name="Click Button" library="Selenium2Library">
<arg>Sign in</arg>
<doc>Clicks the button identified by ``locator``.</doc>
<msg timestamp="20210325 15:18:58.742" level="INFO">Clicking button 'Sign in'.</msg>
<status status="PASS" starttime="20210325 15:18:58.742" endtime="20210325 15:18:59.091"/>
</kw>
<kw name="Home Page Should Be Open" library="resource">
<kw name="Location Should Be" library="Selenium2Library">
<arg>${HOME URL}</arg>
<doc>Verifies that the current URL is exactly ``url``.</doc>
<msg timestamp="20210325 15:18:59.095" level="INFO">Current location is 'http://127.0.0.1:8000/home/'.</msg>
<status status="PASS" starttime="20210325 15:18:59.092" endtime="20210325 15:18:59.095"/>
</kw>
<status status="PASS" starttime="20210325 15:18:59.091" endtime="20210325 15:18:59.096"/>
</kw>
<kw name="Select Organization Management Menu">
<kw name="Click Link" library="Selenium2Library">
<arg>//*[@id="sidebar"]/div[2]/ul[2]/li[3]/a</arg>
<doc>Clicks a link identified by ``locator``.</doc>
<msg timestamp="20210325 15:18:59.096" level="INFO">Clicking link '//*[@id="sidebar"]/div[2]/ul[2]/li[3]/a'.</msg>
<status status="PASS" starttime="20210325 15:18:59.096" endtime="20210325 15:18:59.156"/>
</kw>
<kw name="Sleep" library="BuiltIn">
<arg>1s</arg>
<doc>Pauses the test executed for the given time.</doc>
<msg timestamp="20210325 15:19:00.158" level="INFO">Slept 1 second</msg>
<status status="PASS" starttime="20210325 15:18:59.156" endtime="20210325 15:19:00.158"/>
</kw>
<status status="PASS" starttime="20210325 15:18:59.096" endtime="20210325 15:19:00.158"/>
</kw>
<kw name="Then Select Production Line">
<kw name="Click Link" library="Selenium2Library">
<arg>//*[@id="organizationmenu"]/li[2]/a</arg>
<doc>Clicks a link identified by ``locator``.</doc>
<msg timestamp="20210325 15:19:00.160" level="INFO">Clicking link '//*[@id="organizationmenu"]/li[2]/a'.</msg>
<status status="PASS" starttime="20210325 15:19:00.160" endtime="20210325 15:19:00.396"/>
</kw>
<status status="PASS" starttime="20210325 15:19:00.159" endtime="20210325 15:19:00.396"/>
</kw>
<kw name="Production Line Management Page Should Be Open">
<kw name="Location Should Be" library="Selenium2Library">
<arg>http://127.0.0.1:8000/organizemanage/production-line-management</arg>
<doc>Verifies that the current URL is exactly ``url``.</doc>
<msg timestamp="20210325 15:19:00.400" level="INFO">Current location is 'http://127.0.0.1:8000/organizemanage/production-line-management'.</msg>
<status status="PASS" starttime="20210325 15:19:00.397" endtime="20210325 15:19:00.400"/>
</kw>
<status status="PASS" starttime="20210325 15:19:00.397" endtime="20210325 15:19:00.400"/>
</kw>
<kw name="Select Production Line Will Be Edited">
<kw name="Click Element" library="Selenium2Library">
<arg>xpath://*[@id="myTable"]/tbody/tr[4]/td[6]/a[1]</arg>
<doc>Click the element identified by ``locator``.</doc>
<msg timestamp="20210325 15:19:00.402" level="INFO">Clicking element 'xpath://*[@id="myTable"]/tbody/tr[4]/td[6]/a[1]'.</msg>
<status status="PASS" starttime="20210325 15:19:00.401" endtime="20210325 15:19:00.481"/>
</kw>
<status status="PASS" starttime="20210325 15:19:00.401" endtime="20210325 15:19:00.482"/>
</kw>
<kw name="Edit Data">
<kw name="Wait Until Page Contains" library="Selenium2Library">
<arg>Setting</arg>
<doc>Waits until ``text`` appears on the current page.</doc>
<status status="PASS" starttime="20210325 15:19:00.482" endtime="20210325 15:19:00.492"/>
</kw>
<kw name="Sleep" library="BuiltIn">
<arg>1s</arg>
<doc>Pauses the test executed for the given time.</doc>
<msg timestamp="20210325 15:19:01.494" level="INFO">Slept 1 second</msg>
<status status="PASS" starttime="20210325 15:19:00.492" endtime="20210325 15:19:01.495"/>
</kw>
<kw name="Input Text" library="Selenium2Library">
<arg>xpath://*[@id="set_production_line4"]</arg>
<arg>${NEWLINE}</arg>
<doc>Types the given ``text`` into the text field identified by ``locator``.</doc>
<msg timestamp="20210325 15:19:01.496" level="INFO">Typing text '999' into text field 'xpath://*[@id="set_production_line4"]'.</msg>
<status status="PASS" starttime="20210325 15:19:01.495" endtime="20210325 15:19:01.668"/>
</kw>
<kw name="Click Element" library="Selenium2Library">
<arg>//*[@id="setting5"]/div/div/div[2]/div[6]/button[2]</arg>
<doc>Click the element identified by ``locator``.</doc>
<msg timestamp="20210325 15:19:01.668" level="INFO">Clicking element '//*[@id="setting5"]/div/div/div[2]/div[6]/button[2]'.</msg>
<status status="PASS" starttime="20210325 15:19:01.668" endtime="20210325 15:19:01.895"/>
</kw>
<status status="PASS" starttime="20210325 15:19:00.482" endtime="20210325 15:19:01.895"/>
</kw>
<kw name="Production Line Has Changed">
<kw name="Page Should Contain" library="Selenium2Library">
<arg>${NEWLINE}</arg>
<doc>Verifies that current page contains ``text``.</doc>
<msg timestamp="20210325 15:19:01.907" level="INFO">Current page contains text '999'.</msg>
<status status="PASS" starttime="20210325 15:19:01.896" endtime="20210325 15:19:01.908"/>
</kw>
<status status="PASS" starttime="20210325 15:19:01.895" endtime="20210325 15:19:01.908"/>
</kw>
<status status="PASS" starttime="20210325 15:18:55.614" endtime="20210325 15:19:01.908"/>
</test>
<kw name="Close Browser" library="Selenium2Library" type="TEARDOWN">
<doc>Closes the current browser.</doc>
<status status="PASS" starttime="20210325 15:19:01.909" endtime="20210325 15:19:01.984"/>
</kw>
<doc>A test suite for editing production line.</doc>
<status status="PASS" starttime="20210325 15:18:55.411" endtime="20210325 15:19:01.984"/>
</suite>
<statistics>
<total>
<stat pass="1" fail="0" skip="0">All Tests</stat>
</total>
<tag>
</tag>
<suite>
<stat pass="1" fail="0" skip="0" id="s1" name="Edit Line">Edit Line</stat>
</suite>
</statistics>
<errors>
</errors>
</robot>
