<?xml version="1.0" encoding="UTF-8"?>
<robot generator="Robot 4.0 (Python 3.9.2 on darwin)" generated="20210328 21:53:50.610" rpa="false" schemaversion="2">
<suite id="s1" name="Home Maintenance" source="/Users/MS/Project/MachineDB/Tests/home_maintenance.robot">
<test id="s1-t1" name="Product03 Requests Maintenance">
<kw name="Open Browser To Signin Page" library="resource">
<kw name="Open Browser" library="Selenium2Library">
<arg>${SIGNIN URL}</arg>
<arg>${BROWSER}</arg>
<doc>Opens a new browser instance to the optional ``url``.</doc>
<msg timestamp="20210328 21:53:50.844" level="INFO">Opening browser 'Chrome' to base url 'http://127.0.0.1:8000/'.</msg>
<status status="PASS" starttime="20210328 21:53:50.843" endtime="20210328 21:53:53.550"/>
</kw>
<kw name="Maximize Browser Window" library="Selenium2Library">
<doc>Maximizes current browser window.</doc>
<status status="PASS" starttime="20210328 21:53:53.551" endtime="20210328 21:53:53.679"/>
</kw>
<kw name="Set Selenium Speed" library="Selenium2Library">
<arg>${DELAY}</arg>
<doc>Sets the delay that is waited after each Selenium command.</doc>
<status status="PASS" starttime="20210328 21:53:53.679" endtime="20210328 21:53:53.680"/>
</kw>
<status status="PASS" starttime="20210328 21:53:50.843" endtime="20210328 21:53:53.680"/>
</kw>
<kw name="Input Username" library="resource">
<arg>product03</arg>
<kw name="Input Text" library="Selenium2Library">
<arg>inputUser</arg>
<arg>${username}</arg>
<doc>Types the given ``text`` into the text field identified by ``locator``.</doc>
<msg timestamp="20210328 21:53:53.681" level="INFO">Typing text 'product03' into text field 'inputUser'.</msg>
<status status="PASS" starttime="20210328 21:53:53.681" endtime="20210328 21:53:53.821"/>
</kw>
<status status="PASS" starttime="20210328 21:53:53.680" endtime="20210328 21:53:53.821"/>
</kw>
<kw name="Input Password" library="resource">
<arg>product03</arg>
<kw name="Input Text" library="Selenium2Library">
<arg>inputPassword</arg>
<arg>${password}</arg>
<doc>Types the given ``text`` into the text field identified by ``locator``.</doc>
<msg timestamp="20210328 21:53:53.823" level="INFO">Typing text 'product03' into text field 'inputPassword'.</msg>
<status status="PASS" starttime="20210328 21:53:53.822" endtime="20210328 21:53:53.888"/>
</kw>
<status status="PASS" starttime="20210328 21:53:53.822" endtime="20210328 21:53:53.888"/>
</kw>
<kw name="Submit Credentials" library="resource">
<kw name="Click Button" library="Selenium2Library">
<arg>signin</arg>
<doc>Clicks the button identified by ``locator``.</doc>
<msg timestamp="20210328 21:53:53.889" level="INFO">Clicking button 'signin'.</msg>
<status status="PASS" starttime="20210328 21:53:53.889" endtime="20210328 21:53:54.014"/>
</kw>
<status status="PASS" starttime="20210328 21:53:53.888" endtime="20210328 21:53:54.014"/>
</kw>
<kw name="Then Select-Department Should Be Open" library="resource">
<kw name="Location Should Be" library="Selenium2Library">
<arg>${SELECTDEPARTMENT URL}</arg>
<doc>Verifies that the current URL is exactly ``url``.</doc>
<msg timestamp="20210328 21:53:54.019" level="INFO">Current location is 'http://127.0.0.1:8000/sign-in/department/'.</msg>
<status status="PASS" starttime="20210328 21:53:54.015" endtime="20210328 21:53:54.019"/>
</kw>
<status status="PASS" starttime="20210328 21:53:54.014" endtime="20210328 21:53:54.019"/>
</kw>
<kw name="Select Production Line 8 Department" library="resource">
<kw name="Select From List By Value" library="Selenium2Library">
<arg>id:select_department</arg>
<arg>7</arg>
<doc>Selects options from selection list ``locator`` by ``values``.</doc>
<msg timestamp="20210328 21:53:54.020" level="INFO">Selecting options from selection list 'id:select_department' by value 7.</msg>
<status status="PASS" starttime="20210328 21:53:54.020" endtime="20210328 21:53:54.053"/>
</kw>
<status status="PASS" starttime="20210328 21:53:54.020" endtime="20210328 21:53:54.053"/>
</kw>
<kw name="Click Button" library="Selenium2Library">
<arg>Sign in</arg>
<doc>Clicks the button identified by ``locator``.</doc>
<msg timestamp="20210328 21:53:54.054" level="INFO">Clicking button 'Sign in'.</msg>
<status status="PASS" starttime="20210328 21:53:54.053" endtime="20210328 21:53:54.327"/>
</kw>
<kw name="Home Page Should Be Open" library="resource">
<kw name="Location Should Be" library="Selenium2Library">
<arg>${HOME URL}</arg>
<doc>Verifies that the current URL is exactly ``url``.</doc>
<msg timestamp="20210328 21:53:54.331" level="INFO">Current location is 'http://127.0.0.1:8000/home/'.</msg>
<status status="PASS" starttime="20210328 21:53:54.328" endtime="20210328 21:53:54.331"/>
</kw>
<status status="PASS" starttime="20210328 21:53:54.327" endtime="20210328 21:53:54.331"/>
</kw>
<kw name="Select Request Maintenance Menu">
<kw name="Click Link" library="Selenium2Library">
<arg>//*[@id="sidebar"]/div[2]/ul[1]/li[2]/a</arg>
<doc>Clicks a link identified by ``locator``.</doc>
<msg timestamp="20210328 21:53:54.332" level="INFO">Clicking link '//*[@id="sidebar"]/div[2]/ul[1]/li[2]/a'.</msg>
<status status="PASS" starttime="20210328 21:53:54.332" endtime="20210328 21:53:54.374"/>
</kw>
<status status="PASS" starttime="20210328 21:53:54.331" endtime="20210328 21:53:54.374"/>
</kw>
<kw name="Then Select Request Maintenance">
<kw name="Sleep" library="BuiltIn">
<arg>1s</arg>
<doc>Pauses the test executed for the given time.</doc>
<msg timestamp="20210328 21:53:55.376" level="INFO">Slept 1 second</msg>
<status status="PASS" starttime="20210328 21:53:54.375" endtime="20210328 21:53:55.376"/>
</kw>
<kw name="Click Link" library="Selenium2Library">
<arg>//*[@id="repair_menumenu"]/li[1]/a</arg>
<doc>Clicks a link identified by ``locator``.</doc>
<msg timestamp="20210328 21:53:55.377" level="INFO">Clicking link '//*[@id="repair_menumenu"]/li[1]/a'.</msg>
<status status="PASS" starttime="20210328 21:53:55.376" endtime="20210328 21:53:55.586"/>
</kw>
<status status="PASS" starttime="20210328 21:53:54.374" endtime="20210328 21:53:55.586"/>
</kw>
<kw name="Request Maintenance Page Should Be Open">
<kw name="Location Should Be" library="Selenium2Library">
<arg>http://127.0.0.1:8000/repair/inform</arg>
<doc>Verifies that the current URL is exactly ``url``.</doc>
<msg timestamp="20210328 21:53:55.591" level="INFO">Current location is 'http://127.0.0.1:8000/repair/inform'.</msg>
<status status="PASS" starttime="20210328 21:53:55.587" endtime="20210328 21:53:55.591"/>
</kw>
<status status="PASS" starttime="20210328 21:53:55.586" endtime="20210328 21:53:55.591"/>
</kw>
<kw name="Click แจ้งซ่อมเครื่องจักร Button">
<kw name="Click Element" library="Selenium2Library">
<arg>xpath:/html/body/div[2]/div/div/div[1]/div/div[2]/a[1]</arg>
<doc>Click the element identified by ``locator``.</doc>
<msg timestamp="20210328 21:53:55.592" level="INFO">Clicking element 'xpath:/html/body/div[2]/div/div/div[1]/div/div[2]/a[1]'.</msg>
<status status="PASS" starttime="20210328 21:53:55.591" endtime="20210328 21:53:55.669"/>
</kw>
<status status="PASS" starttime="20210328 21:53:55.591" endtime="20210328 21:53:55.669"/>
</kw>
<kw name="Fill Data">
<kw name="Wait Until Page Contains" library="Selenium2Library">
<arg>ใบแจ้งซ่อมเครื่องจักร</arg>
<doc>Waits until ``text`` appears on the current page.</doc>
<status status="PASS" starttime="20210328 21:53:55.670" endtime="20210328 21:53:55.680"/>
</kw>
<kw name="Sleep" library="BuiltIn">
<arg>1s</arg>
<doc>Pauses the test executed for the given time.</doc>
<msg timestamp="20210328 21:53:56.682" level="INFO">Slept 1 second</msg>
<status status="PASS" starttime="20210328 21:53:55.680" endtime="20210328 21:53:56.682"/>
</kw>
<kw name="Select From List By Value" library="Selenium2Library">
<arg>id:inspect_user</arg>
<arg>product03</arg>
<doc>Selects options from selection list ``locator`` by ``values``.</doc>
<msg timestamp="20210328 21:53:56.683" level="INFO">Selecting options from selection list 'id:inspect_user' by value product03.</msg>
<status status="PASS" starttime="20210328 21:53:56.683" endtime="20210328 21:53:56.752"/>
</kw>
<kw name="Select From List By Value" library="Selenium2Library">
<arg>id:approve_name</arg>
<arg>product03</arg>
<doc>Selects options from selection list ``locator`` by ``values``.</doc>
<msg timestamp="20210328 21:53:56.754" level="INFO">Selecting options from selection list 'id:approve_name' by value product03.</msg>
<status status="PASS" starttime="20210328 21:53:56.753" endtime="20210328 21:53:56.809"/>
</kw>
<kw name="Select From List By Value" library="Selenium2Library">
<arg>id:department_receive</arg>
<arg>5</arg>
<doc>Selects options from selection list ``locator`` by ``values``.</doc>
<msg timestamp="20210328 21:53:56.811" level="INFO">Selecting options from selection list 'id:department_receive' by value 5.</msg>
<status status="PASS" starttime="20210328 21:53:56.810" endtime="20210328 21:53:56.862"/>
</kw>
<kw name="Select From List By Value" library="Selenium2Library">
<arg>id:production_line</arg>
<arg>2</arg>
<doc>Selects options from selection list ``locator`` by ``values``.</doc>
<msg timestamp="20210328 21:53:56.862" level="INFO">Selecting options from selection list 'id:production_line' by value 2.</msg>
<status status="PASS" starttime="20210328 21:53:56.862" endtime="20210328 21:53:56.916"/>
</kw>
<kw name="Select From List By Value" library="Selenium2Library">
<arg>id:machine</arg>
<arg>20</arg>
<doc>Selects options from selection list ``locator`` by ``values``.</doc>
<msg timestamp="20210328 21:53:56.916" level="INFO">Selecting options from selection list 'id:machine' by value 20.</msg>
<status status="PASS" starttime="20210328 21:53:56.916" endtime="20210328 21:53:56.971"/>
</kw>
<kw name="Input Text" library="Selenium2Library">
<arg>xpath://*[@id="create_repair_notice"]/div/div/div[2]/div[7]/textarea</arg>
<arg>${TEST DATA}</arg>
<doc>Types the given ``text`` into the text field identified by ``locator``.</doc>
<msg timestamp="20210328 21:53:56.971" level="INFO">Typing text 'test' into text field 'xpath://*[@id="create_repair_notice"]/div/div/div[2]/div[7]/textarea'.</msg>
<status status="PASS" starttime="20210328 21:53:56.971" endtime="20210328 21:53:57.051"/>
</kw>
<kw name="Input Text" library="Selenium2Library">
<arg>xpath://*[@id="create_repair_notice"]/div/div/div[2]/div[8]/textarea</arg>
<arg>${TEST DATA}</arg>
<doc>Types the given ``text`` into the text field identified by ``locator``.</doc>
<msg timestamp="20210328 21:53:57.052" level="INFO">Typing text 'test' into text field 'xpath://*[@id="create_repair_notice"]/div/div/div[2]/div[8]/textarea'.</msg>
<status status="PASS" starttime="20210328 21:53:57.051" endtime="20210328 21:53:57.104"/>
</kw>
<kw name="Click Button" library="Selenium2Library">
<arg>id:create_repair</arg>
<doc>Clicks the button identified by ``locator``.</doc>
<msg timestamp="20210328 21:53:57.105" level="INFO">Clicking button 'id:create_repair'.</msg>
<status status="PASS" starttime="20210328 21:53:57.105" endtime="20210328 21:53:57.319"/>
</kw>
<status status="PASS" starttime="20210328 21:53:55.669" endtime="20210328 21:53:57.319"/>
</kw>
<kw name="Then Page Should Contain New Request">
<kw name="Get Text" library="Selenium2Library">
<arg>class:alert-success</arg>
<doc>Returns the text value of the element identified by ``locator``.</doc>
<status status="PASS" starttime="20210328 21:53:57.320" endtime="20210328 21:53:57.338"/>
</kw>
<kw name="Page Should Contain" library="Selenium2Library">
<arg>รอการรับใบแจ้ง</arg>
<doc>Verifies that current page contains ``text``.</doc>
<msg timestamp="20210328 21:53:57.350" level="INFO">Current page contains text 'รอการรับใบแจ้ง'.</msg>
<status status="PASS" starttime="20210328 21:53:57.338" endtime="20210328 21:53:57.350"/>
</kw>
<status status="PASS" starttime="20210328 21:53:57.319" endtime="20210328 21:53:57.350"/>
</kw>
<status status="PASS" starttime="20210328 21:53:50.842" endtime="20210328 21:53:57.351"/>
</test>
<test id="s1-t2" name="Engineer01 Receives Maintenance Request">
<kw name="Open Browser To Signin Page" library="resource">
<kw name="Open Browser" library="Selenium2Library">
<arg>${SIGNIN URL}</arg>
<arg>${BROWSER}</arg>
<doc>Opens a new browser instance to the optional ``url``.</doc>
<msg timestamp="20210328 21:53:57.352" level="INFO">Opening browser 'Chrome' to base url 'http://127.0.0.1:8000/'.</msg>
<status status="PASS" starttime="20210328 21:53:57.352" endtime="20210328 21:53:59.802"/>
</kw>
<kw name="Maximize Browser Window" library="Selenium2Library">
<doc>Maximizes current browser window.</doc>
<status status="PASS" starttime="20210328 21:53:59.802" endtime="20210328 21:53:59.923"/>
</kw>
<kw name="Set Selenium Speed" library="Selenium2Library">
<arg>${DELAY}</arg>
<doc>Sets the delay that is waited after each Selenium command.</doc>
<status status="PASS" starttime="20210328 21:53:59.923" endtime="20210328 21:53:59.924"/>
</kw>
<status status="PASS" starttime="20210328 21:53:57.352" endtime="20210328 21:53:59.924"/>
</kw>
<kw name="Input Username" library="resource">
<arg>engineer01</arg>
<kw name="Input Text" library="Selenium2Library">
<arg>inputUser</arg>
<arg>${username}</arg>
<doc>Types the given ``text`` into the text field identified by ``locator``.</doc>
<msg timestamp="20210328 21:53:59.925" level="INFO">Typing text 'engineer01' into text field 'inputUser'.</msg>
<status status="PASS" starttime="20210328 21:53:59.924" endtime="20210328 21:54:00.102"/>
</kw>
<status status="PASS" starttime="20210328 21:53:59.924" endtime="20210328 21:54:00.102"/>
</kw>
<kw name="Input Password" library="resource">
<arg>engineer01</arg>
<kw name="Input Text" library="Selenium2Library">
<arg>inputPassword</arg>
<arg>${password}</arg>
<doc>Types the given ``text`` into the text field identified by ``locator``.</doc>
<msg timestamp="20210328 21:54:00.103" level="INFO">Typing text 'engineer01' into text field 'inputPassword'.</msg>
<status status="PASS" starttime="20210328 21:54:00.103" endtime="20210328 21:54:00.178"/>
</kw>
<status status="PASS" starttime="20210328 21:54:00.102" endtime="20210328 21:54:00.178"/>
</kw>
<kw name="Submit Credentials" library="resource">
<kw name="Click Button" library="Selenium2Library">
<arg>signin</arg>
<doc>Clicks the button identified by ``locator``.</doc>
<msg timestamp="20210328 21:54:00.179" level="INFO">Clicking button 'signin'.</msg>
<status status="PASS" starttime="20210328 21:54:00.179" endtime="20210328 21:54:00.320"/>
</kw>
<status status="PASS" starttime="20210328 21:54:00.178" endtime="20210328 21:54:00.320"/>
</kw>
<kw name="Then Select-Department Should Be Open" library="resource">
<kw name="Location Should Be" library="Selenium2Library">
<arg>${SELECTDEPARTMENT URL}</arg>
<doc>Verifies that the current URL is exactly ``url``.</doc>
<msg timestamp="20210328 21:54:00.329" level="INFO">Current location is 'http://127.0.0.1:8000/sign-in/department/'.</msg>
<status status="PASS" starttime="20210328 21:54:00.321" endtime="20210328 21:54:00.329"/>
</kw>
<status status="PASS" starttime="20210328 21:54:00.320" endtime="20210328 21:54:00.330"/>
</kw>
<kw name="Select Engineering Line 8 Department" library="resource">
<kw name="Select From List By Value" library="Selenium2Library">
<arg>id:select_department</arg>
<arg>5</arg>
<doc>Selects options from selection list ``locator`` by ``values``.</doc>
<msg timestamp="20210328 21:54:00.331" level="INFO">Selecting options from selection list 'id:select_department' by value 5.</msg>
<status status="PASS" starttime="20210328 21:54:00.331" endtime="20210328 21:54:00.365"/>
</kw>
<status status="PASS" starttime="20210328 21:54:00.330" endtime="20210328 21:54:00.365"/>
</kw>
<kw name="Click Button" library="Selenium2Library">
<arg>Sign in</arg>
<doc>Clicks the button identified by ``locator``.</doc>
<msg timestamp="20210328 21:54:00.366" level="INFO">Clicking button 'Sign in'.</msg>
<status status="PASS" starttime="20210328 21:54:00.365" endtime="20210328 21:54:00.738"/>
</kw>
<kw name="Home Page Should Be Open" library="resource">
<kw name="Location Should Be" library="Selenium2Library">
<arg>${HOME URL}</arg>
<doc>Verifies that the current URL is exactly ``url``.</doc>
<msg timestamp="20210328 21:54:00.742" level="INFO">Current location is 'http://127.0.0.1:8000/home/'.</msg>
<status status="PASS" starttime="20210328 21:54:00.738" endtime="20210328 21:54:00.742"/>
</kw>
<status status="PASS" starttime="20210328 21:54:00.738" endtime="20210328 21:54:00.742"/>
</kw>
<kw name="Select Machine Maintenance Menu">
<kw name="Click Link" library="Selenium2Library">
<arg>//*[@id="sidebar"]/div[2]/ul[1]/li[4]/a</arg>
<doc>Clicks a link identified by ``locator``.</doc>
<msg timestamp="20210328 21:54:00.743" level="INFO">Clicking link '//*[@id="sidebar"]/div[2]/ul[1]/li[4]/a'.</msg>
<status status="PASS" starttime="20210328 21:54:00.743" endtime="20210328 21:54:00.807"/>
</kw>
<kw name="Sleep" library="BuiltIn">
<arg>1s</arg>
<doc>Pauses the test executed for the given time.</doc>
<msg timestamp="20210328 21:54:01.808" level="INFO">Slept 1 second</msg>
<status status="PASS" starttime="20210328 21:54:00.807" endtime="20210328 21:54:01.808"/>
</kw>
<status status="PASS" starttime="20210328 21:54:00.742" endtime="20210328 21:54:01.808"/>
</kw>
<kw name="Then Select Receive Maintenance Request">
<kw name="Click Link" library="Selenium2Library">
<arg>//*[@id="preventive_datamenu"]/li[2]/a</arg>
<doc>Clicks a link identified by ``locator``.</doc>
<msg timestamp="20210328 21:54:01.809" level="INFO">Clicking link '//*[@id="preventive_datamenu"]/li[2]/a'.</msg>
<status status="PASS" starttime="20210328 21:54:01.809" endtime="20210328 21:54:02.010"/>
</kw>
<status status="PASS" starttime="20210328 21:54:01.808" endtime="20210328 21:54:02.010"/>
</kw>
<kw name="Select Maintenance Request Will Be Received">
<kw name="Click Element" library="Selenium2Library">
<arg>xpath://*[@id="myTable"]/tbody/tr[5]/td[10]/center/a</arg>
<doc>Click the element identified by ``locator``.</doc>
<msg timestamp="20210328 21:54:02.011" level="INFO">Clicking element 'xpath://*[@id="myTable"]/tbody/tr[5]/td[10]/center/a'.</msg>
<status status="PASS" starttime="20210328 21:54:02.011" endtime="20210328 21:54:02.094"/>
</kw>
<status status="PASS" starttime="20210328 21:54:02.011" endtime="20210328 21:54:02.094"/>
</kw>
<kw name="Receive Maintenance Request Page Should Be Open">
<kw name="Location Should Be" library="Selenium2Library">
<arg>http://127.0.0.1:8000/preventive/maintenance-receive</arg>
<doc>Verifies that the current URL is exactly ``url``.</doc>
<msg timestamp="20210328 21:54:02.098" level="INFO">Current location is 'http://127.0.0.1:8000/preventive/maintenance-receive'.</msg>
<status status="PASS" starttime="20210328 21:54:02.095" endtime="20210328 21:54:02.098"/>
</kw>
<status status="PASS" starttime="20210328 21:54:02.094" endtime="20210328 21:54:02.098"/>
</kw>
<kw name="Receive Maintenance Request">
<kw name="Wait Until Page Contains" library="Selenium2Library">
<arg>ใบแจ้งซ่อมเครื่องจักร</arg>
<doc>Waits until ``text`` appears on the current page.</doc>
<status status="PASS" starttime="20210328 21:54:02.099" endtime="20210328 21:54:02.113"/>
</kw>
<kw name="Sleep" library="BuiltIn">
<arg>1s</arg>
<doc>Pauses the test executed for the given time.</doc>
<msg timestamp="20210328 21:54:03.115" level="INFO">Slept 1 second</msg>
<status status="PASS" starttime="20210328 21:54:02.113" endtime="20210328 21:54:03.115"/>
</kw>
<kw name="Select Radio Button" library="Selenium2Library">
<arg>is_receive</arg>
<arg>is_receive</arg>
<doc>Sets the radio button group ``group_name`` to ``value``.</doc>
<msg timestamp="20210328 21:54:03.116" level="INFO">Selecting 'is_receive' from radio button 'is_receive'.</msg>
<status status="PASS" starttime="20210328 21:54:03.116" endtime="20210328 21:54:03.142"/>
</kw>
<kw name="Click Element" library="Selenium2Library">
<arg>xpath://*[@id="setting5"]/div/div/div[3]/button[2]</arg>
<doc>Click the element identified by ``locator``.</doc>
<msg timestamp="20210328 21:54:03.143" level="INFO">Clicking element 'xpath://*[@id="setting5"]/div/div/div[3]/button[2]'.</msg>
<status status="PASS" starttime="20210328 21:54:03.142" endtime="20210328 21:54:03.326"/>
</kw>
<kw name="Get Text" library="Selenium2Library">
<var>${MaintenanceRequest}</var>
<arg>xpath://*[@id="myTable"]/tbody/tr[5]/td[2]</arg>
<doc>Returns the text value of the element identified by ``locator``.</doc>
<msg timestamp="20210328 21:54:03.348" level="INFO">${MaintenanceRequest} = RP2103287140050002</msg>
<status status="PASS" starttime="20210328 21:54:03.326" endtime="20210328 21:54:03.348"/>
</kw>
<kw name="Set Global Variable" library="BuiltIn">
<arg>${MaintenanceRequest}</arg>
<doc>Makes a variable available globally in all tests and suites.</doc>
<msg timestamp="20210328 21:54:03.349" level="INFO">${MaintenanceRequest} = RP2103287140050002</msg>
<status status="PASS" starttime="20210328 21:54:03.349" endtime="20210328 21:54:03.349"/>
</kw>
<kw name="Get Text" library="Selenium2Library">
<var>${MaintenanceRequestStatus}</var>
<arg>xpath://*[@id="myTable"]/tbody/tr[5]/td[9]</arg>
<doc>Returns the text value of the element identified by ``locator``.</doc>
<msg timestamp="20210328 21:54:03.366" level="INFO">${MaintenanceRequestStatus} = รอการตรวจสอบอะไหล่</msg>
<status status="PASS" starttime="20210328 21:54:03.349" endtime="20210328 21:54:03.366"/>
</kw>
<kw name="Log To Console" library="BuiltIn">
<arg>${MaintenanceRequest}</arg>
<doc>Logs the given message to the console.</doc>
<status status="PASS" starttime="20210328 21:54:03.366" endtime="20210328 21:54:03.367"/>
</kw>
<kw name="Log To Console" library="BuiltIn">
<arg>${MaintenanceRequestStatus}</arg>
<doc>Logs the given message to the console.</doc>
<status status="PASS" starttime="20210328 21:54:03.367" endtime="20210328 21:54:03.367"/>
</kw>
<kw name="Should Be Equal" library="BuiltIn">
<arg>${MaintenanceRequestStatus}</arg>
<arg>รอการตรวจสอบอะไหล่</arg>
<doc>Fails if the given objects are unequal.</doc>
<status status="PASS" starttime="20210328 21:54:03.367" endtime="20210328 21:54:03.367"/>
</kw>
<status status="PASS" starttime="20210328 21:54:02.098" endtime="20210328 21:54:03.367"/>
</kw>
<status status="PASS" starttime="20210328 21:53:57.351" endtime="20210328 21:54:03.368"/>
</test>
<test id="s1-t3" name="Engineer01 Handles Maintenance With Home Maintenance Function">
<kw name="Click Element" library="Selenium2Library">
<arg>xpath=/html/body/div[1]/nav/a</arg>
<doc>Click the element identified by ``locator``.</doc>
<msg timestamp="20210328 21:54:03.369" level="INFO">Clicking element 'xpath=/html/body/div[1]/nav/a'.</msg>
<status status="PASS" starttime="20210328 21:54:03.369" endtime="20210328 21:54:03.578"/>
</kw>
<kw name="Home Page Should Be Open" library="resource">
<kw name="Location Should Be" library="Selenium2Library">
<arg>${HOME URL}</arg>
<doc>Verifies that the current URL is exactly ``url``.</doc>
<msg timestamp="20210328 21:54:03.582" level="INFO">Current location is 'http://127.0.0.1:8000/home/'.</msg>
<status status="PASS" starttime="20210328 21:54:03.579" endtime="20210328 21:54:03.582"/>
</kw>
<status status="PASS" starttime="20210328 21:54:03.578" endtime="20210328 21:54:03.582"/>
</kw>
<kw name="Select Maintenance Request Will Be Assigned">
<kw name="Click Element" library="Selenium2Library">
<arg>xpath=//*[@id="content"]/div[4]/div/div[1]/div/div[1]/div[1]/div[2]/*[name()="svg"]</arg>
<doc>Click the element identified by ``locator``.</doc>
<msg timestamp="20210328 21:54:03.583" level="INFO">Clicking element 'xpath=//*[@id="content"]/div[4]/div/div[1]/div/div[1]/div[1]/div[2]/*[name()="svg"]'.</msg>
<status status="PASS" starttime="20210328 21:54:03.583" endtime="20210328 21:54:03.618"/>
</kw>
<kw name="Sleep" library="BuiltIn">
<arg>1s</arg>
<doc>Pauses the test executed for the given time.</doc>
<msg timestamp="20210328 21:54:04.618" level="INFO">Slept 1 second</msg>
<status status="PASS" starttime="20210328 21:54:03.618" endtime="20210328 21:54:04.619"/>
</kw>
<kw name="Wait Until Page Contains" library="Selenium2Library">
<arg>ใบแจ้งซ่อมเครื่องจักร 1</arg>
<doc>Waits until ``text`` appears on the current page.</doc>
<status status="PASS" starttime="20210328 21:54:04.619" endtime="20210328 21:54:04.638"/>
</kw>
<kw name="Click Element" library="Selenium2Library">
<arg>xpath=//*[@id="more-part1"]/*[name()="svg"]</arg>
<doc>Click the element identified by ``locator``.</doc>
<msg timestamp="20210328 21:54:04.639" level="INFO">Clicking element 'xpath=//*[@id="more-part1"]/*[name()="svg"]'.</msg>
<status status="PASS" starttime="20210328 21:54:04.638" endtime="20210328 21:54:04.674"/>
</kw>
<kw name="Select From List By Value" library="Selenium2Library">
<arg>id:select_sp_group1_more-part1</arg>
<arg>14</arg>
<doc>Selects options from selection list ``locator`` by ``values``.</doc>
<msg timestamp="20210328 21:54:04.674" level="INFO">Selecting options from selection list 'id:select_sp_group1_more-part1' by value 14.</msg>
<status status="PASS" starttime="20210328 21:54:04.674" endtime="20210328 21:54:04.727"/>
</kw>
<kw name="Select From List By Value" library="Selenium2Library">
<arg>id:select_sp_type1_more-part1</arg>
<arg>18</arg>
<doc>Selects options from selection list ``locator`` by ``values``.</doc>
<msg timestamp="20210328 21:54:04.728" level="INFO">Selecting options from selection list 'id:select_sp_type1_more-part1' by value 18.</msg>
<status status="PASS" starttime="20210328 21:54:04.727" endtime="20210328 21:54:04.777"/>
</kw>
<kw name="Select From List By Value" library="Selenium2Library">
<arg>id:select_sp_subtype1_more-part1</arg>
<arg>14</arg>
<doc>Selects options from selection list ``locator`` by ``values``.</doc>
<msg timestamp="20210328 21:54:04.778" level="INFO">Selecting options from selection list 'id:select_sp_subtype1_more-part1' by value 14.</msg>
<status status="PASS" starttime="20210328 21:54:04.777" endtime="20210328 21:54:04.830"/>
</kw>
<kw name="Select From List By Value" library="Selenium2Library">
<arg>id:select_sp_name1_more-part1</arg>
<arg>15</arg>
<doc>Selects options from selection list ``locator`` by ``values``.</doc>
<msg timestamp="20210328 21:54:04.830" level="INFO">Selecting options from selection list 'id:select_sp_name1_more-part1' by value 15.</msg>
<status status="PASS" starttime="20210328 21:54:04.830" endtime="20210328 21:54:04.891"/>
</kw>
<kw name="Click Element" library="Selenium2Library">
<arg>//*[@id="request-setting1"]/div/div/form/div[2]/h5[3]/div/div[1]/div/button/div</arg>
<doc>Click the element identified by ``locator``.</doc>
<msg timestamp="20210328 21:54:04.891" level="INFO">Clicking element '//*[@id="request-setting1"]/div/div/form/div[2]/h5[3]/div/div[1]/div/button/div'.</msg>
<status status="PASS" starttime="20210328 21:54:04.891" endtime="20210328 21:54:04.967"/>
</kw>
<kw name="Click Element" library="Selenium2Library">
<arg>//*[@id="bs-select-1-1"]</arg>
<doc>Click the element identified by ``locator``.</doc>
<msg timestamp="20210328 21:54:04.968" level="INFO">Clicking element '//*[@id="bs-select-1-1"]'.</msg>
<status status="PASS" starttime="20210328 21:54:04.967" endtime="20210328 21:54:05.038"/>
</kw>
<kw name="Sleep" library="BuiltIn">
<arg>1s</arg>
<doc>Pauses the test executed for the given time.</doc>
<msg timestamp="20210328 21:54:06.040" level="INFO">Slept 1 second</msg>
<status status="PASS" starttime="20210328 21:54:05.038" endtime="20210328 21:54:06.040"/>
</kw>
<kw name="Click Element" library="Selenium2Library">
<arg>//*[@id="request-setting1"]/div/div/form/div[3]/button[2]</arg>
<doc>Click the element identified by ``locator``.</doc>
<msg timestamp="20210328 21:54:06.041" level="INFO">Clicking element '//*[@id="request-setting1"]/div/div/form/div[3]/button[2]'.</msg>
<status status="PASS" starttime="20210328 21:54:06.040" endtime="20210328 21:54:06.310"/>
</kw>
<kw name="Sleep" library="BuiltIn">
<arg>1s</arg>
<doc>Pauses the test executed for the given time.</doc>
<msg timestamp="20210328 21:54:07.312" level="INFO">Slept 1 second</msg>
<status status="PASS" starttime="20210328 21:54:06.310" endtime="20210328 21:54:07.312"/>
</kw>
<status status="PASS" starttime="20210328 21:54:03.582" endtime="20210328 21:54:07.313"/>
</kw>
<kw name="Select Maintenance Job Will Be Reported">
<kw name="Reload Page" library="Selenium2Library">
<doc>Simulates user reloading page.</doc>
<status status="PASS" starttime="20210328 21:54:07.315" endtime="20210328 21:54:07.533"/>
</kw>
<kw name="Click Element" library="Selenium2Library">
<arg>xpath=//*[@id="content"]/div[4]/div/div[2]/div/div[4]/div[1]/div[2]/*[name()="svg"]</arg>
<doc>Click the element identified by ``locator``.</doc>
<msg timestamp="20210328 21:54:07.533" level="INFO">Clicking element 'xpath=//*[@id="content"]/div[4]/div/div[2]/div/div[4]/div[1]/div[2]/*[name()="svg"]'.</msg>
<status status="PASS" starttime="20210328 21:54:07.533" endtime="20210328 21:54:07.579"/>
</kw>
<kw name="Sleep" library="BuiltIn">
<arg>1s</arg>
<doc>Pauses the test executed for the given time.</doc>
<msg timestamp="20210328 21:54:08.580" level="INFO">Slept 1 second</msg>
<status status="PASS" starttime="20210328 21:54:07.580" endtime="20210328 21:54:08.581"/>
</kw>
<kw name="Select From List By Value" library="Selenium2Library">
<arg>id:mtn_result4</arg>
<arg>maintenance</arg>
<doc>Selects options from selection list ``locator`` by ``values``.</doc>
<msg timestamp="20210328 21:54:08.582" level="INFO">Selecting options from selection list 'id:mtn_result4' by value maintenance.</msg>
<status status="PASS" starttime="20210328 21:54:08.581" endtime="20210328 21:54:08.639"/>
</kw>
<kw name="Click Element" library="Selenium2Library">
<arg>//*[@id="job4"]/div/div/form/div[2]/div[17]/button[2]</arg>
<doc>Click the element identified by ``locator``.</doc>
<msg timestamp="20210328 21:54:08.639" level="INFO">Clicking element '//*[@id="job4"]/div/div/form/div[2]/div[17]/button[2]'.</msg>
<status status="PASS" starttime="20210328 21:54:08.639" endtime="20210328 21:54:08.911"/>
</kw>
<status status="PASS" starttime="20210328 21:54:07.314" endtime="20210328 21:54:08.911"/>
</kw>
<kw name="Select Maintenance Will Be Approved">
<kw name="Reload Page" library="Selenium2Library">
<doc>Simulates user reloading page.</doc>
<status status="PASS" starttime="20210328 21:54:08.912" endtime="20210328 21:54:09.106"/>
</kw>
<kw name="Click Element" library="Selenium2Library">
<arg>xpath=//*[@id="content"]/div[4]/div/div[3]/div/div[5]/div[1]/div[2]/*[name()="svg"]</arg>
<doc>Click the element identified by ``locator``.</doc>
<msg timestamp="20210328 21:54:09.106" level="INFO">Clicking element 'xpath=//*[@id="content"]/div[4]/div/div[3]/div/div[5]/div[1]/div[2]/*[name()="svg"]'.</msg>
<status status="PASS" starttime="20210328 21:54:09.106" endtime="20210328 21:54:09.152"/>
</kw>
<kw name="Sleep" library="BuiltIn">
<arg>1s</arg>
<doc>Pauses the test executed for the given time.</doc>
<msg timestamp="20210328 21:54:10.153" level="INFO">Slept 1 second</msg>
<status status="PASS" starttime="20210328 21:54:09.152" endtime="20210328 21:54:10.154"/>
</kw>
<kw name="Click Element" library="Selenium2Library">
<arg>xpath://*[@id="complete4"]/div/div/form/div[2]/div[2]/div[2]/div/label</arg>
<doc>Click the element identified by ``locator``.</doc>
<msg timestamp="20210328 21:54:10.155" level="INFO">Clicking element 'xpath://*[@id="complete4"]/div/div/form/div[2]/div[2]/div[2]/div/label'.</msg>
<status status="PASS" starttime="20210328 21:54:10.154" endtime="20210328 21:54:10.202"/>
</kw>
<kw name="Click Element" library="Selenium2Library">
<arg>xpath://*[@id="complete4"]/div/div/form/div[3]/button[2]</arg>
<doc>Click the element identified by ``locator``.</doc>
<msg timestamp="20210328 21:54:10.202" level="INFO">Clicking element 'xpath://*[@id="complete4"]/div/div/form/div[3]/button[2]'.</msg>
<status status="PASS" starttime="20210328 21:54:10.202" endtime="20210328 21:54:10.407"/>
</kw>
<kw name="Sleep" library="BuiltIn">
<arg>1s</arg>
<doc>Pauses the test executed for the given time.</doc>
<msg timestamp="20210328 21:54:11.409" level="INFO">Slept 1 second</msg>
<status status="PASS" starttime="20210328 21:54:10.407" endtime="20210328 21:54:11.409"/>
</kw>
<status status="PASS" starttime="20210328 21:54:08.911" endtime="20210328 21:54:11.410"/>
</kw>
<status status="PASS" starttime="20210328 21:54:03.368" endtime="20210328 21:54:11.410"/>
</test>
<test id="s1-t4" name="product03 Closes Maintenance Request">
<kw name="Open Browser To Signin Page" library="resource">
<kw name="Open Browser" library="Selenium2Library">
<arg>${SIGNIN URL}</arg>
<arg>${BROWSER}</arg>
<doc>Opens a new browser instance to the optional ``url``.</doc>
<msg timestamp="20210328 21:54:11.412" level="INFO">Opening browser 'Chrome' to base url 'http://127.0.0.1:8000/'.</msg>
<status status="PASS" starttime="20210328 21:54:11.412" endtime="20210328 21:54:13.892"/>
</kw>
<kw name="Maximize Browser Window" library="Selenium2Library">
<doc>Maximizes current browser window.</doc>
<status status="PASS" starttime="20210328 21:54:13.893" endtime="20210328 21:54:14.033"/>
</kw>
<kw name="Set Selenium Speed" library="Selenium2Library">
<arg>${DELAY}</arg>
<doc>Sets the delay that is waited after each Selenium command.</doc>
<status status="PASS" starttime="20210328 21:54:14.034" endtime="20210328 21:54:14.034"/>
</kw>
<status status="PASS" starttime="20210328 21:54:11.411" endtime="20210328 21:54:14.035"/>
</kw>
<kw name="Input Username" library="resource">
<arg>product03</arg>
<kw name="Input Text" library="Selenium2Library">
<arg>inputUser</arg>
<arg>${username}</arg>
<doc>Types the given ``text`` into the text field identified by ``locator``.</doc>
<msg timestamp="20210328 21:54:14.036" level="INFO">Typing text 'product03' into text field 'inputUser'.</msg>
<status status="PASS" starttime="20210328 21:54:14.036" endtime="20210328 21:54:14.179"/>
</kw>
<status status="PASS" starttime="20210328 21:54:14.035" endtime="20210328 21:54:14.180"/>
</kw>
<kw name="Input Password" library="resource">
<arg>product03</arg>
<kw name="Input Text" library="Selenium2Library">
<arg>inputPassword</arg>
<arg>${password}</arg>
<doc>Types the given ``text`` into the text field identified by ``locator``.</doc>
<msg timestamp="20210328 21:54:14.180" level="INFO">Typing text 'product03' into text field 'inputPassword'.</msg>
<status status="PASS" starttime="20210328 21:54:14.180" endtime="20210328 21:54:14.246"/>
</kw>
<status status="PASS" starttime="20210328 21:54:14.180" endtime="20210328 21:54:14.246"/>
</kw>
<kw name="Submit Credentials" library="resource">
<kw name="Click Button" library="Selenium2Library">
<arg>signin</arg>
<doc>Clicks the button identified by ``locator``.</doc>
<msg timestamp="20210328 21:54:14.247" level="INFO">Clicking button 'signin'.</msg>
<status status="PASS" starttime="20210328 21:54:14.247" endtime="20210328 21:54:14.367"/>
</kw>
<status status="PASS" starttime="20210328 21:54:14.246" endtime="20210328 21:54:14.367"/>
</kw>
<kw name="Then Select-Department Should Be Open" library="resource">
<kw name="Location Should Be" library="Selenium2Library">
<arg>${SELECTDEPARTMENT URL}</arg>
<doc>Verifies that the current URL is exactly ``url``.</doc>
<msg timestamp="20210328 21:54:14.371" level="INFO">Current location is 'http://127.0.0.1:8000/sign-in/department/'.</msg>
<status status="PASS" starttime="20210328 21:54:14.368" endtime="20210328 21:54:14.372"/>
</kw>
<status status="PASS" starttime="20210328 21:54:14.367" endtime="20210328 21:54:14.372"/>
</kw>
<kw name="Select Production Line 8 Department" library="resource">
<kw name="Select From List By Value" library="Selenium2Library">
<arg>id:select_department</arg>
<arg>7</arg>
<doc>Selects options from selection list ``locator`` by ``values``.</doc>
<msg timestamp="20210328 21:54:14.373" level="INFO">Selecting options from selection list 'id:select_department' by value 7.</msg>
<status status="PASS" starttime="20210328 21:54:14.373" endtime="20210328 21:54:14.406"/>
</kw>
<status status="PASS" starttime="20210328 21:54:14.372" endtime="20210328 21:54:14.406"/>
</kw>
<kw name="Click Button" library="Selenium2Library">
<arg>Sign in</arg>
<doc>Clicks the button identified by ``locator``.</doc>
<msg timestamp="20210328 21:54:14.406" level="INFO">Clicking button 'Sign in'.</msg>
<status status="PASS" starttime="20210328 21:54:14.406" endtime="20210328 21:54:14.688"/>
</kw>
<kw name="Home Page Should Be Open" library="resource">
<kw name="Location Should Be" library="Selenium2Library">
<arg>${HOME URL}</arg>
<doc>Verifies that the current URL is exactly ``url``.</doc>
<msg timestamp="20210328 21:54:14.692" level="INFO">Current location is 'http://127.0.0.1:8000/home/'.</msg>
<status status="PASS" starttime="20210328 21:54:14.689" endtime="20210328 21:54:14.692"/>
</kw>
<status status="PASS" starttime="20210328 21:54:14.688" endtime="20210328 21:54:14.692"/>
</kw>
<kw name="Select Request Maintenance Menu">
<kw name="Click Link" library="Selenium2Library">
<arg>//*[@id="sidebar"]/div[2]/ul[1]/li[2]/a</arg>
<doc>Clicks a link identified by ``locator``.</doc>
<msg timestamp="20210328 21:54:14.693" level="INFO">Clicking link '//*[@id="sidebar"]/div[2]/ul[1]/li[2]/a'.</msg>
<status status="PASS" starttime="20210328 21:54:14.693" endtime="20210328 21:54:14.737"/>
</kw>
<status status="PASS" starttime="20210328 21:54:14.692" endtime="20210328 21:54:14.737"/>
</kw>
<kw name="Then Select Request Maintenance">
<kw name="Sleep" library="BuiltIn">
<arg>1s</arg>
<doc>Pauses the test executed for the given time.</doc>
<msg timestamp="20210328 21:54:15.739" level="INFO">Slept 1 second</msg>
<status status="PASS" starttime="20210328 21:54:14.738" endtime="20210328 21:54:15.740"/>
</kw>
<kw name="Click Link" library="Selenium2Library">
<arg>//*[@id="repair_menumenu"]/li[1]/a</arg>
<doc>Clicks a link identified by ``locator``.</doc>
<msg timestamp="20210328 21:54:15.741" level="INFO">Clicking link '//*[@id="repair_menumenu"]/li[1]/a'.</msg>
<status status="PASS" starttime="20210328 21:54:15.740" endtime="20210328 21:54:15.981"/>
</kw>
<status status="PASS" starttime="20210328 21:54:14.738" endtime="20210328 21:54:15.981"/>
</kw>
<kw name="Request Maintenance Page Should Be Open">
<kw name="Location Should Be" library="Selenium2Library">
<arg>http://127.0.0.1:8000/repair/inform</arg>
<doc>Verifies that the current URL is exactly ``url``.</doc>
<msg timestamp="20210328 21:54:15.984" level="INFO">Current location is 'http://127.0.0.1:8000/repair/inform'.</msg>
<status status="PASS" starttime="20210328 21:54:15.981" endtime="20210328 21:54:15.985"/>
</kw>
<status status="PASS" starttime="20210328 21:54:15.981" endtime="20210328 21:54:15.985"/>
</kw>
<kw name="Select Maintenance Request Will Be Closed">
<kw name="Click Element" library="Selenium2Library">
<arg>xpath://*[@id="myTable"]/tbody/tr[2]/td[10]/center/a[3]</arg>
<doc>Click the element identified by ``locator``.</doc>
<msg timestamp="20210328 21:54:15.985" level="INFO">Clicking element 'xpath://*[@id="myTable"]/tbody/tr[2]/td[10]/center/a[3]'.</msg>
<status status="PASS" starttime="20210328 21:54:15.985" endtime="20210328 21:54:16.065"/>
</kw>
<kw name="Wait Until Page Contains" library="Selenium2Library">
<arg>ใบแจ้งซ่อมเครื่องจักร</arg>
<doc>Waits until ``text`` appears on the current page.</doc>
<status status="PASS" starttime="20210328 21:54:16.066" endtime="20210328 21:54:16.077"/>
</kw>
<kw name="Sleep" library="BuiltIn">
<arg>1s</arg>
<doc>Pauses the test executed for the given time.</doc>
<msg timestamp="20210328 21:54:17.078" level="INFO">Slept 1 second</msg>
<status status="PASS" starttime="20210328 21:54:16.077" endtime="20210328 21:54:17.078"/>
</kw>
<kw name="Select Radio Button" library="Selenium2Library">
<arg>is_close</arg>
<arg>is_close</arg>
<doc>Sets the radio button group ``group_name`` to ``value``.</doc>
<msg timestamp="20210328 21:54:17.079" level="INFO">Selecting 'is_close' from radio button 'is_close'.</msg>
<status status="PASS" starttime="20210328 21:54:17.079" endtime="20210328 21:54:17.105"/>
</kw>
<kw name="Sleep" library="BuiltIn">
<arg>1s</arg>
<doc>Pauses the test executed for the given time.</doc>
<msg timestamp="20210328 21:54:18.108" level="INFO">Slept 1 second</msg>
<status status="PASS" starttime="20210328 21:54:17.106" endtime="20210328 21:54:18.109"/>
</kw>
<kw name="Click Element" library="Selenium2Library">
<arg>xpath=//*[@id="report2"]/div/div/div[3]/button[2]</arg>
<doc>Click the element identified by ``locator``.</doc>
<msg timestamp="20210328 21:54:18.110" level="INFO">Clicking element 'xpath=//*[@id="report2"]/div/div/div[3]/button[2]'.</msg>
<status status="PASS" starttime="20210328 21:54:18.109" endtime="20210328 21:54:18.313"/>
</kw>
<kw name="Sleep" library="BuiltIn">
<arg>1s</arg>
<doc>Pauses the test executed for the given time.</doc>
<msg timestamp="20210328 21:54:19.316" level="INFO">Slept 1 second</msg>
<status status="PASS" starttime="20210328 21:54:18.314" endtime="20210328 21:54:19.317"/>
</kw>
<kw name="Get Text" library="Selenium2Library">
<var>${CloseMaintenanceRequestStatus}</var>
<arg>xpath=//*[@id="myTable"]/tbody/tr[2]/td[9]</arg>
<doc>Returns the text value of the element identified by ``locator``.</doc>
<msg timestamp="20210328 21:54:19.348" level="INFO">${CloseMaintenanceRequestStatus} = ปิดใบแจ้งซ่อม</msg>
<status status="PASS" starttime="20210328 21:54:19.317" endtime="20210328 21:54:19.348"/>
</kw>
<kw name="Log To Console" library="BuiltIn">
<arg>${CloseMaintenanceRequestStatus}</arg>
<doc>Logs the given message to the console.</doc>
<status status="PASS" starttime="20210328 21:54:19.348" endtime="20210328 21:54:19.348"/>
</kw>
<kw name="Should Be Equal" library="BuiltIn">
<arg>${CloseMaintenanceRequestStatus}</arg>
<arg>ปิดใบแจ้งซ่อม</arg>
<doc>Fails if the given objects are unequal.</doc>
<status status="PASS" starttime="20210328 21:54:19.348" endtime="20210328 21:54:19.349"/>
</kw>
<status status="PASS" starttime="20210328 21:54:15.985" endtime="20210328 21:54:19.349"/>
</kw>
<status status="PASS" starttime="20210328 21:54:11.411" endtime="20210328 21:54:19.349"/>
</test>
<kw name="Close Browser" library="Selenium2Library" type="TEARDOWN">
<doc>Closes the current browser.</doc>
<status status="PASS" starttime="20210328 21:54:19.350" endtime="20210328 21:54:19.440"/>
</kw>
<doc>A test suite for testing home maintenance function.</doc>
<status status="PASS" starttime="20210328 21:53:50.613" endtime="20210328 21:54:19.440"/>
</suite>
<statistics>
<total>
<stat pass="4" fail="0" skip="0">All Tests</stat>
</total>
<tag>
</tag>
<suite>
<stat pass="4" fail="0" skip="0" id="s1" name="Home Maintenance">Home Maintenance</stat>
</suite>
</statistics>
<errors>
</errors>
</robot>
