<?xml version="1.0" encoding="UTF-8"?>
<robot generator="Robot 4.0 (Python 3.9.2 on darwin)" generated="20210324 21:25:41.525" rpa="false" schemaversion="2">
<suite id="s1" name="Add New Org" source="/Users/MS/Project/MachineDB/Tests/add_new_org.robot">
<test id="s1-t1" name="Admin Adds New Organization">
<kw name="Open Browser To Signin Page" library="resource">
<kw name="Open Browser" library="Selenium2Library">
<arg>${SIGNIN URL}</arg>
<arg>${BROWSER}</arg>
<doc>Opens a new browser instance to the optional ``url``.</doc>
<msg timestamp="20210324 21:25:41.815" level="INFO">Opening browser 'Chrome' to base url 'http://127.0.0.1:8000/'.</msg>
<status status="PASS" starttime="20210324 21:25:41.815" endtime="20210324 21:25:44.365"/>
</kw>
<kw name="Maximize Browser Window" library="Selenium2Library">
<doc>Maximizes current browser window.</doc>
<status status="PASS" starttime="20210324 21:25:44.365" endtime="20210324 21:25:44.489"/>
</kw>
<kw name="Set Selenium Speed" library="Selenium2Library">
<arg>${DELAY}</arg>
<doc>Sets the delay that is waited after each Selenium command.</doc>
<status status="PASS" starttime="20210324 21:25:44.489" endtime="20210324 21:25:44.490"/>
</kw>
<status status="PASS" starttime="20210324 21:25:41.814" endtime="20210324 21:25:44.491"/>
</kw>
<kw name="Input Username" library="resource">
<arg>system</arg>
<kw name="Input Text" library="Selenium2Library">
<arg>inputUser</arg>
<arg>${username}</arg>
<doc>Types the given ``text`` into the text field identified by ``locator``.</doc>
<msg timestamp="20210324 21:25:44.492" level="INFO">Typing text 'system' into text field 'inputUser'.</msg>
<status status="PASS" starttime="20210324 21:25:44.492" endtime="20210324 21:25:44.641"/>
</kw>
<status status="PASS" starttime="20210324 21:25:44.491" endtime="20210324 21:25:44.642"/>
</kw>
<kw name="Input Password" library="resource">
<arg>admin</arg>
<kw name="Input Text" library="Selenium2Library">
<arg>inputPassword</arg>
<arg>${password}</arg>
<doc>Types the given ``text`` into the text field identified by ``locator``.</doc>
<msg timestamp="20210324 21:25:44.643" level="INFO">Typing text 'admin' into text field 'inputPassword'.</msg>
<status status="PASS" starttime="20210324 21:25:44.642" endtime="20210324 21:25:44.706"/>
</kw>
<status status="PASS" starttime="20210324 21:25:44.642" endtime="20210324 21:25:44.706"/>
</kw>
<kw name="Submit Credentials" library="resource">
<kw name="Click Button" library="Selenium2Library">
<arg>signin</arg>
<doc>Clicks the button identified by ``locator``.</doc>
<msg timestamp="20210324 21:25:44.707" level="INFO">Clicking button 'signin'.</msg>
<status status="PASS" starttime="20210324 21:25:44.707" endtime="20210324 21:25:44.831"/>
</kw>
<status status="PASS" starttime="20210324 21:25:44.706" endtime="20210324 21:25:44.831"/>
</kw>
<kw name="Then Select-Department Should Be Open" library="resource">
<kw name="Location Should Be" library="Selenium2Library">
<arg>${SELECTDEPARTMENT URL}</arg>
<doc>Verifies that the current URL is exactly ``url``.</doc>
<msg timestamp="20210324 21:25:44.836" level="INFO">Current location is 'http://127.0.0.1:8000/sign-in/department/'.</msg>
<status status="PASS" starttime="20210324 21:25:44.832" endtime="20210324 21:25:44.836"/>
</kw>
<status status="PASS" starttime="20210324 21:25:44.831" endtime="20210324 21:25:44.836"/>
</kw>
<kw name="Select Admin Department" library="resource">
<kw name="Select From List By Value" library="Selenium2Library">
<arg>id:select_department</arg>
<arg>8</arg>
<doc>Selects options from selection list ``locator`` by ``values``.</doc>
<msg timestamp="20210324 21:25:44.837" level="INFO">Selecting options from selection list 'id:select_department' by value 8.</msg>
<status status="PASS" starttime="20210324 21:25:44.837" endtime="20210324 21:25:44.870"/>
</kw>
<status status="PASS" starttime="20210324 21:25:44.836" endtime="20210324 21:25:44.870"/>
</kw>
<kw name="Click Button" library="Selenium2Library">
<arg>Sign in</arg>
<doc>Clicks the button identified by ``locator``.</doc>
<msg timestamp="20210324 21:25:44.871" level="INFO">Clicking button 'Sign in'.</msg>
<status status="PASS" starttime="20210324 21:25:44.870" endtime="20210324 21:25:45.224"/>
</kw>
<kw name="Home Page Should Be Open" library="resource">
<kw name="Location Should Be" library="Selenium2Library">
<arg>${HOME URL}</arg>
<doc>Verifies that the current URL is exactly ``url``.</doc>
<msg timestamp="20210324 21:25:45.229" level="INFO">Current location is 'http://127.0.0.1:8000/home/'.</msg>
<status status="PASS" starttime="20210324 21:25:45.225" endtime="20210324 21:25:45.229"/>
</kw>
<status status="PASS" starttime="20210324 21:25:45.224" endtime="20210324 21:25:45.229"/>
</kw>
<kw name="Select Organization Management Menu">
<kw name="Click Link" library="Selenium2Library">
<arg>//*[@id="sidebar"]/div[2]/ul[2]/li[3]/a</arg>
<doc>Clicks a link identified by ``locator``.</doc>
<msg timestamp="20210324 21:25:45.230" level="INFO">Clicking link '//*[@id="sidebar"]/div[2]/ul[2]/li[3]/a'.</msg>
<status status="PASS" starttime="20210324 21:25:45.229" endtime="20210324 21:25:45.297"/>
</kw>
<status status="PASS" starttime="20210324 21:25:45.229" endtime="20210324 21:25:45.298"/>
</kw>
<kw name="Then Select Organization">
<kw name="Click Link" library="Selenium2Library">
<arg>//*[@id="organizationmenu"]/li[1]/a</arg>
<doc>Clicks a link identified by ``locator``.</doc>
<msg timestamp="20210324 21:25:45.299" level="INFO">Clicking link '//*[@id="organizationmenu"]/li[1]/a'.</msg>
<status status="PASS" starttime="20210324 21:25:45.299" endtime="20210324 21:25:45.435"/>
</kw>
<status status="PASS" starttime="20210324 21:25:45.298" endtime="20210324 21:25:45.435"/>
</kw>
<kw name="Organization Management Page Should Be Open">
<kw name="Location Should Be" library="Selenium2Library">
<arg>http://127.0.0.1:8000/organizemanage/organization-management</arg>
<doc>Verifies that the current URL is exactly ``url``.</doc>
<msg timestamp="20210324 21:25:45.438" level="INFO">Current location is 'http://127.0.0.1:8000/organizemanage/organization-management'.</msg>
<status status="PASS" starttime="20210324 21:25:45.435" endtime="20210324 21:25:45.438"/>
</kw>
<status status="PASS" starttime="20210324 21:25:45.435" endtime="20210324 21:25:45.439"/>
</kw>
<kw name="Click Add New Organization Button">
<kw name="Click Element" library="Selenium2Library">
<arg>xpath:/html/body/div[2]/div/div/div[1]/div/div[2]/a</arg>
<doc>Click the element identified by ``locator``.</doc>
<msg timestamp="20210324 21:25:45.439" level="INFO">Clicking element 'xpath:/html/body/div[2]/div/div/div[1]/div/div[2]/a'.</msg>
<status status="PASS" starttime="20210324 21:25:45.439" endtime="20210324 21:25:45.516"/>
</kw>
<status status="PASS" starttime="20210324 21:25:45.439" endtime="20210324 21:25:45.516"/>
</kw>
<kw name="Fill Data">
<kw name="Wait Until Page Contains" library="Selenium2Library">
<arg>Add new organization</arg>
<doc>Waits until ``text`` appears on the current page.</doc>
<status status="PASS" starttime="20210324 21:25:45.517" endtime="20210324 21:25:45.532"/>
</kw>
<kw name="Sleep" library="BuiltIn">
<arg>1s</arg>
<doc>Pauses the test executed for the given time.</doc>
<msg timestamp="20210324 21:25:46.533" level="INFO">Slept 1 second</msg>
<status status="PASS" starttime="20210324 21:25:45.532" endtime="20210324 21:25:46.534"/>
</kw>
<kw name="Input Text" library="Selenium2Library">
<arg>xpath://*[@id="add_org_code"]</arg>
<arg>${TEST DATA}</arg>
<doc>Types the given ``text`` into the text field identified by ``locator``.</doc>
<msg timestamp="20210324 21:25:46.536" level="INFO">Typing text 'test' into text field 'xpath://*[@id="add_org_code"]'.</msg>
<status status="PASS" starttime="20210324 21:25:46.535" endtime="20210324 21:25:46.642"/>
</kw>
<kw name="Input Text" library="Selenium2Library">
<arg>xpath://*[@id="add_org_name"]</arg>
<arg>${TEST DATA}</arg>
<doc>Types the given ``text`` into the text field identified by ``locator``.</doc>
<msg timestamp="20210324 21:25:46.642" level="INFO">Typing text 'test' into text field 'xpath://*[@id="add_org_name"]'.</msg>
<status status="PASS" starttime="20210324 21:25:46.642" endtime="20210324 21:25:46.710"/>
</kw>
<status status="PASS" starttime="20210324 21:25:45.517" endtime="20210324 21:25:46.711"/>
</kw>
<kw name="Click Button" library="Selenium2Library">
<arg>id:add_org</arg>
<doc>Clicks the button identified by ``locator``.</doc>
<msg timestamp="20210324 21:25:46.711" level="INFO">Clicking button 'id:add_org'.</msg>
<status status="PASS" starttime="20210324 21:25:46.711" endtime="20210324 21:25:46.860"/>
</kw>
<kw name="Get Text" library="Selenium2Library">
<arg>class:alert-success</arg>
<doc>Returns the text value of the element identified by ``locator``.</doc>
<status status="PASS" starttime="20210324 21:25:46.860" endtime="20210324 21:25:46.883"/>
</kw>
<status status="PASS" starttime="20210324 21:25:41.814" endtime="20210324 21:25:46.883"/>
</test>
<kw name="Close Browser" library="Selenium2Library" type="TEARDOWN">
<doc>Closes the current browser.</doc>
<status status="PASS" starttime="20210324 21:25:46.884" endtime="20210324 21:25:46.983"/>
</kw>
<doc>A test suite for adding new organization.</doc>
<status status="PASS" starttime="20210324 21:25:41.527" endtime="20210324 21:25:46.983"/>
</suite>
<statistics>
<total>
<stat pass="1" fail="0" skip="0">All Tests</stat>
</total>
<tag>
</tag>
<suite>
<stat pass="1" fail="0" skip="0" id="s1" name="Add New Org">Add New Org</stat>
</suite>
</statistics>
<errors>
</errors>
</robot>
