<?xml version="1.0" encoding="UTF-8"?>
<robot generator="Robot 4.0 (Python 3.9.2 on darwin)" generated="20210325 22:44:20.823" rpa="false" schemaversion="2">
<suite id="s1" name="Edit User" source="/Users/MS/Project/MachineDB/Tests/edit_user.robot">
<test id="s1-t1" name="Admin Edits User">
<kw name="Open Browser To Signin Page" library="resource">
<kw name="Open Browser" library="Selenium2Library">
<arg>${SIGNIN URL}</arg>
<arg>${BROWSER}</arg>
<doc>Opens a new browser instance to the optional ``url``.</doc>
<msg timestamp="20210325 22:44:21.071" level="INFO">Opening browser 'Chrome' to base url 'http://127.0.0.1:8000/'.</msg>
<status status="PASS" starttime="20210325 22:44:21.071" endtime="20210325 22:44:23.589"/>
</kw>
<kw name="Maximize Browser Window" library="Selenium2Library">
<doc>Maximizes current browser window.</doc>
<status status="PASS" starttime="20210325 22:44:23.589" endtime="20210325 22:44:23.718"/>
</kw>
<kw name="Set Selenium Speed" library="Selenium2Library">
<arg>${DELAY}</arg>
<doc>Sets the delay that is waited after each Selenium command.</doc>
<status status="PASS" starttime="20210325 22:44:23.719" endtime="20210325 22:44:23.719"/>
</kw>
<status status="PASS" starttime="20210325 22:44:21.070" endtime="20210325 22:44:23.719"/>
</kw>
<kw name="Input Username" library="resource">
<arg>system</arg>
<kw name="Input Text" library="Selenium2Library">
<arg>inputUser</arg>
<arg>${username}</arg>
<doc>Types the given ``text`` into the text field identified by ``locator``.</doc>
<msg timestamp="20210325 22:44:23.720" level="INFO">Typing text 'system' into text field 'inputUser'.</msg>
<status status="PASS" starttime="20210325 22:44:23.720" endtime="20210325 22:44:23.863"/>
</kw>
<status status="PASS" starttime="20210325 22:44:23.720" endtime="20210325 22:44:23.863"/>
</kw>
<kw name="Input Password" library="resource">
<arg>admin</arg>
<kw name="Input Text" library="Selenium2Library">
<arg>inputPassword</arg>
<arg>${password}</arg>
<doc>Types the given ``text`` into the text field identified by ``locator``.</doc>
<msg timestamp="20210325 22:44:23.864" level="INFO">Typing text 'admin' into text field 'inputPassword'.</msg>
<status status="PASS" starttime="20210325 22:44:23.864" endtime="20210325 22:44:23.934"/>
</kw>
<status status="PASS" starttime="20210325 22:44:23.863" endtime="20210325 22:44:23.935"/>
</kw>
<kw name="Submit Credentials" library="resource">
<kw name="Click Button" library="Selenium2Library">
<arg>signin</arg>
<doc>Clicks the button identified by ``locator``.</doc>
<msg timestamp="20210325 22:44:23.935" level="INFO">Clicking button 'signin'.</msg>
<status status="PASS" starttime="20210325 22:44:23.935" endtime="20210325 22:44:24.055"/>
</kw>
<status status="PASS" starttime="20210325 22:44:23.935" endtime="20210325 22:44:24.056"/>
</kw>
<kw name="Then Select-Department Should Be Open" library="resource">
<kw name="Location Should Be" library="Selenium2Library">
<arg>${SELECTDEPARTMENT URL}</arg>
<doc>Verifies that the current URL is exactly ``url``.</doc>
<msg timestamp="20210325 22:44:24.060" level="INFO">Current location is 'http://127.0.0.1:8000/sign-in/department/'.</msg>
<status status="PASS" starttime="20210325 22:44:24.056" endtime="20210325 22:44:24.060"/>
</kw>
<status status="PASS" starttime="20210325 22:44:24.056" endtime="20210325 22:44:24.060"/>
</kw>
<kw name="Select Admin Department" library="resource">
<kw name="Select From List By Value" library="Selenium2Library">
<arg>id:select_department</arg>
<arg>8</arg>
<doc>Selects options from selection list ``locator`` by ``values``.</doc>
<msg timestamp="20210325 22:44:24.062" level="INFO">Selecting options from selection list 'id:select_department' by value 8.</msg>
<status status="PASS" starttime="20210325 22:44:24.061" endtime="20210325 22:44:24.097"/>
</kw>
<status status="PASS" starttime="20210325 22:44:24.061" endtime="20210325 22:44:24.097"/>
</kw>
<kw name="Click Button" library="Selenium2Library">
<arg>Sign in</arg>
<doc>Clicks the button identified by ``locator``.</doc>
<msg timestamp="20210325 22:44:24.097" level="INFO">Clicking button 'Sign in'.</msg>
<status status="PASS" starttime="20210325 22:44:24.097" endtime="20210325 22:44:24.519"/>
</kw>
<kw name="Home Page Should Be Open" library="resource">
<kw name="Location Should Be" library="Selenium2Library">
<arg>${HOME URL}</arg>
<doc>Verifies that the current URL is exactly ``url``.</doc>
<msg timestamp="20210325 22:44:24.523" level="INFO">Current location is 'http://127.0.0.1:8000/home/'.</msg>
<status status="PASS" starttime="20210325 22:44:24.520" endtime="20210325 22:44:24.524"/>
</kw>
<status status="PASS" starttime="20210325 22:44:24.520" endtime="20210325 22:44:24.524"/>
</kw>
<kw name="Select User Management Menu">
<kw name="Click Link" library="Selenium2Library">
<arg>//*[@id="sidebar"]/div[2]/ul[2]/li[2]/a</arg>
<doc>Clicks a link identified by ``locator``.</doc>
<msg timestamp="20210325 22:44:24.524" level="INFO">Clicking link '//*[@id="sidebar"]/div[2]/ul[2]/li[2]/a'.</msg>
<status status="PASS" starttime="20210325 22:44:24.524" endtime="20210325 22:44:24.570"/>
</kw>
<kw name="Sleep" library="BuiltIn">
<arg>1s</arg>
<doc>Pauses the test executed for the given time.</doc>
<msg timestamp="20210325 22:44:25.571" level="INFO">Slept 1 second</msg>
<status status="PASS" starttime="20210325 22:44:24.570" endtime="20210325 22:44:25.571"/>
</kw>
<status status="PASS" starttime="20210325 22:44:24.524" endtime="20210325 22:44:25.571"/>
</kw>
<kw name="Then Select User">
<kw name="Click Link" library="Selenium2Library">
<arg>//*[@id="usermenu"]/li[1]/a</arg>
<doc>Clicks a link identified by ``locator``.</doc>
<msg timestamp="20210325 22:44:25.572" level="INFO">Clicking link '//*[@id="usermenu"]/li[1]/a'.</msg>
<status status="PASS" starttime="20210325 22:44:25.572" endtime="20210325 22:44:25.854"/>
</kw>
<status status="PASS" starttime="20210325 22:44:25.571" endtime="20210325 22:44:25.854"/>
</kw>
<kw name="User Management Page Should Be Open">
<kw name="Location Should Be" library="Selenium2Library">
<arg>http://127.0.0.1:8000/usermanage/user-management</arg>
<doc>Verifies that the current URL is exactly ``url``.</doc>
<msg timestamp="20210325 22:44:25.859" level="INFO">Current location is 'http://127.0.0.1:8000/usermanage/user-management'.</msg>
<status status="PASS" starttime="20210325 22:44:25.855" endtime="20210325 22:44:25.859"/>
</kw>
<status status="PASS" starttime="20210325 22:44:25.855" endtime="20210325 22:44:25.859"/>
</kw>
<kw name="Select User Will Be Edited">
<kw name="Click Element" library="Selenium2Library">
<arg>xpath://*[@id="myTable"]/tbody/tr[1]/td[9]/a[1]</arg>
<doc>Click the element identified by ``locator``.</doc>
<msg timestamp="20210325 22:44:25.860" level="INFO">Clicking element 'xpath://*[@id="myTable"]/tbody/tr[1]/td[9]/a[1]'.</msg>
<status status="PASS" starttime="20210325 22:44:25.860" endtime="20210325 22:44:25.977"/>
</kw>
<status status="PASS" starttime="20210325 22:44:25.859" endtime="20210325 22:44:25.977"/>
</kw>
<kw name="Edit Data">
<kw name="Wait Until Page Contains" library="Selenium2Library">
<arg>Setting</arg>
<doc>Waits until ``text`` appears on the current page.</doc>
<status status="PASS" starttime="20210325 22:44:25.978" endtime="20210325 22:44:25.990"/>
</kw>
<kw name="Sleep" library="BuiltIn">
<arg>1s</arg>
<doc>Pauses the test executed for the given time.</doc>
<msg timestamp="20210325 22:44:26.991" level="INFO">Slept 1 second</msg>
<status status="PASS" starttime="20210325 22:44:25.991" endtime="20210325 22:44:26.991"/>
</kw>
<kw name="Select From List By Value" library="Selenium2Library">
<arg>id=select_role1</arg>
<arg>user</arg>
<doc>Selects options from selection list ``locator`` by ``values``.</doc>
<msg timestamp="20210325 22:44:26.992" level="INFO">Selecting options from selection list 'id=select_role1' by value user.</msg>
<status status="PASS" starttime="20210325 22:44:26.991" endtime="20210325 22:44:27.025"/>
</kw>
<status status="PASS" starttime="20210325 22:44:25.977" endtime="20210325 22:44:27.025"/>
</kw>
<kw name="Click Element" library="Selenium2Library">
<arg>//*[@id="setting000000"]/div/div/div[2]/div[5]/button[2]</arg>
<doc>Click the element identified by ``locator``.</doc>
<msg timestamp="20210325 22:44:27.026" level="INFO">Clicking element '//*[@id="setting000000"]/div/div/div[2]/div[5]/button[2]'.</msg>
<status status="PASS" starttime="20210325 22:44:27.025" endtime="20210325 22:44:27.264"/>
</kw>
<kw name="Get Text" library="Selenium2Library">
<arg>class:alert-success</arg>
<doc>Returns the text value of the element identified by ``locator``.</doc>
<status status="PASS" starttime="20210325 22:44:27.264" endtime="20210325 22:44:27.282"/>
</kw>
<status status="PASS" starttime="20210325 22:44:21.069" endtime="20210325 22:44:27.282"/>
</test>
<kw name="Close Browser" library="Selenium2Library" type="TEARDOWN">
<doc>Closes the current browser.</doc>
<status status="PASS" starttime="20210325 22:44:27.284" endtime="20210325 22:44:27.370"/>
</kw>
<doc>A test suite for editing user.</doc>
<status status="PASS" starttime="20210325 22:44:20.826" endtime="20210325 22:44:27.370"/>
</suite>
<statistics>
<total>
<stat pass="1" fail="0" skip="0">All Tests</stat>
</total>
<tag>
</tag>
<suite>
<stat pass="1" fail="0" skip="0" id="s1" name="Edit User">Edit User</stat>
</suite>
</statistics>
<errors>
</errors>
</robot>
