<?xml version="1.0" encoding="UTF-8"?>
<robot generator="Robot 4.0 (Python 3.9.2 on darwin)" generated="20210323 13:58:46.885" rpa="false" schemaversion="2">
<suite id="s1" name="Delete Machine Data" source="/Users/MS/Project/MachineDB/Tests/delete_machine_data.robot">
<test id="s1-t1" name="Admin Deletes Machine Data">
<kw name="Open Browser To Signin Page" library="resource">
<kw name="Open Browser" library="Selenium2Library">
<arg>${SIGNIN URL}</arg>
<arg>${BROWSER}</arg>
<doc>Opens a new browser instance to the optional ``url``.</doc>
<msg timestamp="20210323 13:58:47.051" level="INFO">Opening browser 'Chrome' to base url 'http://127.0.0.1:8000/'.</msg>
<status status="PASS" starttime="20210323 13:58:47.050" endtime="20210323 13:58:49.428"/>
</kw>
<kw name="Maximize Browser Window" library="Selenium2Library">
<doc>Maximizes current browser window.</doc>
<status status="PASS" starttime="20210323 13:58:49.428" endtime="20210323 13:58:49.568"/>
</kw>
<kw name="Set Selenium Speed" library="Selenium2Library">
<arg>${DELAY}</arg>
<doc>Sets the delay that is waited after each Selenium command.</doc>
<status status="PASS" starttime="20210323 13:58:49.568" endtime="20210323 13:58:49.569"/>
</kw>
<status status="PASS" starttime="20210323 13:58:47.050" endtime="20210323 13:58:49.569"/>
</kw>
<kw name="Input Username" library="resource">
<arg>system</arg>
<kw name="Input Text" library="Selenium2Library">
<arg>inputUser</arg>
<arg>${username}</arg>
<doc>Types the given ``text`` into the text field identified by ``locator``.</doc>
<msg timestamp="20210323 13:58:49.571" level="INFO">Typing text 'system' into text field 'inputUser'.</msg>
<status status="PASS" starttime="20210323 13:58:49.570" endtime="20210323 13:58:49.705"/>
</kw>
<status status="PASS" starttime="20210323 13:58:49.569" endtime="20210323 13:58:49.705"/>
</kw>
<kw name="Input Password" library="resource">
<arg>admin</arg>
<kw name="Input Text" library="Selenium2Library">
<arg>inputPassword</arg>
<arg>${password}</arg>
<doc>Types the given ``text`` into the text field identified by ``locator``.</doc>
<msg timestamp="20210323 13:58:49.706" level="INFO">Typing text 'admin' into text field 'inputPassword'.</msg>
<status status="PASS" starttime="20210323 13:58:49.706" endtime="20210323 13:58:49.768"/>
</kw>
<status status="PASS" starttime="20210323 13:58:49.706" endtime="20210323 13:58:49.768"/>
</kw>
<kw name="Submit Credentials" library="resource">
<kw name="Click Button" library="Selenium2Library">
<arg>signin</arg>
<doc>Clicks the button identified by ``locator``.</doc>
<msg timestamp="20210323 13:58:49.769" level="INFO">Clicking button 'signin'.</msg>
<status status="PASS" starttime="20210323 13:58:49.768" endtime="20210323 13:58:49.888"/>
</kw>
<status status="PASS" starttime="20210323 13:58:49.768" endtime="20210323 13:58:49.888"/>
</kw>
<kw name="Then Select-Department Should Be Open" library="resource">
<kw name="Location Should Be" library="Selenium2Library">
<arg>${SELECTDEPARTMENT URL}</arg>
<doc>Verifies that the current URL is exactly ``url``.</doc>
<msg timestamp="20210323 13:58:49.893" level="INFO">Current location is 'http://127.0.0.1:8000/sign-in/department/'.</msg>
<status status="PASS" starttime="20210323 13:58:49.889" endtime="20210323 13:58:49.893"/>
</kw>
<status status="PASS" starttime="20210323 13:58:49.888" endtime="20210323 13:58:49.893"/>
</kw>
<kw name="Select Admin Department" library="resource">
<kw name="Select From List By Value" library="Selenium2Library">
<arg>id:select_department</arg>
<arg>8</arg>
<doc>Selects options from selection list ``locator`` by ``values``.</doc>
<msg timestamp="20210323 13:58:49.894" level="INFO">Selecting options from selection list 'id:select_department' by value 8.</msg>
<status status="PASS" starttime="20210323 13:58:49.894" endtime="20210323 13:58:49.923"/>
</kw>
<status status="PASS" starttime="20210323 13:58:49.893" endtime="20210323 13:58:49.923"/>
</kw>
<kw name="Click Button" library="Selenium2Library">
<arg>Sign in</arg>
<doc>Clicks the button identified by ``locator``.</doc>
<msg timestamp="20210323 13:58:49.924" level="INFO">Clicking button 'Sign in'.</msg>
<status status="PASS" starttime="20210323 13:58:49.923" endtime="20210323 13:58:50.274"/>
</kw>
<kw name="Home Page Should Be Open" library="resource">
<kw name="Location Should Be" library="Selenium2Library">
<arg>${HOME URL}</arg>
<doc>Verifies that the current URL is exactly ``url``.</doc>
<msg timestamp="20210323 13:58:50.278" level="INFO">Current location is 'http://127.0.0.1:8000/home/'.</msg>
<status status="PASS" starttime="20210323 13:58:50.275" endtime="20210323 13:58:50.278"/>
</kw>
<status status="PASS" starttime="20210323 13:58:50.274" endtime="20210323 13:58:50.278"/>
</kw>
<kw name="Select Machine Data Menu">
<kw name="Click Link" library="Selenium2Library">
<arg>//*[@id="sidebar"]/div[2]/ul[1]/li[1]/a</arg>
<doc>Clicks a link identified by ``locator``.</doc>
<msg timestamp="20210323 13:58:50.279" level="INFO">Clicking link '//*[@id="sidebar"]/div[2]/ul[1]/li[1]/a'.</msg>
<status status="PASS" starttime="20210323 13:58:50.279" endtime="20210323 13:58:50.340"/>
</kw>
<status status="PASS" starttime="20210323 13:58:50.278" endtime="20210323 13:58:50.341"/>
</kw>
<kw name="Then Select Machine">
<kw name="Click Link" library="Selenium2Library">
<arg>//*[@id="machine_manage_menumenu"]/li[1]/a</arg>
<doc>Clicks a link identified by ``locator``.</doc>
<msg timestamp="20210323 13:58:50.342" level="INFO">Clicking link '//*[@id="machine_manage_menumenu"]/li[1]/a'.</msg>
<status status="PASS" starttime="20210323 13:58:50.341" endtime="20210323 13:58:51.195"/>
</kw>
<status status="PASS" starttime="20210323 13:58:50.341" endtime="20210323 13:58:51.195"/>
</kw>
<kw name="Machine Management Page Should Be Open">
<kw name="Location Should Be" library="Selenium2Library">
<arg>http://127.0.0.1:8000/machinemanage/machine-management</arg>
<doc>Verifies that the current URL is exactly ``url``.</doc>
<msg timestamp="20210323 13:58:51.204" level="INFO">Current location is 'http://127.0.0.1:8000/machinemanage/machine-management'.</msg>
<status status="PASS" starttime="20210323 13:58:51.196" endtime="20210323 13:58:51.204"/>
</kw>
<status status="PASS" starttime="20210323 13:58:51.196" endtime="20210323 13:58:51.204"/>
</kw>
<kw name="Select Machine Data Will Be Deleteted">
<kw name="Click Element" library="Selenium2Library">
<arg>xpath://*[@id="myTable"]/tbody/tr[1]/td[9]/center/a[2]</arg>
<doc>Click the element identified by ``locator``.</doc>
<msg timestamp="20210323 13:58:51.205" level="INFO">Clicking element 'xpath://*[@id="myTable"]/tbody/tr[1]/td[9]/center/a[2]'.</msg>
<status status="PASS" starttime="20210323 13:58:51.205" endtime="20210323 13:58:51.266"/>
</kw>
<status status="PASS" starttime="20210323 13:58:51.204" endtime="20210323 13:58:51.267"/>
</kw>
<kw name="Delete Confirmation Should Be Open">
<kw name="Wait Until Page Contains" library="Selenium2Library">
<arg>Confirmation</arg>
<doc>Waits until ``text`` appears on the current page.</doc>
<status status="PASS" starttime="20210323 13:58:51.267" endtime="20210323 13:58:51.313"/>
</kw>
<kw name="Sleep" library="BuiltIn">
<arg>2s</arg>
<doc>Pauses the test executed for the given time.</doc>
<msg timestamp="20210323 13:58:53.314" level="INFO">Slept 2 seconds</msg>
<status status="PASS" starttime="20210323 13:58:51.313" endtime="20210323 13:58:53.314"/>
</kw>
<status status="PASS" starttime="20210323 13:58:51.267" endtime="20210323 13:58:53.315"/>
</kw>
<kw name="Click Button" library="Selenium2Library">
<arg>name:deletemachine</arg>
<doc>Clicks the button identified by ``locator``.</doc>
<msg timestamp="20210323 13:58:53.316" level="INFO">Clicking button 'name:deletemachine'.</msg>
<status status="PASS" starttime="20210323 13:58:53.315" endtime="20210323 13:58:54.464"/>
</kw>
<kw name="Get Text" library="Selenium2Library">
<arg>class:alert-success</arg>
<doc>Returns the text value of the element identified by ``locator``.</doc>
<status status="PASS" starttime="20210323 13:58:54.465" endtime="20210323 13:58:54.529"/>
</kw>
<status status="PASS" starttime="20210323 13:58:47.049" endtime="20210323 13:58:54.530"/>
</test>
<kw name="Close Browser" library="Selenium2Library" type="TEARDOWN">
<doc>Closes the current browser.</doc>
<status status="PASS" starttime="20210323 13:58:54.531" endtime="20210323 13:58:54.617"/>
</kw>
<doc>A test suite for deleting machine data.</doc>
<status status="PASS" starttime="20210323 13:58:46.887" endtime="20210323 13:58:54.617"/>
</suite>
<statistics>
<total>
<stat pass="1" fail="0" skip="0">All Tests</stat>
</total>
<tag>
</tag>
<suite>
<stat pass="1" fail="0" skip="0" id="s1" name="Delete Machine Data">Delete Machine Data</stat>
</suite>
</statistics>
<errors>
</errors>
</robot>
