<?xml version="1.0" encoding="UTF-8"?>
<robot generator="Robot 4.0 (Python 3.9.2 on darwin)" generated="20210329 01:27:53.540" rpa="false" schemaversion="2">
<suite id="s1" name="Edit Role Screen" source="/Users/MS/Project/MachineDB/Tests/edit_role_screen.robot">
<test id="s1-t1" name="Admin Edits Role &amp; Screen">
<kw name="Open Browser To Signin Page" library="resource">
<kw name="Open Browser" library="Selenium2Library">
<arg>${SIGNIN URL}</arg>
<arg>${BROWSER}</arg>
<doc>Opens a new browser instance to the optional ``url``.</doc>
<msg timestamp="20210329 01:27:53.755" level="INFO">Opening browser 'Chrome' to base url 'http://127.0.0.1:8000/'.</msg>
<status status="PASS" starttime="20210329 01:27:53.755" endtime="20210329 01:27:56.324"/>
</kw>
<kw name="Maximize Browser Window" library="Selenium2Library">
<doc>Maximizes current browser window.</doc>
<status status="PASS" starttime="20210329 01:27:56.324" endtime="20210329 01:27:56.453"/>
</kw>
<kw name="Set Selenium Speed" library="Selenium2Library">
<arg>${DELAY}</arg>
<doc>Sets the delay that is waited after each Selenium command.</doc>
<status status="PASS" starttime="20210329 01:27:56.453" endtime="20210329 01:27:56.454"/>
</kw>
<status status="PASS" starttime="20210329 01:27:53.754" endtime="20210329 01:27:56.454"/>
</kw>
<kw name="Input Username" library="resource">
<arg>system</arg>
<kw name="Input Text" library="Selenium2Library">
<arg>inputUser</arg>
<arg>${username}</arg>
<doc>Types the given ``text`` into the text field identified by ``locator``.</doc>
<msg timestamp="20210329 01:27:56.455" level="INFO">Typing text 'system' into text field 'inputUser'.</msg>
<status status="PASS" starttime="20210329 01:27:56.455" endtime="20210329 01:27:56.595"/>
</kw>
<status status="PASS" starttime="20210329 01:27:56.454" endtime="20210329 01:27:56.595"/>
</kw>
<kw name="Input Password" library="resource">
<arg>admin</arg>
<kw name="Input Text" library="Selenium2Library">
<arg>inputPassword</arg>
<arg>${password}</arg>
<doc>Types the given ``text`` into the text field identified by ``locator``.</doc>
<msg timestamp="20210329 01:27:56.596" level="INFO">Typing text 'admin' into text field 'inputPassword'.</msg>
<status status="PASS" starttime="20210329 01:27:56.596" endtime="20210329 01:27:56.657"/>
</kw>
<status status="PASS" starttime="20210329 01:27:56.595" endtime="20210329 01:27:56.658"/>
</kw>
<kw name="Submit Credentials" library="resource">
<kw name="Click Button" library="Selenium2Library">
<arg>signin</arg>
<doc>Clicks the button identified by ``locator``.</doc>
<msg timestamp="20210329 01:27:56.658" level="INFO">Clicking button 'signin'.</msg>
<status status="PASS" starttime="20210329 01:27:56.658" endtime="20210329 01:27:56.783"/>
</kw>
<status status="PASS" starttime="20210329 01:27:56.658" endtime="20210329 01:27:56.784"/>
</kw>
<kw name="Then Select-Department Should Be Open" library="resource">
<kw name="Location Should Be" library="Selenium2Library">
<arg>${SELECTDEPARTMENT URL}</arg>
<doc>Verifies that the current URL is exactly ``url``.</doc>
<msg timestamp="20210329 01:27:56.788" level="INFO">Current location is 'http://127.0.0.1:8000/sign-in/department/'.</msg>
<status status="PASS" starttime="20210329 01:27:56.784" endtime="20210329 01:27:56.788"/>
</kw>
<status status="PASS" starttime="20210329 01:27:56.784" endtime="20210329 01:27:56.788"/>
</kw>
<kw name="Select Admin Department" library="resource">
<kw name="Select From List By Value" library="Selenium2Library">
<arg>id:select_department</arg>
<arg>8</arg>
<doc>Selects options from selection list ``locator`` by ``values``.</doc>
<msg timestamp="20210329 01:27:56.790" level="INFO">Selecting options from selection list 'id:select_department' by value 8.</msg>
<status status="PASS" starttime="20210329 01:27:56.789" endtime="20210329 01:27:56.828"/>
</kw>
<status status="PASS" starttime="20210329 01:27:56.789" endtime="20210329 01:27:56.828"/>
</kw>
<kw name="Click Button" library="Selenium2Library">
<arg>Sign in</arg>
<doc>Clicks the button identified by ``locator``.</doc>
<msg timestamp="20210329 01:27:56.829" level="INFO">Clicking button 'Sign in'.</msg>
<status status="PASS" starttime="20210329 01:27:56.829" endtime="20210329 01:27:57.162"/>
</kw>
<kw name="Home Page Should Be Open" library="resource">
<kw name="Location Should Be" library="Selenium2Library">
<arg>${HOME URL}</arg>
<doc>Verifies that the current URL is exactly ``url``.</doc>
<msg timestamp="20210329 01:27:57.167" level="INFO">Current location is 'http://127.0.0.1:8000/home/'.</msg>
<status status="PASS" starttime="20210329 01:27:57.163" endtime="20210329 01:27:57.167"/>
</kw>
<status status="PASS" starttime="20210329 01:27:57.162" endtime="20210329 01:27:57.167"/>
</kw>
<kw name="Select User Management Menu">
<kw name="Click Link" library="Selenium2Library">
<arg>//*[@id="sidebar"]/div[2]/ul[2]/li[2]/a</arg>
<doc>Clicks a link identified by ``locator``.</doc>
<msg timestamp="20210329 01:27:57.169" level="INFO">Clicking link '//*[@id="sidebar"]/div[2]/ul[2]/li[2]/a'.</msg>
<status status="PASS" starttime="20210329 01:27:57.168" endtime="20210329 01:27:57.225"/>
</kw>
<kw name="Sleep" library="BuiltIn">
<arg>1s</arg>
<doc>Pauses the test executed for the given time.</doc>
<msg timestamp="20210329 01:27:58.225" level="INFO">Slept 1 second</msg>
<status status="PASS" starttime="20210329 01:27:57.225" endtime="20210329 01:27:58.226"/>
</kw>
<status status="PASS" starttime="20210329 01:27:57.168" endtime="20210329 01:27:58.226"/>
</kw>
<kw name="Then Select Role &amp; Screen">
<kw name="Click Link" library="Selenium2Library">
<arg>//*[@id="usermenu"]/li[6]/a</arg>
<doc>Clicks a link identified by ``locator``.</doc>
<msg timestamp="20210329 01:27:58.228" level="INFO">Clicking link '//*[@id="usermenu"]/li[6]/a'.</msg>
<status status="PASS" starttime="20210329 01:27:58.227" endtime="20210329 01:27:59.218"/>
</kw>
<status status="PASS" starttime="20210329 01:27:58.226" endtime="20210329 01:27:59.218"/>
</kw>
<kw name="Role &amp; Screen Management Page Should Be Open">
<kw name="Location Should Be" library="Selenium2Library">
<arg>http://127.0.0.1:8000/usermanage/role-screen-management</arg>
<doc>Verifies that the current URL is exactly ``url``.</doc>
<msg timestamp="20210329 01:27:59.226" level="INFO">Current location is 'http://127.0.0.1:8000/usermanage/role-screen-management'.</msg>
<status status="PASS" starttime="20210329 01:27:59.219" endtime="20210329 01:27:59.226"/>
</kw>
<status status="PASS" starttime="20210329 01:27:59.218" endtime="20210329 01:27:59.226"/>
</kw>
<kw name="Select Role &amp; Screen Will Be Edited">
<kw name="Click Element" library="Selenium2Library">
<arg>xpath://*[@id="myTable_paginate"]/span/a[4]</arg>
<doc>Click the element identified by ``locator``.</doc>
<msg timestamp="20210329 01:27:59.227" level="INFO">Clicking element 'xpath://*[@id="myTable_paginate"]/span/a[4]'.</msg>
<status status="PASS" starttime="20210329 01:27:59.227" endtime="20210329 01:27:59.285"/>
</kw>
<kw name="Click Element" library="Selenium2Library">
<arg>xpath://*[@id="myTable"]/tbody/tr[9]/td[7]/a[1]</arg>
<doc>Click the element identified by ``locator``.</doc>
<msg timestamp="20210329 01:27:59.285" level="INFO">Clicking element 'xpath://*[@id="myTable"]/tbody/tr[9]/td[7]/a[1]'.</msg>
<status status="PASS" starttime="20210329 01:27:59.285" endtime="20210329 01:27:59.330"/>
</kw>
<status status="PASS" starttime="20210329 01:27:59.227" endtime="20210329 01:27:59.330"/>
</kw>
<kw name="Edit Data">
<kw name="Wait Until Page Contains" library="Selenium2Library">
<arg>Add New RoleScreen</arg>
<doc>Waits until ``text`` appears on the current page.</doc>
<status status="PASS" starttime="20210329 01:27:59.330" endtime="20210329 01:27:59.381"/>
</kw>
<kw name="Sleep" library="BuiltIn">
<arg>1s</arg>
<doc>Pauses the test executed for the given time.</doc>
<msg timestamp="20210329 01:28:00.383" level="INFO">Slept 1 second</msg>
<status status="PASS" starttime="20210329 01:27:59.381" endtime="20210329 01:28:00.383"/>
</kw>
<kw name="Click Element" library="Selenium2Library">
<arg>xpath://*[@id="setting133"]/div/div/div[2]/div[3]/div[2]/div[2]/div/label</arg>
<doc>Click the element identified by ``locator``.</doc>
<msg timestamp="20210329 01:28:00.384" level="INFO">Clicking element 'xpath://*[@id="setting133"]/div/div/div[2]/div[3]/div[2]/div[2]/div/label'.</msg>
<status status="PASS" starttime="20210329 01:28:00.383" endtime="20210329 01:28:00.437"/>
</kw>
<status status="PASS" starttime="20210329 01:27:59.330" endtime="20210329 01:28:00.437"/>
</kw>
<kw name="Click Element" library="Selenium2Library">
<arg>//*[@id="setting133"]/div/div/div[2]/div[4]/button[2]</arg>
<doc>Click the element identified by ``locator``.</doc>
<msg timestamp="20210329 01:28:00.438" level="INFO">Clicking element '//*[@id="setting133"]/div/div/div[2]/div[4]/button[2]'.</msg>
<status status="PASS" starttime="20210329 01:28:00.438" endtime="20210329 01:28:01.437"/>
</kw>
<kw name="Get Text" library="Selenium2Library">
<arg>class:alert-success</arg>
<doc>Returns the text value of the element identified by ``locator``.</doc>
<status status="PASS" starttime="20210329 01:28:01.437" endtime="20210329 01:28:01.460"/>
</kw>
<status status="PASS" starttime="20210329 01:27:53.754" endtime="20210329 01:28:01.461"/>
</test>
<kw name="Close Browser" library="Selenium2Library" type="TEARDOWN">
<doc>Closes the current browser.</doc>
<status status="PASS" starttime="20210329 01:28:01.463" endtime="20210329 01:28:01.556"/>
</kw>
<doc>A test suite for editing role &amp; screen.</doc>
<status status="PASS" starttime="20210329 01:27:53.541" endtime="20210329 01:28:01.556"/>
</suite>
<statistics>
<total>
<stat pass="1" fail="0" skip="0">All Tests</stat>
</total>
<tag>
</tag>
<suite>
<stat pass="1" fail="0" skip="0" id="s1" name="Edit Role Screen">Edit Role Screen</stat>
</suite>
</statistics>
<errors>
</errors>
</robot>
