<?xml version="1.0" encoding="UTF-8"?>
<robot generator="Robot 4.0 (Python 3.9.2 on darwin)" generated="20210325 09:57:13.399" rpa="false" schemaversion="2">
<suite id="s1" name="Delete Org" source="/Users/MS/Project/MachineDB/Tests/delete_org.robot">
<test id="s1-t1" name="Admin Deletes Organization">
<kw name="Open Browser To Signin Page" library="resource">
<kw name="Open Browser" library="Selenium2Library">
<arg>${SIGNIN URL}</arg>
<arg>${BROWSER}</arg>
<doc>Opens a new browser instance to the optional ``url``.</doc>
<msg timestamp="20210325 09:57:13.632" level="INFO">Opening browser 'Chrome' to base url 'http://127.0.0.1:8000/'.</msg>
<status status="PASS" starttime="20210325 09:57:13.631" endtime="20210325 09:57:16.446"/>
</kw>
<kw name="Maximize Browser Window" library="Selenium2Library">
<doc>Maximizes current browser window.</doc>
<status status="PASS" starttime="20210325 09:57:16.446" endtime="20210325 09:57:16.572"/>
</kw>
<kw name="Set Selenium Speed" library="Selenium2Library">
<arg>${DELAY}</arg>
<doc>Sets the delay that is waited after each Selenium command.</doc>
<status status="PASS" starttime="20210325 09:57:16.572" endtime="20210325 09:57:16.573"/>
</kw>
<status status="PASS" starttime="20210325 09:57:13.631" endtime="20210325 09:57:16.573"/>
</kw>
<kw name="Input Username" library="resource">
<arg>system</arg>
<kw name="Input Text" library="Selenium2Library">
<arg>inputUser</arg>
<arg>${username}</arg>
<doc>Types the given ``text`` into the text field identified by ``locator``.</doc>
<msg timestamp="20210325 09:57:16.574" level="INFO">Typing text 'system' into text field 'inputUser'.</msg>
<status status="PASS" starttime="20210325 09:57:16.574" endtime="20210325 09:57:16.709"/>
</kw>
<status status="PASS" starttime="20210325 09:57:16.573" endtime="20210325 09:57:16.710"/>
</kw>
<kw name="Input Password" library="resource">
<arg>admin</arg>
<kw name="Input Text" library="Selenium2Library">
<arg>inputPassword</arg>
<arg>${password}</arg>
<doc>Types the given ``text`` into the text field identified by ``locator``.</doc>
<msg timestamp="20210325 09:57:16.711" level="INFO">Typing text 'admin' into text field 'inputPassword'.</msg>
<status status="PASS" starttime="20210325 09:57:16.710" endtime="20210325 09:57:16.772"/>
</kw>
<status status="PASS" starttime="20210325 09:57:16.710" endtime="20210325 09:57:16.773"/>
</kw>
<kw name="Submit Credentials" library="resource">
<kw name="Click Button" library="Selenium2Library">
<arg>signin</arg>
<doc>Clicks the button identified by ``locator``.</doc>
<msg timestamp="20210325 09:57:16.774" level="INFO">Clicking button 'signin'.</msg>
<status status="PASS" starttime="20210325 09:57:16.773" endtime="20210325 09:57:16.916"/>
</kw>
<status status="PASS" starttime="20210325 09:57:16.773" endtime="20210325 09:57:16.916"/>
</kw>
<kw name="Then Select-Department Should Be Open" library="resource">
<kw name="Location Should Be" library="Selenium2Library">
<arg>${SELECTDEPARTMENT URL}</arg>
<doc>Verifies that the current URL is exactly ``url``.</doc>
<msg timestamp="20210325 09:57:16.926" level="INFO">Current location is 'http://127.0.0.1:8000/sign-in/department/'.</msg>
<status status="PASS" starttime="20210325 09:57:16.917" endtime="20210325 09:57:16.926"/>
</kw>
<status status="PASS" starttime="20210325 09:57:16.917" endtime="20210325 09:57:16.926"/>
</kw>
<kw name="Select Admin Department" library="resource">
<kw name="Select From List By Value" library="Selenium2Library">
<arg>id:select_department</arg>
<arg>8</arg>
<doc>Selects options from selection list ``locator`` by ``values``.</doc>
<msg timestamp="20210325 09:57:16.928" level="INFO">Selecting options from selection list 'id:select_department' by value 8.</msg>
<status status="PASS" starttime="20210325 09:57:16.927" endtime="20210325 09:57:16.965"/>
</kw>
<status status="PASS" starttime="20210325 09:57:16.927" endtime="20210325 09:57:16.965"/>
</kw>
<kw name="Click Button" library="Selenium2Library">
<arg>Sign in</arg>
<doc>Clicks the button identified by ``locator``.</doc>
<msg timestamp="20210325 09:57:16.966" level="INFO">Clicking button 'Sign in'.</msg>
<status status="PASS" starttime="20210325 09:57:16.965" endtime="20210325 09:57:17.348"/>
</kw>
<kw name="Home Page Should Be Open" library="resource">
<kw name="Location Should Be" library="Selenium2Library">
<arg>${HOME URL}</arg>
<doc>Verifies that the current URL is exactly ``url``.</doc>
<msg timestamp="20210325 09:57:17.353" level="INFO">Current location is 'http://127.0.0.1:8000/home/'.</msg>
<status status="PASS" starttime="20210325 09:57:17.349" endtime="20210325 09:57:17.353"/>
</kw>
<status status="PASS" starttime="20210325 09:57:17.348" endtime="20210325 09:57:17.353"/>
</kw>
<kw name="Select Organization Management Menu">
<kw name="Click Link" library="Selenium2Library">
<arg>//*[@id="sidebar"]/div[2]/ul[2]/li[3]/a</arg>
<doc>Clicks a link identified by ``locator``.</doc>
<msg timestamp="20210325 09:57:17.354" level="INFO">Clicking link '//*[@id="sidebar"]/div[2]/ul[2]/li[3]/a'.</msg>
<status status="PASS" starttime="20210325 09:57:17.353" endtime="20210325 09:57:17.406"/>
</kw>
<status status="PASS" starttime="20210325 09:57:17.353" endtime="20210325 09:57:17.406"/>
</kw>
<kw name="Then Select Organization">
<kw name="Click Link" library="Selenium2Library">
<arg>//*[@id="organizationmenu"]/li[1]/a</arg>
<doc>Clicks a link identified by ``locator``.</doc>
<msg timestamp="20210325 09:57:17.407" level="INFO">Clicking link '//*[@id="organizationmenu"]/li[1]/a'.</msg>
<status status="PASS" starttime="20210325 09:57:17.406" endtime="20210325 09:57:17.541"/>
</kw>
<status status="PASS" starttime="20210325 09:57:17.406" endtime="20210325 09:57:17.542"/>
</kw>
<kw name="Organization Management Page Should Be Open">
<kw name="Location Should Be" library="Selenium2Library">
<arg>http://127.0.0.1:8000/organizemanage/organization-management</arg>
<doc>Verifies that the current URL is exactly ``url``.</doc>
<msg timestamp="20210325 09:57:17.545" level="INFO">Current location is 'http://127.0.0.1:8000/organizemanage/organization-management'.</msg>
<status status="PASS" starttime="20210325 09:57:17.542" endtime="20210325 09:57:17.545"/>
</kw>
<status status="PASS" starttime="20210325 09:57:17.542" endtime="20210325 09:57:17.545"/>
</kw>
<kw name="Select Organization Will Be Deleteted">
<kw name="Click Element" library="Selenium2Library">
<arg>xpath://*[@id="myTable"]/tbody/tr[5]/td[5]/a[2]</arg>
<doc>Click the element identified by ``locator``.</doc>
<msg timestamp="20210325 09:57:17.546" level="INFO">Clicking element 'xpath://*[@id="myTable"]/tbody/tr[5]/td[5]/a[2]'.</msg>
<status status="PASS" starttime="20210325 09:57:17.546" endtime="20210325 09:57:17.646"/>
</kw>
<status status="PASS" starttime="20210325 09:57:17.546" endtime="20210325 09:57:17.646"/>
</kw>
<kw name="Confirm Deletion">
<kw name="Wait Until Page Contains" library="Selenium2Library">
<arg>Confirmation</arg>
<doc>Waits until ``text`` appears on the current page.</doc>
<status status="PASS" starttime="20210325 09:57:17.647" endtime="20210325 09:57:17.656"/>
</kw>
<kw name="Sleep" library="BuiltIn">
<arg>1s</arg>
<doc>Pauses the test executed for the given time.</doc>
<msg timestamp="20210325 09:57:18.658" level="INFO">Slept 1 second</msg>
<status status="PASS" starttime="20210325 09:57:17.656" endtime="20210325 09:57:18.658"/>
</kw>
<kw name="Click Element" library="Selenium2Library">
<arg>xpath://*[@id="delete5"]/div/div/div[3]/button[1]</arg>
<doc>Click the element identified by ``locator``.</doc>
<msg timestamp="20210325 09:57:18.659" level="INFO">Clicking element 'xpath://*[@id="delete5"]/div/div/div[3]/button[1]'.</msg>
<status status="PASS" starttime="20210325 09:57:18.658" endtime="20210325 09:57:18.792"/>
</kw>
<kw name="Get Text" library="Selenium2Library">
<arg>class:alert-success</arg>
<doc>Returns the text value of the element identified by ``locator``.</doc>
<status status="PASS" starttime="20210325 09:57:18.792" endtime="20210325 09:57:18.814"/>
</kw>
<status status="PASS" starttime="20210325 09:57:17.646" endtime="20210325 09:57:18.815"/>
</kw>
<status status="PASS" starttime="20210325 09:57:13.630" endtime="20210325 09:57:18.815"/>
</test>
<kw name="Close Browser" library="Selenium2Library" type="TEARDOWN">
<doc>Closes the current browser.</doc>
<status status="PASS" starttime="20210325 09:57:18.816" endtime="20210325 09:57:18.927"/>
</kw>
<doc>A test suite for deleting organization.</doc>
<status status="PASS" starttime="20210325 09:57:13.401" endtime="20210325 09:57:18.928"/>
</suite>
<statistics>
<total>
<stat pass="1" fail="0" skip="0">All Tests</stat>
</total>
<tag>
</tag>
<suite>
<stat pass="1" fail="0" skip="0" id="s1" name="Delete Org">Delete Org</stat>
</suite>
</statistics>
<errors>
</errors>
</robot>
