<?xml version="1.0" encoding="UTF-8"?>
<robot generator="Robot 4.0 (Python 3.9.2 on darwin)" generated="20210328 23:50:31.598" rpa="false" schemaversion="2">
<suite id="s1" name="Edit Permission User Dep" source="/Users/MS/Project/MachineDB/Tests/edit_permission_user_dep.robot">
<test id="s1-t1" name="Admin Edits Permission In Department">
<kw name="Open Browser To Signin Page" library="resource">
<kw name="Open Browser" library="Selenium2Library">
<arg>${SIGNIN URL}</arg>
<arg>${BROWSER}</arg>
<doc>Opens a new browser instance to the optional ``url``.</doc>
<msg timestamp="20210328 23:50:31.857" level="INFO">Opening browser 'Chrome' to base url 'http://127.0.0.1:8000/'.</msg>
<status status="PASS" starttime="20210328 23:50:31.856" endtime="20210328 23:50:34.303"/>
</kw>
<kw name="Maximize Browser Window" library="Selenium2Library">
<doc>Maximizes current browser window.</doc>
<status status="PASS" starttime="20210328 23:50:34.304" endtime="20210328 23:50:34.430"/>
</kw>
<kw name="Set Selenium Speed" library="Selenium2Library">
<arg>${DELAY}</arg>
<doc>Sets the delay that is waited after each Selenium command.</doc>
<status status="PASS" starttime="20210328 23:50:34.430" endtime="20210328 23:50:34.430"/>
</kw>
<status status="PASS" starttime="20210328 23:50:31.856" endtime="20210328 23:50:34.430"/>
</kw>
<kw name="Input Username" library="resource">
<arg>system</arg>
<kw name="Input Text" library="Selenium2Library">
<arg>inputUser</arg>
<arg>${username}</arg>
<doc>Types the given ``text`` into the text field identified by ``locator``.</doc>
<msg timestamp="20210328 23:50:34.431" level="INFO">Typing text 'system' into text field 'inputUser'.</msg>
<status status="PASS" starttime="20210328 23:50:34.431" endtime="20210328 23:50:34.648"/>
</kw>
<status status="PASS" starttime="20210328 23:50:34.431" endtime="20210328 23:50:34.648"/>
</kw>
<kw name="Input Password" library="resource">
<arg>admin</arg>
<kw name="Input Text" library="Selenium2Library">
<arg>inputPassword</arg>
<arg>${password}</arg>
<doc>Types the given ``text`` into the text field identified by ``locator``.</doc>
<msg timestamp="20210328 23:50:34.649" level="INFO">Typing text 'admin' into text field 'inputPassword'.</msg>
<status status="PASS" starttime="20210328 23:50:34.649" endtime="20210328 23:50:34.716"/>
</kw>
<status status="PASS" starttime="20210328 23:50:34.648" endtime="20210328 23:50:34.716"/>
</kw>
<kw name="Submit Credentials" library="resource">
<kw name="Click Button" library="Selenium2Library">
<arg>signin</arg>
<doc>Clicks the button identified by ``locator``.</doc>
<msg timestamp="20210328 23:50:34.717" level="INFO">Clicking button 'signin'.</msg>
<status status="PASS" starttime="20210328 23:50:34.717" endtime="20210328 23:50:34.837"/>
</kw>
<status status="PASS" starttime="20210328 23:50:34.716" endtime="20210328 23:50:34.837"/>
</kw>
<kw name="Then Select-Department Should Be Open" library="resource">
<kw name="Location Should Be" library="Selenium2Library">
<arg>${SELECTDEPARTMENT URL}</arg>
<doc>Verifies that the current URL is exactly ``url``.</doc>
<msg timestamp="20210328 23:50:34.841" level="INFO">Current location is 'http://127.0.0.1:8000/sign-in/department/'.</msg>
<status status="PASS" starttime="20210328 23:50:34.837" endtime="20210328 23:50:34.841"/>
</kw>
<status status="PASS" starttime="20210328 23:50:34.837" endtime="20210328 23:50:34.841"/>
</kw>
<kw name="Select Admin Department" library="resource">
<kw name="Select From List By Value" library="Selenium2Library">
<arg>id:select_department</arg>
<arg>8</arg>
<doc>Selects options from selection list ``locator`` by ``values``.</doc>
<msg timestamp="20210328 23:50:34.842" level="INFO">Selecting options from selection list 'id:select_department' by value 8.</msg>
<status status="PASS" starttime="20210328 23:50:34.842" endtime="20210328 23:50:34.875"/>
</kw>
<status status="PASS" starttime="20210328 23:50:34.841" endtime="20210328 23:50:34.875"/>
</kw>
<kw name="Click Button" library="Selenium2Library">
<arg>Sign in</arg>
<doc>Clicks the button identified by ``locator``.</doc>
<msg timestamp="20210328 23:50:34.876" level="INFO">Clicking button 'Sign in'.</msg>
<status status="PASS" starttime="20210328 23:50:34.876" endtime="20210328 23:50:35.191"/>
</kw>
<kw name="Home Page Should Be Open" library="resource">
<kw name="Location Should Be" library="Selenium2Library">
<arg>${HOME URL}</arg>
<doc>Verifies that the current URL is exactly ``url``.</doc>
<msg timestamp="20210328 23:50:35.198" level="INFO">Current location is 'http://127.0.0.1:8000/home/'.</msg>
<status status="PASS" starttime="20210328 23:50:35.192" endtime="20210328 23:50:35.198"/>
</kw>
<status status="PASS" starttime="20210328 23:50:35.192" endtime="20210328 23:50:35.198"/>
</kw>
<kw name="Select User Management Menu">
<kw name="Click Link" library="Selenium2Library">
<arg>//*[@id="sidebar"]/div[2]/ul[2]/li[2]/a</arg>
<doc>Clicks a link identified by ``locator``.</doc>
<msg timestamp="20210328 23:50:35.200" level="INFO">Clicking link '//*[@id="sidebar"]/div[2]/ul[2]/li[2]/a'.</msg>
<status status="PASS" starttime="20210328 23:50:35.200" endtime="20210328 23:50:35.241"/>
</kw>
<kw name="Sleep" library="BuiltIn">
<arg>1s</arg>
<doc>Pauses the test executed for the given time.</doc>
<msg timestamp="20210328 23:50:36.243" level="INFO">Slept 1 second</msg>
<status status="PASS" starttime="20210328 23:50:35.242" endtime="20210328 23:50:36.243"/>
</kw>
<status status="PASS" starttime="20210328 23:50:35.199" endtime="20210328 23:50:36.244"/>
</kw>
<kw name="Then Select User &amp; Department">
<kw name="Click Link" library="Selenium2Library">
<arg>//*[@id="usermenu"]/li[4]/a</arg>
<doc>Clicks a link identified by ``locator``.</doc>
<msg timestamp="20210328 23:50:36.245" level="INFO">Clicking link '//*[@id="usermenu"]/li[4]/a'.</msg>
<status status="PASS" starttime="20210328 23:50:36.244" endtime="20210328 23:50:36.780"/>
</kw>
<status status="PASS" starttime="20210328 23:50:36.244" endtime="20210328 23:50:36.781"/>
</kw>
<kw name="User &amp; Department Page Should Be Open">
<kw name="Location Should Be" library="Selenium2Library">
<arg>http://127.0.0.1:8000/usermanage/user-department</arg>
<doc>Verifies that the current URL is exactly ``url``.</doc>
<msg timestamp="20210328 23:50:36.785" level="INFO">Current location is 'http://127.0.0.1:8000/usermanage/user-department'.</msg>
<status status="PASS" starttime="20210328 23:50:36.781" endtime="20210328 23:50:36.785"/>
</kw>
<status status="PASS" starttime="20210328 23:50:36.781" endtime="20210328 23:50:36.785"/>
</kw>
<kw name="Select Member Tab">
<kw name="Click Element" library="Selenium2Library">
<arg>xpath://*[@id="members-tab"]</arg>
<doc>Click the element identified by ``locator``.</doc>
<msg timestamp="20210328 23:50:36.786" level="INFO">Clicking element 'xpath://*[@id="members-tab"]'.</msg>
<status status="PASS" starttime="20210328 23:50:36.786" endtime="20210328 23:50:36.858"/>
</kw>
<status status="PASS" starttime="20210328 23:50:36.785" endtime="20210328 23:50:36.859"/>
</kw>
<kw name="Select Member's Permission Will Be Edited">
<kw name="Sleep" library="BuiltIn">
<arg>1s</arg>
<doc>Pauses the test executed for the given time.</doc>
<msg timestamp="20210328 23:50:37.860" level="INFO">Slept 1 second</msg>
<status status="PASS" starttime="20210328 23:50:36.859" endtime="20210328 23:50:37.860"/>
</kw>
<kw name="Click Element" library="Selenium2Library">
<arg>xpath://*[@id="myTable1"]/tbody/tr[1]/td[7]/a</arg>
<doc>Click the element identified by ``locator``.</doc>
<msg timestamp="20210328 23:50:37.861" level="INFO">Clicking element 'xpath://*[@id="myTable1"]/tbody/tr[1]/td[7]/a'.</msg>
<status status="PASS" starttime="20210328 23:50:37.860" endtime="20210328 23:50:37.904"/>
</kw>
<status status="PASS" starttime="20210328 23:50:36.859" endtime="20210328 23:50:37.905"/>
</kw>
<kw name="Edit Permission">
<kw name="Sleep" library="BuiltIn">
<arg>1s</arg>
<doc>Pauses the test executed for the given time.</doc>
<msg timestamp="20210328 23:50:38.907" level="INFO">Slept 1 second</msg>
<status status="PASS" starttime="20210328 23:50:37.905" endtime="20210328 23:50:38.908"/>
</kw>
<kw name="Click Element" library="Selenium2Library">
<arg>//*[@id="edit000000"]/div/div/form/div[2]/div/table/tbody/tr[1]/td[5]/center/label</arg>
<doc>Click the element identified by ``locator``.</doc>
<msg timestamp="20210328 23:50:38.923" level="INFO">Clicking element '//*[@id="edit000000"]/div/div/form/div[2]/div/table/tbody/tr[1]/td[5]/center/label'.</msg>
<status status="PASS" starttime="20210328 23:50:38.908" endtime="20210328 23:50:38.981"/>
</kw>
<kw name="Click Element" library="Selenium2Library">
<arg>//*[@id="edit000000"]/div/div/form/div[2]/div/table/tbody/tr[1]/td[6]/center/label</arg>
<doc>Click the element identified by ``locator``.</doc>
<msg timestamp="20210328 23:50:38.981" level="INFO">Clicking element '//*[@id="edit000000"]/div/div/form/div[2]/div/table/tbody/tr[1]/td[6]/center/label'.</msg>
<status status="PASS" starttime="20210328 23:50:38.981" endtime="20210328 23:50:39.019"/>
</kw>
<kw name="Click Element" library="Selenium2Library">
<arg>//*[@id="edit000000"]/div/div/form/div[2]/div/table/tbody/tr[1]/td[7]/center/label</arg>
<doc>Click the element identified by ``locator``.</doc>
<msg timestamp="20210328 23:50:39.019" level="INFO">Clicking element '//*[@id="edit000000"]/div/div/form/div[2]/div/table/tbody/tr[1]/td[7]/center/label'.</msg>
<status status="PASS" starttime="20210328 23:50:39.019" endtime="20210328 23:50:39.054"/>
</kw>
<kw name="Click Element" library="Selenium2Library">
<arg>//*[@id="edit000000"]/div/div/form/div[2]/div/table/tbody/tr[1]/td[8]/center/label</arg>
<doc>Click the element identified by ``locator``.</doc>
<msg timestamp="20210328 23:50:39.055" level="INFO">Clicking element '//*[@id="edit000000"]/div/div/form/div[2]/div/table/tbody/tr[1]/td[8]/center/label'.</msg>
<status status="PASS" starttime="20210328 23:50:39.054" endtime="20210328 23:50:39.090"/>
</kw>
<kw name="Sleep" library="BuiltIn">
<arg>1s</arg>
<doc>Pauses the test executed for the given time.</doc>
<msg timestamp="20210328 23:50:40.091" level="INFO">Slept 1 second</msg>
<status status="PASS" starttime="20210328 23:50:39.090" endtime="20210328 23:50:40.091"/>
</kw>
<kw name="Click Element" library="Selenium2Library">
<arg>//*[@id="edit000000"]/div/div/form/div[3]/button[2]</arg>
<doc>Click the element identified by ``locator``.</doc>
<msg timestamp="20210328 23:50:40.092" level="INFO">Clicking element '//*[@id="edit000000"]/div/div/form/div[3]/button[2]'.</msg>
<status status="PASS" starttime="20210328 23:50:40.092" endtime="20210328 23:50:40.510"/>
</kw>
<status status="PASS" starttime="20210328 23:50:37.905" endtime="20210328 23:50:40.510"/>
</kw>
<status status="PASS" starttime="20210328 23:50:31.855" endtime="20210328 23:50:40.510"/>
</test>
<kw name="Close Browser" library="Selenium2Library" type="TEARDOWN">
<doc>Closes the current browser.</doc>
<status status="PASS" starttime="20210328 23:50:40.512" endtime="20210328 23:50:40.598"/>
</kw>
<doc>A test suite for editing permission of department's member.</doc>
<status status="PASS" starttime="20210328 23:50:31.600" endtime="20210328 23:50:40.598"/>
</suite>
<statistics>
<total>
<stat pass="1" fail="0" skip="0">All Tests</stat>
</total>
<tag>
</tag>
<suite>
<stat pass="1" fail="0" skip="0" id="s1" name="Edit Permission User Dep">Edit Permission User Dep</stat>
</suite>
</statistics>
<errors>
</errors>
</robot>
