<?xml version="1.0" encoding="UTF-8"?>
<robot generator="Robot 4.0 (Python 3.9.2 on darwin)" generated="20210325 00:12:59.584" rpa="false" schemaversion="2">
<suite id="s1" name="Add Line Org" source="/Users/MS/Project/MachineDB/Tests/add_line_org.robot">
<test id="s1-t1" name="Admin Adds New Organization &amp; Production Line">
<kw name="Open Browser To Signin Page" library="resource">
<kw name="Open Browser" library="Selenium2Library">
<arg>${SIGNIN URL}</arg>
<arg>${BROWSER}</arg>
<doc>Opens a new browser instance to the optional ``url``.</doc>
<msg timestamp="20210325 00:12:59.807" level="INFO">Opening browser 'Chrome' to base url 'http://127.0.0.1:8000/'.</msg>
<status status="PASS" starttime="20210325 00:12:59.807" endtime="20210325 00:13:02.454"/>
</kw>
<kw name="Maximize Browser Window" library="Selenium2Library">
<doc>Maximizes current browser window.</doc>
<status status="PASS" starttime="20210325 00:13:02.454" endtime="20210325 00:13:02.591"/>
</kw>
<kw name="Set Selenium Speed" library="Selenium2Library">
<arg>${DELAY}</arg>
<doc>Sets the delay that is waited after each Selenium command.</doc>
<status status="PASS" starttime="20210325 00:13:02.591" endtime="20210325 00:13:02.592"/>
</kw>
<status status="PASS" starttime="20210325 00:12:59.806" endtime="20210325 00:13:02.592"/>
</kw>
<kw name="Input Username" library="resource">
<arg>system</arg>
<kw name="Input Text" library="Selenium2Library">
<arg>inputUser</arg>
<arg>${username}</arg>
<doc>Types the given ``text`` into the text field identified by ``locator``.</doc>
<msg timestamp="20210325 00:13:02.594" level="INFO">Typing text 'system' into text field 'inputUser'.</msg>
<status status="PASS" starttime="20210325 00:13:02.593" endtime="20210325 00:13:02.733"/>
</kw>
<status status="PASS" starttime="20210325 00:13:02.592" endtime="20210325 00:13:02.733"/>
</kw>
<kw name="Input Password" library="resource">
<arg>admin</arg>
<kw name="Input Text" library="Selenium2Library">
<arg>inputPassword</arg>
<arg>${password}</arg>
<doc>Types the given ``text`` into the text field identified by ``locator``.</doc>
<msg timestamp="20210325 00:13:02.734" level="INFO">Typing text 'admin' into text field 'inputPassword'.</msg>
<status status="PASS" starttime="20210325 00:13:02.733" endtime="20210325 00:13:02.795"/>
</kw>
<status status="PASS" starttime="20210325 00:13:02.733" endtime="20210325 00:13:02.795"/>
</kw>
<kw name="Submit Credentials" library="resource">
<kw name="Click Button" library="Selenium2Library">
<arg>signin</arg>
<doc>Clicks the button identified by ``locator``.</doc>
<msg timestamp="20210325 00:13:02.796" level="INFO">Clicking button 'signin'.</msg>
<status status="PASS" starttime="20210325 00:13:02.796" endtime="20210325 00:13:02.943"/>
</kw>
<status status="PASS" starttime="20210325 00:13:02.795" endtime="20210325 00:13:02.943"/>
</kw>
<kw name="Then Select-Department Should Be Open" library="resource">
<kw name="Location Should Be" library="Selenium2Library">
<arg>${SELECTDEPARTMENT URL}</arg>
<doc>Verifies that the current URL is exactly ``url``.</doc>
<msg timestamp="20210325 00:13:02.948" level="INFO">Current location is 'http://127.0.0.1:8000/sign-in/department/'.</msg>
<status status="PASS" starttime="20210325 00:13:02.944" endtime="20210325 00:13:02.948"/>
</kw>
<status status="PASS" starttime="20210325 00:13:02.944" endtime="20210325 00:13:02.948"/>
</kw>
<kw name="Select Admin Department" library="resource">
<kw name="Select From List By Value" library="Selenium2Library">
<arg>id:select_department</arg>
<arg>8</arg>
<doc>Selects options from selection list ``locator`` by ``values``.</doc>
<msg timestamp="20210325 00:13:02.949" level="INFO">Selecting options from selection list 'id:select_department' by value 8.</msg>
<status status="PASS" starttime="20210325 00:13:02.949" endtime="20210325 00:13:02.985"/>
</kw>
<status status="PASS" starttime="20210325 00:13:02.948" endtime="20210325 00:13:02.985"/>
</kw>
<kw name="Click Button" library="Selenium2Library">
<arg>Sign in</arg>
<doc>Clicks the button identified by ``locator``.</doc>
<msg timestamp="20210325 00:13:02.985" level="INFO">Clicking button 'Sign in'.</msg>
<status status="PASS" starttime="20210325 00:13:02.985" endtime="20210325 00:13:03.343"/>
</kw>
<kw name="Home Page Should Be Open" library="resource">
<kw name="Location Should Be" library="Selenium2Library">
<arg>${HOME URL}</arg>
<doc>Verifies that the current URL is exactly ``url``.</doc>
<msg timestamp="20210325 00:13:03.347" level="INFO">Current location is 'http://127.0.0.1:8000/home/'.</msg>
<status status="PASS" starttime="20210325 00:13:03.344" endtime="20210325 00:13:03.348"/>
</kw>
<status status="PASS" starttime="20210325 00:13:03.344" endtime="20210325 00:13:03.348"/>
</kw>
<kw name="Select Organization Management Menu">
<kw name="Click Link" library="Selenium2Library">
<arg>//*[@id="sidebar"]/div[2]/ul[2]/li[3]/a</arg>
<doc>Clicks a link identified by ``locator``.</doc>
<msg timestamp="20210325 00:13:03.349" level="INFO">Clicking link '//*[@id="sidebar"]/div[2]/ul[2]/li[3]/a'.</msg>
<status status="PASS" starttime="20210325 00:13:03.348" endtime="20210325 00:13:03.409"/>
</kw>
<kw name="Sleep" library="BuiltIn">
<arg>1s</arg>
<doc>Pauses the test executed for the given time.</doc>
<msg timestamp="20210325 00:13:04.411" level="INFO">Slept 1 second</msg>
<status status="PASS" starttime="20210325 00:13:03.409" endtime="20210325 00:13:04.411"/>
</kw>
<status status="PASS" starttime="20210325 00:13:03.348" endtime="20210325 00:13:04.412"/>
</kw>
<kw name="Then Select Organization &amp; Production Line">
<kw name="Click Link" library="Selenium2Library">
<arg>//*[@id="organizationmenu"]/li[4]/a</arg>
<doc>Clicks a link identified by ``locator``.</doc>
<msg timestamp="20210325 00:13:04.413" level="INFO">Clicking link '//*[@id="organizationmenu"]/li[4]/a'.</msg>
<status status="PASS" starttime="20210325 00:13:04.413" endtime="20210325 00:13:04.738"/>
</kw>
<status status="PASS" starttime="20210325 00:13:04.412" endtime="20210325 00:13:04.739"/>
</kw>
<kw name="Organization &amp; Production Line Management Page Should Be Open">
<kw name="Location Should Be" library="Selenium2Library">
<arg>http://127.0.0.1:8000/organizemanage/organize-production-line</arg>
<doc>Verifies that the current URL is exactly ``url``.</doc>
<msg timestamp="20210325 00:13:04.743" level="INFO">Current location is 'http://127.0.0.1:8000/organizemanage/organize-production-line'.</msg>
<status status="PASS" starttime="20210325 00:13:04.739" endtime="20210325 00:13:04.743"/>
</kw>
<status status="PASS" starttime="20210325 00:13:04.739" endtime="20210325 00:13:04.743"/>
</kw>
<kw name="Select Organization Wants To Add Production Line">
<kw name="Click Element" library="Selenium2Library">
<arg>//*[@id="myTable"]/tbody/tr[13]/td[4]/a[1]</arg>
<doc>Click the element identified by ``locator``.</doc>
<msg timestamp="20210325 00:13:04.744" level="INFO">Clicking element '//*[@id="myTable"]/tbody/tr[13]/td[4]/a[1]'.</msg>
<status status="PASS" starttime="20210325 00:13:04.744" endtime="20210325 00:13:04.807"/>
</kw>
<status status="PASS" starttime="20210325 00:13:04.744" endtime="20210325 00:13:04.807"/>
</kw>
<kw name="Add Production Line">
<kw name="Wait Until Page Contains" library="Selenium2Library">
<arg>Setting</arg>
<doc>Waits until ``text`` appears on the current page.</doc>
<status status="PASS" starttime="20210325 00:13:04.808" endtime="20210325 00:13:04.819"/>
</kw>
<kw name="Sleep" library="BuiltIn">
<arg>1s</arg>
<doc>Pauses the test executed for the given time.</doc>
<msg timestamp="20210325 00:13:05.819" level="INFO">Slept 1 second</msg>
<status status="PASS" starttime="20210325 00:13:04.819" endtime="20210325 00:13:05.820"/>
</kw>
<kw name="Select From List By Value" library="Selenium2Library">
<arg>id:select_line5</arg>
<arg>4</arg>
<doc>Selects options from selection list ``locator`` by ``values``.</doc>
<msg timestamp="20210325 00:13:05.821" level="INFO">Selecting options from selection list 'id:select_line5' by value 4.</msg>
<status status="PASS" starttime="20210325 00:13:05.820" endtime="20210325 00:13:05.886"/>
</kw>
<status status="PASS" starttime="20210325 00:13:04.808" endtime="20210325 00:13:05.886"/>
</kw>
<kw name="Click Element" library="Selenium2Library">
<arg>//*[@id="setting5"]/div/div/div[2]/div[4]/button[2]</arg>
<doc>Click the element identified by ``locator``.</doc>
<msg timestamp="20210325 00:13:05.888" level="INFO">Clicking element '//*[@id="setting5"]/div/div/div[2]/div[4]/button[2]'.</msg>
<status status="PASS" starttime="20210325 00:13:05.887" endtime="20210325 00:13:06.213"/>
</kw>
<kw name="Get Text" library="Selenium2Library">
<arg>class:alert-success</arg>
<doc>Returns the text value of the element identified by ``locator``.</doc>
<status status="PASS" starttime="20210325 00:13:06.213" endtime="20210325 00:13:06.232"/>
</kw>
<status status="PASS" starttime="20210325 00:12:59.805" endtime="20210325 00:13:06.232"/>
</test>
<kw name="Close Browser" library="Selenium2Library" type="TEARDOWN">
<doc>Closes the current browser.</doc>
<status status="PASS" starttime="20210325 00:13:06.233" endtime="20210325 00:13:06.336"/>
</kw>
<doc>A test suite for adding organization &amp; production line.</doc>
<status status="PASS" starttime="20210325 00:12:59.585" endtime="20210325 00:13:06.336"/>
</suite>
<statistics>
<total>
<stat pass="1" fail="0" skip="0">All Tests</stat>
</total>
<tag>
</tag>
<suite>
<stat pass="1" fail="0" skip="0" id="s1" name="Add Line Org">Add Line Org</stat>
</suite>
</statistics>
<errors>
</errors>
</robot>
