<?xml version="1.0" encoding="UTF-8"?>
<robot generator="Robot 4.0 (Python 3.9.2 on darwin)" generated="20210326 16:33:14.146" rpa="false" schemaversion="2">
<suite id="s1" name="Assign Maintenance" source="/Users/MS/Project/MachineDB/Tests/assign_maintenance.robot">
<test id="s1-t1" name="Engineer01 Assigns Maintenance To Engineer02">
<kw name="Open Browser To Signin Page" library="resource">
<kw name="Open Browser" library="Selenium2Library">
<arg>${SIGNIN URL}</arg>
<arg>${BROWSER}</arg>
<doc>Opens a new browser instance to the optional ``url``.</doc>
<msg timestamp="20210326 16:33:14.392" level="INFO">Opening browser 'Chrome' to base url 'http://127.0.0.1:8000/'.</msg>
<status status="PASS" starttime="20210326 16:33:14.392" endtime="20210326 16:33:17.126"/>
</kw>
<kw name="Maximize Browser Window" library="Selenium2Library">
<doc>Maximizes current browser window.</doc>
<status status="PASS" starttime="20210326 16:33:17.127" endtime="20210326 16:33:17.258"/>
</kw>
<kw name="Set Selenium Speed" library="Selenium2Library">
<arg>${DELAY}</arg>
<doc>Sets the delay that is waited after each Selenium command.</doc>
<status status="PASS" starttime="20210326 16:33:17.259" endtime="20210326 16:33:17.264"/>
</kw>
<status status="PASS" starttime="20210326 16:33:14.391" endtime="20210326 16:33:17.264"/>
</kw>
<kw name="Input Username" library="resource">
<arg>engineer01</arg>
<kw name="Input Text" library="Selenium2Library">
<arg>inputUser</arg>
<arg>${username}</arg>
<doc>Types the given ``text`` into the text field identified by ``locator``.</doc>
<msg timestamp="20210326 16:33:17.267" level="INFO">Typing text 'engineer01' into text field 'inputUser'.</msg>
<status status="PASS" starttime="20210326 16:33:17.266" endtime="20210326 16:33:17.428"/>
</kw>
<status status="PASS" starttime="20210326 16:33:17.265" endtime="20210326 16:33:17.428"/>
</kw>
<kw name="Input Password" library="resource">
<arg>engineer01</arg>
<kw name="Input Text" library="Selenium2Library">
<arg>inputPassword</arg>
<arg>${password}</arg>
<doc>Types the given ``text`` into the text field identified by ``locator``.</doc>
<msg timestamp="20210326 16:33:17.429" level="INFO">Typing text 'engineer01' into text field 'inputPassword'.</msg>
<status status="PASS" starttime="20210326 16:33:17.429" endtime="20210326 16:33:17.497"/>
</kw>
<status status="PASS" starttime="20210326 16:33:17.428" endtime="20210326 16:33:17.497"/>
</kw>
<kw name="Submit Credentials" library="resource">
<kw name="Click Button" library="Selenium2Library">
<arg>signin</arg>
<doc>Clicks the button identified by ``locator``.</doc>
<msg timestamp="20210326 16:33:17.498" level="INFO">Clicking button 'signin'.</msg>
<status status="PASS" starttime="20210326 16:33:17.498" endtime="20210326 16:33:17.666"/>
</kw>
<status status="PASS" starttime="20210326 16:33:17.498" endtime="20210326 16:33:17.666"/>
</kw>
<kw name="Then Select-Department Should Be Open" library="resource">
<kw name="Location Should Be" library="Selenium2Library">
<arg>${SELECTDEPARTMENT URL}</arg>
<doc>Verifies that the current URL is exactly ``url``.</doc>
<msg timestamp="20210326 16:33:17.674" level="INFO">Current location is 'http://127.0.0.1:8000/sign-in/department/'.</msg>
<status status="PASS" starttime="20210326 16:33:17.667" endtime="20210326 16:33:17.674"/>
</kw>
<status status="PASS" starttime="20210326 16:33:17.667" endtime="20210326 16:33:17.674"/>
</kw>
<kw name="Select Engineering Line 8 Department" library="resource">
<kw name="Select From List By Value" library="Selenium2Library">
<arg>id:select_department</arg>
<arg>5</arg>
<doc>Selects options from selection list ``locator`` by ``values``.</doc>
<msg timestamp="20210326 16:33:17.675" level="INFO">Selecting options from selection list 'id:select_department' by value 5.</msg>
<status status="PASS" starttime="20210326 16:33:17.675" endtime="20210326 16:33:17.719"/>
</kw>
<status status="PASS" starttime="20210326 16:33:17.674" endtime="20210326 16:33:17.720"/>
</kw>
<kw name="Click Button" library="Selenium2Library">
<arg>Sign in</arg>
<doc>Clicks the button identified by ``locator``.</doc>
<msg timestamp="20210326 16:33:17.720" level="INFO">Clicking button 'Sign in'.</msg>
<status status="PASS" starttime="20210326 16:33:17.720" endtime="20210326 16:33:18.195"/>
</kw>
<kw name="Home Page Should Be Open" library="resource">
<kw name="Location Should Be" library="Selenium2Library">
<arg>${HOME URL}</arg>
<doc>Verifies that the current URL is exactly ``url``.</doc>
<msg timestamp="20210326 16:33:18.201" level="INFO">Current location is 'http://127.0.0.1:8000/home/'.</msg>
<status status="PASS" starttime="20210326 16:33:18.196" endtime="20210326 16:33:18.201"/>
</kw>
<status status="PASS" starttime="20210326 16:33:18.195" endtime="20210326 16:33:18.202"/>
</kw>
<kw name="Select Machine Maintenance Menu">
<kw name="Click Link" library="Selenium2Library">
<arg>//*[@id="sidebar"]/div[2]/ul[1]/li[4]/a</arg>
<doc>Clicks a link identified by ``locator``.</doc>
<msg timestamp="20210326 16:33:18.203" level="INFO">Clicking link '//*[@id="sidebar"]/div[2]/ul[1]/li[4]/a'.</msg>
<status status="PASS" starttime="20210326 16:33:18.202" endtime="20210326 16:33:18.272"/>
</kw>
<kw name="Sleep" library="BuiltIn">
<arg>1s</arg>
<doc>Pauses the test executed for the given time.</doc>
<msg timestamp="20210326 16:33:19.274" level="INFO">Slept 1 second</msg>
<status status="PASS" starttime="20210326 16:33:18.272" endtime="20210326 16:33:19.274"/>
</kw>
<status status="PASS" starttime="20210326 16:33:18.202" endtime="20210326 16:33:19.275"/>
</kw>
<kw name="Then Select Assign Maintenance">
<kw name="Click Link" library="Selenium2Library">
<arg>//*[@id="preventive_datamenu"]/li[4]/a</arg>
<doc>Clicks a link identified by ``locator``.</doc>
<msg timestamp="20210326 16:33:19.277" level="INFO">Clicking link '//*[@id="preventive_datamenu"]/li[4]/a'.</msg>
<status status="PASS" starttime="20210326 16:33:19.277" endtime="20210326 16:33:19.527"/>
</kw>
<status status="PASS" starttime="20210326 16:33:19.276" endtime="20210326 16:33:19.528"/>
</kw>
<kw name="Assign Maintenance Page Should Be Open">
<kw name="Location Should Be" library="Selenium2Library">
<arg>http://127.0.0.1:8000/preventive/maintenance-assign</arg>
<doc>Verifies that the current URL is exactly ``url``.</doc>
<msg timestamp="20210326 16:33:19.532" level="INFO">Current location is 'http://127.0.0.1:8000/preventive/maintenance-assign'.</msg>
<status status="PASS" starttime="20210326 16:33:19.528" endtime="20210326 16:33:19.532"/>
</kw>
<status status="PASS" starttime="20210326 16:33:19.528" endtime="20210326 16:33:19.532"/>
</kw>
<kw name="Select Maintenance Will Be Inspected">
<kw name="Select Checkbox" library="Selenium2Library">
<arg>id=assign6</arg>
<doc>Selects the checkbox identified by ``locator``.</doc>
<msg timestamp="20210326 16:33:19.533" level="INFO">Selecting checkbox 'id=assign6'.</msg>
<status status="PASS" starttime="20210326 16:33:19.532" endtime="20210326 16:33:19.600"/>
</kw>
<status status="PASS" starttime="20210326 16:33:19.532" endtime="20210326 16:33:19.600"/>
</kw>
<kw name="Then Fill Assignee Username And Submit">
<kw name="Input Text" library="Selenium2Library">
<arg>xpath:/html/body/div[2]/div/div[1]/form/div[2]/div[2]/div/div[3]/input</arg>
<arg>${ASSIGNEE}</arg>
<doc>Types the given ``text`` into the text field identified by ``locator``.</doc>
<msg timestamp="20210326 16:33:19.601" level="INFO">Typing text 'engineer02' into text field 'xpath:/html/body/div[2]/div/div[1]/form/div[2]/div[2]/div/div[3]/input'.</msg>
<status status="PASS" starttime="20210326 16:33:19.601" endtime="20210326 16:33:19.716"/>
</kw>
<kw name="Sleep" library="BuiltIn">
<arg>1s</arg>
<doc>Pauses the test executed for the given time.</doc>
<msg timestamp="20210326 16:33:20.717" level="INFO">Slept 1 second</msg>
<status status="PASS" starttime="20210326 16:33:19.716" endtime="20210326 16:33:20.717"/>
</kw>
<kw name="Click Element" library="Selenium2Library">
<arg>xpath:/html/body/div[2]/div/div[1]/form/div[2]/div[2]/div/div[4]/button</arg>
<doc>Click the element identified by ``locator``.</doc>
<msg timestamp="20210326 16:33:20.718" level="INFO">Clicking element 'xpath:/html/body/div[2]/div/div[1]/form/div[2]/div[2]/div/div[4]/button'.</msg>
<status status="PASS" starttime="20210326 16:33:20.718" endtime="20210326 16:33:21.047"/>
</kw>
<status status="PASS" starttime="20210326 16:33:19.601" endtime="20210326 16:33:21.047"/>
</kw>
<kw name="Assignee Username Should Be Shown In Table">
<kw name="Get Text" library="Selenium2Library">
<var>${RESULT}</var>
<arg>//*[@id="myTable"]/tbody/tr[6]/td[8]</arg>
<doc>Returns the text value of the element identified by ``locator``.</doc>
<msg timestamp="20210326 16:33:21.071" level="INFO">${RESULT} = engineer02</msg>
<status status="PASS" starttime="20210326 16:33:21.048" endtime="20210326 16:33:21.071"/>
</kw>
<kw name="Log To Console" library="BuiltIn">
<arg>${RESULT}</arg>
<doc>Logs the given message to the console.</doc>
<status status="PASS" starttime="20210326 16:33:21.072" endtime="20210326 16:33:21.072"/>
</kw>
<kw name="Should Be Equal" library="BuiltIn">
<arg>${RESULT}</arg>
<arg>${ASSIGNEE}</arg>
<doc>Fails if the given objects are unequal.</doc>
<status status="PASS" starttime="20210326 16:33:21.072" endtime="20210326 16:33:21.073"/>
</kw>
<status status="PASS" starttime="20210326 16:33:21.048" endtime="20210326 16:33:21.073"/>
</kw>
<status status="PASS" starttime="20210326 16:33:14.390" endtime="20210326 16:33:21.074"/>
</test>
<kw name="Close Browser" library="Selenium2Library" type="TEARDOWN">
<doc>Closes the current browser.</doc>
<status status="PASS" starttime="20210326 16:33:21.076" endtime="20210326 16:33:21.244"/>
</kw>
<doc>A test suite for maintenance assignment.</doc>
<status status="PASS" starttime="20210326 16:33:14.148" endtime="20210326 16:33:21.244"/>
</suite>
<statistics>
<total>
<stat pass="1" fail="0" skip="0">All Tests</stat>
</total>
<tag>
</tag>
<suite>
<stat pass="1" fail="0" skip="0" id="s1" name="Assign Maintenance">Assign Maintenance</stat>
</suite>
</statistics>
<errors>
</errors>
</robot>
